  0.1450000000000E+02   0.4843061307463E-18
  0.1451576351247E+02   0.4919645207641E-18
  0.1453154416207E+02   0.4972653440195E-18
  0.1454734196743E+02   0.5006291968182E-18
  0.1456315694719E+02   0.5056501882483E-18
  0.1457898912003E+02   0.5125734817192E-18
  0.1459483850464E+02   0.5192968550131E-18
  0.1461070511973E+02   0.5260260960052E-18
  0.1462658898403E+02   0.5326235029818E-18
  0.1464249011630E+02   0.5388472037311E-18
  0.1465840853530E+02   0.5447001206674E-18
  0.1467434425984E+02   0.5505507975595E-18
  0.1469029730872E+02   0.5563021622295E-18
  0.1470626770078E+02   0.5623395633332E-18
  0.1472225545487E+02   0.5685071659749E-18
  0.1473826058987E+02   0.5737973448902E-18
  0.1475428312467E+02   0.5780529596171E-18
  0.1477032307819E+02   0.5820986302791E-18
  0.1478638046937E+02   0.5857895945155E-18
  0.1480245531716E+02   0.5889746432732E-18
  0.1481854764054E+02   0.5918438869555E-18
  0.1483465745851E+02   0.5930296428375E-18
  0.1485078479008E+02   0.5918768506458E-18
  0.1486692965431E+02   0.5896476880488E-18
  0.1488309207024E+02   0.5843404620559E-18
  0.1489927205696E+02   0.5756940211706E-18
  0.1491546963358E+02   0.5646752018772E-18
  0.1493168481921E+02   0.5508421090548E-18
  0.1494791763299E+02   0.5347855666784E-18
  0.1496416809410E+02   0.5169190114822E-18
  0.1498043622171E+02   0.4976390238475E-18
  0.1499672203504E+02   0.4768423616734E-18
  0.1501302555330E+02   0.4553692522391E-18
  0.1502934679575E+02   0.4341125636356E-18
  0.1504568578166E+02   0.4133550833312E-18
  0.1506204253032E+02   0.3937239978867E-18
  0.1507841706103E+02   0.3757802402405E-18
  0.1509480939312E+02   0.3593153682581E-18
  0.1511121954596E+02   0.3445320765372E-18
  0.1512764753891E+02   0.3320981817283E-18
  0.1514409339137E+02   0.3230368360800E-18
  0.1516055712275E+02   0.3168112518242E-18
  0.1517703875250E+02   0.3128652886505E-18
  0.1519353830006E+02   0.3117725104517E-18
  0.1521005578492E+02   0.3123278641992E-18
  0.1522659122658E+02   0.3159260358256E-18
  0.1524314464456E+02   0.3215457031994E-18
  0.1525971605841E+02   0.3293896366997E-18
  0.1527630548768E+02   0.3396893593535E-18
  0.1529291295196E+02   0.3520441222240E-18
  0.1530953847086E+02   0.3649543573178E-18
  0.1532618206401E+02   0.3787727144152E-18
  0.1534284375105E+02   0.3933132284960E-18
  0.1535952355166E+02   0.4089792394072E-18
  0.1537622148553E+02   0.4254419266824E-18
  0.1539293757236E+02   0.4424282176702E-18
  0.1540967183191E+02   0.4611600591134E-18
  0.1542642428392E+02   0.4805626511358E-18
  0.1544319494817E+02   0.4994508169277E-18
  0.1545998384446E+02   0.5204285955208E-18
  0.1547679099260E+02   0.5418069154620E-18
  0.1549361641246E+02   0.5622635193909E-18
  0.1551046012387E+02   0.5829305931990E-18
  0.1552732214674E+02   0.6036067455329E-18
  0.1554420250097E+02   0.6239773961717E-18
  0.1556110120649E+02   0.6435402078997E-18
  0.1557801828325E+02   0.6623880482553E-18
  0.1559495375121E+02   0.6805183330570E-18
  0.1561190763038E+02   0.6977367450295E-18
  0.1562887994077E+02   0.7144775374099E-18
  0.1564587070242E+02   0.7309165669637E-18
  0.1566287993538E+02   0.7463326935160E-18
  0.1567990765974E+02   0.7610935464127E-18
  0.1569695389560E+02   0.7762041675428E-18
  0.1571401866308E+02   0.7899141322987E-18
  0.1573110198234E+02   0.8018423585532E-18
  0.1574820387353E+02   0.8132060927320E-18
  0.1576532435685E+02   0.8244143903574E-18
  0.1578246345252E+02   0.8332881432855E-18
  0.1579962118076E+02   0.8398270338702E-18
  0.1581679756183E+02   0.8514830268259E-18
  0.1583399261601E+02   0.8683999154214E-18
  0.1585120636360E+02   0.8821463433247E-18
  0.1586843882493E+02   0.8906179156616E-18
  0.1588569002033E+02   0.8971871747615E-18
  0.1590295997018E+02   0.9033792481532E-18
  0.1592024869486E+02   0.9092441415088E-18
  0.1593755621478E+02   0.9153421520656E-18
  0.1595488255038E+02   0.9216976842305E-18
  0.1597222772211E+02   0.9274121010322E-18
  0.1598959175045E+02   0.9318769955165E-18
  0.1600697465589E+02   0.9364363926957E-18
  0.1602437645897E+02   0.9405326965103E-18
  0.1604179718022E+02   0.9437430038441E-18
  0.1605923684022E+02   0.9468662531235E-18
  0.1607669545955E+02   0.9487179466769E-18
  0.1609417305881E+02   0.9504695261712E-18
  0.1611166965866E+02   0.9529367591227E-18
  0.1612918527974E+02   0.9548802879911E-18
  0.1614671994272E+02   0.9555509866849E-18
  0.1616427366832E+02   0.9564641338871E-18
  0.1618184647726E+02   0.9578705179204E-18
  0.1619943839028E+02   0.9591159444044E-18
  0.1621704942815E+02   0.9598000927192E-18
  0.1623467961166E+02   0.9599326948460E-18
  0.1625232896163E+02   0.9596471517515E-18
  0.1626999749889E+02   0.9587805677151E-18
  0.1628768524431E+02   0.9572410021818E-18
  0.1630539221875E+02   0.9558189052175E-18
  0.1632311844314E+02   0.9547914405589E-18
  0.1634086393839E+02   0.9544821741388E-18
  0.1635862872546E+02   0.9537692549558E-18
  0.1637641282532E+02   0.9499885700656E-18
  0.1639421625897E+02   0.9453492994003E-18
  0.1641203904741E+02   0.9422481606992E-18
  0.1642988121170E+02   0.9400606074739E-18
  0.1644774277290E+02   0.9372748563636E-18
  0.1646562375210E+02   0.9341188668772E-18
  0.1648352417040E+02   0.9313490799847E-18
  0.1650144404894E+02   0.9289662052132E-18
  0.1651938340888E+02   0.9277325033642E-18
  0.1653734227139E+02   0.9274332429661E-18
  0.1655532065768E+02   0.9275561667282E-18
  0.1657331858896E+02   0.9276808647148E-18
  0.1659133608650E+02   0.9268615905210E-18
  0.1660937317156E+02   0.9250786227327E-18
  0.1662742986543E+02   0.9234460527228E-18
  0.1664550618944E+02   0.9217961237576E-18
  0.1666360216491E+02   0.9200002962133E-18
  0.1668171781323E+02   0.9180200566588E-18
  0.1669985315577E+02   0.9160775557294E-18
  0.1671800821394E+02   0.9144226041532E-18
  0.1673618300918E+02   0.9127871327314E-18
  0.1675437756295E+02   0.9114846671994E-18
  0.1677259189672E+02   0.9092438689487E-18
  0.1679082603200E+02   0.9060219899783E-18
  0.1680907999031E+02   0.9029442862222E-18
  0.1682735379322E+02   0.9004338198934E-18
  0.1684564746228E+02   0.8980280255388E-18
  0.1686396101910E+02   0.8953358963695E-18
  0.1688229448530E+02   0.8922018761671E-18
  0.1690064788251E+02   0.8887776240917E-18
  0.1691902123242E+02   0.8857767868029E-18
  0.1693741455672E+02   0.8837402591634E-18
  0.1695582787710E+02   0.8819968902387E-18
  0.1697426121532E+02   0.8782840688530E-18
  0.1699271459314E+02   0.8724959366873E-18
  0.1701118803235E+02   0.8688860683415E-18
  0.1702968155474E+02   0.8686100394012E-18
  0.1704819518216E+02   0.8689492630950E-18
  0.1706672893646E+02   0.8687562081984E-18
  0.1708528283953E+02   0.8682392107880E-18
  0.1710385691326E+02   0.8673568841425E-18
  0.1712245117959E+02   0.8660473330148E-18
  0.1714106566047E+02   0.8645465535480E-18
  0.1715970037787E+02   0.8631623872311E-18
  0.1717835535380E+02   0.8619036856947E-18
  0.1719703061027E+02   0.8606287894952E-18
  0.1721572616934E+02   0.8595712302995E-18
  0.1723444205308E+02   0.8589140962808E-18
  0.1725317828358E+02   0.8583337674292E-18
  0.1727193488296E+02   0.8574943268596E-18
  0.1729071187337E+02   0.8563925786112E-18
  0.1730950927698E+02   0.8557622087448E-18
  0.1732832711597E+02   0.8555830049459E-18
  0.1734716541257E+02   0.8546433893992E-18
  0.1736602418900E+02   0.8517200439477E-18
  0.1738490346755E+02   0.8478610219637E-18
  0.1740380327049E+02   0.8451167193800E-18
  0.1742272362014E+02   0.8436261881479E-18
  0.1744166453884E+02   0.8429455156549E-18
  0.1746062604894E+02   0.8421755931818E-18
  0.1747960817284E+02   0.8407461217752E-18
  0.1749861093293E+02   0.8393912302524E-18
  0.1751763435167E+02   0.8397633200141E-18
  0.1753667845151E+02   0.8414708027469E-18
  0.1755574325492E+02   0.8430530947172E-18
  0.1757482878442E+02   0.8443192476360E-18
  0.1759393506254E+02   0.8458364766015E-18
  0.1761306211184E+02   0.8478449617843E-18
  0.1763220995489E+02   0.8497362650488E-18
  0.1765137861431E+02   0.8510443851794E-18
  0.1767056811272E+02   0.8523439391348E-18
  0.1768977847278E+02   0.8539559013199E-18
  0.1770900971716E+02   0.8558549033104E-18
  0.1772826186858E+02   0.8575735751212E-18
  0.1774753494976E+02   0.8592148876705E-18
  0.1776682898345E+02   0.8606319869880E-18
  0.1778614399243E+02   0.8617054093398E-18
  0.1780547999951E+02   0.8626468251575E-18
  0.1782483702752E+02   0.8638384884927E-18
  0.1784421509930E+02   0.8652033257706E-18
  0.1786361423773E+02   0.8665789396306E-18
  0.1788303446572E+02   0.8679341178864E-18
  0.1790247580619E+02   0.8691954439834E-18
  0.1792193828210E+02   0.8703878643915E-18
  0.1794142191642E+02   0.8718326089782E-18
  0.1796092673215E+02   0.8732780212099E-18
  0.1798045275233E+02   0.8728867977487E-18
  0.1800000000000E+02   0.8709528969165E-18
