           1
        1000
  
  0.2000000000000E+01   0.7319787067079E-34
  0.2005738348342E+01   0.7448690460562E-34
  0.2011493161004E+01   0.1293189372685E-33
  0.2017264485226E+01   0.1964971722624E-33
  0.2023052368383E+01   0.1558801899919E-33
  0.2028856857985E+01   0.1858093953849E-33
  0.2034678001678E+01   0.3047027201168E-33
  0.2040515847246E+01   0.4284287026972E-33
  0.2046370442610E+01   0.7956797571972E-33
  0.2052241835828E+01   0.1366611256209E-32
  0.2058130075096E+01   0.1729325908743E-32
  0.2064035208748E+01   0.1639925818768E-32
  0.2069957285256E+01   0.1684078181438E-32
  0.2075896353234E+01   0.2803933329229E-32
  0.2081852461432E+01   0.3350733869395E-32
  0.2087825658742E+01   0.6772069348227E-32
  0.2093815994195E+01   0.7741215630376E-32
  0.2099823516964E+01   0.7110647470382E-32
  0.2105848276362E+01   0.9104899886455E-32
  0.2111890321844E+01   0.1131615783232E-31
  0.2117949703007E+01   0.1432672970009E-31
  0.2124026469590E+01   0.2265229018349E-31
  0.2130120671475E+01   0.3232112901333E-31
  0.2136232358686E+01   0.3811576774993E-31
  0.2142361581393E+01   0.5579400488746E-31
  0.2148508389907E+01   0.5478848227845E-31
  0.2154672834685E+01   0.1340203742692E-30
  0.2160854966329E+01   0.1498250731763E-30
  0.2167054835585E+01   0.1799036711220E-30
  0.2173272493346E+01   0.1830431763234E-30
  0.2179507990650E+01   0.2364641746759E-30
  0.2185761378682E+01   0.3051270744361E-30
  0.2192032708773E+01   0.3986245139056E-30
  0.2198322032403E+01   0.6347304742237E-30
  0.2204629401197E+01   0.6594614685204E-30
  0.2210954866931E+01   0.6561266915283E-30
  0.2217298481528E+01   0.7814491878419E-30
  0.2223660297061E+01   0.1092615777737E-29
  0.2230040365750E+01   0.1172968522505E-29
  0.2236438739967E+01   0.1385050966781E-29
  0.2242855472234E+01   0.1810128436010E-29
  0.2249290615224E+01   0.2589788815775E-29
  0.2255744221760E+01   0.2844959455825E-29
  0.2262216344817E+01   0.3719078264378E-29
  0.2268707037522E+01   0.4841121398159E-29
  0.2275216353156E+01   0.5468713244742E-29
  0.2281744345149E+01   0.9975734771425E-29
  0.2288291067089E+01   0.1048976345719E-28
  0.2294856572714E+01   0.1282525020279E-28
  0.2301440915918E+01   0.1236010695377E-28
  0.2308044150750E+01   0.2032895189087E-28
  0.2314666331412E+01   0.2734788152324E-28
  0.2321307512264E+01   0.3203794027660E-28
  0.2327967747821E+01   0.3198874077369E-28
  0.2334647092753E+01   0.3679191883217E-28
  0.2341345601890E+01   0.5396903140312E-28
  0.2348063330216E+01   0.5064968272366E-28
  0.2354800332874E+01   0.6637539370225E-28
  0.2361556665167E+01   0.1087653797507E-27
  0.2368332382554E+01   0.9466615284513E-28
  0.2375127540653E+01   0.1512927886859E-27
  0.2381942195246E+01   0.1863038510863E-27
  0.2388776402269E+01   0.1963801862409E-27
  0.2395630217822E+01   0.1902271458623E-27
  0.2402503698166E+01   0.2912750718575E-27
  0.2409396899722E+01   0.2800347071392E-27
  0.2416309879074E+01   0.4332888924497E-27
  0.2423242692967E+01   0.4904868225505E-27
  0.2430195398312E+01   0.5566456893606E-27
  0.2437168052179E+01   0.5961081932322E-27
  0.2444160711804E+01   0.6524582192859E-27
  0.2451173434587E+01   0.8998992560301E-27
  0.2458206278094E+01   0.9876793186387E-27
  0.2465259300054E+01   0.1250396859976E-26
  0.2472332558362E+01   0.1345392226712E-26
  0.2479426111080E+01   0.1487627963482E-26
  0.2486540016437E+01   0.1672956820362E-26
  0.2493674332826E+01   0.2493850184146E-26
  0.2500829118813E+01   0.2908398204879E-26
  0.2508004433126E+01   0.3243747935252E-26
  0.2515200334666E+01   0.4739458947616E-26
  0.2522416882500E+01   0.5247829411856E-26
  0.2529654135868E+01   0.5505138865174E-26
  0.2536912154175E+01   0.7267485108675E-26
  0.2544190997002E+01   0.7948020576001E-26
  0.2551490724096E+01   0.9061458458109E-26
  0.2558811395379E+01   0.1174367498028E-25
  0.2566153070942E+01   0.1530264185854E-25
  0.2573515811052E+01   0.1615289748323E-25
  0.2580899676145E+01   0.2085932321507E-25
  0.2588304726834E+01   0.2639879264395E-25
  0.2595731023902E+01   0.2885277447418E-25
  0.2603178628310E+01   0.3001144690715E-25
  0.2610647601193E+01   0.3323840741747E-25
  0.2618138003859E+01   0.3793548344717E-25
  0.2625649897795E+01   0.5075476432861E-25
  0.2633183344664E+01   0.5630615180982E-25
  0.2640738406303E+01   0.7450373704353E-25
  0.2648315144731E+01   0.8797714534025E-25
  0.2655913622140E+01   0.9309701140908E-25
  0.2663533900905E+01   0.1129622909121E-24
  0.2671176043576E+01   0.1461957031102E-24
  0.2678840112886E+01   0.1660594414171E-24
  0.2686526171746E+01   0.1827852099406E-24
  0.2694234283247E+01   0.1868436688979E-24
  0.2701964510663E+01   0.2304282469738E-24
  0.2709716917447E+01   0.2791672740610E-24
  0.2717491567237E+01   0.3589687718002E-24
  0.2725288523851E+01   0.4517040069392E-24
  0.2733107851292E+01   0.5963235142593E-24
  0.2740949613745E+01   0.6785031004004E-24
  0.2748813875580E+01   0.7334627946724E-24
  0.2756700701352E+01   0.8302585117252E-24
  0.2764610155801E+01   0.1197774289331E-23
  0.2772542303853E+01   0.1451709788281E-23
  0.2780497210618E+01   0.1598554707815E-23
  0.2788474941397E+01   0.2197305976723E-23
  0.2796475561675E+01   0.3016687709443E-23
  0.2804499137126E+01   0.2489147959858E-23
  0.2812545733612E+01   0.1665041016083E-23
  0.2820615417185E+01   0.9909428545318E-24
  0.2828708254086E+01   0.4869904051894E-24
  0.2836824310746E+01   0.2071458659523E-24
  0.2844963653785E+01   0.7671055546386E-25
  0.2853126350018E+01   0.2507289562024E-25
  0.2861312466447E+01   0.7207217096715E-26
  0.2869522070270E+01   0.1825510306543E-26
  0.2877755228877E+01   0.4686476623174E-27
  0.2886012009850E+01   0.1218554516569E-27
  0.2894292480965E+01   0.3496655834102E-28
  0.2902596710194E+01   0.1144748424418E-28
  0.2910924765703E+01   0.4459174972768E-29
  0.2919276715854E+01   0.2001457965204E-29
  0.2927652629205E+01   0.1078355442426E-29
  0.2936052574510E+01   0.6497440552208E-30
  0.2944476620721E+01   0.4503279342871E-30
  0.2952924836988E+01   0.3431346026883E-30
  0.2961397292658E+01   0.2740897347323E-30
  0.2969894057280E+01   0.2313836372673E-30
  0.2978415200599E+01   0.2042648175098E-30
  0.2986960792563E+01   0.1890676743136E-30
  0.2995530903318E+01   0.1670018720359E-30
  0.3004125603214E+01   0.1590291168394E-30
  0.3012744962800E+01   0.1573602145046E-30
  0.3021389052831E+01   0.1561272262487E-30
  0.3030057944261E+01   0.1628551660760E-30
  0.3038751708251E+01   0.1767201785221E-30
  0.3047470416164E+01   0.2023095733383E-30
  0.3056214139568E+01   0.2428181789102E-30
  0.3064982950238E+01   0.3028221890508E-30
  0.3073776920153E+01   0.3937490064722E-30
  0.3082596121499E+01   0.5348239988359E-30
  0.3091440626670E+01   0.7383981939780E-30
  0.3100310508267E+01   0.1068479714605E-29
  0.3109205839099E+01   0.1632922408003E-29
  0.3118126692184E+01   0.2472213101344E-29
  0.3127073140750E+01   0.3905297365186E-29
  0.3136045258236E+01   0.6573821936196E-29
  0.3145043118290E+01   0.1113199314288E-28
  0.3154066794771E+01   0.1935350156574E-28
  0.3163116361751E+01   0.3474120289235E-28
  0.3172191893516E+01   0.6401625454416E-28
  0.3181293464562E+01   0.1191985980513E-27
  0.3190421149600E+01   0.2224687213255E-27
  0.3199575023556E+01   0.4356887754981E-27
  0.3208755161572E+01   0.8623748513351E-27
  0.3217961639002E+01   0.1706582299671E-26
  0.3227194531419E+01   0.3367203865405E-26
  0.3236453914613E+01   0.6650035002607E-26
  0.3245739864590E+01   0.1354766623184E-25
  0.3255052457574E+01   0.2601624625427E-25
  0.3264391770010E+01   0.4996067677299E-25
  0.3273757878560E+01   0.8828530988780E-25
  0.3283150860107E+01   0.1556200580341E-24
  0.3292570791754E+01   0.2474872703565E-24
  0.3302017750825E+01   0.3954314920064E-24
  0.3311491814867E+01   0.5779685525598E-24
  0.3320993061649E+01   0.8822686193722E-24
  0.3330521569163E+01   0.1248461134190E-23
  0.3340077415625E+01   0.1690363180233E-23
  0.3349660679474E+01   0.2145157975272E-23
  0.3359271439377E+01   0.2805484217093E-23
  0.3368909774224E+01   0.3484848375125E-23
  0.3378575763132E+01   0.4529717651376E-23
  0.3388269485445E+01   0.5477689264404E-23
  0.3397991020737E+01   0.6528861009535E-23
  0.3407740448806E+01   0.7837441282867E-23
  0.3417517849683E+01   0.9391681071386E-23
  0.3427323303625E+01   0.1082224562290E-22
  0.3437156891123E+01   0.1189019687443E-22
  0.3447018692896E+01   0.1456716238776E-22
  0.3456908789896E+01   0.1566360624985E-22
  0.3466827263307E+01   0.1831650623475E-22
  0.3476774194546E+01   0.2045261030874E-22
  0.3486749665263E+01   0.2243750396220E-22
  0.3496753757342E+01   0.2486813151694E-22
  0.3506786552905E+01   0.2804825850051E-22
  0.3516848134305E+01   0.3195033889582E-22
  0.3526938584134E+01   0.3496010117155E-22
  0.3537057985222E+01   0.4011989346697E-22
  0.3547206420634E+01   0.4349262952265E-22
  0.3557383973675E+01   0.4910041487749E-22
  0.3567590727888E+01   0.5287233266518E-22
  0.3577826767056E+01   0.5898526015975E-22
  0.3588092175204E+01   0.6484841623561E-22
  0.3598387036595E+01   0.7104492983609E-22
  0.3608711435738E+01   0.7834540720353E-22
  0.3619065457379E+01   0.8484001251958E-22
  0.3629449186512E+01   0.9313290143440E-22
  0.3639862708372E+01   0.9952326572252E-22
  0.3650306108440E+01   0.1082390347632E-21
  0.3660779472442E+01   0.1168961008149E-21
  0.3671282886350E+01   0.1257723991935E-21
  0.3681816436381E+01   0.1354410614404E-21
  0.3692380209002E+01   0.1440679958095E-21
  0.3702974290926E+01   0.1545883814379E-21
  0.3713598769117E+01   0.1646514094987E-21
  0.3724253730786E+01   0.1773311233271E-21
  0.3734939263396E+01   0.1937722913498E-21
  0.3745655454660E+01   0.2019412617911E-21
  0.3756402392544E+01   0.2155186560549E-21
  0.3767180165264E+01   0.2313888340916E-21
  0.3777988861291E+01   0.2453189791576E-21
  0.3788828569349E+01   0.2608673348715E-21
  0.3799699378418E+01   0.2737810490094E-21
  0.3810601377731E+01   0.2870549748480E-21
  0.3821534656780E+01   0.3076749322138E-21
  0.3832499305310E+01   0.3238077648397E-21
  0.3843495413326E+01   0.3403322486736E-21
  0.3854523071092E+01   0.3555305631431E-21
  0.3865582369128E+01   0.3758307350838E-21
  0.3876673398217E+01   0.3953718597698E-21
  0.3887796249400E+01   0.4169203462136E-21
  0.3898951013980E+01   0.4426073549424E-21
  0.3910137783523E+01   0.4682470246748E-21
  0.3921356649856E+01   0.4939571116980E-21
  0.3932607705070E+01   0.5252607222988E-21
  0.3943891041521E+01   0.5465901316572E-21
  0.3955206751830E+01   0.5734934621449E-21
  0.3966554928883E+01   0.6083663641119E-21
  0.3977935665832E+01   0.6356887976716E-21
  0.3989349056097E+01   0.6603975725128E-21
  0.4000795193368E+01   0.6855598052598E-21
  0.4012274171599E+01   0.7129276962488E-21
  0.4023786085019E+01   0.7442655043668E-21
  0.4035331028123E+01   0.7681702231518E-21
  0.4046909095679E+01   0.7946184120214E-21
  0.4058520382728E+01   0.8201644872515E-21
  0.4070164984582E+01   0.8406649826441E-21
  0.4081842996827E+01   0.8849191019414E-21
  0.4093554515323E+01   0.9280354095915E-21
  0.4105299636205E+01   0.9708447979535E-21
  0.4117078455885E+01   0.1030623230534E-20
  0.4128891071050E+01   0.1093213834562E-20
  0.4140737578665E+01   0.1177523083162E-20
  0.4152618075974E+01   0.1262643216410E-20
  0.4164532660498E+01   0.1350559289024E-20
  0.4176481430042E+01   0.1472161920318E-20
  0.4188464482686E+01   0.1636329132032E-20
  0.4200481916795E+01   0.1692894014053E-20
  0.4212533831015E+01   0.1735705441359E-20
  0.4224620324277E+01   0.1620355095583E-20
  0.4236741495793E+01   0.4127529356525E-21
  0.4248897445061E+01   0.5793798013450E-25
  0.4261088271865E+01   0.1588621999783E-28
  0.4273314076274E+01   0.2549305568610E-28
  0.4285574958646E+01   0.2446157236984E-23
  0.4297871019624E+01   0.2160154399281E-21
  0.4310202360143E+01   0.4824073335246E-21
  0.4322569081426E+01   0.6376057334730E-21
  0.4334971284986E+01   0.7711236608954E-21
  0.4347409072628E+01   0.8798540475904E-21
  0.4359882546449E+01   0.9807904802665E-21
  0.4372391808839E+01   0.1027196241889E-20
  0.4384936962482E+01   0.7247825625599E-21
  0.4397518110355E+01   0.9684313827297E-21
  0.4410135355733E+01   0.1192288618723E-20
  0.4422788802186E+01   0.1245420879027E-20
  0.4435478553580E+01   0.1295176134749E-20
  0.4448204714081E+01   0.1327210943286E-20
  0.4460967388154E+01   0.1361199005923E-20
  0.4473766680561E+01   0.1393529734444E-20
  0.4486602696367E+01   0.1428034703352E-20
  0.4499475540938E+01   0.1466062868662E-20
  0.4512385319942E+01   0.1497138759692E-20
  0.4525332139351E+01   0.1541540458112E-20
  0.4538316105440E+01   0.1592423704055E-20
  0.4551337324788E+01   0.1647443417470E-20
  0.4564395904283E+01   0.1704769917226E-20
  0.4577491951117E+01   0.1769712322550E-20
  0.4590625572791E+01   0.1835446110193E-20
  0.4603796877112E+01   0.1916861643849E-20
  0.4617005972199E+01   0.2005600444200E-20
  0.4630252966481E+01   0.2111618417881E-20
  0.4643537968697E+01   0.2205007303811E-20
  0.4656861087898E+01   0.1759151473359E-20
  0.4670222433449E+01   0.2904012931160E-21
  0.4683622115027E+01   0.1231430509607E-20
  0.4697060242625E+01   0.2503723330752E-20
  0.4710536926552E+01   0.2687721168786E-20
  0.4724052277433E+01   0.2812413227546E-20
  0.4737606406209E+01   0.2938122300550E-20
  0.4751199424141E+01   0.3068652341684E-20
  0.4764831442809E+01   0.3188454152389E-20
  0.4778502574113E+01   0.3231547814116E-20
  0.4792212930274E+01   0.3470860754824E-20
  0.4805962623834E+01   0.3630704617818E-20
  0.4819751767661E+01   0.3774653801428E-20
  0.4833580474942E+01   0.3931412180937E-20
  0.4847448859194E+01   0.4075259890690E-20
  0.4861357034255E+01   0.4232584007175E-20
  0.4875305114293E+01   0.4371950097994E-20
  0.4889293213801E+01   0.4532096946584E-20
  0.4903321447604E+01   0.4728408299309E-20
  0.4917389930853E+01   0.4924230586181E-20
  0.4931498779030E+01   0.5113640701493E-20
  0.4945648107950E+01   0.5299634274902E-20
  0.4959838033760E+01   0.5488689617928E-20
  0.4974068672938E+01   0.5659776006875E-20
  0.4988340142298E+01   0.5855497262429E-20
  0.5002652558990E+01   0.6038601768600E-20
  0.5017006040497E+01   0.6243339601793E-20
  0.5031400704644E+01   0.6458068540867E-20
  0.5045836669588E+01   0.6658444789371E-20
  0.5060314053831E+01   0.6863850878459E-20
  0.5074832976211E+01   0.7059120486154E-20
  0.5089393555907E+01   0.7276763179822E-20
  0.5103995912443E+01   0.7476416445391E-20
  0.5118640165683E+01   0.7674771413448E-20
  0.5133326435836E+01   0.7865521845386E-20
  0.5148054843456E+01   0.8056845161318E-20
  0.5162825509443E+01   0.8244536670773E-20
  0.5177638555043E+01   0.8453739597519E-20
  0.5192494101851E+01   0.8657222500524E-20
  0.5207392271810E+01   0.8853590436948E-20
  0.5222333187214E+01   0.9044496867918E-20
  0.5237316970706E+01   0.9234311333641E-20
  0.5252343745283E+01   0.9424714275371E-20
  0.5267413634293E+01   0.9621574983520E-20
  0.5282526761440E+01   0.9862909513928E-20
  0.5297683250780E+01   0.1008373909099E-19
  0.5312883226729E+01   0.1026886065477E-19
  0.5328126814055E+01   0.1044863776641E-19
  0.5343414137889E+01   0.1064265798485E-19
  0.5358745323718E+01   0.1084126767411E-19
  0.5374120497388E+01   0.1098681428470E-19
  0.5389539785110E+01   0.1118445837607E-19
  0.5405003313454E+01   0.1137162664218E-19
  0.5420511209355E+01   0.1155637410723E-19
  0.5436063600109E+01   0.1172530736485E-19
  0.5451660613382E+01   0.1187850336332E-19
  0.5467302377202E+01   0.1203341761271E-19
  0.5482989019966E+01   0.1220696680220E-19
  0.5498720670441E+01   0.1232854290905E-19
  0.5514497457762E+01   0.1251370343966E-19
  0.5530319511432E+01   0.1264946397884E-19
  0.5546186961331E+01   0.1279078689282E-19
  0.5562099937707E+01   0.1293403410313E-19
  0.5578058571184E+01   0.1304948677190E-19
  0.5594062992760E+01   0.1310235951639E-19
  0.5610113333808E+01   0.1314469819320E-19
  0.5626209726081E+01   0.1318164118095E-19
  0.5642352301707E+01   0.1312988729784E-19
  0.5658541193194E+01   0.1303176883675E-19
  0.5674776533430E+01   0.1288615278452E-19
  0.5691058455685E+01   0.1269624244313E-19
  0.5707387093610E+01   0.1242236919625E-19
  0.5723762581242E+01   0.1203928154289E-19
  0.5740185053000E+01   0.1156240893300E-19
  0.5756654643690E+01   0.1099314102032E-19
  0.5773171488504E+01   0.1035436920530E-19
  0.5789735723023E+01   0.9611600967092E-20
  0.5806347483215E+01   0.8843740802158E-20
  0.5823006905441E+01   0.8073215627522E-20
  0.5839714126450E+01   0.7287853678891E-20
  0.5856469283387E+01   0.6630792054684E-20
  0.5873272513787E+01   0.6047293483052E-20
  0.5890123955582E+01   0.5559394499485E-20
  0.5907023747098E+01   0.5176006542038E-20
  0.5923972027060E+01   0.4873954406228E-20
  0.5940968934588E+01   0.4667586506654E-20
  0.5958014609205E+01   0.4486472847434E-20
  0.5975109190831E+01   0.4374069274242E-20
  0.5992252819789E+01   0.4284578519880E-20
  0.6009445636805E+01   0.4220181718866E-20
  0.6026687783007E+01   0.4183226282748E-20
  0.6043979399930E+01   0.4179713922628E-20
  0.6061320629513E+01   0.4201806847880E-20
  0.6078711614104E+01   0.4301030003106E-20
  0.6096152496459E+01   0.4470086684792E-20
  0.6113643419744E+01   0.4752148698489E-20
  0.6131184527533E+01   0.5109420727150E-20
  0.6148775963816E+01   0.5516613521365E-20
  0.6166417872994E+01   0.5957056890507E-20
  0.6184110399881E+01   0.6383295619321E-20
  0.6201853689710E+01   0.6736199719321E-20
  0.6219647888128E+01   0.7077696441241E-20
  0.6237493141200E+01   0.7412597808645E-20
  0.6255389595412E+01   0.7739780560718E-20
  0.6273337397667E+01   0.8022031113825E-20
  0.6291336695293E+01   0.8329742965826E-20
  0.6309387636040E+01   0.8620440029664E-20
  0.6327490368079E+01   0.8959995272138E-20
  0.6345645040009E+01   0.9309108231931E-20
  0.6363851800855E+01   0.9643534911022E-20
  0.6382110800069E+01   0.1003424228860E-19
  0.6400422187532E+01   0.1040043592158E-19
  0.6418786113555E+01   0.1078676412348E-19
  0.6437202728880E+01   0.1113436116635E-19
  0.6455672184682E+01   0.1146953657125E-19
  0.6474194632569E+01   0.1178849134239E-19
  0.6492770224586E+01   0.1214260174958E-19
  0.6511399113211E+01   0.1241751502707E-19
  0.6530081451363E+01   0.1273628337562E-19
  0.6548817392397E+01   0.1304586874116E-19
  0.6567607090108E+01   0.1337259338521E-19
  0.6586450698735E+01   0.1371830684409E-19
  0.6605348372958E+01   0.1409667640283E-19
  0.6624300267898E+01   0.1450042173195E-19
  0.6643306539127E+01   0.1495278669593E-19
  0.6662367342658E+01   0.1536396985531E-19
  0.6681482834954E+01   0.1584235906206E-19
  0.6700653172927E+01   0.1628047620247E-19
  0.6719878513938E+01   0.1668844357785E-19
  0.6739159015801E+01   0.1705276692528E-19
  0.6758494836783E+01   0.1742158861511E-19
  0.6777886135602E+01   0.1783840689264E-19
  0.6797333071435E+01   0.1830538268662E-19
  0.6816835803914E+01   0.1862525917700E-19
  0.6836394493129E+01   0.1898318196925E-19
  0.6856009299631E+01   0.1947363957267E-19
  0.6875680384428E+01   0.1982551287371E-19
  0.6895407908994E+01   0.2021117673884E-19
  0.6915192035264E+01   0.2065272582231E-19
  0.6935032925638E+01   0.2110771951555E-19
  0.6954930742982E+01   0.2152872405128E-19
  0.6974885650629E+01   0.2192732164265E-19
  0.6994897812383E+01   0.2238153799183E-19
  0.7014967392513E+01   0.2278082435755E-19
  0.7035094555765E+01   0.2325292580911E-19
  0.7055279467354E+01   0.2380508772220E-19
  0.7075522292970E+01   0.2432077149516E-19
  0.7095823198778E+01   0.2484156825051E-19
  0.7116182351420E+01   0.2540118914877E-19
  0.7136599918018E+01   0.2594040287080E-19
  0.7157076066170E+01   0.2651466545569E-19
  0.7177610963958E+01   0.2708162578222E-19
  0.7198204779944E+01   0.2759365091500E-19
  0.7218857683175E+01   0.2798062193062E-19
  0.7239569843182E+01   0.2843351722726E-19
  0.7260341429984E+01   0.2916421568875E-19
  0.7281172614086E+01   0.2988351094201E-19
  0.7302063566484E+01   0.3059105005456E-19
  0.7323014458663E+01   0.3134323935348E-19
  0.7344025462600E+01   0.3212589453019E-19
  0.7365096750767E+01   0.3289412563129E-19
  0.7386228496130E+01   0.3367666389645E-19
  0.7407420872151E+01   0.3449699718257E-19
  0.7428674052790E+01   0.3523304772432E-19
  0.7449988212505E+01   0.3611475612481E-19
  0.7471363526258E+01   0.3702704961426E-19
  0.7492800169508E+01   0.3801723522832E-19
  0.7514298318222E+01   0.3881455210332E-19
  0.7535858148868E+01   0.3953491144801E-19
  0.7557479838424E+01   0.4047597870061E-19
  0.7579163564373E+01   0.4141613549701E-19
  0.7600909504708E+01   0.4228945654991E-19
  0.7622717837934E+01   0.4306935235436E-19
  0.7644588743066E+01   0.4377357279300E-19
  0.7666522399634E+01   0.4443128455538E-19
  0.7688518987683E+01   0.4494368694852E-19
  0.7710578687774E+01   0.4533976963104E-19
  0.7732701680988E+01   0.4565017555971E-19
  0.7754888148921E+01   0.4575357494056E-19
  0.7777138273696E+01   0.4554183071243E-19
  0.7799452237954E+01   0.4517107441495E-19
  0.7821830224861E+01   0.4456136514711E-19
  0.7844272418111E+01   0.4374152336840E-19
  0.7866779001922E+01   0.4253301479620E-19
  0.7889350161042E+01   0.4107113506384E-19
  0.7911986080749E+01   0.3938842216160E-19
  0.7934686946851E+01   0.3748808894288E-19
  0.7957452945693E+01   0.3539568128600E-19
  0.7980284264150E+01   0.3320380575296E-19
  0.8003181089637E+01   0.3162113951048E-19
  0.8026143610103E+01   0.2964884619343E-19
  0.8049172014041E+01   0.2735626033272E-19
  0.8072266490480E+01   0.2482291894951E-19
  0.8095427228995E+01   0.2246711802655E-19
  0.8118654419702E+01   0.1981356613328E-19
  0.8141948253265E+01   0.1711738333075E-19
  0.8165308920893E+01   0.1439086964830E-19
  0.8188736614346E+01   0.1220898040541E-19
  0.8212231525931E+01   0.1068510073972E-19
  0.8235793848510E+01   0.9762026168121E-20
  0.8259423775497E+01   0.8762178036525E-20
  0.8283121500859E+01   0.8033246345404E-20
  0.8306887219123E+01   0.7200951993613E-20
  0.8330721125372E+01   0.6305015094236E-20
  0.8354623415250E+01   0.5404346610295E-20
  0.8378594284960E+01   0.4611785696379E-20
  0.8402633931270E+01   0.3867745929667E-20
  0.8426742551512E+01   0.3347648510747E-20
  0.8450920343585E+01   0.2844618235038E-20
  0.8475167505955E+01   0.2407100235101E-20
  0.8499484237656E+01   0.2000483656538E-20
  0.8523870738296E+01   0.1637408272141E-20
  0.8548327208054E+01   0.1316249731845E-20
  0.8572853847683E+01   0.1045794444640E-20
  0.8597450858513E+01   0.8216007140192E-21
  0.8622118442451E+01   0.6608594597227E-21
  0.8646856801984E+01   0.5300838450168E-21
  0.8671666140179E+01   0.4193596458194E-21
  0.8696546660687E+01   0.3282843224363E-21
  0.8721498567741E+01   0.2534638895416E-21
  0.8746522066162E+01   0.1930105393851E-21
  0.8771617361359E+01   0.1448226146957E-21
  0.8796784659329E+01   0.1073498986697E-21
  0.8822024166659E+01   0.8177912359653E-22
  0.8847336090533E+01   0.6233471901060E-22
  0.8872720638724E+01   0.4683090837279E-22
  0.8898178019606E+01   0.3485489730883E-22
  0.8923708442147E+01   0.2571551879244E-22
  0.8949312115917E+01   0.1876521453201E-22
  0.8974989251087E+01   0.1354072988861E-22
  0.9000740058430E+01   0.9753134437017E-23
  0.9026564749324E+01   0.7837431695770E-23
  0.9052463535754E+01   0.6296001555687E-23
  0.9078436630313E+01   0.5032755144265E-23
  0.9104484246204E+01   0.4019163539733E-23
  0.9130606597242E+01   0.3203105516002E-23
  0.9156803897854E+01   0.2554810139992E-23
  0.9183076363086E+01   0.2038629278970E-23
  0.9209424208595E+01   0.1684790754209E-23
  0.9235847650663E+01   0.1484132920724E-23
  0.9262346906188E+01   0.1308340582814E-23
  0.9288922192692E+01   0.1160059430044E-23
  0.9315573728322E+01   0.1033241395767E-23
  0.9342301731850E+01   0.9280211991597E-24
  0.9369106422675E+01   0.8382183462511E-24
  0.9395988020826E+01   0.7700230134805E-24
  0.9422946746965E+01   0.7793807657240E-24
  0.9449982822385E+01   0.8061763543597E-24
  0.9477096469013E+01   0.8374107913430E-24
  0.9504287909417E+01   0.8692736475557E-24
  0.9531557366798E+01   0.9086750047247E-24
  0.9558905065003E+01   0.9550274576679E-24
  0.9586331228517E+01   0.1008251277194E-23
  0.9613836082471E+01   0.1103536433343E-23
  0.9641419852641E+01   0.1238096849716E-23
  0.9669082765452E+01   0.1390116266048E-23
  0.9696825047978E+01   0.1563331942707E-23
  0.9724646927945E+01   0.1758067786060E-23
  0.9752548633731E+01   0.1975184381942E-23
  0.9780530394371E+01   0.2206276139038E-23
  0.9808592439555E+01   0.2486456428596E-23
  0.9836734999635E+01   0.2891207711472E-23
  0.9864958305621E+01   0.3415643481777E-23
  0.9893262589188E+01   0.4052579003890E-23
  0.9921648082674E+01   0.4826461695416E-23
  0.9950115019085E+01   0.5760930474393E-23
  0.9978663632094E+01   0.6859851028737E-23
  0.1000729415605E+02   0.8136539806685E-23
  0.1003600682596E+02   0.9620214226916E-23
  0.1006480187752E+02   0.1144228762479E-22
  0.1009367954710E+02   0.1355830948179E-22
  0.1012264007175E+02   0.1606145454231E-22
  0.1015168368918E+02   0.1892747245234E-22
  0.1018081063781E+02   0.2229648724315E-22
  0.1021002115673E+02   0.2615644907613E-22
  0.1023931548572E+02   0.3067982540839E-22
  0.1026869386524E+02   0.3581212397444E-22
  0.1029815653645E+02   0.4140181540247E-22
  0.1032770374119E+02   0.4764726617821E-22
  0.1035733572201E+02   0.5455374835506E-22
  0.1038705272214E+02   0.6205616861292E-22
  0.1041685498552E+02   0.7160320909384E-22
  0.1044674275678E+02   0.8284054155206E-22
  0.1047671628127E+02   0.9607530710779E-22
  0.1050677580502E+02   0.1095831488308E-21
  0.1053692157478E+02   0.1247700021883E-21
  0.1056715383800E+02   0.1401994386291E-21
  0.1059747284285E+02   0.1564686961445E-21
  0.1062787883821E+02   0.1748047720063E-21
  0.1065837207366E+02   0.1947833390674E-21
  0.1068895279952E+02   0.2154474166304E-21
  0.1071962126681E+02   0.2377061143206E-21
  0.1075037772726E+02   0.2620101491047E-21
  0.1078122243337E+02   0.2857823054792E-21
  0.1081215563830E+02   0.3130976349518E-21
  0.1084317759599E+02   0.3446047998333E-21
  0.1087428856108E+02   0.3786604243720E-21
  0.1090548878894E+02   0.4121816688057E-21
  0.1093677853570E+02   0.4479882160689E-21
  0.1096815805818E+02   0.4864574992903E-21
  0.1099962761399E+02   0.5276010109455E-21
  0.1103118746143E+02   0.5759457228752E-21
  0.1106283785956E+02   0.6247749429612E-21
  0.1109457906821E+02   0.6786895578216E-21
  0.1112641134790E+02   0.7372350167743E-21
  0.1115833495996E+02   0.8013084107680E-21
  0.1119035016641E+02   0.8688617918402E-21
  0.1122245723007E+02   0.9534308867898E-21
  0.1125465641449E+02   0.1049130139980E-20
  0.1128694798398E+02   0.1151324613489E-20
  0.1131933220360E+02   0.1260185100315E-20
  0.1135180933919E+02   0.1375026138060E-20
  0.1138437965734E+02   0.1505644961025E-20
  0.1141704342540E+02   0.1666942659812E-20
  0.1144980091151E+02   0.1870005157332E-20
  0.1148265238454E+02   0.2088666901524E-20
  0.1151559811418E+02   0.2334258820231E-20
  0.1154863837085E+02   0.2600573386871E-20
  0.1158177342577E+02   0.2903492364398E-20
  0.1161500355093E+02   0.3251460096273E-20
  0.1164832901912E+02   0.3706922807053E-20
  0.1168175010387E+02   0.4223695411958E-20
  0.1171526707954E+02   0.4790212110007E-20
  0.1174888022125E+02   0.5353812742966E-20
  0.1178258980492E+02   0.6031107476844E-20
  0.1181639610725E+02   0.6740930142122E-20
  0.1185029940575E+02   0.7506469769391E-20
  0.1188429997872E+02   0.8323865006020E-20
  0.1191839810526E+02   0.9247702863992E-20
  0.1195259406526E+02   0.1019215945171E-19
  0.1198688813943E+02   0.1117835134368E-19
  0.1202128060927E+02   0.1196849562352E-19
  0.1205577175709E+02   0.1257300478198E-19
  0.1209036186603E+02   0.1327049648492E-19
  0.1212505122001E+02   0.1395996127627E-19
  0.1215984010379E+02   0.1472925900222E-19
  0.1219472880294E+02   0.1553178281843E-19
  0.1222971760384E+02   0.1633115122917E-19
  0.1226480679370E+02   0.1722877860472E-19
  0.1229999666056E+02   0.1814980910035E-19
  0.1233528749328E+02   0.1909229835854E-19
  0.1237067958155E+02   0.2009512717066E-19
  0.1240617321588E+02   0.2130744380253E-19
  0.1244176868763E+02   0.2247170378262E-19
  0.1247746628899E+02   0.2382850424333E-19
  0.1251326631298E+02   0.2474275098707E-19
  0.1254916905348E+02   0.2554731825941E-19
  0.1258517480519E+02   0.2635498157903E-19
  0.1262128386368E+02   0.2711356928780E-19
  0.1265749652534E+02   0.2819183342580E-19
  0.1269381308744E+02   0.2918185521291E-19
  0.1273023384808E+02   0.3019789477502E-19
  0.1276675910623E+02   0.3118605634205E-19
  0.1280338916170E+02   0.3218709176246E-19
  0.1284012431518E+02   0.3318236019628E-19
  0.1287696486822E+02   0.3425201190914E-19
  0.1291391112322E+02   0.3539587921585E-19
  0.1295096338345E+02   0.3672325561080E-19
  0.1298812195308E+02   0.3828614755559E-19
  0.1302538713712E+02   0.3957698261182E-19
  0.1306275924146E+02   0.4092236028661E-19
  0.1310023857287E+02   0.4222377558373E-19
  0.1313782543902E+02   0.4355809961252E-19
  0.1317552014843E+02   0.4508554238723E-19
  0.1321332301052E+02   0.4681750420502E-19
  0.1325123433562E+02   0.4857264954084E-19
  0.1328925443490E+02   0.5058678203383E-19
  0.1332738362048E+02   0.5261684770432E-19
  0.1336562220533E+02   0.5462778000945E-19
  0.1340397050333E+02   0.5678517834240E-19
  0.1344242882929E+02   0.5894441332676E-19
  0.1348099749888E+02   0.6120708186295E-19
  0.1351967682870E+02   0.6374919415494E-19
  0.1355846713625E+02   0.6623920376504E-19
  0.1359736873996E+02   0.6886018695917E-19
  0.1363638195914E+02   0.7164467459693E-19
  0.1367550711404E+02   0.7435718428844E-19
  0.1371474452582E+02   0.7705198313286E-19
  0.1375409451658E+02   0.7990848108688E-19
  0.1379355740931E+02   0.8288138137234E-19
  0.1383313352795E+02   0.8575886840435E-19
  0.1387282319737E+02   0.8878309150097E-19
  0.1391262674336E+02   0.9172448246971E-19
  0.1395254449266E+02   0.9467089008876E-19
  0.1399257677294E+02   0.9778698931046E-19
  0.1403272391280E+02   0.1010758482773E-18
  0.1407298624180E+02   0.1041633796323E-18
  0.1411336409043E+02   0.1080787337495E-18
  0.1415385779014E+02   0.1109890055748E-18
  0.1419446767333E+02   0.1144040941085E-18
  0.1423519407334E+02   0.1180994496047E-18
  0.1427603732450E+02   0.1219008163478E-18
  0.1431699776205E+02   0.1261648560106E-18
  0.1435807572223E+02   0.1300454565721E-18
  0.1439927154224E+02   0.1339863094654E-18
  0.1444058556023E+02   0.1379842745286E-18
  0.1448201811533E+02   0.1420468422974E-18
  0.1452356954764E+02   0.1473042203661E-18
  0.1456524019826E+02   0.1500731531247E-18
  0.1460703040923E+02   0.1550179970002E-18
  0.1464894052359E+02   0.1594888980162E-18
  0.1469097088537E+02   0.1635876729057E-18
  0.1473312183958E+02   0.1678113068560E-18
  0.1477539373222E+02   0.1698457454793E-18
  0.1481778691028E+02   0.1711193343684E-18
  0.1486030172175E+02   0.1675122302330E-18
  0.1490293851562E+02   0.1579166969246E-18
  0.1494569764188E+02   0.1349848961673E-18
  0.1498857945152E+02   0.1067063163345E-18
  0.1503158429654E+02   0.7732202688669E-19
  0.1507471252995E+02   0.5271764686030E-19
  0.1511796450577E+02   0.3417361898058E-19
  0.1516134057904E+02   0.2416156550594E-19
  0.1520484110583E+02   0.2933554764455E-19
  0.1524846644320E+02   0.2957525048171E-19
  0.1529221694927E+02   0.3610895260365E-19
  0.1533609298315E+02   0.6178780337296E-19
  0.1538009490502E+02   0.7415779257435E-19
  0.1542422307607E+02   0.8360732781610E-19
  0.1546847785852E+02   0.9215324425122E-19
  0.1551285961565E+02   0.9961222453997E-19
  0.1555736871178E+02   0.1056738528527E-18
  0.1560200551225E+02   0.1100748979355E-18
  0.1564677038348E+02   0.1120246107582E-18
  0.1569166369292E+02   0.1151195971404E-18
  0.1573668580909E+02   0.1164751963606E-18
  0.1578183710155E+02   0.1154381274733E-18
  0.1582711794093E+02   0.1142762815856E-18
  0.1587252869892E+02   0.1131042284790E-18
  0.1591806974829E+02   0.1097031789402E-18
  0.1596374146286E+02   0.1065129383533E-18
  0.1600954421753E+02   0.1023807957292E-18
  0.1605547838829E+02   0.9808972437247E-19
  0.1610154435218E+02   0.9341192098888E-19
  0.1614774248735E+02   0.8888522576777E-19
  0.1619407317301E+02   0.8440035174892E-19
  0.1624053678948E+02   0.8003983551581E-19
  0.1628713371815E+02   0.7536382755406E-19
  0.1633386434154E+02   0.7093615052917E-19
  0.1638072904321E+02   0.6641174423674E-19
  0.1642772820788E+02   0.6203691217503E-19
  0.1647486222134E+02   0.5794805536992E-19
  0.1652213147050E+02   0.5485223316392E-19
  0.1656953634336E+02   0.5272606576536E-19
  0.1661707722906E+02   0.5056670999574E-19
  0.1666475451784E+02   0.4831925715781E-19
  0.1671256860106E+02   0.4621945990150E-19
  0.1676051987122E+02   0.4423789058283E-19
  0.1680860872193E+02   0.4213017680685E-19
  0.1685683554792E+02   0.4015693713585E-19
  0.1690520074507E+02   0.3824935013290E-19
  0.1695370471040E+02   0.3663261444265E-19
  0.1700234784206E+02   0.3472574744021E-19
  0.1705113053933E+02   0.3379718689567E-19
  0.1710005320266E+02   0.3293782539051E-19
  0.1714911623363E+02   0.3209148329950E-19
  0.1719832003498E+02   0.3123180917483E-19
  0.1724766501060E+02   0.3044761801611E-19
  0.1729715156556E+02   0.2969764338164E-19
  0.1734678010606E+02   0.2900338527010E-19
  0.1739655103949E+02   0.2817490643672E-19
  0.1744646477439E+02   0.2744772895046E-19
  0.1749652172049E+02   0.2684174575871E-19
  0.1754672228869E+02   0.2673256434175E-19
  0.1759706689107E+02   0.2668492052529E-19
  0.1764755594087E+02   0.2672442550277E-19
  0.1769818985256E+02   0.2671686874492E-19
  0.1774896904175E+02   0.2674137692287E-19
  0.1779989392528E+02   0.2671746706548E-19
  0.1785096492118E+02   0.2670410341817E-19
  0.1790218244865E+02   0.2671469778130E-19
  0.1795354692814E+02   0.2678475700865E-19
  0.1800505878126E+02   0.2673499140951E-19
  0.1805671843086E+02   0.2777186685596E-19
  0.1810852630099E+02   0.2866065692093E-19
  0.1816048281692E+02   0.2956217928633E-19
  0.1821258840515E+02   0.3052291236124E-19
  0.1826484349339E+02   0.3151726438813E-19
  0.1831724851057E+02   0.3245178852325E-19
  0.1836980388688E+02   0.3358665977795E-19
  0.1842251005372E+02   0.3468619269343E-19
  0.1847536744372E+02   0.3586176067206E-19
  0.1852837649079E+02   0.3732107699026E-19
  0.1858153763004E+02   0.3894066438810E-19
  0.1863485129787E+02   0.4064750118762E-19
  0.1868831793189E+02   0.4229435281186E-19
  0.1874193797099E+02   0.4415465497764E-19
  0.1879571185533E+02   0.4634681847191E-19
  0.1884964002631E+02   0.4824379486557E-19
  0.1890372292660E+02   0.5036484490700E-19
  0.1895796100015E+02   0.5239796314107E-19
  0.1901235469219E+02   0.5497484726367E-19
  0.1906690444920E+02   0.5768771238880E-19
  0.1912161071896E+02   0.6071244243164E-19
  0.1917647395054E+02   0.6377918155464E-19
  0.1923149459429E+02   0.6694225911066E-19
  0.1928667310184E+02   0.7016095394863E-19
  0.1934200992615E+02   0.7341796334379E-19
  0.1939750552144E+02   0.7720442216608E-19
  0.1945316034326E+02   0.8084271537199E-19
  0.1950897484846E+02   0.8527783587235E-19
  0.1956494949519E+02   0.8916858426010E-19
  0.1962108474294E+02   0.9405315973246E-19
  0.1967738105249E+02   0.9926020911174E-19
  0.1973383888595E+02   0.1039169076585E-18
  0.1979045870677E+02   0.1099566008736E-18
  0.1984724097972E+02   0.1154156837225E-18
  0.1990418617090E+02   0.1212389114711E-18
  0.1996129474776E+02   0.1276373820425E-18
  0.2001856717906E+02   0.1301287771660E-18
  0.2007600393495E+02   0.1395720489897E-18
  0.2013360548689E+02   0.1474334207802E-18
  0.2019137230772E+02   0.1545180358968E-18
  0.2024930487162E+02   0.1617655207650E-18
  0.2030740365414E+02   0.1692494577919E-18
  0.2036566913218E+02   0.1770567246856E-18
  0.2042410178402E+02   0.1851200014617E-18
  0.2048270208932E+02   0.1934876300079E-18
  0.2054147052911E+02   0.2021459720966E-18
  0.2060040758578E+02   0.2111348329528E-18
  0.2065951374313E+02   0.2205118172564E-18
  0.2071878948635E+02   0.2302171778021E-18
  0.2077823530199E+02   0.2403673542968E-18
  0.2083785167804E+02   0.2509573641143E-18
  0.2089763910385E+02   0.2614563981642E-18
  0.2095759807019E+02   0.2737723643016E-18
  0.2101772906926E+02   0.2874281125100E-18
  0.2107803259463E+02   0.3032963706273E-18
  0.2113850914133E+02   0.3201729157990E-18
  0.2119915920576E+02   0.3377990285723E-18
  0.2125998328580E+02   0.3566041189595E-18
  0.2132098188072E+02   0.3761981765911E-18
  0.2138215549123E+02   0.3965820862726E-18
  0.2144350461948E+02   0.4179782756255E-18
  0.2150502976906E+02   0.4404060836798E-18
  0.2156673144502E+02   0.4639325173379E-18
  0.2162861015383E+02   0.4882355054544E-18
  0.2169066640344E+02   0.5134452371261E-18
  0.2175290070323E+02   0.5396995133939E-18
  0.2181531356407E+02   0.5670705257037E-18
  0.2187790549827E+02   0.5956907991432E-18
  0.2194067701964E+02   0.6249889809566E-18
  0.2200362864344E+02   0.6551275657299E-18
  0.2206676088640E+02   0.6828413178273E-18
  0.2213007426677E+02   0.7113043794698E-18
  0.2219356930426E+02   0.7406716862631E-18
  0.2225724652006E+02   0.7704063354928E-18
  0.2232110643689E+02   0.8020300909078E-18
  0.2238514957895E+02   0.8342001888040E-18
  0.2244937647193E+02   0.8666855493300E-18
  0.2251378764305E+02   0.9000589746599E-18
  0.2257838362104E+02   0.9350890380363E-18
  0.2264316493615E+02   0.9733739147971E-18
  0.2270813212013E+02   0.1010781298917E-17
  0.2277328570628E+02   0.1049224210519E-17
  0.2283862622941E+02   0.1088503421710E-17
  0.2290415422588E+02   0.1129835602205E-17
  0.2296987023359E+02   0.1169359183800E-17
  0.2303577479197E+02   0.1207501394554E-17
  0.2310186844201E+02   0.1246131121114E-17
  0.2316815172624E+02   0.1284717360818E-17
  0.2323462518876E+02   0.1323397114362E-17
  0.2330128937522E+02   0.1363701618914E-17
  0.2336814483285E+02   0.1404965274214E-17
  0.2343519211042E+02   0.1447148896276E-17
  0.2350243175831E+02   0.1490346231355E-17
  0.2356986432846E+02   0.1535497385375E-17
  0.2363749037440E+02   0.1582960835966E-17
  0.2370531045125E+02   0.1633173762474E-17
  0.2377332511571E+02   0.1664648294467E-17
  0.2384153492608E+02   0.1714193853640E-17
  0.2390994044229E+02   0.1766578427695E-17
  0.2397854222583E+02   0.1818448565578E-17
  0.2404734083984E+02   0.1866319438425E-17
  0.2411633684905E+02   0.1911840570159E-17
  0.2418553081984E+02   0.1959753985311E-17
  0.2425492332017E+02   0.2010813648388E-17
  0.2432451491968E+02   0.2057966635697E-17
  0.2439430618960E+02   0.2106939134983E-17
  0.2446429770284E+02   0.2163323610296E-17
  0.2453449003391E+02   0.2228504812192E-17
  0.2460488375901E+02   0.2294883255352E-17
  0.2467547945597E+02   0.2355988781791E-17
  0.2474627770428E+02   0.2460617975562E-17
  0.2481727908509E+02   0.2611663506953E-17
  0.2488848418123E+02   0.2666032932048E-17
  0.2495989357720E+02   0.2721058635005E-17
  0.2503150785915E+02   0.2774633653049E-17
  0.2510332761496E+02   0.2826044368388E-17
  0.2517535343416E+02   0.2878170655139E-17
  0.2524758590797E+02   0.2931097105433E-17
  0.2532002562933E+02   0.2984584727085E-17
  0.2539267319287E+02   0.3038785719718E-17
  0.2546552919493E+02   0.3093684979307E-17
  0.2553859423354E+02   0.3149235214020E-17
  0.2561186890847E+02   0.3205474798419E-17
  0.2568535382121E+02   0.3262461005552E-17
  0.2575904957496E+02   0.3320113357370E-17
  0.2583295677467E+02   0.3378464280256E-17
  0.2590707602700E+02   0.3437547314054E-17
  0.2598140794038E+02   0.3497398522871E-17
  0.2605595312497E+02   0.3558693438614E-17
  0.2613071219267E+02   0.3621063523665E-17
  0.2620568575716E+02   0.3684103340186E-17
  0.2628087443386E+02   0.3747792557324E-17
  0.2635627883997E+02   0.3812294287000E-17
  0.2643189959446E+02   0.3877632199020E-17
  0.2650773731806E+02   0.3944031259503E-17
  0.2658379263330E+02   0.4011207967187E-17
  0.2666006616449E+02   0.4079225048934E-17
  0.2673655853772E+02   0.4148058503452E-17
  0.2681327038089E+02   0.4217676498329E-17
  0.2689020232370E+02   0.4288117626071E-17
  0.2696735499766E+02   0.4359519067682E-17
  0.2704472903607E+02   0.4431681182497E-17
  0.2712232507408E+02   0.4504629047879E-17
  0.2720014374864E+02   0.4578443366426E-17
  0.2727818569852E+02   0.4653083761391E-17
  0.2735645156436E+02   0.4728571149481E-17
  0.2743494198859E+02   0.4804682885516E-17
  0.2751365761552E+02   0.4881624815265E-17
  0.2759259909130E+02   0.4959326049855E-17
  0.2767176706391E+02   0.5037774018829E-17
  0.2775116218324E+02   0.5117021637290E-17
  0.2783078510098E+02   0.5196925862146E-17
  0.2791063647075E+02   0.5277582664308E-17
  0.2799071694800E+02   0.5359068901057E-17
  0.2807102719009E+02   0.5447089326083E-17
  0.2815156785625E+02   0.5536767406937E-17
  0.2823233960761E+02   0.5627331987475E-17
  0.2831334310720E+02   0.5718797346302E-17
  0.2839457901993E+02   0.5811324105590E-17
  0.2847604801265E+02   0.5904751633912E-17
  0.2855775075409E+02   0.5999035284232E-17
  0.2863968791493E+02   0.6094206484039E-17
  0.2872186016776E+02   0.6190092346274E-17
  0.2880426818709E+02   0.6287032425319E-17
  0.2888691264938E+02   0.6384686798592E-17
  0.2896979423303E+02   0.6483381488426E-17
  0.2905291361838E+02   0.6590983989499E-17
  0.2913627148772E+02   0.6704489231410E-17
  0.2921986852530E+02   0.6819163917698E-17
  0.2930370541735E+02   0.6934950589291E-17
  0.2938778285205E+02   0.7051647135913E-17
  0.2947210151954E+02   0.7169481948635E-17
  0.2955666211198E+02   0.7288578420334E-17
  0.2964146532349E+02   0.7408351493066E-17
  0.2972651185018E+02   0.7529465795296E-17
  0.2981180239017E+02   0.7651690693030E-17
  0.2989733764357E+02   0.7774938990374E-17
  0.2998311831252E+02   0.7899230741862E-17
  0.3006914510114E+02   0.8024570738453E-17
  0.3015541871560E+02   0.8151126359539E-17
  0.3024193986409E+02   0.8278616810008E-17
  0.3032870925683E+02   0.8407043017563E-17
  0.3041572760606E+02   0.8536315716833E-17
  0.3050299562609E+02   0.8666489454034E-17
  0.3059051403328E+02   0.8797211825144E-17
  0.3067828354601E+02   0.8929029582412E-17
  0.3076630488477E+02   0.9061010900048E-17
  0.3085457877208E+02   0.9194148514377E-17
  0.3094310593254E+02   0.9327762415816E-17
  0.3103188709285E+02   0.9461939814621E-17
  0.3112092298177E+02   0.9596811432637E-17
  0.3121021433016E+02   0.9732485594161E-17
  0.3129976187098E+02   0.9868492461833E-17
  0.3138956633929E+02   0.1000524727538E-16
  0.3147962847227E+02   0.1014265456748E-16
  0.3156994900919E+02   0.1028095342599E-16
  0.3166052869146E+02   0.1041993329467E-16
  0.3175136826261E+02   0.1055965771106E-16
  0.3184246846832E+02   0.1070043075221E-16
  0.3193383005639E+02   0.1084205817405E-16
  0.3202545377676E+02   0.1098363258731E-16
  0.3211734038154E+02   0.1112434236874E-16
  0.3220949062500E+02   0.1126574307699E-16
  0.3230190526356E+02   0.1140777468852E-16
  0.3239458505581E+02   0.1155031420176E-16
  0.3248753076253E+02   0.1169331756769E-16
  0.3258074314666E+02   0.1183667477194E-16
  0.3267422297337E+02   0.1198059427076E-16
  0.3276797100997E+02   0.1212487732223E-16
  0.3286198802603E+02   0.1226941649665E-16
  0.3295627479327E+02   0.1241426591686E-16
  0.3305083208568E+02   0.1255947944058E-16
  0.3314566067942E+02   0.1270475360291E-16
  0.3324076135292E+02   0.1285017590935E-16
  0.3333613488681E+02   0.1299596967228E-16
  0.3343178206398E+02   0.1314218428103E-16
  0.3352770366956E+02   0.1328851802737E-16
  0.3362390049094E+02   0.1343525193809E-16
  0.3372037331775E+02   0.1358227621403E-16
  0.3381712294190E+02   0.1372967136507E-16
  0.3391415015758E+02   0.1387749381989E-16
  0.3401145576124E+02   0.1402539176712E-16
  0.3410904055162E+02   0.1417340349751E-16
  0.3420690532976E+02   0.1432222354961E-16
  0.3430505089900E+02   0.1447123992023E-16
  0.3440347806497E+02   0.1462017413978E-16
  0.3450218763562E+02   0.1476913580717E-16
  0.3460118042122E+02   0.1491808820271E-16
  0.3470045723436E+02   0.1506703786533E-16
  0.3480001888998E+02   0.1521600977860E-16
  0.3489986620532E+02   0.1536476764004E-16
  0.3500000000000E+02   0.1551374925550E-16
