  0.1450000000000E+02   0.4275534379986E-18
  0.1451576351247E+02   0.4339753894453E-18
  0.1453154416207E+02   0.4378884203151E-18
  0.1454734196743E+02   0.4397103568459E-18
  0.1456315694719E+02   0.4432490230288E-18
  0.1457898912003E+02   0.4487055435574E-18
  0.1459483850464E+02   0.4539235376188E-18
  0.1461070511973E+02   0.4591391168405E-18
  0.1462658898403E+02   0.4642434259109E-18
  0.1464249011630E+02   0.4688356354861E-18
  0.1465840853530E+02   0.4734019852163E-18
  0.1467434425984E+02   0.4775998715526E-18
  0.1469029730872E+02   0.4816706688726E-18
  0.1470626770078E+02   0.4861220891875E-18
  0.1472225545487E+02   0.4906711875698E-18
  0.1473826058987E+02   0.4941660199433E-18
  0.1475428312467E+02   0.4967759480503E-18
  0.1477032307819E+02   0.4986593833402E-18
  0.1478638046937E+02   0.4998174054672E-18
  0.1480245531716E+02   0.5013715785169E-18
  0.1481854764054E+02   0.5021471114524E-18
  0.1483465745851E+02   0.5006820559254E-18
  0.1485078479008E+02   0.4965285861267E-18
  0.1486692965431E+02   0.4915623523983E-18
  0.1488309207024E+02   0.4836767768675E-18
  0.1489927205696E+02   0.4722198175055E-18
  0.1491546963358E+02   0.4587828405488E-18
  0.1493168481921E+02   0.4425587341288E-18
  0.1494791763299E+02   0.4235361280222E-18
  0.1496416809410E+02   0.4029273801532E-18
  0.1498043622171E+02   0.3809098584464E-18
  0.1499672203504E+02   0.3579451135281E-18
  0.1501302555330E+02   0.3347585928585E-18
  0.1502934679575E+02   0.3117602286682E-18
  0.1504568578166E+02   0.2889816645730E-18
  0.1506204253032E+02   0.2668553342620E-18
  0.1507841706103E+02   0.2460379984890E-18
  0.1509480939312E+02   0.2260549738138E-18
  0.1511121954596E+02   0.2066469306454E-18
  0.1512764753891E+02   0.1882316188715E-18
  0.1514409339137E+02   0.1732206040934E-18
  0.1516055712275E+02   0.1676921132860E-18
  0.1517703875250E+02   0.1757187124409E-18
  0.1519353830006E+02   0.1852507952526E-18
  0.1521005578492E+02   0.1906373135069E-18
  0.1522659122658E+02   0.1926108553532E-18
  0.1524314464456E+02   0.1878525401305E-18
  0.1525971605841E+02   0.1756960190886E-18
  0.1527630548768E+02   0.1745701159058E-18
  0.1529291295196E+02   0.1902733541422E-18
  0.1530953847086E+02   0.2119086873922E-18
  0.1532618206401E+02   0.2302072519151E-18
  0.1534284375105E+02   0.2452012070593E-18
  0.1535952355166E+02   0.2577544055339E-18
  0.1537622148553E+02   0.2698658629111E-18
  0.1539293757236E+02   0.2814507145500E-18
  0.1540967183191E+02   0.2935748976399E-18
  0.1542642428392E+02   0.3058538128479E-18
  0.1544319494817E+02   0.3175372883213E-18
  0.1545998384446E+02   0.3304822097987E-18
  0.1547679099260E+02   0.3434233702858E-18
  0.1549361641246E+02   0.3555378350509E-18
  0.1551046012387E+02   0.3675426606580E-18
  0.1552732214674E+02   0.3793280199009E-18
  0.1554420250097E+02   0.3907315481717E-18
  0.1556110120649E+02   0.4013836511514E-18
  0.1557801828325E+02   0.4111154699468E-18
  0.1559495375121E+02   0.4201264515007E-18
  0.1561190763038E+02   0.4282611508370E-18
  0.1562887994077E+02   0.4353436332193E-18
  0.1564587070242E+02   0.4414842644844E-18
  0.1566287993538E+02   0.4474915355347E-18
  0.1567990765974E+02   0.4547843115455E-18
  0.1569695389560E+02   0.4617871470881E-18
  0.1571401866308E+02   0.4673077542244E-18
  0.1573110198234E+02   0.4712756121102E-18
  0.1574820387353E+02   0.4745436507647E-18
  0.1576532435685E+02   0.4772291489515E-18
  0.1578246345252E+02   0.4781879260439E-18
  0.1579962118076E+02   0.4776652743686E-18
  0.1581679756183E+02   0.4803781456740E-18
  0.1583399261601E+02   0.4861986106448E-18
  0.1585120636360E+02   0.4899576858003E-18
  0.1586843882493E+02   0.4903117972969E-18
  0.1588569002033E+02   0.4893861322725E-18
  0.1590295997018E+02   0.4882366615604E-18
  0.1592024869486E+02   0.4868250476964E-18
  0.1593755621478E+02   0.4856729810208E-18
  0.1595488255038E+02   0.4848787268492E-18
  0.1597222772211E+02   0.4836587893115E-18
  0.1598959175045E+02   0.4817581750032E-18
  0.1600697465589E+02   0.4797245000302E-18
  0.1602437645897E+02   0.4774389350971E-18
  0.1604179718022E+02   0.4746364713623E-18
  0.1605923684022E+02   0.4718224526448E-18
  0.1607669545955E+02   0.4682900513475E-18
  0.1609417305881E+02   0.4648101340096E-18
  0.1611166965866E+02   0.4616756756694E-18
  0.1612918527974E+02   0.4584801520939E-18
  0.1614671994272E+02   0.4546284191388E-18
  0.1616427366832E+02   0.4509813807324E-18
  0.1618184647726E+02   0.4476573787908E-18
  0.1619943839028E+02   0.4442590412606E-18
  0.1621704942815E+02   0.4405632286558E-18
  0.1623467961166E+02   0.4366460767940E-18
  0.1625232896163E+02   0.4325196691353E-18
  0.1626999749889E+02   0.4281723224483E-18
  0.1628768524431E+02   0.4235252606159E-18
  0.1630539221875E+02   0.4189778502331E-18
  0.1632311844314E+02   0.4145263844732E-18
  0.1634086393839E+02   0.4104860912077E-18
  0.1635862872546E+02   0.4062191668470E-18
  0.1637641282532E+02   0.4006192170840E-18
  0.1639421625897E+02   0.3947966461001E-18
  0.1641203904741E+02   0.3897305584279E-18
  0.1642988121170E+02   0.3850568837243E-18
  0.1644774277290E+02   0.3802289597673E-18
  0.1646562375210E+02   0.3753320386791E-18
  0.1648352417040E+02   0.3706655128280E-18
  0.1650144404894E+02   0.3670611912657E-18
  0.1651938340888E+02   0.3645031437356E-18
  0.1653734227139E+02   0.3624563433975E-18
  0.1655532065768E+02   0.3605624022407E-18
  0.1657331858896E+02   0.3587433402742E-18
  0.1659133608650E+02   0.3566088983704E-18
  0.1660937317156E+02   0.3539445424033E-18
  0.1662742986543E+02   0.3514148391554E-18
  0.1664550618944E+02   0.3489396036323E-18
  0.1666360216491E+02   0.3464035528408E-18
  0.1668171781323E+02   0.3437267062633E-18
  0.1669985315577E+02   0.3412942904931E-18
  0.1671800821394E+02   0.3389876033905E-18
  0.1673618300918E+02   0.3367147174391E-18
  0.1675437756295E+02   0.3345427341659E-18
  0.1677259189672E+02   0.3320600560403E-18
  0.1679082603200E+02   0.3291769362147E-18
  0.1680907999031E+02   0.3263475971407E-18
  0.1682735379322E+02   0.3237844968806E-18
  0.1684564746228E+02   0.3212981051479E-18
  0.1686396101910E+02   0.3187079879786E-18
  0.1688229448530E+02   0.3160698464172E-18
  0.1690064788251E+02   0.3135025865028E-18
  0.1691902123242E+02   0.3111463426819E-18
  0.1693741455672E+02   0.3092410111065E-18
  0.1695582787710E+02   0.3075099893511E-18
  0.1697426121532E+02   0.3047642374938E-18
  0.1699271459314E+02   0.3013219278200E-18
  0.1701118803235E+02   0.2989489327016E-18
  0.1702968155474E+02   0.2978855786464E-18
  0.1704819518216E+02   0.2970948696155E-18
  0.1706672893646E+02   0.2961547091762E-18
  0.1708528283953E+02   0.2954430032188E-18
  0.1710385691326E+02   0.2946318060742E-18
  0.1712245117959E+02   0.2936671866508E-18
  0.1714106566047E+02   0.2926614089103E-18
  0.1715970037787E+02   0.2916766139712E-18
  0.1717835535380E+02   0.2907355379277E-18
  0.1719703061027E+02   0.2897754801849E-18
  0.1721572616934E+02   0.2888905896688E-18
  0.1723444205308E+02   0.2881914554170E-18
  0.1725317828358E+02   0.2875070936954E-18
  0.1727193488296E+02   0.2867359474040E-18
  0.1729071187337E+02   0.2859597039110E-18
  0.1730950927698E+02   0.2853191960665E-18
  0.1732832711597E+02   0.2848391991763E-18
  0.1734716541257E+02   0.2840897391696E-18
  0.1736602418900E+02   0.2827945104413E-18
  0.1738490346755E+02   0.2810515390846E-18
  0.1740380327049E+02   0.2796664374235E-18
  0.1742272362014E+02   0.2787113172398E-18
  0.1744166453884E+02   0.2780956860109E-18
  0.1746062604894E+02   0.2774361192508E-18
  0.1747960817284E+02   0.2767594224839E-18
  0.1749861093293E+02   0.2762670336764E-18
  0.1751763435167E+02   0.2765092577771E-18
  0.1753667845151E+02   0.2772938134239E-18
  0.1755574325492E+02   0.2780507857647E-18
  0.1757482878442E+02   0.2786492670376E-18
  0.1759393506254E+02   0.2792878117163E-18
  0.1761306211184E+02   0.2801515782442E-18
  0.1763220995489E+02   0.2810084529577E-18
  0.1765137861431E+02   0.2816316123806E-18
  0.1767056811272E+02   0.2822491667278E-18
  0.1768977847278E+02   0.2830610900126E-18
  0.1770900971716E+02   0.2840041725657E-18
  0.1772826186858E+02   0.2848741334197E-18
  0.1774753494976E+02   0.2856601187361E-18
  0.1776682898345E+02   0.2864125939927E-18
  0.1778614399243E+02   0.2870253644396E-18
  0.1780547999951E+02   0.2875863963208E-18
  0.1782483702752E+02   0.2882365910682E-18
  0.1784421509930E+02   0.2889646149419E-18
  0.1786361423773E+02   0.2896891850642E-18
  0.1788303446572E+02   0.2904434791969E-18
  0.1790247580619E+02   0.2912356844398E-18
  0.1792193828210E+02   0.2919997146429E-18
  0.1794142191642E+02   0.2928363098776E-18
  0.1796092673215E+02   0.2936528489795E-18
  0.1798045275233E+02   0.2938467882531E-18
  0.1800000000000E+02   0.2934359984371E-18
