  0.1450000000000E+02   0.4038071641492E-18
  0.1451576351247E+02   0.4101445510804E-18
  0.1453154416207E+02   0.4145616988176E-18
  0.1454734196743E+02   0.4174194024952E-18
  0.1456315694719E+02   0.4216478094718E-18
  0.1457898912003E+02   0.4274186888878E-18
  0.1459483850464E+02   0.4330125618847E-18
  0.1461070511973E+02   0.4386582383008E-18
  0.1462658898403E+02   0.4441686593773E-18
  0.1464249011630E+02   0.4493791062876E-18
  0.1465840853530E+02   0.4545316088622E-18
  0.1467434425984E+02   0.4594601780627E-18
  0.1469029730872E+02   0.4642791128945E-18
  0.1470626770078E+02   0.4694900103028E-18
  0.1472225545487E+02   0.4747513060300E-18
  0.1473826058987E+02   0.4792628408002E-18
  0.1475428312467E+02   0.4830367717010E-18
  0.1477032307819E+02   0.4861783661506E-18
  0.1478638046937E+02   0.4887267837541E-18
  0.1480245531716E+02   0.4917329217813E-18
  0.1481854764054E+02   0.4940380779755E-18
  0.1483465745851E+02   0.4944277527766E-18
  0.1485078479008E+02   0.4925405007227E-18
  0.1486692965431E+02   0.4900452053058E-18
  0.1488309207024E+02   0.4852037077407E-18
  0.1489927205696E+02   0.4772223286788E-18
  0.1491546963358E+02   0.4673514043887E-18
  0.1493168481921E+02   0.4548948776909E-18
  0.1494791763299E+02   0.4396973725159E-18
  0.1496416809410E+02   0.4227931567699E-18
  0.1498043622171E+02   0.4042645831980E-18
  0.1499672203504E+02   0.3844697682441E-18
  0.1501302555330E+02   0.3640094532121E-18
  0.1502934679575E+02   0.3432382422962E-18
  0.1504568578166E+02   0.3224204578906E-18
  0.1506204253032E+02   0.3019425206910E-18
  0.1507841706103E+02   0.2822071195335E-18
  0.1509480939312E+02   0.2628160876746E-18
  0.1511121954596E+02   0.2434312876603E-18
  0.1512764753891E+02   0.2245936538176E-18
  0.1514409339137E+02   0.2090714523911E-18
  0.1516055712275E+02   0.2042388457003E-18
  0.1517703875250E+02   0.2152224261670E-18
  0.1519353830006E+02   0.2278942330837E-18
  0.1521005578492E+02   0.2355941257313E-18
  0.1522659122658E+02   0.2391490952345E-18
  0.1524314464456E+02   0.2344849108201E-18
  0.1525971605841E+02   0.2207324210367E-18
  0.1527630548768E+02   0.2202404637590E-18
  0.1529291295196E+02   0.2402157482841E-18
  0.1530953847086E+02   0.2673788650042E-18
  0.1532618206401E+02   0.2904931271207E-18
  0.1534284375105E+02   0.3095437332859E-18
  0.1535952355166E+02   0.3256112665994E-18
  0.1537622148553E+02   0.3411468619422E-18
  0.1539293757236E+02   0.3560952068904E-18
  0.1540967183191E+02   0.3718187930679E-18
  0.1542642428392E+02   0.3877859827786E-18
  0.1544319494817E+02   0.4031576507977E-18
  0.1545998384446E+02   0.4200143176497E-18
  0.1547679099260E+02   0.4369369525237E-18
  0.1549361641246E+02   0.4530503500362E-18
  0.1551046012387E+02   0.4691213772081E-18
  0.1552732214674E+02   0.4851207123565E-18
  0.1554420250097E+02   0.5007662806985E-18
  0.1556110120649E+02   0.5157089067902E-18
  0.1557801828325E+02   0.5299209440279E-18
  0.1559495375121E+02   0.5435669907046E-18
  0.1561190763038E+02   0.5563155397668E-18
  0.1562887994077E+02   0.5679270816171E-18
  0.1564587070242E+02   0.5785326294673E-18
  0.1566287993538E+02   0.5891941858558E-18
  0.1567990765974E+02   0.6016617069029E-18
  0.1569695389560E+02   0.6138910291740E-18
  0.1571401866308E+02   0.6244512526222E-18
  0.1573110198234E+02   0.6333118424329E-18
  0.1574820387353E+02   0.6414735424882E-18
  0.1576532435685E+02   0.6494440866203E-18
  0.1578246345252E+02   0.6554480566062E-18
  0.1579962118076E+02   0.6597690029443E-18
  0.1581679756183E+02   0.6679666458365E-18
  0.1583399261601E+02   0.6799664541396E-18
  0.1585120636360E+02   0.6895680458960E-18
  0.1586843882493E+02   0.6951201857914E-18
  0.1588569002033E+02   0.6992090473853E-18
  0.1590295997018E+02   0.7029541589981E-18
  0.1592024869486E+02   0.7064106018057E-18
  0.1593755621478E+02   0.7100133741441E-18
  0.1595488255038E+02   0.7137771481502E-18
  0.1597222772211E+02   0.7170199781028E-18
  0.1598959175045E+02   0.7193403378029E-18
  0.1600697465589E+02   0.7215534388895E-18
  0.1602437645897E+02   0.7233308939175E-18
  0.1604179718022E+02   0.7244477744182E-18
  0.1605923684022E+02   0.7254626641544E-18
  0.1607669545955E+02   0.7254897695134E-18
  0.1609417305881E+02   0.7255351379645E-18
  0.1611166965866E+02   0.7260096485385E-18
  0.1612918527974E+02   0.7260222333825E-18
  0.1614671994272E+02   0.7250818400180E-18
  0.1616427366832E+02   0.7242893634128E-18
  0.1618184647726E+02   0.7239384568338E-18
  0.1619943839028E+02   0.7234276446543E-18
  0.1621704942815E+02   0.7224237276531E-18
  0.1623467961166E+02   0.7209937481663E-18
  0.1625232896163E+02   0.7192361316338E-18
  0.1626999749889E+02   0.7170394137260E-18
  0.1628768524431E+02   0.7143660439901E-18
  0.1630539221875E+02   0.7117631594489E-18
  0.1632311844314E+02   0.7093859534394E-18
  0.1634086393839E+02   0.7075494573584E-18
  0.1635862872546E+02   0.7052643024905E-18
  0.1637641282532E+02   0.7008232182437E-18
  0.1639421625897E+02   0.6959418302775E-18
  0.1641203904741E+02   0.6921022803861E-18
  0.1642988121170E+02   0.6888004147869E-18
  0.1644774277290E+02   0.6851271565325E-18
  0.1646562375210E+02   0.6812336198243E-18
  0.1648352417040E+02   0.6776129039643E-18
  0.1650144404894E+02   0.6743844653183E-18
  0.1651938340888E+02   0.6721350728733E-18
  0.1653734227139E+02   0.6706456660455E-18
  0.1655532065768E+02   0.6694198555005E-18
  0.1657331858896E+02   0.6682962535664E-18
  0.1659133608650E+02   0.6666069382364E-18
  0.1660937317156E+02   0.6640095415624E-18
  0.1662742986543E+02   0.6616095325303E-18
  0.1664550618944E+02   0.6592611432113E-18
  0.1666360216491E+02   0.6567440394749E-18
  0.1668171781323E+02   0.6539935032489E-18
  0.1669985315577E+02   0.6513990021521E-18
  0.1671800821394E+02   0.6490085749548E-18
  0.1673618300918E+02   0.6466070455312E-18
  0.1675437756295E+02   0.6444095490653E-18
  0.1677259189672E+02   0.6415973578667E-18
  0.1679082603200E+02   0.6380671274219E-18
  0.1680907999031E+02   0.6345779108460E-18
  0.1682735379322E+02   0.6315392822146E-18
  0.1684564746228E+02   0.6286297074862E-18
  0.1686396101910E+02   0.6254874670740E-18
  0.1688229448530E+02   0.6219630921262E-18
  0.1690064788251E+02   0.6182410433335E-18
  0.1691902123242E+02   0.6148812014894E-18
  0.1693741455672E+02   0.6122873917935E-18
  0.1695582787710E+02   0.6100337487806E-18
  0.1697426121532E+02   0.6058487856989E-18
  0.1699271459314E+02   0.6004466092248E-18
  0.1701118803235E+02   0.5969548683330E-18
  0.1702968155474E+02   0.5958537350905E-18
  0.1704819518216E+02   0.5951912761007E-18
  0.1706672893646E+02   0.5942821840941E-18
  0.1708528283953E+02   0.5930397800097E-18
  0.1710385691326E+02   0.5914883205298E-18
  0.1712245117959E+02   0.5896832191069E-18
  0.1714106566047E+02   0.5877960318452E-18
  0.1715970037787E+02   0.5859442592516E-18
  0.1717835535380E+02   0.5841319116569E-18
  0.1719703061027E+02   0.5823060998539E-18
  0.1721572616934E+02   0.5806453608143E-18
  0.1723444205308E+02   0.5792935126540E-18
  0.1725317828358E+02   0.5779662913577E-18
  0.1727193488296E+02   0.5764581014717E-18
  0.1729071187337E+02   0.5748397371992E-18
  0.1730950927698E+02   0.5734620962600E-18
  0.1732832711597E+02   0.5723450803925E-18
  0.1734716541257E+02   0.5707809228739E-18
  0.1736602418900E+02   0.5682088801262E-18
  0.1738490346755E+02   0.5648387435134E-18
  0.1740380327049E+02   0.5620760515045E-18
  0.1742272362014E+02   0.5601289306406E-18
  0.1744166453884E+02   0.5587983048967E-18
  0.1746062604894E+02   0.5573994888494E-18
  0.1747960817284E+02   0.5555578805116E-18
  0.1749861093293E+02   0.5538540007864E-18
  0.1751763435167E+02   0.5534607038980E-18
  0.1753667845151E+02   0.5541102831350E-18
  0.1755574325492E+02   0.5547012814733E-18
  0.1757482878442E+02   0.5550138928536E-18
  0.1759393506254E+02   0.5553732459629E-18
  0.1761306211184E+02   0.5561673739195E-18
  0.1763220995489E+02   0.5569266997299E-18
  0.1765137861431E+02   0.5573041514578E-18
  0.1767056811272E+02   0.5576125514132E-18
  0.1768977847278E+02   0.5581632933566E-18
  0.1770900971716E+02   0.5589207898509E-18
  0.1772826186858E+02   0.5595591106567E-18
  0.1774753494976E+02   0.5600638206681E-18
  0.1776682898345E+02   0.5604908387799E-18
  0.1778614399243E+02   0.5606656218790E-18
  0.1780547999951E+02   0.5607696857738E-18
  0.1782483702752E+02   0.5610288063993E-18
  0.1784421509930E+02   0.5614122636312E-18
  0.1786361423773E+02   0.5618110490559E-18
  0.1788303446572E+02   0.5621887806724E-18
  0.1790247580619E+02   0.5625357713410E-18
  0.1792193828210E+02   0.5628578038417E-18
  0.1794142191642E+02   0.5632615223914E-18
  0.1796092673215E+02   0.5636704253941E-18
  0.1798045275233E+02   0.5629590413435E-18
  0.1800000000000E+02   0.5612566279089E-18
