  0.1450000000000E+02   0.4739329528230E-18
  0.1451576351247E+02   0.4810193870028E-18
  0.1453154416207E+02   0.4853622202167E-18
  0.1454734196743E+02   0.4873736159535E-18
  0.1456315694719E+02   0.4912476745990E-18
  0.1457898912003E+02   0.4972845105269E-18
  0.1459483850464E+02   0.5030345548131E-18
  0.1461070511973E+02   0.5088056066205E-18
  0.1462658898403E+02   0.5143826900651E-18
  0.1464249011630E+02   0.5194584304374E-18
  0.1465840853530E+02   0.5244161329752E-18
  0.1467434425984E+02   0.5290374980546E-18
  0.1469029730872E+02   0.5334793562334E-18
  0.1470626770078E+02   0.5383803077883E-18
  0.1472225545487E+02   0.5432960592735E-18
  0.1473826058987E+02   0.5470908866078E-18
  0.1475428312467E+02   0.5498690995981E-18
  0.1477032307819E+02   0.5521025492071E-18
  0.1478638046937E+02   0.5537235158193E-18
  0.1480245531716E+02   0.5552943027482E-18
  0.1481854764054E+02   0.5562000101530E-18
  0.1483465745851E+02   0.5549722620098E-18
  0.1485078479008E+02   0.5510163247696E-18
  0.1486692965431E+02   0.5460418206860E-18
  0.1488309207024E+02   0.5379020615950E-18
  0.1489927205696E+02   0.5261758604376E-18
  0.1491546963358E+02   0.5122575483563E-18
  0.1493168481921E+02   0.4953490010748E-18
  0.1494791763299E+02   0.4755139138812E-18
  0.1496416809410E+02   0.4539579958338E-18
  0.1498043622171E+02   0.4309186243591E-18
  0.1499672203504E+02   0.4068689502085E-18
  0.1501302555330E+02   0.3827163746873E-18
  0.1502934679575E+02   0.3589329748935E-18
  0.1504568578166E+02   0.3355211016800E-18
  0.1506204253032E+02   0.3130261271912E-18
  0.1507841706103E+02   0.2922415508233E-18
  0.1509480939312E+02   0.2726954531117E-18
  0.1511121954596E+02   0.2542735584680E-18
  0.1512764753891E+02   0.2374686309675E-18
  0.1514409339137E+02   0.2240242090853E-18
  0.1516055712275E+02   0.2173986068690E-18
  0.1517703875250E+02   0.2198037771059E-18
  0.1519353830006E+02   0.2241121868345E-18
  0.1521005578492E+02   0.2266892094002E-18
  0.1522659122658E+02   0.2286569268194E-18
  0.1524314464456E+02   0.2277690516424E-18
  0.1525971605841E+02   0.2232010790405E-18
  0.1527630548768E+02   0.2257359691423E-18
  0.1529291295196E+02   0.2389033051415E-18
  0.1530953847086E+02   0.2556844599819E-18
  0.1532618206401E+02   0.2706906281896E-18
  0.1534284375105E+02   0.2841449780122E-18
  0.1535952355166E+02   0.2966777803532E-18
  0.1537622148553E+02   0.3093132815824E-18
  0.1539293757236E+02   0.3217877248613E-18
  0.1540967183191E+02   0.3351909503361E-18
  0.1542642428392E+02   0.3489224543469E-18
  0.1544319494817E+02   0.3620565795361E-18
  0.1545998384446E+02   0.3766932370892E-18
  0.1547679099260E+02   0.3914394737130E-18
  0.1549361641246E+02   0.4053485239214E-18
  0.1551046012387E+02   0.4191361940082E-18
  0.1552732214674E+02   0.4327686011625E-18
  0.1554420250097E+02   0.4460135151735E-18
  0.1556110120649E+02   0.4584400943671E-18
  0.1557801828325E+02   0.4698999855786E-18
  0.1559495375121E+02   0.4805404251958E-18
  0.1561190763038E+02   0.4902683340523E-18
  0.1562887994077E+02   0.4991358811596E-18
  0.1564587070242E+02   0.5073301808220E-18
  0.1566287993538E+02   0.5149005238987E-18
  0.1567990765974E+02   0.5228229618066E-18
  0.1569695389560E+02   0.5307298149555E-18
  0.1571401866308E+02   0.5371523506070E-18
  0.1573110198234E+02   0.5419684936268E-18
  0.1574820387353E+02   0.5461510952594E-18
  0.1576532435685E+02   0.5496365311582E-18
  0.1578246345252E+02   0.5512756101690E-18
  0.1579962118076E+02   0.5510578526994E-18
  0.1581679756183E+02   0.5546131021121E-18
  0.1583399261601E+02   0.5619182508003E-18
  0.1585120636360E+02   0.5667574540373E-18
  0.1586843882493E+02   0.5676872354665E-18
  0.1588569002033E+02   0.5671776744283E-18
  0.1590295997018E+02   0.5663294323063E-18
  0.1592024869486E+02   0.5652711552282E-18
  0.1593755621478E+02   0.5645168190297E-18
  0.1595488255038E+02   0.5641653838865E-18
  0.1597222772211E+02   0.5633108444754E-18
  0.1598959175045E+02   0.5616297957863E-18
  0.1600697465589E+02   0.5599186620477E-18
  0.1602437645897E+02   0.5578933384510E-18
  0.1604179718022E+02   0.5552695317422E-18
  0.1605923684022E+02   0.5526427761976E-18
  0.1607669545955E+02   0.5491626930809E-18
  0.1609417305881E+02   0.5457203255896E-18
  0.1611166965866E+02   0.5426936972618E-18
  0.1612918527974E+02   0.5396066395595E-18
  0.1614671994272E+02   0.5357646082667E-18
  0.1616427366832E+02   0.5321482138751E-18
  0.1618184647726E+02   0.5288745422878E-18
  0.1619943839028E+02   0.5255307561651E-18
  0.1621704942815E+02   0.5218434891298E-18
  0.1623467961166E+02   0.5178724640159E-18
  0.1625232896163E+02   0.5136994032272E-18
  0.1626999749889E+02   0.5092251506969E-18
  0.1628768524431E+02   0.5044003116580E-18
  0.1630539221875E+02   0.4997113426354E-18
  0.1632311844314E+02   0.4951230343072E-18
  0.1634086393839E+02   0.4909837601337E-18
  0.1635862872546E+02   0.4866316282081E-18
  0.1637641282532E+02   0.4806419277481E-18
  0.1639421625897E+02   0.4743079956578E-18
  0.1641203904741E+02   0.4688818477630E-18
  0.1642988121170E+02   0.4639817653509E-18
  0.1644774277290E+02   0.4588792851193E-18
  0.1646562375210E+02   0.4536286967555E-18
  0.1648352417040E+02   0.4486895531004E-18
  0.1650144404894E+02   0.4449420145358E-18
  0.1651938340888E+02   0.4424050290833E-18
  0.1653734227139E+02   0.4403930908764E-18
  0.1655532065768E+02   0.4386359486380E-18
  0.1657331858896E+02   0.4368957033562E-18
  0.1659133608650E+02   0.4347728215617E-18
  0.1660937317156E+02   0.4320382322759E-18
  0.1662742986543E+02   0.4294475005546E-18
  0.1664550618944E+02   0.4268964707441E-18
  0.1666360216491E+02   0.4242846911210E-18
  0.1668171781323E+02   0.4215477835098E-18
  0.1669985315577E+02   0.4190572621596E-18
  0.1671800821394E+02   0.4167050747280E-18
  0.1673618300918E+02   0.4143812131397E-18
  0.1675437756295E+02   0.4122271822570E-18
  0.1677259189672E+02   0.4096565732977E-18
  0.1679082603200E+02   0.4066020664801E-18
  0.1680907999031E+02   0.4036403599669E-18
  0.1682735379322E+02   0.4009572768323E-18
  0.1684564746228E+02   0.3983889805810E-18
  0.1686396101910E+02   0.3956653224356E-18
  0.1688229448530E+02   0.3929158913861E-18
  0.1690064788251E+02   0.3902241561397E-18
  0.1691902123242E+02   0.3878029009343E-18
  0.1693741455672E+02   0.3858587348720E-18
  0.1695582787710E+02   0.3841383920259E-18
  0.1697426121532E+02   0.3813070965404E-18
  0.1699271459314E+02   0.3775710134320E-18
  0.1701118803235E+02   0.3749925379042E-18
  0.1702968155474E+02   0.3740131691323E-18
  0.1704819518216E+02   0.3733540822747E-18
  0.1706672893646E+02   0.3724828293565E-18
  0.1708528283953E+02   0.3719118150853E-18
  0.1710385691326E+02   0.3712304527619E-18
  0.1712245117959E+02   0.3703808176815E-18
  0.1714106566047E+02   0.3694577457625E-18
  0.1715970037787E+02   0.3685690494338E-18
  0.1717835535380E+02   0.3677265375700E-18
  0.1719703061027E+02   0.3668667633423E-18
  0.1721572616934E+02   0.3661233261510E-18
  0.1723444205308E+02   0.3655692062599E-18
  0.1725317828358E+02   0.3650660315582E-18
  0.1727193488296E+02   0.3644497418491E-18
  0.1729071187337E+02   0.3638034060070E-18
  0.1730950927698E+02   0.3633276278965E-18
  0.1732832711597E+02   0.3630806613082E-18
  0.1734716541257E+02   0.3624953874073E-18
  0.1736602418900E+02   0.3610792669208E-18
  0.1738490346755E+02   0.3591897074277E-18
  0.1740380327049E+02   0.3577762143576E-18
  0.1742272362014E+02   0.3569277752213E-18
  0.1744166453884E+02   0.3564672795614E-18
  0.1746062604894E+02   0.3559723557533E-18
  0.1747960817284E+02   0.3554393219272E-18
  0.1749861093293E+02   0.3551385440686E-18
  0.1751763435167E+02   0.3556687531646E-18
  0.1753667845151E+02   0.3568473981479E-18
  0.1755574325492E+02   0.3579947486547E-18
  0.1757482878442E+02   0.3589635543657E-18
  0.1759393506254E+02   0.3600082422520E-18
  0.1761306211184E+02   0.3613117301919E-18
  0.1763220995489E+02   0.3625986076445E-18
  0.1765137861431E+02   0.3635803745063E-18
  0.1767056811272E+02   0.3645626746646E-18
  0.1768977847278E+02   0.3658273151031E-18
  0.1770900971716E+02   0.3672174291579E-18
  0.1772826186858E+02   0.3685037055032E-18
  0.1774753494976E+02   0.3697501379893E-18
  0.1776682898345E+02   0.3709071191861E-18
  0.1778614399243E+02   0.3718946185458E-18
  0.1780547999951E+02   0.3728350723715E-18
  0.1782483702752E+02   0.3738715148173E-18
  0.1784421509930E+02   0.3749846666752E-18
  0.1786361423773E+02   0.3761240904611E-18
  0.1788303446572E+02   0.3772900196657E-18
  0.1790247580619E+02   0.3785112513510E-18
  0.1792193828210E+02   0.3796732718798E-18
  0.1794142191642E+02   0.3809423662955E-18
  0.1796092673215E+02   0.3822095534442E-18
  0.1798045275233E+02   0.3826355760912E-18
  0.1800000000000E+02   0.3823058152438E-18
