  0.1450000000000E+02   0.1279751286592E-18
  0.1451576351247E+02   0.1301344372404E-18
  0.1453154416207E+02   0.1316210786106E-18
  0.1454734196743E+02   0.1325405840231E-18
  0.1456315694719E+02   0.1339462483254E-18
  0.1457898912003E+02   0.1359039642017E-18
  0.1459483850464E+02   0.1378043075756E-18
  0.1461070511973E+02   0.1397312062959E-18
  0.1462658898403E+02   0.1415983654557E-18
  0.1464249011630E+02   0.1433313749959E-18
  0.1465840853530E+02   0.1450958300129E-18
  0.1467434425984E+02   0.1468015427160E-18
  0.1469029730872E+02   0.1484625629973E-18
  0.1470626770078E+02   0.1502699628790E-18
  0.1472225545487E+02   0.1520866614479E-18
  0.1473826058987E+02   0.1536389998177E-18
  0.1475428312467E+02   0.1549454671527E-18
  0.1477032307819E+02   0.1559255802984E-18
  0.1478638046937E+02   0.1566213395026E-18
  0.1480245531716E+02   0.1576846928075E-18
  0.1481854764054E+02   0.1583470356784E-18
  0.1483465745851E+02   0.1582014425232E-18
  0.1485078479008E+02   0.1571875793080E-18
  0.1486692965431E+02   0.1559398966003E-18
  0.1488309207024E+02   0.1538480169917E-18
  0.1489927205696E+02   0.1504754652114E-18
  0.1491546963358E+02   0.1448173121901E-18
  0.1493168481921E+02   0.1377512256431E-18
  0.1494791763299E+02   0.1292656322104E-18
  0.1496416809410E+02   0.1202208758678E-18
  0.1498043622171E+02   0.1107101474300E-18
  0.1499672203504E+02   0.1007313404194E-18
  0.1501302555330E+02   0.9050142424210E-19
  0.1502934679575E+02   0.8050242266290E-19
  0.1504568578166E+02   0.7104030729364E-19
  0.1506204253032E+02   0.6221014327721E-19
  0.1507841706103E+02   0.5419590855170E-19
  0.1509480939312E+02   0.4691551770617E-19
  0.1511121954596E+02   0.4026063309851E-19
  0.1512764753891E+02   0.3421928665425E-19
  0.1514409339137E+02   0.2940366064505E-19
  0.1516055712275E+02   0.2742769871835E-19
  0.1517703875250E+02   0.2948692958655E-19
  0.1519353830006E+02   0.3224938097130E-19
  0.1521005578492E+02   0.3405304841912E-19
  0.1522659122658E+02   0.3517645674909E-19
  0.1524314464456E+02   0.3458569185363E-19
  0.1525971605841E+02   0.3214518132745E-19
  0.1527630548768E+02   0.3392176076328E-19
  0.1529291295196E+02   0.4241929194849E-19
  0.1530953847086E+02   0.5428684677162E-19
  0.1532618206401E+02   0.6488642649051E-19
  0.1534284375105E+02   0.7312130586872E-19
  0.1535952355166E+02   0.7899480447597E-19
  0.1537622148553E+02   0.8400606604078E-19
  0.1539293757236E+02   0.8840736655884E-19
  0.1540967183191E+02   0.9279201597937E-19
  0.1542642428392E+02   0.9712057732521E-19
  0.1544319494817E+02   0.1010814807264E-18
  0.1545998384446E+02   0.1053479754245E-18
  0.1547679099260E+02   0.1095631282319E-18
  0.1549361641246E+02   0.1132797579443E-18
  0.1551046012387E+02   0.1168795869268E-18
  0.1552732214674E+02   0.1203516566359E-18
  0.1554420250097E+02   0.1236058467969E-18
  0.1556110120649E+02   0.1266867387989E-18
  0.1557801828325E+02   0.1295220209819E-18
  0.1559495375121E+02   0.1321007230304E-18
  0.1561190763038E+02   0.1343629420358E-18
  0.1562887994077E+02   0.1362049512660E-18
  0.1564587070242E+02   0.1375933403841E-18
  0.1566287993538E+02   0.1391411573881E-18
  0.1567990765974E+02   0.1417726856933E-18
  0.1569695389560E+02   0.1443256077678E-18
  0.1571401866308E+02   0.1460931013237E-18
  0.1573110198234E+02   0.1474089625888E-18
  0.1574820387353E+02   0.1484129643665E-18
  0.1576532435685E+02   0.1490122183566E-18
  0.1578246345252E+02   0.1492391470749E-18
  0.1579962118076E+02   0.1490434532322E-18
  0.1581679756183E+02   0.1497589683481E-18
  0.1583399261601E+02   0.1513272359028E-18
  0.1585120636360E+02   0.1522535121555E-18
  0.1586843882493E+02   0.1521040791025E-18
  0.1588569002033E+02   0.1515870752661E-18
  0.1590295997018E+02   0.1509805279700E-18
  0.1592024869486E+02   0.1503571597306E-18
  0.1593755621478E+02   0.1498042771223E-18
  0.1595488255038E+02   0.1491911412872E-18
  0.1597222772211E+02   0.1483155978250E-18
  0.1598959175045E+02   0.1470830094111E-18
  0.1600697465589E+02   0.1459196606189E-18
  0.1602437645897E+02   0.1447359891356E-18
  0.1604179718022E+02   0.1432468723450E-18
  0.1605923684022E+02   0.1419947954445E-18
  0.1607669545955E+02   0.1403090587060E-18
  0.1609417305881E+02   0.1386895969654E-18
  0.1611166965866E+02   0.1371718715073E-18
  0.1612918527974E+02   0.1355899243064E-18
  0.1614671994272E+02   0.1337741513261E-18
  0.1616427366832E+02   0.1318836385808E-18
  0.1618184647726E+02   0.1302075538563E-18
  0.1619943839028E+02   0.1286060421470E-18
  0.1621704942815E+02   0.1269238611159E-18
  0.1623467961166E+02   0.1251189855549E-18
  0.1625232896163E+02   0.1232032252217E-18
  0.1626999749889E+02   0.1211986537619E-18
  0.1628768524431E+02   0.1191142332068E-18
  0.1630539221875E+02   0.1170871197312E-18
  0.1632311844314E+02   0.1150971113543E-18
  0.1634086393839E+02   0.1134090971272E-18
  0.1635862872546E+02   0.1116265548719E-18
  0.1637641282532E+02   0.1091897344147E-18
  0.1639421625897E+02   0.1068224937619E-18
  0.1641203904741E+02   0.1048212918681E-18
  0.1642988121170E+02   0.1029197508419E-18
  0.1644774277290E+02   0.1009496939597E-18
  0.1646562375210E+02   0.9894323071593E-19
  0.1648352417040E+02   0.9691436056691E-19
  0.1650144404894E+02   0.9514719741675E-19
  0.1651938340888E+02   0.9380972217418E-19
  0.1653734227139E+02   0.9268865122388E-19
  0.1655532065768E+02   0.9156026114720E-19
  0.1657331858896E+02   0.9046417821367E-19
  0.1659133608650E+02   0.8935775569969E-19
  0.1660937317156E+02   0.8808980986104E-19
  0.1662742986543E+02   0.8689191677328E-19
  0.1664550618944E+02   0.8563957257086E-19
  0.1666360216491E+02   0.8436491896985E-19
  0.1668171781323E+02   0.8312945073153E-19
  0.1669985315577E+02   0.8195101959676E-19
  0.1671800821394E+02   0.8078623348249E-19
  0.1673618300918E+02   0.7960005369649E-19
  0.1675437756295E+02   0.7849803703692E-19
  0.1677259189672E+02   0.7729259456273E-19
  0.1679082603200E+02   0.7600620174846E-19
  0.1680907999031E+02   0.7478544513976E-19
  0.1682735379322E+02   0.7359168155886E-19
  0.1684564746228E+02   0.7241365855979E-19
  0.1686396101910E+02   0.7122089466378E-19
  0.1688229448530E+02   0.7001523969163E-19
  0.1690064788251E+02   0.6884757648108E-19
  0.1691902123242E+02   0.6772150978432E-19
  0.1693741455672E+02   0.6668627715799E-19
  0.1695582787710E+02   0.6571190430159E-19
  0.1697426121532E+02   0.6445513454747E-19
  0.1699271459314E+02   0.6310958347802E-19
  0.1701118803235E+02   0.6214247781193E-19
  0.1702968155474E+02   0.6162280860766E-19
  0.1704819518216E+02   0.6115400035658E-19
  0.1706672893646E+02   0.6058721266477E-19
  0.1708528283953E+02   0.6000550039298E-19
  0.1710385691326E+02   0.5940652864080E-19
  0.1712245117959E+02   0.5879024564280E-19
  0.1714106566047E+02   0.5818591563699E-19
  0.1715970037787E+02   0.5758289583702E-19
  0.1717835535380E+02   0.5697060767642E-19
  0.1719703061027E+02   0.5635481492765E-19
  0.1721572616934E+02   0.5576214606873E-19
  0.1723444205308E+02   0.5520920094227E-19
  0.1725317828358E+02   0.5467323929970E-19
  0.1727193488296E+02   0.5413689211687E-19
  0.1729071187337E+02   0.5358341797988E-19
  0.1730950927698E+02   0.5302929312658E-19
  0.1732832711597E+02   0.5252492763997E-19
  0.1734716541257E+02   0.5203346922736E-19
  0.1736602418900E+02   0.5149311136032E-19
  0.1738490346755E+02   0.5084082902275E-19
  0.1740380327049E+02   0.5021315824022E-19
  0.1742272362014E+02   0.4964039422604E-19
  0.1744166453884E+02   0.4916520680920E-19
  0.1746062604894E+02   0.4869923788301E-19
  0.1747960817284E+02   0.4819905020954E-19
  0.1749861093293E+02   0.4774888318674E-19
  0.1751763435167E+02   0.4750377926408E-19
  0.1753667845151E+02   0.4741235084744E-19
  0.1755574325492E+02   0.4730877149161E-19
  0.1757482878442E+02   0.4717282903685E-19
  0.1759393506254E+02   0.4707372435029E-19
  0.1761306211184E+02   0.4704759489460E-19
  0.1763220995489E+02   0.4699380695482E-19
  0.1765137861431E+02   0.4690005097971E-19
  0.1767056811272E+02   0.4679170766706E-19
  0.1768977847278E+02   0.4670059601742E-19
  0.1770900971716E+02   0.4663206624318E-19
  0.1772826186858E+02   0.4656339328650E-19
  0.1774753494976E+02   0.4647920284136E-19
  0.1776682898345E+02   0.4639068521215E-19
  0.1778614399243E+02   0.4627234847832E-19
  0.1780547999951E+02   0.4615580544906E-19
  0.1782483702752E+02   0.4605838691994E-19
  0.1784421509930E+02   0.4596545317988E-19
  0.1786361423773E+02   0.4587213882868E-19
  0.1788303446572E+02   0.4578233449526E-19
  0.1790247580619E+02   0.4570051826589E-19
  0.1792193828210E+02   0.4562611978870E-19
  0.1794142191642E+02   0.4556563094142E-19
  0.1796092673215E+02   0.4553525784026E-19
  0.1798045275233E+02   0.4539294924039E-19
  0.1800000000000E+02   0.4515421544259E-19
