           1
        1000
  
  0.2000000000000E+01   0.6237808389543E-23
  0.2005738348342E+01   0.6673171426995E-23
  0.2011493161004E+01   0.6523628358393E-23
  0.2017264485226E+01   0.7682887647665E-23
  0.2023052368383E+01   0.7465468098704E-23
  0.2028856857985E+01   0.8586203254807E-23
  0.2034678001678E+01   0.9434740566661E-23
  0.2040515847246E+01   0.1067382908648E-22
  0.2046370442610E+01   0.1037973662387E-22
  0.2052241835828E+01   0.1287297794107E-22
  0.2058130075096E+01   0.1478478061564E-22
  0.2064035208748E+01   0.1567479490957E-22
  0.2069957285256E+01   0.1641239632313E-22
  0.2075896353234E+01   0.1609784901798E-22
  0.2081852461432E+01   0.2020471029526E-22
  0.2087825658742E+01   0.2222689032815E-22
  0.2093815994195E+01   0.2370633538657E-22
  0.2099823516964E+01   0.2200705872661E-22
  0.2105848276362E+01   0.2395696159295E-22
  0.2111890321844E+01   0.2659945350467E-22
  0.2117949703007E+01   0.3049033574735E-22
  0.2124026469590E+01   0.3212635577169E-22
  0.2130120671475E+01   0.3539188723568E-22
  0.2136232358686E+01   0.3445083833615E-22
  0.2142361581393E+01   0.3989109585846E-22
  0.2148508389907E+01   0.4160119805350E-22
  0.2154672834685E+01   0.4606940136692E-22
  0.2160854966329E+01   0.5348156386367E-22
  0.2167054835585E+01   0.5423667566770E-22
  0.2173272493346E+01   0.5903825836283E-22
  0.2179507990650E+01   0.6299096444841E-22
  0.2185761378682E+01   0.7126390340075E-22
  0.2192032708773E+01   0.7671370061690E-22
  0.2198322032403E+01   0.7449519805267E-22
  0.2204629401197E+01   0.7890679742414E-22
  0.2210954866931E+01   0.9003674066840E-22
  0.2217298481528E+01   0.9492745384168E-22
  0.2223660297061E+01   0.9661135221664E-22
  0.2230040365750E+01   0.1035189672530E-21
  0.2236438739967E+01   0.1040100082915E-21
  0.2242855472234E+01   0.1180776794667E-21
  0.2249290615224E+01   0.1321107292270E-21
  0.2255744221760E+01   0.1432959315823E-21
  0.2262216344817E+01   0.1459622458629E-21
  0.2268707037522E+01   0.1520937819817E-21
  0.2275216353156E+01   0.1676707419977E-21
  0.2281744345149E+01   0.1617512685190E-21
  0.2288291067089E+01   0.1762787054233E-21
  0.2294856572714E+01   0.1948314824194E-21
  0.2301440915918E+01   0.2088180114517E-21
  0.2308044150750E+01   0.2113412273042E-21
  0.2314666331412E+01   0.2255608642318E-21
  0.2321307512264E+01   0.2322685227826E-21
  0.2327967747821E+01   0.2456631293525E-21
  0.2334647092753E+01   0.2629930132309E-21
  0.2341345601890E+01   0.2697789893634E-21
  0.2348063330216E+01   0.2806517219885E-21
  0.2354800332874E+01   0.3017764344522E-21
  0.2361556665167E+01   0.3113691005584E-21
  0.2368332382554E+01   0.3260531722472E-21
  0.2375127540653E+01   0.3500776588610E-21
  0.2381942195246E+01   0.3626240201695E-21
  0.2388776402269E+01   0.3820912272149E-21
  0.2395630217822E+01   0.4002976907099E-21
  0.2402503698166E+01   0.4280117298806E-21
  0.2409396899722E+01   0.4528104403161E-21
  0.2416309879074E+01   0.4769101094717E-21
  0.2423242692967E+01   0.4947557449155E-21
  0.2430195398312E+01   0.5441250301660E-21
  0.2437168052179E+01   0.5725158933960E-21
  0.2444160711804E+01   0.5717701870761E-21
  0.2451173434587E+01   0.5981881271214E-21
  0.2458206278094E+01   0.6209167998297E-21
  0.2465259300054E+01   0.6861308578346E-21
  0.2472332558362E+01   0.7055836086022E-21
  0.2479426111080E+01   0.7487302839365E-21
  0.2486540016437E+01   0.7846272163899E-21
  0.2493674332826E+01   0.8417759002611E-21
  0.2500829118813E+01   0.8180393469536E-21
  0.2508004433126E+01   0.8614184980280E-21
  0.2515200334666E+01   0.9156270272765E-21
  0.2522416882500E+01   0.9661486566162E-21
  0.2529654135868E+01   0.1002678895001E-20
  0.2536912154175E+01   0.1069357237308E-20
  0.2544190997002E+01   0.1140525843547E-20
  0.2551490724096E+01   0.1198921197574E-20
  0.2558811395379E+01   0.1261281167303E-20
  0.2566153070942E+01   0.1334656440775E-20
  0.2573515811052E+01   0.1378396729596E-20
  0.2580899676145E+01   0.1456654336277E-20
  0.2588304726834E+01   0.1521477266528E-20
  0.2595731023902E+01   0.1615041488793E-20
  0.2603178628310E+01   0.1729866372813E-20
  0.2610647601193E+01   0.1838481381337E-20
  0.2618138003859E+01   0.1931617694648E-20
  0.2625649897795E+01   0.2002603769835E-20
  0.2633183344664E+01   0.2078008917255E-20
  0.2640738406303E+01   0.2208005836703E-20
  0.2648315144731E+01   0.2337567171434E-20
  0.2655913622140E+01   0.2479566247852E-20
  0.2663533900905E+01   0.2659584753909E-20
  0.2671176043576E+01   0.2824316217014E-20
  0.2678840112886E+01   0.2979632119567E-20
  0.2686526171746E+01   0.3182694049410E-20
  0.2694234283247E+01   0.3442701565124E-20
  0.2701964510663E+01   0.3610402784266E-20
  0.2709716917447E+01   0.3790266809123E-20
  0.2717491567237E+01   0.3970016639006E-20
  0.2725288523851E+01   0.4251544095156E-20
  0.2733107851292E+01   0.4625191044301E-20
  0.2740949613745E+01   0.4854170737445E-20
  0.2748813875580E+01   0.5023694840533E-20
  0.2756700701352E+01   0.5479562807496E-20
  0.2764610155801E+01   0.5855899713897E-20
  0.2772542303853E+01   0.6533637395016E-20
  0.2780497210618E+01   0.7187675322644E-20
  0.2788474941397E+01   0.7896896177254E-20
  0.2796475561675E+01   0.8658744372999E-20
  0.2804499137126E+01   0.7566636906902E-20
  0.2812545733612E+01   0.5309433176251E-20
  0.2820615417185E+01   0.3388861368328E-20
  0.2828708254086E+01   0.1818374761897E-20
  0.2836824310746E+01   0.7937298889819E-21
  0.2844963653785E+01   0.2213085239648E-21
  0.2853126350018E+01   0.6093961863888E-22
  0.2861312466447E+01   0.1847810639200E-22
  0.2869522070270E+01   0.4899193734312E-23
  0.2877755228877E+01   0.1268091978438E-23
  0.2886012009850E+01   0.3310470247804E-24
  0.2894292480965E+01   0.9323345053222E-25
  0.2902596710194E+01   0.2984025757178E-25
  0.2910924765703E+01   0.1118190915059E-25
  0.2919276715854E+01   0.4787569268828E-26
  0.2927652629205E+01   0.2470610702068E-26
  0.2936052574510E+01   0.1415202050296E-26
  0.2944476620721E+01   0.9285192149211E-27
  0.2952924836988E+01   0.6687112892122E-27
  0.2961397292658E+01   0.5080159328115E-27
  0.2969894057280E+01   0.4070843660532E-27
  0.2978415200599E+01   0.3388819073469E-27
  0.2986960792563E+01   0.2981230263057E-27
  0.2995530903318E+01   0.2530658769306E-27
  0.3004125603214E+01   0.2288050067347E-27
  0.3012744962800E+01   0.2111280230378E-27
  0.3021389052831E+01   0.1979604564082E-27
  0.3030057944261E+01   0.1954130558314E-27
  0.3038751708251E+01   0.2016367987984E-27
  0.3047470416164E+01   0.2188888806657E-27
  0.3056214139568E+01   0.2480810296698E-27
  0.3064982950238E+01   0.2971651646840E-27
  0.3073776920153E+01   0.3661197998097E-27
  0.3082596121499E+01   0.4667292490032E-27
  0.3091440626670E+01   0.6112134925383E-27
  0.3100310508267E+01   0.8415347950073E-27
  0.3109205839099E+01   0.1212904616261E-26
  0.3118126692184E+01   0.1754211394968E-26
  0.3127073140750E+01   0.2643412132872E-26
  0.3136045258236E+01   0.4204428747793E-26
  0.3145043118290E+01   0.6818099658669E-26
  0.3154066794771E+01   0.1148989784945E-25
  0.3163116361751E+01   0.1924474079686E-25
  0.3172191893516E+01   0.3370527420938E-25
  0.3181293464562E+01   0.5943977817237E-25
  0.3190421149600E+01   0.1090689729753E-24
  0.3199575023556E+01   0.2036462004325E-24
  0.3208755161572E+01   0.3842609408134E-24
  0.3217961639002E+01   0.7486242674495E-24
  0.3227194531419E+01   0.1451073324432E-23
  0.3236453914613E+01   0.2846871927077E-23
  0.3245739864590E+01   0.5615670623695E-23
  0.3255052457574E+01   0.1148100635593E-22
  0.3264391770010E+01   0.2260357589263E-22
  0.3273757878560E+01   0.4417147731541E-22
  0.3283150860107E+01   0.8074522545845E-22
  0.3292570791754E+01   0.1349617197702E-21
  0.3302017750825E+01   0.2070193448486E-21
  0.3311491814867E+01   0.2878539688962E-21
  0.3320993061649E+01   0.3872285224176E-21
  0.3330521569163E+01   0.4980895311219E-21
  0.3340077415625E+01   0.6180773928604E-21
  0.3349660679474E+01   0.7626224967049E-21
  0.3359271439377E+01   0.9037978053229E-21
  0.3368909774224E+01   0.1046308305042E-20
  0.3378575763132E+01   0.1163858219821E-20
  0.3388269485445E+01   0.1297963211481E-20
  0.3397991020737E+01   0.1451318640697E-20
  0.3407740448806E+01   0.1581177508178E-20
  0.3417517849683E+01   0.1707472908212E-20
  0.3427323303625E+01   0.1844839595505E-20
  0.3437156891123E+01   0.2020154228658E-20
  0.3447018692896E+01   0.2148239157422E-20
  0.3456908789896E+01   0.2294648206271E-20
  0.3466827263307E+01   0.2438851811689E-20
  0.3476774194546E+01   0.2554740053832E-20
  0.3486749665263E+01   0.2707299843524E-20
  0.3496753757342E+01   0.2844141665726E-20
  0.3506786552905E+01   0.2949590686844E-20
  0.3516848134305E+01   0.3098392414090E-20
  0.3526938584134E+01   0.3210472319187E-20
  0.3537057985222E+01   0.3318133254424E-20
  0.3547206420634E+01   0.3479246567396E-20
  0.3557383973675E+01   0.3614328847963E-20
  0.3567590727888E+01   0.3797289701369E-20
  0.3577826767056E+01   0.3983957573448E-20
  0.3588092175204E+01   0.4129171602861E-20
  0.3598387036595E+01   0.4257154224515E-20
  0.3608711435738E+01   0.4410934827366E-20
  0.3619065457379E+01   0.4541748198176E-20
  0.3629449186512E+01   0.4679945868979E-20
  0.3639862708372E+01   0.4864701728679E-20
  0.3650306108440E+01   0.5019768200006E-20
  0.3660779472442E+01   0.5172138760991E-20
  0.3671282886350E+01   0.5351640965801E-20
  0.3681816436381E+01   0.5509770065315E-20
  0.3692380209002E+01   0.5681193552129E-20
  0.3702974290926E+01   0.5877203324531E-20
  0.3713598769117E+01   0.6011019456580E-20
  0.3724253730786E+01   0.6181945484042E-20
  0.3734939263396E+01   0.6389285797008E-20
  0.3745655454660E+01   0.6540150833328E-20
  0.3756402392544E+01   0.6681808568504E-20
  0.3767180165264E+01   0.6834994849244E-20
  0.3777988861291E+01   0.6951892331225E-20
  0.3788828569349E+01   0.7127110665276E-20
  0.3799699378418E+01   0.7307217352116E-20
  0.3810601377731E+01   0.7443085739298E-20
  0.3821534656780E+01   0.7594036426890E-20
  0.3832499305310E+01   0.7694111112356E-20
  0.3843495413326E+01   0.7853612151676E-20
  0.3854523071092E+01   0.8037180377935E-20
  0.3865582369128E+01   0.8208882483531E-20
  0.3876673398217E+01   0.8407939282540E-20
  0.3887796249400E+01   0.8637700078981E-20
  0.3898951013980E+01   0.8802629321260E-20
  0.3910137783523E+01   0.9011348761618E-20
  0.3921356649856E+01   0.9165846668424E-20
  0.3932607705070E+01   0.9325694155021E-20
  0.3943891041521E+01   0.9514725321125E-20
  0.3955206751830E+01   0.9710877459763E-20
  0.3966554928883E+01   0.9879905304736E-20
  0.3977935665832E+01   0.1005141903043E-19
  0.3989349056097E+01   0.1018388045313E-19
  0.4000795193368E+01   0.1029971641081E-19
  0.4012274171599E+01   0.1043526663418E-19
  0.4023786085019E+01   0.1058022291746E-19
  0.4035331028123E+01   0.1077651943904E-19
  0.4046909095679E+01   0.1092761437554E-19
  0.4058520382728E+01   0.1099080009823E-19
  0.4070164984582E+01   0.1109497382592E-19
  0.4081842996827E+01   0.1122055781461E-19
  0.4093554515323E+01   0.1144030099477E-19
  0.4105299636205E+01   0.1165057294216E-19
  0.4117078455885E+01   0.1199817359203E-19
  0.4128891071050E+01   0.1232068550067E-19
  0.4140737578665E+01   0.1274030671273E-19
  0.4152618075974E+01   0.1322458396296E-19
  0.4164532660498E+01   0.1376751991114E-19
  0.4176481430042E+01   0.1451027294797E-19
  0.4188464482686E+01   0.1553157192593E-19
  0.4200481916795E+01   0.1621539015176E-19
  0.4212533831015E+01   0.1511812526079E-19
  0.4224620324277E+01   0.1518604612590E-19
  0.4236741495793E+01   0.5964198055955E-20
  0.4248897445061E+01   0.2547167701917E-23
  0.4261088271865E+01   0.8359062351591E-26
  0.4273314076274E+01   0.3368921376416E-25
  0.4285574958646E+01   0.3168170961871E-21
  0.4297871019624E+01   0.4001311322900E-20
  0.4310202360143E+01   0.5860793229565E-20
  0.4322569081426E+01   0.6842552658350E-20
  0.4334971284986E+01   0.7500858126057E-20
  0.4347409072628E+01   0.8078830067182E-20
  0.4359882546449E+01   0.8414295734125E-20
  0.4372391808839E+01   0.8519256190702E-20
  0.4384936962482E+01   0.7097428661401E-20
  0.4397518110355E+01   0.7774231870850E-20
  0.4410135355733E+01   0.9064411953466E-20
  0.4422788802186E+01   0.9207547932656E-20
  0.4435478553580E+01   0.9334293984348E-20
  0.4448204714081E+01   0.9394591980477E-20
  0.4460967388154E+01   0.9457639964464E-20
  0.4473766680561E+01   0.9504231865148E-20
  0.4486602696367E+01   0.9563798921789E-20
  0.4499475540938E+01   0.9627374596545E-20
  0.4512385319942E+01   0.9690551332578E-20
  0.4525332139351E+01   0.9774017730623E-20
  0.4538316105440E+01   0.9860135508796E-20
  0.4551337324788E+01   0.9930903138586E-20
  0.4564395904283E+01   0.1009323626734E-19
  0.4577491951117E+01   0.1022300372279E-19
  0.4590625572791E+01   0.1043087382475E-19
  0.4603796877112E+01   0.1063703563633E-19
  0.4617005972199E+01   0.1084514011853E-19
  0.4630252966481E+01   0.1109168632945E-19
  0.4643537968697E+01   0.1138937812757E-19
  0.4656861087898E+01   0.1148625994593E-19
  0.4670222433449E+01   0.1073696575978E-19
  0.4683622115027E+01   0.1183675638102E-19
  0.4697060242625E+01   0.1255292339127E-19
  0.4710536926552E+01   0.1285770514143E-19
  0.4724052277433E+01   0.1317565294576E-19
  0.4737606406209E+01   0.1350505455105E-19
  0.4751199424141E+01   0.1381426761581E-19
  0.4764831442809E+01   0.1413621468419E-19
  0.4778502574113E+01   0.1446376556347E-19
  0.4792212930274E+01   0.1486332143727E-19
  0.4805962623834E+01   0.1519031368044E-19
  0.4819751767661E+01   0.1553811155063E-19
  0.4833580474942E+01   0.1588162196353E-19
  0.4847448859194E+01   0.1621619225538E-19
  0.4861357034255E+01   0.1654406983237E-19
  0.4875305114293E+01   0.1685955919436E-19
  0.4889293213801E+01   0.1722541452158E-19
  0.4903321447604E+01   0.1759221799932E-19
  0.4917389930853E+01   0.1793536448605E-19
  0.4931498779030E+01   0.1828964252715E-19
  0.4945648107950E+01   0.1859541270624E-19
  0.4959838033760E+01   0.1892755200125E-19
  0.4974068672938E+01   0.1923825314647E-19
  0.4988340142298E+01   0.1961509564650E-19
  0.5002652558990E+01   0.1989444008683E-19
  0.5017006040497E+01   0.2022695369808E-19
  0.5031400704644E+01   0.2051968562567E-19
  0.5045836669588E+01   0.2081723301686E-19
  0.5060314053831E+01   0.2111937461719E-19
  0.5074832976211E+01   0.2136347498113E-19
  0.5089393555907E+01   0.2159748070927E-19
  0.5103995912443E+01   0.2183749662696E-19
  0.5118640165683E+01   0.2206719866729E-19
  0.5133326435836E+01   0.2230119487088E-19
  0.5148054843456E+01   0.2252029124124E-19
  0.5162825509443E+01   0.2272918937374E-19
  0.5177638555043E+01   0.2291814744172E-19
  0.5192494101851E+01   0.2308396876476E-19
  0.5207392271810E+01   0.2323885331950E-19
  0.5222333187214E+01   0.2340263048135E-19
  0.5237316970706E+01   0.2357503021636E-19
  0.5252343745283E+01   0.2370561399521E-19
  0.5267413634293E+01   0.2386839675234E-19
  0.5282526761440E+01   0.2402523669363E-19
  0.5297683250780E+01   0.2418343568694E-19
  0.5312883226729E+01   0.2429712130306E-19
  0.5328126814055E+01   0.2440742437733E-19
  0.5343414137889E+01   0.2453235861158E-19
  0.5358745323718E+01   0.2463276308439E-19
  0.5374120497388E+01   0.2467813046570E-19
  0.5389539785110E+01   0.2478211457179E-19
  0.5405003313454E+01   0.2482440690707E-19
  0.5420511209355E+01   0.2491531810134E-19
  0.5436063600109E+01   0.2494863083321E-19
  0.5451660613382E+01   0.2493778830898E-19
  0.5467302377202E+01   0.2495906540967E-19
  0.5482989019966E+01   0.2495616875529E-19
  0.5498720670441E+01   0.2492557676946E-19
  0.5514497457762E+01   0.2494615200276E-19
  0.5530319511432E+01   0.2489879829504E-19
  0.5546186961331E+01   0.2486337597877E-19
  0.5562099937707E+01   0.2478614349729E-19
  0.5578058571184E+01   0.2466941187507E-19
  0.5594062992760E+01   0.2449286419661E-19
  0.5610113333808E+01   0.2431249056052E-19
  0.5626209726081E+01   0.2407046946923E-19
  0.5642352301707E+01   0.2372285470118E-19
  0.5658541193194E+01   0.2331810509226E-19
  0.5674776533430E+01   0.2279896162390E-19
  0.5691058455685E+01   0.2220927975224E-19
  0.5707387093610E+01   0.2152024516312E-19
  0.5723762581242E+01   0.2067589428645E-19
  0.5740185053000E+01   0.1972514206090E-19
  0.5756654643690E+01   0.1860556719485E-19
  0.5773171488504E+01   0.1740863376403E-19
  0.5789735723023E+01   0.1606475957300E-19
  0.5806347483215E+01   0.1471643916820E-19
  0.5823006905441E+01   0.1339914649389E-19
  0.5839714126450E+01   0.1206279469694E-19
  0.5856469283387E+01   0.1093280816298E-19
  0.5873272513787E+01   0.9942438863218E-20
  0.5890123955582E+01   0.9085745814583E-20
  0.5907023747098E+01   0.8394373025386E-20
  0.5923972027060E+01   0.7847744404849E-20
  0.5940968934588E+01   0.7440601544061E-20
  0.5958014609205E+01   0.7087423443345E-20
  0.5975109190831E+01   0.6850436461216E-20
  0.5992252819789E+01   0.6663033548245E-20
  0.6009445636805E+01   0.6519118771435E-20
  0.6026687783007E+01   0.6417852119486E-20
  0.6043979399930E+01   0.6386754374821E-20
  0.6061320629513E+01   0.6390474589791E-20
  0.6078711614104E+01   0.6511759777753E-20
  0.6096152496459E+01   0.6730874726330E-20
  0.6113643419744E+01   0.7131414785861E-20
  0.6131184527533E+01   0.7615608801259E-20
  0.6148775963816E+01   0.8177818412494E-20
  0.6166417872994E+01   0.8772777438938E-20
  0.6184110399881E+01   0.9365257929988E-20
  0.6201853689710E+01   0.9859528107566E-20
  0.6219647888128E+01   0.1029102377313E-19
  0.6237493141200E+01   0.1069420563127E-19
  0.6255389595412E+01   0.1106861233790E-19
  0.6273337397667E+01   0.1139686666356E-19
  0.6291336695293E+01   0.1172050986365E-19
  0.6309387636040E+01   0.1203810944412E-19
  0.6327490368079E+01   0.1236957908212E-19
  0.6345645040009E+01   0.1271466294695E-19
  0.6363851800855E+01   0.1302458765031E-19
  0.6382110800069E+01   0.1338072309777E-19
  0.6400422187532E+01   0.1370940865851E-19
  0.6418786113555E+01   0.1406413736187E-19
  0.6437202728880E+01   0.1434821781559E-19
  0.6455672184682E+01   0.1464882209343E-19
  0.6474194632569E+01   0.1492602886292E-19
  0.6492770224586E+01   0.1525830526177E-19
  0.6511399113211E+01   0.1549795496588E-19
  0.6530081451363E+01   0.1576905486450E-19
  0.6548817392397E+01   0.1604098316020E-19
  0.6567607090108E+01   0.1630792121282E-19
  0.6586450698735E+01   0.1658602050430E-19
  0.6605348372958E+01   0.1687640674913E-19
  0.6624300267898E+01   0.1718899411413E-19
  0.6643306539127E+01   0.1754823885174E-19
  0.6662367342658E+01   0.1783049154506E-19
  0.6681482834954E+01   0.1818789259197E-19
  0.6700653172927E+01   0.1850087525381E-19
  0.6719878513938E+01   0.1877385552556E-19
  0.6739159015801E+01   0.1903402369731E-19
  0.6758494836783E+01   0.1927039211763E-19
  0.6777886135602E+01   0.1958525096729E-19
  0.6797333071435E+01   0.1995463895517E-19
  0.6816835803914E+01   0.2016030547786E-19
  0.6836394493129E+01   0.2043363639074E-19
  0.6856009299631E+01   0.2080881452242E-19
  0.6875680384428E+01   0.2104975770146E-19
  0.6895407908994E+01   0.2132159010182E-19
  0.6915192035264E+01   0.2164963781221E-19
  0.6935032925638E+01   0.2198330515389E-19
  0.6954930742982E+01   0.2227905664276E-19
  0.6974885650629E+01   0.2256272508441E-19
  0.6994897812383E+01   0.2289311668681E-19
  0.7014967392513E+01   0.2317657100416E-19
  0.7035094555765E+01   0.2352994108850E-19
  0.7055279467354E+01   0.2393491644296E-19
  0.7075522292970E+01   0.2429450338627E-19
  0.7095823198778E+01   0.2468072530722E-19
  0.7116182351420E+01   0.2510108456863E-19
  0.7136599918018E+01   0.2545326197284E-19
  0.7157076066170E+01   0.2589417548450E-19
  0.7177610963958E+01   0.2630162011502E-19
  0.7198204779944E+01   0.2666477836964E-19
  0.7218857683175E+01   0.2698765503012E-19
  0.7239569843182E+01   0.2729277886731E-19
  0.7260341429984E+01   0.2781264402741E-19
  0.7281172614086E+01   0.2833253295199E-19
  0.7302063566484E+01   0.2882741077009E-19
  0.7323014458663E+01   0.2933063199112E-19
  0.7344025462600E+01   0.2982991579109E-19
  0.7365096750767E+01   0.3034804382391E-19
  0.7386228496130E+01   0.3087265673107E-19
  0.7407420872151E+01   0.3139775143613E-19
  0.7428674052790E+01   0.3193892450166E-19
  0.7449988212505E+01   0.3251989564128E-19
  0.7471363526258E+01   0.3313618943154E-19
  0.7492800169508E+01   0.3377682358664E-19
  0.7514298318222E+01   0.3432607727675E-19
  0.7535858148868E+01   0.3489174219381E-19
  0.7557479838424E+01   0.3559291320342E-19
  0.7579163564373E+01   0.3630595055642E-19
  0.7600909504708E+01   0.3701407427474E-19
  0.7622717837934E+01   0.3766315265552E-19
  0.7644588743066E+01   0.3828229185570E-19
  0.7666522399634E+01   0.3893211130138E-19
  0.7688518987683E+01   0.3953921190648E-19
  0.7710578687774E+01   0.4011550878993E-19
  0.7732701680988E+01   0.4063538797887E-19
  0.7754888148921E+01   0.4111910176493E-19
  0.7777138273696E+01   0.4145151608013E-19
  0.7799452237954E+01   0.4170420030097E-19
  0.7821830224861E+01   0.4186273215383E-19
  0.7844272418111E+01   0.4196203660609E-19
  0.7866779001922E+01   0.4182413943885E-19
  0.7889350161042E+01   0.4156631602260E-19
  0.7911986080749E+01   0.4122216918832E-19
  0.7934686946851E+01   0.4066217276025E-19
  0.7957452945693E+01   0.4005577109366E-19
  0.7980284264150E+01   0.3928451438131E-19
  0.8003181089637E+01   0.3917052942324E-19
  0.8026143610103E+01   0.3870581258226E-19
  0.8049172014041E+01   0.3794716281569E-19
  0.8072266490480E+01   0.3689500383499E-19
  0.8095427228995E+01   0.3600554243209E-19
  0.8118654419702E+01   0.3467522463961E-19
  0.8141948253265E+01   0.3304953847379E-19
  0.8165308920893E+01   0.3105747718898E-19
  0.8188736614346E+01   0.2969726626026E-19
  0.8212231525931E+01   0.2882509327499E-19
  0.8235793848510E+01   0.2853931922527E-19
  0.8259423775497E+01   0.2803248972355E-19
  0.8283121500859E+01   0.2832132540058E-19
  0.8306887219123E+01   0.2822694834547E-19
  0.8330721125372E+01   0.2772528543547E-19
  0.8354623415250E+01   0.2687501220447E-19
  0.8378594284960E+01   0.2626086347011E-19
  0.8402633931270E+01   0.2535297168678E-19
  0.8426742551512E+01   0.2483178923771E-19
  0.8450920343585E+01   0.2398822782896E-19
  0.8475167505955E+01   0.2331315258264E-19
  0.8499484237656E+01   0.2245274962820E-19
  0.8523870738296E+01   0.2139497681293E-19
  0.8548327208054E+01   0.2014550251959E-19
  0.8572853847683E+01   0.1898877104241E-19
  0.8597450858513E+01   0.1776438717324E-19
  0.8622118442451E+01   0.1679015242376E-19
  0.8646856801984E+01   0.1582525853238E-19
  0.8671666140179E+01   0.1484018233700E-19
  0.8696546660687E+01   0.1384609412085E-19
  0.8721498567741E+01   0.1281006918835E-19
  0.8746522066162E+01   0.1173005537872E-19
  0.8771617361359E+01   0.1075012010250E-19
  0.8796784659329E+01   0.9784210808210E-20
  0.8822024166659E+01   0.9012730201645E-20
  0.8847336090533E+01   0.8291893587870E-20
  0.8872720638724E+01   0.7654679817468E-20
  0.8898178019606E+01   0.7027984102860E-20
  0.8923708442147E+01   0.6422915453522E-20
  0.8949312115917E+01   0.5822451125858E-20
  0.8974989251087E+01   0.5265534829537E-20
  0.9000740058430E+01   0.4756704053667E-20
  0.9026564749324E+01   0.4534633417780E-20
  0.9052463535754E+01   0.4318955715615E-20
  0.9078436630313E+01   0.4103994647011E-20
  0.9104484246204E+01   0.3905187603939E-20
  0.9130606597242E+01   0.3705435803037E-20
  0.9156803897854E+01   0.3511141741954E-20
  0.9183076363086E+01   0.3314422206852E-20
  0.9209424208595E+01   0.3182636879259E-20
  0.9235847650663E+01   0.3158988992295E-20
  0.9262346906188E+01   0.3132349398151E-20
  0.9288922192692E+01   0.3107529901360E-20
  0.9315573728322E+01   0.3087231619629E-20
  0.9342301731850E+01   0.3082925852148E-20
  0.9369106422675E+01   0.3080826180855E-20
  0.9395988020826E+01   0.3073376361634E-20
  0.9422946746965E+01   0.3217278030892E-20
  0.9449982822385E+01   0.3402053160342E-20
  0.9477096469013E+01   0.3612481096312E-20
  0.9504287909417E+01   0.3800775991827E-20
  0.9531557366798E+01   0.4021441628667E-20
  0.9558905065003E+01   0.4264480849326E-20
  0.9586331228517E+01   0.4534300203684E-20
  0.9613836082471E+01   0.4842511476918E-20
  0.9641419852641E+01   0.5226235277166E-20
  0.9669082765452E+01   0.5644763282476E-20
  0.9696825047978E+01   0.6079292442732E-20
  0.9724646927945E+01   0.6532447393505E-20
  0.9752548633731E+01   0.6982186100654E-20
  0.9780530394371E+01   0.7444783513108E-20
  0.9808592439555E+01   0.7962666658930E-20
  0.9836734999635E+01   0.8594321527573E-20
  0.9864958305621E+01   0.9320340167381E-20
  0.9893262589188E+01   0.1020122636377E-19
  0.9921648082674E+01   0.1119202345465E-19
  0.9950115019085E+01   0.1224740773216E-19
  0.9978663632094E+01   0.1333491322748E-19
  0.1000729415605E+02   0.1446472473970E-19
  0.1003600682596E+02   0.1562210156227E-19
  0.1006480187752E+02   0.1683509571644E-19
  0.1009367954710E+02   0.1800386299152E-19
  0.1012264007175E+02   0.1936092967445E-19
  0.1015168368918E+02   0.2066622745302E-19
  0.1018081063781E+02   0.2193391751929E-19
  0.1021002115673E+02   0.2326791313419E-19
  0.1023931548572E+02   0.2458253798513E-19
  0.1026869386524E+02   0.2588040739980E-19
  0.1029815653645E+02   0.2700995627455E-19
  0.1032770374119E+02   0.2811923327155E-19
  0.1035733572201E+02   0.2909916638650E-19
  0.1038705272214E+02   0.2994854191481E-19
  0.1041685498552E+02   0.3095677609865E-19
  0.1044674275678E+02   0.3181328941084E-19
  0.1047671628127E+02   0.3277621093511E-19
  0.1050677580502E+02   0.3327661367907E-19
  0.1053692157478E+02   0.3375925946226E-19
  0.1056715383800E+02   0.3391508157124E-19
  0.1059747284285E+02   0.3386403271925E-19
  0.1062787883821E+02   0.3379941750830E-19
  0.1065837207366E+02   0.3361762182871E-19
  0.1068895279952E+02   0.3313449333959E-19
  0.1071962126681E+02   0.3272438073203E-19
  0.1075037772726E+02   0.3222518837792E-19
  0.1078122243337E+02   0.3149733231557E-19
  0.1081215563830E+02   0.3096412664022E-19
  0.1084317759599E+02   0.3040228298874E-19
  0.1087428856108E+02   0.2993668734098E-19
  0.1090548878894E+02   0.2926535757982E-19
  0.1093677853570E+02   0.2864692757706E-19
  0.1096815805818E+02   0.2798513969427E-19
  0.1099962761399E+02   0.2746616989835E-19
  0.1103118746143E+02   0.2705899294392E-19
  0.1106283785956E+02   0.2659400489200E-19
  0.1109457906821E+02   0.2616026059723E-19
  0.1112641134790E+02   0.2581998955849E-19
  0.1115833495996E+02   0.2553067432592E-19
  0.1119035016641E+02   0.2521427945447E-19
  0.1122245723007E+02   0.2514180224400E-19
  0.1125465641449E+02   0.2492614287943E-19
  0.1128694798398E+02   0.2506103616596E-19
  0.1131933220360E+02   0.2499472355116E-19
  0.1135180933919E+02   0.2502368511320E-19
  0.1138437965734E+02   0.2504096059859E-19
  0.1141704342540E+02   0.2536058077104E-19
  0.1144980091151E+02   0.2585641329552E-19
  0.1148265238454E+02   0.2636514459298E-19
  0.1151559811418E+02   0.2684805782216E-19
  0.1154863837085E+02   0.2723731430350E-19
  0.1158177342577E+02   0.2812193758783E-19
  0.1161500355093E+02   0.2889915515511E-19
  0.1164832901912E+02   0.2994109709338E-19
  0.1168175010387E+02   0.3128433367016E-19
  0.1171526707954E+02   0.3265004350752E-19
  0.1174888022125E+02   0.3368526857557E-19
  0.1178258980492E+02   0.3502913785052E-19
  0.1181639610725E+02   0.3643379142839E-19
  0.1185029940575E+02   0.3797284415983E-19
  0.1188429997872E+02   0.3941863163288E-19
  0.1191839810526E+02   0.4112011558262E-19
  0.1195259406526E+02   0.4284240713295E-19
  0.1198688813943E+02   0.4455696082233E-19
  0.1202128060927E+02   0.4602196112056E-19
  0.1205577175709E+02   0.4700365810575E-19
  0.1209036186603E+02   0.4830505604172E-19
  0.1212505122001E+02   0.4965310491671E-19
  0.1215984010379E+02   0.5117103520039E-19
  0.1219472880294E+02   0.5273519450922E-19
  0.1222971760384E+02   0.5431413127236E-19
  0.1226480679370E+02   0.5609095412347E-19
  0.1229999666056E+02   0.5801993462496E-19
  0.1233528749328E+02   0.5995212718086E-19
  0.1237067958155E+02   0.6191521323793E-19
  0.1240617321588E+02   0.6451220946039E-19
  0.1244176868763E+02   0.6706251885846E-19
  0.1247746628899E+02   0.7006287921662E-19
  0.1251326631298E+02   0.7201528915285E-19
  0.1254916905348E+02   0.7425994531047E-19
  0.1258517480519E+02   0.7689743298049E-19
  0.1262128386368E+02   0.7922599323315E-19
  0.1265749652534E+02   0.8234581786421E-19
  0.1269381308744E+02   0.8510967983388E-19
  0.1273023384808E+02   0.8811810435918E-19
  0.1276675910623E+02   0.9107695447565E-19
  0.1280338916170E+02   0.9433636862587E-19
  0.1284012431518E+02   0.9737134024136E-19
  0.1287696486822E+02   0.1005908429756E-18
  0.1291391112322E+02   0.1041316241499E-18
  0.1295096338345E+02   0.1083205207785E-18
  0.1298812195308E+02   0.1126667798039E-18
  0.1302538713712E+02   0.1167011606231E-18
  0.1306275924146E+02   0.1212360469525E-18
  0.1310023857287E+02   0.1255818121762E-18
  0.1313782543902E+02   0.1300905479356E-18
  0.1317552014843E+02   0.1351435727867E-18
  0.1321332301052E+02   0.1404898468656E-18
  0.1325123433562E+02   0.1458408901714E-18
  0.1328925443490E+02   0.1523249399964E-18
  0.1332738362048E+02   0.1586534132256E-18
  0.1336562220533E+02   0.1648662734908E-18
  0.1340397050333E+02   0.1718059317534E-18
  0.1344242882929E+02   0.1785557854295E-18
  0.1348099749888E+02   0.1856934715975E-18
  0.1351967682870E+02   0.1935975665204E-18
  0.1355846713625E+02   0.2007741917763E-18
  0.1359736873996E+02   0.2096431154123E-18
  0.1363638195914E+02   0.2185445331551E-18
  0.1367550711404E+02   0.2270876675631E-18
  0.1371474452582E+02   0.2363057227973E-18
  0.1375409451658E+02   0.2456663279047E-18
  0.1379355740931E+02   0.2552310281013E-18
  0.1383313352795E+02   0.2655914074378E-18
  0.1387282319737E+02   0.2759337430221E-18
  0.1391262674336E+02   0.2864402730151E-18
  0.1395254449266E+02   0.2967284371310E-18
  0.1399257677294E+02   0.3068827500720E-18
  0.1403272391280E+02   0.3202258396951E-18
  0.1407298624180E+02   0.3319149692385E-18
  0.1411336409043E+02   0.3450101287357E-18
  0.1415385779014E+02   0.3559568162902E-18
  0.1419446767333E+02   0.3688898512403E-18
  0.1423519407334E+02   0.3840127015984E-18
  0.1427603732450E+02   0.3959243545348E-18
  0.1431699776205E+02   0.4118051445734E-18
  0.1435807572223E+02   0.4255744539315E-18
  0.1439927154224E+02   0.4407709178155E-18
  0.1444058556023E+02   0.4555789043965E-18
  0.1448201811533E+02   0.4712412324770E-18
  0.1452356954764E+02   0.4891772830531E-18
  0.1456524019826E+02   0.5011424582691E-18
  0.1460703040923E+02   0.5194943190018E-18
  0.1464894052359E+02   0.5350784284070E-18
  0.1469097088537E+02   0.5459607229695E-18
  0.1473312183958E+02   0.5615500047306E-18
  0.1477539373222E+02   0.5729340208057E-18
  0.1481778691028E+02   0.5849323315856E-18
  0.1486030172175E+02   0.5851879449197E-18
  0.1490293851562E+02   0.5211148412119E-18
  0.1494569764188E+02   0.4396570206810E-18
  0.1498857945152E+02   0.4161447661000E-18
  0.1503158429654E+02   0.3573894190229E-18
  0.1507471252995E+02   0.3123749803838E-18
  0.1511796450577E+02   0.2753650654232E-18
  0.1516134057904E+02   0.2667421538351E-18
  0.1520484110583E+02   0.2855278169397E-18
  0.1524846644320E+02   0.2687953068912E-18
  0.1529221694927E+02   0.3182437357644E-18
  0.1533609298315E+02   0.3686934414126E-18
  0.1538009490502E+02   0.4085182476687E-18
  0.1542422307607E+02   0.4546054035391E-18
  0.1546847785852E+02   0.5047798338190E-18
  0.1551285961565E+02   0.5538575999862E-18
  0.1555736871178E+02   0.6041482976345E-18
  0.1560200551225E+02   0.6513834223031E-18
  0.1564677038348E+02   0.6880972144212E-18
  0.1569166369292E+02   0.7278082994235E-18
  0.1573668580909E+02   0.7581748643272E-18
  0.1578183710155E+02   0.7822380326143E-18
  0.1582711794093E+02   0.8068948437395E-18
  0.1587252869892E+02   0.8340307939435E-18
  0.1591806974829E+02   0.8471174828719E-18
  0.1596374146286E+02   0.8573828438347E-18
  0.1600954421753E+02   0.8681883163165E-18
  0.1605547838829E+02   0.8737830625835E-18
  0.1610154435218E+02   0.8743855093394E-18
  0.1614774248735E+02   0.8746617908023E-18
  0.1619407317301E+02   0.8757969934911E-18
  0.1624053678948E+02   0.8737106425627E-18
  0.1628713371815E+02   0.8669773023350E-18
  0.1633386434154E+02   0.8602543401075E-18
  0.1638072904321E+02   0.8530234658662E-18
  0.1642772820788E+02   0.8417714870539E-18
  0.1647486222134E+02   0.8311757865112E-18
  0.1652213147050E+02   0.8233090003994E-18
  0.1656953634336E+02   0.8204437269451E-18
  0.1661707722906E+02   0.8149780596262E-18
  0.1666475451784E+02   0.8080944349968E-18
  0.1671256860106E+02   0.8001595803374E-18
  0.1676051987122E+02   0.7941553315707E-18
  0.1680860872193E+02   0.7838642495571E-18
  0.1685683554792E+02   0.7754503481686E-18
  0.1690520074507E+02   0.7652024600947E-18
  0.1695370471040E+02   0.7575143796177E-18
  0.1700234784206E+02   0.7436040360744E-18
  0.1705113053933E+02   0.7405925824813E-18
  0.1710005320266E+02   0.7357669597701E-18
  0.1714911623363E+02   0.7298076947969E-18
  0.1719832003498E+02   0.7261122752226E-18
  0.1724766501060E+02   0.7223819565216E-18
  0.1729715156556E+02   0.7176912046949E-18
  0.1734678010606E+02   0.7142485056542E-18
  0.1739655103949E+02   0.7046786619095E-18
  0.1744646477439E+02   0.6997129251970E-18
  0.1749652172049E+02   0.6929843798396E-18
  0.1754672228869E+02   0.6948925321699E-18
  0.1759706689107E+02   0.6968329880920E-18
  0.1764755594087E+02   0.6988703818907E-18
  0.1769818985256E+02   0.7004478706418E-18
  0.1774896904175E+02   0.7023252148551E-18
  0.1779989392528E+02   0.7032850881642E-18
  0.1785096492118E+02   0.7044391090387E-18
  0.1790218244865E+02   0.7048292870385E-18
  0.1795354692814E+02   0.7068476127502E-18
  0.1800505878126E+02   0.7043256723833E-18
  0.1805671843086E+02   0.7236771206681E-18
  0.1810852630099E+02   0.7368670665135E-18
  0.1816048281692E+02   0.7494932457326E-18
  0.1821258840515E+02   0.7633810350156E-18
  0.1826484349339E+02   0.7734123847701E-18
  0.1831724851057E+02   0.7873693261720E-18
  0.1836980388688E+02   0.8018475091509E-18
  0.1842251005372E+02   0.8170536080588E-18
  0.1847536744372E+02   0.8323912572471E-18
  0.1852837649079E+02   0.8485193404755E-18
  0.1858153763004E+02   0.8673545814063E-18
  0.1863485129787E+02   0.8917999710079E-18
  0.1868831793189E+02   0.9105671347141E-18
  0.1874193797099E+02   0.9309179179044E-18
  0.1879571185533E+02   0.9586661256412E-18
  0.1884964002631E+02   0.9764419218544E-18
  0.1890372292660E+02   0.1000694401463E-17
  0.1895796100015E+02   0.1026714572849E-17
  0.1901235469219E+02   0.1053637192860E-17
  0.1906690444920E+02   0.1083624987552E-17
  0.1912161071896E+02   0.1113972017579E-17
  0.1917647395054E+02   0.1143530588099E-17
  0.1923149459429E+02   0.1178427922430E-17
  0.1928667310184E+02   0.1203226215089E-17
  0.1934200992615E+02   0.1235459919238E-17
  0.1939750552144E+02   0.1272147037077E-17
  0.1945316034326E+02   0.1305569219779E-17
  0.1950897484846E+02   0.1343402026074E-17
  0.1956494949519E+02   0.1372194914420E-17
  0.1962108474294E+02   0.1418007104080E-17
  0.1967738105249E+02   0.1456088728750E-17
  0.1973383888595E+02   0.1490868669828E-17
  0.1979045870677E+02   0.1542023671030E-17
  0.1984724097972E+02   0.1583493166286E-17
  0.1990418617090E+02   0.1629004560191E-17
  0.1996129474776E+02   0.1672853188001E-17
  0.2001856717906E+02   0.1671509746399E-17
  0.2007600393495E+02   0.1749216488047E-17
  0.2013360548689E+02   0.1804905512092E-17
  0.2019137230772E+02   0.1849960028360E-17
  0.2024930487162E+02   0.1894509285801E-17
  0.2030740365414E+02   0.1939593456519E-17
  0.2036566913218E+02   0.1986195006967E-17
  0.2042410178402E+02   0.2032698323051E-17
  0.2048270208932E+02   0.2080144282687E-17
  0.2054147052911E+02   0.2128007092398E-17
  0.2060040758578E+02   0.2176790338947E-17
  0.2065951374313E+02   0.2226500961243E-17
  0.2071878948635E+02   0.2276834514225E-17
  0.2077823530199E+02   0.2328345633010E-17
  0.2083785167804E+02   0.2381198524150E-17
  0.2089763910385E+02   0.2430684411329E-17
  0.2095759807019E+02   0.2491787487684E-17
  0.2101772906926E+02   0.2556350144135E-17
  0.2107803259463E+02   0.2625802878256E-17
  0.2113850914133E+02   0.2697971998299E-17
  0.2119915920576E+02   0.2770979616810E-17
  0.2125998328580E+02   0.2847438689229E-17
  0.2132098188072E+02   0.2924578595240E-17
  0.2138215549123E+02   0.3002285876261E-17
  0.2144350461948E+02   0.3081809072779E-17
  0.2150502976906E+02   0.3162647229758E-17
  0.2156673144502E+02   0.3245974444469E-17
  0.2162861015383E+02   0.3328830331518E-17
  0.2169066640344E+02   0.3412169641034E-17
  0.2175290070323E+02   0.3496868498265E-17
  0.2181531356407E+02   0.3582868661645E-17
  0.2187790549827E+02   0.3670833434013E-17
  0.2194067701964E+02   0.3757940130384E-17
  0.2200362864344E+02   0.3845686403367E-17
  0.2206676088640E+02   0.3926874598240E-17
  0.2213007426677E+02   0.4008888742802E-17
  0.2219356930426E+02   0.4091738397120E-17
  0.2225724652006E+02   0.4173315704831E-17
  0.2232110643689E+02   0.4259447588105E-17
  0.2238514957895E+02   0.4344697289116E-17
  0.2244937647193E+02   0.4428466321459E-17
  0.2251378764305E+02   0.4512790049528E-17
  0.2257838362104E+02   0.4599992103945E-17
  0.2264316493615E+02   0.4695535560950E-17
  0.2270813212013E+02   0.4785092997402E-17
  0.2277328570628E+02   0.4874992189907E-17
  0.2283862622941E+02   0.4964932543877E-17
  0.2290415422588E+02   0.5058183752503E-17
  0.2296987023359E+02   0.5143187217548E-17
  0.2303577479197E+02   0.5227455003433E-17
  0.2310186844201E+02   0.5315759090892E-17
  0.2316815172624E+02   0.5401738255244E-17
  0.2323462518876E+02   0.5486260268816E-17
  0.2330128937522E+02   0.5573207972253E-17
  0.2336814483285E+02   0.5660815858717E-17
  0.2343519211042E+02   0.5748886340265E-17
  0.2350243175831E+02   0.5838028706041E-17
  0.2356986432846E+02   0.5930044391415E-17
  0.2363749037440E+02   0.6025623757174E-17
  0.2370531045125E+02   0.6125640520771E-17
  0.2377332511571E+02   0.6180659504164E-17
  0.2384153492608E+02   0.6276102649396E-17
  0.2390994044229E+02   0.6375048946702E-17
  0.2397854222583E+02   0.6470833868963E-17
  0.2404734083984E+02   0.6561846532111E-17
  0.2411633684905E+02   0.6648880245840E-17
  0.2418553081984E+02   0.6738747757944E-17
  0.2425492332017E+02   0.6833216438880E-17
  0.2432451491968E+02   0.6919290106527E-17
  0.2439430618960E+02   0.7007595745618E-17
  0.2446429770284E+02   0.7108505272129E-17
  0.2453449003391E+02   0.7223315357430E-17
  0.2460488375901E+02   0.7337813076218E-17
  0.2467547945597E+02   0.7441171610780E-17
  0.2474627770428E+02   0.7611865650275E-17
  0.2481727908509E+02   0.7840358338712E-17
  0.2488848418123E+02   0.7924452971937E-17
  0.2495989357720E+02   0.8008834115413E-17
  0.2503150785915E+02   0.8092262680002E-17
  0.2510332761496E+02   0.8173934985096E-17
  0.2517535343416E+02   0.8256191135435E-17
  0.2524758590797E+02   0.8338962304863E-17
  0.2532002562933E+02   0.8422107259045E-17
  0.2539267319287E+02   0.8505767846634E-17
  0.2546552919493E+02   0.8589911555364E-17
  0.2553859423354E+02   0.8674286271116E-17
  0.2561186890847E+02   0.8759294312427E-17
  0.2568535382121E+02   0.8844745468458E-17
  0.2575904957496E+02   0.8930624187951E-17
  0.2583295677467E+02   0.9016882702226E-17
  0.2590707602700E+02   0.9103625500009E-17
  0.2598140794038E+02   0.9190807193333E-17
  0.2605595312497E+02   0.9278997593089E-17
  0.2613071219267E+02   0.9367508509790E-17
  0.2620568575716E+02   0.9456542578963E-17
  0.2628087443386E+02   0.9545974763469E-17
  0.2635627883997E+02   0.9635780144010E-17
  0.2643189959446E+02   0.9725999160818E-17
  0.2650773731806E+02   0.9816815894365E-17
  0.2658379263330E+02   0.9908065370332E-17
  0.2666006616449E+02   0.9999771275961E-17
  0.2673655853772E+02   0.1009163189321E-16
  0.2681327038089E+02   0.1018407732082E-16
  0.2689020232370E+02   0.1027667903349E-16
  0.2696735499766E+02   0.1036979011910E-16
  0.2704472903607E+02   0.1046327108181E-16
  0.2712232507408E+02   0.1055682039375E-16
  0.2720014374864E+02   0.1065060304229E-16
  0.2727818569852E+02   0.1074466186953E-16
  0.2735645156436E+02   0.1083913837827E-16
  0.2743494198859E+02   0.1093399436451E-16
  0.2751365761552E+02   0.1102918712941E-16
  0.2759259909130E+02   0.1112473945268E-16
  0.2767176706391E+02   0.1122044998765E-16
  0.2775116218324E+02   0.1131666240057E-16
  0.2783078510098E+02   0.1141322129953E-16
  0.2791063647075E+02   0.1150992264615E-16
  0.2799071694800E+02   0.1160699402349E-16
  0.2807102719009E+02   0.1170603514856E-16
  0.2815156785625E+02   0.1180560548529E-16
  0.2823233960761E+02   0.1190534478333E-16
  0.2831334310720E+02   0.1200526944427E-16
  0.2839457901993E+02   0.1210558218509E-16
  0.2847604801265E+02   0.1220587820246E-16
  0.2855775075409E+02   0.1230635982090E-16
  0.2863968791493E+02   0.1240698732888E-16
  0.2872186016776E+02   0.1250776898796E-16
  0.2880426818709E+02   0.1260877009574E-16
  0.2888691264938E+02   0.1270987759703E-16
  0.2896979423303E+02   0.1281106146895E-16
  0.2905291361838E+02   0.1291314926506E-16
  0.2913627148772E+02   0.1301554954883E-16
  0.2921986852530E+02   0.1311781590861E-16
  0.2930370541735E+02   0.1321987609218E-16
  0.2938778285205E+02   0.1332174514670E-16
  0.2947210151954E+02   0.1342342818916E-16
  0.2955666211198E+02   0.1352491380098E-16
  0.2964146532349E+02   0.1362612469337E-16
  0.2972651185018E+02   0.1372719379153E-16
  0.2981180239017E+02   0.1382808733943E-16
  0.2989733764357E+02   0.1392861725526E-16
  0.2998311831252E+02   0.1402886436267E-16
  0.3006914510114E+02   0.1412922702443E-16
  0.3015541871560E+02   0.1422972719487E-16
  0.3024193986409E+02   0.1432994958530E-16
  0.3032870925683E+02   0.1442974258427E-16
  0.3041572760606E+02   0.1452914458809E-16
  0.3050299562609E+02   0.1462840219850E-16
  0.3059051403328E+02   0.1472703314432E-16
  0.3067828354601E+02   0.1482547986561E-16
  0.3076630488477E+02   0.1492324205601E-16
  0.3085457877208E+02   0.1502009057850E-16
  0.3094310593254E+02   0.1511657439870E-16
  0.3103188709285E+02   0.1521245273245E-16
  0.3112092298177E+02   0.1530823485462E-16
  0.3121021433016E+02   0.1540338246323E-16
  0.3129976187098E+02   0.1549819332371E-16
  0.3138956633929E+02   0.1559253421550E-16
  0.3147962847227E+02   0.1568653991357E-16
  0.3156994900919E+02   0.1577999381507E-16
  0.3166052869146E+02   0.1587299238872E-16
  0.3175136826261E+02   0.1596539226278E-16
  0.3184246846832E+02   0.1605745235177E-16
  0.3193383005639E+02   0.1614935348463E-16
  0.3202545377676E+02   0.1624087453543E-16
  0.3211734038154E+02   0.1633250163477E-16
  0.3220949062500E+02   0.1642390131832E-16
  0.3230190526356E+02   0.1651507038536E-16
  0.3239458505581E+02   0.1660596087608E-16
  0.3248753076253E+02   0.1669625739549E-16
  0.3258074314666E+02   0.1678602061856E-16
  0.3267422297337E+02   0.1687542789331E-16
  0.3276797100997E+02   0.1696429902176E-16
  0.3286198802603E+02   0.1705274902777E-16
  0.3295627479327E+02   0.1714077296712E-16
  0.3305083208568E+02   0.1722831739786E-16
  0.3314566067942E+02   0.1731544516972E-16
  0.3324076135292E+02   0.1740215961876E-16
  0.3333613488681E+02   0.1748834146159E-16
  0.3343178206398E+02   0.1757414880021E-16
  0.3352770366956E+02   0.1765926415468E-16
  0.3362390049094E+02   0.1774394222143E-16
  0.3372037331775E+02   0.1782810983146E-16
  0.3381712294190E+02   0.1791190907585E-16
  0.3391415015758E+02   0.1799499744643E-16
  0.3401145576124E+02   0.1807765371450E-16
  0.3410904055162E+02   0.1816021233782E-16
  0.3420690532976E+02   0.1824275109121E-16
  0.3430505089900E+02   0.1832493472659E-16
  0.3440347806497E+02   0.1840648788366E-16
  0.3450218763562E+02   0.1848769674442E-16
  0.3460118042122E+02   0.1856845266836E-16
  0.3470045723436E+02   0.1864876904334E-16
  0.3480001888998E+02   0.1872871282318E-16
  0.3489986620532E+02   0.1880828728068E-16
  0.3500000000000E+02   0.1888731127748E-16
