           1
        1000
  
  0.2000000000000E+01   0.2977594854953E-22
  0.2005738348342E+01   0.3068685209819E-22
  0.2011493161004E+01   0.3210891320455E-22
  0.2017264485226E+01   0.3359650285020E-22
  0.2023052368383E+01   0.3543967543839E-22
  0.2028856857985E+01   0.3694762236817E-22
  0.2034678001678E+01   0.3873617484721E-22
  0.2040515847246E+01   0.4063379527792E-22
  0.2046370442610E+01   0.4257132433600E-22
  0.2052241835828E+01   0.4482763298170E-22
  0.2058130075096E+01   0.4687686602473E-22
  0.2064035208748E+01   0.4892256593518E-22
  0.2069957285256E+01   0.5068695712905E-22
  0.2075896353234E+01   0.5250491107406E-22
  0.2081852461432E+01   0.5437079178623E-22
  0.2087825658742E+01   0.5627580123617E-22
  0.2093815994195E+01   0.5831096061311E-22
  0.2099823516964E+01   0.6035987313633E-22
  0.2105848276362E+01   0.6247081357435E-22
  0.2111890321844E+01   0.6460258740820E-22
  0.2117949703007E+01   0.6677343814016E-22
  0.2124026469590E+01   0.6887945429983E-22
  0.2130120671475E+01   0.7076806838485E-22
  0.2136232358686E+01   0.7269470690488E-22
  0.2142361581393E+01   0.7571946738865E-22
  0.2148508389907E+01   0.7828922405076E-22
  0.2154672834685E+01   0.8097036729271E-22
  0.2160854966329E+01   0.8369345185607E-22
  0.2167054835585E+01   0.8658944271107E-22
  0.2173272493346E+01   0.8960270541719E-22
  0.2179507990650E+01   0.9260948233770E-22
  0.2185761378682E+01   0.9560152593036E-22
  0.2192032708773E+01   0.9856470065945E-22
  0.2198322032403E+01   0.1016623820224E-21
  0.2204629401197E+01   0.1049514296478E-21
  0.2210954866931E+01   0.1082702242584E-21
  0.2217298481528E+01   0.1115916853397E-21
  0.2223660297061E+01   0.1150136605546E-21
  0.2230040365750E+01   0.1184773261690E-21
  0.2236438739967E+01   0.1220485602075E-21
  0.2242855472234E+01   0.1258482475410E-21
  0.2249290615224E+01   0.1298641927705E-21
  0.2255744221760E+01   0.1339600327102E-21
  0.2262216344817E+01   0.1380241580061E-21
  0.2268707037522E+01   0.1419176105693E-21
  0.2275216353156E+01   0.1459591216504E-21
  0.2281744345149E+01   0.1502329895287E-21
  0.2288291067089E+01   0.1547281232500E-21
  0.2294856572714E+01   0.1592981028273E-21
  0.2301440915918E+01   0.1640105893729E-21
  0.2308044150750E+01   0.1687485815656E-21
  0.2314666331412E+01   0.1735247935756E-21
  0.2321307512264E+01   0.1783733877960E-21
  0.2327967747821E+01   0.1833517397920E-21
  0.2334647092753E+01   0.1875581224558E-21
  0.2341345601890E+01   0.1934215428126E-21
  0.2348063330216E+01   0.1978715278923E-21
  0.2354800332874E+01   0.2040439313377E-21
  0.2361556665167E+01   0.2101183789576E-21
  0.2368332382554E+01   0.2159680055309E-21
  0.2375127540653E+01   0.2220877749682E-21
  0.2381942195246E+01   0.2280859106022E-21
  0.2388776402269E+01   0.2344584307271E-21
  0.2395630217822E+01   0.2407649522100E-21
  0.2402503698166E+01   0.2472396047074E-21
  0.2409396899722E+01   0.2538142236694E-21
  0.2416309879074E+01   0.2605359474528E-21
  0.2423242692967E+01   0.2673958180735E-21
  0.2430195398312E+01   0.2743613670573E-21
  0.2437168052179E+01   0.2814793833006E-21
  0.2444160711804E+01   0.2886792430649E-21
  0.2451173434587E+01   0.2968251859194E-21
  0.2458206278094E+01   0.3046729151909E-21
  0.2465259300054E+01   0.3129761770696E-21
  0.2472332558362E+01   0.3212745727364E-21
  0.2479426111080E+01   0.3294338322586E-21
  0.2486540016437E+01   0.3380265104665E-21
  0.2493674332826E+01   0.3472112681009E-21
  0.2500829118813E+01   0.3567094534870E-21
  0.2508004433126E+01   0.3664088072111E-21
  0.2515200334666E+01   0.3766223728744E-21
  0.2522416882500E+01   0.3872002444500E-21
  0.2529654135868E+01   0.3978179389475E-21
  0.2536912154175E+01   0.4086556331109E-21
  0.2544190997002E+01   0.4194787304293E-21
  0.2551490724096E+01   0.4305861116501E-21
  0.2558811395379E+01   0.4418486712981E-21
  0.2566153070942E+01   0.4532742364844E-21
  0.2573515811052E+01   0.4652249638624E-21
  0.2580899676145E+01   0.4772656770299E-21
  0.2588304726834E+01   0.4895270494479E-21
  0.2595731023902E+01   0.5025753870281E-21
  0.2603178628310E+01   0.5148343357715E-21
  0.2610647601193E+01   0.5278642879125E-21
  0.2618138003859E+01   0.5413190112683E-21
  0.2625649897795E+01   0.5544529111524E-21
  0.2633183344664E+01   0.5679031575251E-21
  0.2640738406303E+01   0.5819386304508E-21
  0.2648315144731E+01   0.5956309487357E-21
  0.2655913622140E+01   0.6093863511247E-21
  0.2663533900905E+01   0.6237758333880E-21
  0.2671176043576E+01   0.6407628579033E-21
  0.2678840112886E+01   0.6577570316379E-21
  0.2686526171746E+01   0.6760225696043E-21
  0.2694234283247E+01   0.6325731027970E-21
  0.2701964510663E+01   0.7030139039477E-21
  0.2709716917447E+01   0.7335155612780E-21
  0.2717491567237E+01   0.7586636304849E-21
  0.2725288523851E+01   0.7852787773742E-21
  0.2733107851292E+01   0.8107276685276E-21
  0.2740949613745E+01   0.8320449959209E-21
  0.2748813875580E+01   0.8535398491927E-21
  0.2756700701352E+01   0.8832360641176E-21
  0.2764610155801E+01   0.9214760213497E-21
  0.2772542303853E+01   0.9571807697173E-21
  0.2780497210618E+01   0.9898467358660E-21
  0.2788474941397E+01   0.1063694976385E-20
  0.2796475561675E+01   0.1118706688240E-20
  0.2804499137126E+01   0.9661863771505E-21
  0.2812545733612E+01   0.6861089867702E-21
  0.2820615417185E+01   0.4416118713419E-21
  0.2828708254086E+01   0.2491336890630E-21
  0.2836824310746E+01   0.1237542890200E-21
  0.2844963653785E+01   0.5267708872125E-22
  0.2853126350018E+01   0.1914207831020E-22
  0.2861312466447E+01   0.6289809742868E-23
  0.2869522070270E+01   0.1853900556623E-23
  0.2877755228877E+01   0.5404587063301E-24
  0.2886012009850E+01   0.1650470701368E-24
  0.2894292480965E+01   0.5515158119913E-25
  0.2902596710194E+01   0.2094792155945E-25
  0.2910924765703E+01   0.9511962140815E-26
  0.2919276715854E+01   0.4796555179501E-26
  0.2927652629205E+01   0.2961429709406E-26
  0.2936052574510E+01   0.1971892825303E-26
  0.2944476620721E+01   0.1511198463544E-26
  0.2952924836988E+01   0.1250401887549E-26
  0.2961397292658E+01   0.1067687477060E-26
  0.2969894057280E+01   0.9564748154128E-27
  0.2978415200599E+01   0.8969119455736E-27
  0.2986960792563E+01   0.8993410361090E-27
  0.2995530903318E+01   0.8266697253827E-27
  0.3004125603214E+01   0.8434997480190E-27
  0.3012744962800E+01   0.8791990768632E-27
  0.3021389052831E+01   0.9169069310940E-27
  0.3030057944261E+01   0.1019793124070E-26
  0.3038751708251E+01   0.1149447690670E-26
  0.3047470416164E+01   0.1385136630884E-26
  0.3056214139568E+01   0.1778025010995E-26
  0.3064982950238E+01   0.2337801215837E-26
  0.3073776920153E+01   0.3108707923551E-26
  0.3082596121499E+01   0.4362235225660E-26
  0.3091440626670E+01   0.6336615079882E-26
  0.3100310508267E+01   0.9178703759620E-26
  0.3109205839099E+01   0.1367456710486E-25
  0.3118126692184E+01   0.2187261217921E-25
  0.3127073140750E+01   0.3516191570461E-25
  0.3136045258236E+01   0.5720090056692E-25
  0.3145043118290E+01   0.9508824782593E-25
  0.3154066794771E+01   0.1595326093823E-24
  0.3163116361751E+01   0.2734204795499E-24
  0.3172191893516E+01   0.4721777805058E-24
  0.3181293464562E+01   0.8175102048680E-24
  0.3190421149600E+01   0.1424086679432E-23
  0.3199575023556E+01   0.2461907190906E-23
  0.3208755161572E+01   0.4243474223047E-23
  0.3217961639002E+01   0.7273330162836E-23
  0.3227194531419E+01   0.1229206218892E-22
  0.3236453914613E+01   0.2035423061143E-22
  0.3245739864590E+01   0.3281767197981E-22
  0.3255052457574E+01   0.5105604894605E-22
  0.3264391770010E+01   0.7629945046008E-22
  0.3273757878560E+01   0.1089007679365E-21
  0.3283150860107E+01   0.1485611928594E-21
  0.3292570791754E+01   0.1942982245509E-21
  0.3302017750825E+01   0.2447925473699E-21
  0.3311491814867E+01   0.2981346348873E-21
  0.3320993061649E+01   0.3527552514590E-21
  0.3330521569163E+01   0.4082324532373E-21
  0.3340077415625E+01   0.4640157988329E-21
  0.3349660679474E+01   0.5191320976926E-21
  0.3359271439377E+01   0.5722192240678E-21
  0.3368909774224E+01   0.6229523299928E-21
  0.3378575763132E+01   0.6715994363916E-21
  0.3388269485445E+01   0.7220807261211E-21
  0.3397991020737E+01   0.7685296657015E-21
  0.3407740448806E+01   0.8106854476444E-21
  0.3417517849683E+01   0.8542272261955E-21
  0.3427323303625E+01   0.8917474430823E-21
  0.3437156891123E+01   0.9314169951654E-21
  0.3447018692896E+01   0.9690057137381E-21
  0.3456908789896E+01   0.1004767993469E-20
  0.3466827263307E+01   0.1037488302747E-20
  0.3476774194546E+01   0.1070597303782E-20
  0.3486749665263E+01   0.1101477346197E-20
  0.3496753757342E+01   0.1134990210219E-20
  0.3506786552905E+01   0.1167978731158E-20
  0.3516848134305E+01   0.1203089112137E-20
  0.3526938584134E+01   0.1233521184079E-20
  0.3537057985222E+01   0.1269684290209E-20
  0.3547206420634E+01   0.1310352711741E-20
  0.3557383973675E+01   0.1349779119415E-20
  0.3567590727888E+01   0.1388451209344E-20
  0.3577826767056E+01   0.1425467635805E-20
  0.3588092175204E+01   0.1466648439604E-20
  0.3598387036595E+01   0.1509797583874E-20
  0.3608711435738E+01   0.1538317566936E-20
  0.3619065457379E+01   0.1575171080416E-20
  0.3629449186512E+01   0.1610817298691E-20
  0.3639862708372E+01   0.1645706947015E-20
  0.3650306108440E+01   0.1682144991916E-20
  0.3660779472442E+01   0.1716277725004E-20
  0.3671282886350E+01   0.1754414953029E-20
  0.3681816436381E+01   0.1789228952114E-20
  0.3692380209002E+01   0.1825361071584E-20
  0.3702974290926E+01   0.1863460854706E-20
  0.3713598769117E+01   0.1899589315508E-20
  0.3724253730786E+01   0.1937961312056E-20
  0.3734939263396E+01   0.1973529828876E-20
  0.3745655454660E+01   0.2012344404529E-20
  0.3756402392544E+01   0.2049778683618E-20
  0.3767180165264E+01   0.2089177429717E-20
  0.3777988861291E+01   0.2125280193465E-20
  0.3788828569349E+01   0.2159573920340E-20
  0.3799699378418E+01   0.2194957794811E-20
  0.3810601377731E+01   0.2230203781133E-20
  0.3821534656780E+01   0.2262696564943E-20
  0.3832499305310E+01   0.2296306516287E-20
  0.3843495413326E+01   0.2333572756734E-20
  0.3854523071092E+01   0.2366898243840E-20
  0.3865582369128E+01   0.2404374841225E-20
  0.3876673398217E+01   0.2443790075453E-20
  0.3887796249400E+01   0.2487308850917E-20
  0.3898951013980E+01   0.2529786830381E-20
  0.3910137783523E+01   0.2574353432831E-20
  0.3921356649856E+01   0.2619900336026E-20
  0.3932607705070E+01   0.2661175463435E-20
  0.3943891041521E+01   0.2706545872044E-20
  0.3955206751830E+01   0.2754334070153E-20
  0.3966554928883E+01   0.2793830169249E-20
  0.3977935665832E+01   0.2829277447581E-20
  0.3989349056097E+01   0.2864861828451E-20
  0.4000795193368E+01   0.2890077022691E-20
  0.4012274171599E+01   0.2914328317142E-20
  0.4023786085019E+01   0.2931117333238E-20
  0.4035331028123E+01   0.2946632986643E-20
  0.4046909095679E+01   0.2959708061570E-20
  0.4058520382728E+01   0.2972969105567E-20
  0.4070164984582E+01   0.2989112662503E-20
  0.4081842996827E+01   0.3030989698834E-20
  0.4093554515323E+01   0.3078051775543E-20
  0.4105299636205E+01   0.3132568756204E-20
  0.4117078455885E+01   0.3195471028679E-20
  0.4128891071050E+01   0.3270178683628E-20
  0.4140737578665E+01   0.3363777179160E-20
  0.4152618075974E+01   0.3451228792147E-20
  0.4164532660498E+01   0.3541640880433E-20
  0.4176481430042E+01   0.3671355792034E-20
  0.4188464482686E+01   0.3824973730364E-20
  0.4200481916795E+01   0.3743880569598E-20
  0.4212533831015E+01   0.3598009156454E-20
  0.4224620324277E+01   0.3103594002151E-20
  0.4236741495793E+01   0.8295151076906E-21
  0.4248897445061E+01   0.2579754705075E-24
  0.4261088271865E+01   0.2421514523876E-27
  0.4273314076274E+01   0.1871152390505E-26
  0.4285574958646E+01   0.8152459035390E-22
  0.4297871019624E+01   0.1279854004586E-20
  0.4310202360143E+01   0.1949440448553E-20
  0.4322569081426E+01   0.2226649734981E-20
  0.4334971284986E+01   0.2410356119844E-20
  0.4347409072628E+01   0.2560369233933E-20
  0.4359882546449E+01   0.2667608276875E-20
  0.4372391808839E+01   0.2661636816761E-20
  0.4384936962482E+01   0.1997697599049E-20
  0.4397518110355E+01   0.2473015993956E-20
  0.4410135355733E+01   0.2829606662801E-20
  0.4422788802186E+01   0.2861587250790E-20
  0.4435478553580E+01   0.2882895903280E-20
  0.4448204714081E+01   0.2892863427742E-20
  0.4460967388154E+01   0.2902351472930E-20
  0.4473766680561E+01   0.2904420273050E-20
  0.4486602696367E+01   0.2906140993216E-20
  0.4499475540938E+01   0.2916037529805E-20
  0.4512385319942E+01   0.2926435576397E-20
  0.4525332139351E+01   0.2938703800021E-20
  0.4538316105440E+01   0.2965774280643E-20
  0.4551337324788E+01   0.2995820857826E-20
  0.4564395904283E+01   0.3043186080862E-20
  0.4577491951117E+01   0.3092913328547E-20
  0.4590625572791E+01   0.3144805004037E-20
  0.4603796877112E+01   0.3204882193781E-20
  0.4617005972199E+01   0.3269452946427E-20
  0.4630252966481E+01   0.3348178891802E-20
  0.4643537968697E+01   0.3404731552285E-20
  0.4656861087898E+01   0.2710624245990E-20
  0.4670222433449E+01   0.6310805660967E-21
  0.4683622115027E+01   0.2109855966507E-20
  0.4697060242625E+01   0.3700384533272E-20
  0.4710536926552E+01   0.3829874601324E-20
  0.4724052277433E+01   0.3919590061777E-20
  0.4737606406209E+01   0.4008552027440E-20
  0.4751199424141E+01   0.4095650819633E-20
  0.4764831442809E+01   0.4171471190158E-20
  0.4778502574113E+01   0.4157845179120E-20
  0.4792212930274E+01   0.4362051821421E-20
  0.4805962623834E+01   0.4464354494285E-20
  0.4819751767661E+01   0.4560843305450E-20
  0.4833580474942E+01   0.4657262129811E-20
  0.4847448859194E+01   0.4748413343677E-20
  0.4861357034255E+01   0.4839009449087E-20
  0.4875305114293E+01   0.4913320809763E-20
  0.4889293213801E+01   0.4995361696002E-20
  0.4903321447604E+01   0.5116787474834E-20
  0.4917389930853E+01   0.5231662173288E-20
  0.4931498779030E+01   0.5339936630671E-20
  0.4945648107950E+01   0.5434921121371E-20
  0.4959838033760E+01   0.5526468827046E-20
  0.4974068672938E+01   0.5617028123924E-20
  0.4988340142298E+01   0.5713422215205E-20
  0.5002652558990E+01   0.5806042150350E-20
  0.5017006040497E+01   0.5903046756752E-20
  0.5031400704644E+01   0.5990724477202E-20
  0.5045836669588E+01   0.6081101581235E-20
  0.5060314053831E+01   0.6170995956794E-20
  0.5074832976211E+01   0.6249123427813E-20
  0.5089393555907E+01   0.6321809313303E-20
  0.5103995912443E+01   0.6392784881228E-20
  0.5118640165683E+01   0.6458829111019E-20
  0.5133326435836E+01   0.6525043146637E-20
  0.5148054843456E+01   0.6581835148807E-20
  0.5162825509443E+01   0.6635078584279E-20
  0.5177638555043E+01   0.6694036569960E-20
  0.5192494101851E+01   0.6749659817976E-20
  0.5207392271810E+01   0.6801065045704E-20
  0.5222333187214E+01   0.6850573108283E-20
  0.5237316970706E+01   0.6901742178339E-20
  0.5252343745283E+01   0.6948361491116E-20
  0.5267413634293E+01   0.7000733337977E-20
  0.5282526761440E+01   0.7058545858231E-20
  0.5297683250780E+01   0.7108527351715E-20
  0.5312883226729E+01   0.7150261654246E-20
  0.5328126814055E+01   0.7192065192060E-20
  0.5343414137889E+01   0.7237157549265E-20
  0.5358745323718E+01   0.7266392315964E-20
  0.5374120497388E+01   0.7288417761356E-20
  0.5389539785110E+01   0.7318711877078E-20
  0.5405003313454E+01   0.7334987231815E-20
  0.5420511209355E+01   0.7362060429162E-20
  0.5436063600109E+01   0.7370801696467E-20
  0.5451660613382E+01   0.7375069917959E-20
  0.5467302377202E+01   0.7384286922891E-20
  0.5482989019966E+01   0.7392481145115E-20
  0.5498720670441E+01   0.7392686533474E-20
  0.5514497457762E+01   0.7407901679611E-20
  0.5530319511432E+01   0.7413241286725E-20
  0.5546186961331E+01   0.7414272561901E-20
  0.5562099937707E+01   0.7408877138910E-20
  0.5578058571184E+01   0.7389557359114E-20
  0.5594062992760E+01   0.7349632778481E-20
  0.5610113333808E+01   0.7303378050290E-20
  0.5626209726081E+01   0.7242508817288E-20
  0.5642352301707E+01   0.7145813899980E-20
  0.5658541193194E+01   0.7033778656691E-20
  0.5674776533430E+01   0.6889686775391E-20
  0.5691058455685E+01   0.6723875157655E-20
  0.5707387093610E+01   0.6525120096398E-20
  0.5723762581242E+01   0.6284984462735E-20
  0.5740185053000E+01   0.6002165901293E-20
  0.5756654643690E+01   0.5673136442641E-20
  0.5773171488504E+01   0.5316902353413E-20
  0.5789735723023E+01   0.4912897326799E-20
  0.5806347483215E+01   0.4503912050958E-20
  0.5823006905441E+01   0.4099634598000E-20
  0.5839714126450E+01   0.3694307473311E-20
  0.5856469283387E+01   0.3353333779907E-20
  0.5873272513787E+01   0.3056008077363E-20
  0.5890123955582E+01   0.2801128790453E-20
  0.5907023747098E+01   0.2601835018028E-20
  0.5923972027060E+01   0.2444165586076E-20
  0.5940968934588E+01   0.2328678617307E-20
  0.5958014609205E+01   0.2231301563951E-20
  0.5975109190831E+01   0.2165951579308E-20
  0.5992252819789E+01   0.2110997287597E-20
  0.6009445636805E+01   0.2069113651388E-20
  0.6026687783007E+01   0.2039188434657E-20
  0.6043979399930E+01   0.2026278545887E-20
  0.6061320629513E+01   0.2025143763876E-20
  0.6078711614104E+01   0.2058773847415E-20
  0.6096152496459E+01   0.2124661367646E-20
  0.6113643419744E+01   0.2239488032540E-20
  0.6131184527533E+01   0.2381881613036E-20
  0.6148775963816E+01   0.2545633529430E-20
  0.6166417872994E+01   0.2718505191591E-20
  0.6184110399881E+01   0.2882939703208E-20
  0.6201853689710E+01   0.3013939064693E-20
  0.6219647888128E+01   0.3137129322000E-20
  0.6237493141200E+01   0.3254625333026E-20
  0.6255389595412E+01   0.3364012352829E-20
  0.6273337397667E+01   0.3460014943339E-20
  0.6291336695293E+01   0.3559944857367E-20
  0.6309387636040E+01   0.3653840247967E-20
  0.6327490368079E+01   0.3764060149496E-20
  0.6345645040009E+01   0.3878886268697E-20
  0.6363851800855E+01   0.3987296620108E-20
  0.6382110800069E+01   0.4109715092933E-20
  0.6400422187532E+01   0.4225897090794E-20
  0.6418786113555E+01   0.4346858958284E-20
  0.6437202728880E+01   0.4447913916584E-20
  0.6455672184682E+01   0.4551682542403E-20
  0.6474194632569E+01   0.4642626277547E-20
  0.6492770224586E+01   0.4745906877465E-20
  0.6511399113211E+01   0.4818203639713E-20
  0.6530081451363E+01   0.4898716800553E-20
  0.6548817392397E+01   0.4979064505560E-20
  0.6567607090108E+01   0.5056611896152E-20
  0.6586450698735E+01   0.5143723537913E-20
  0.6605348372958E+01   0.5240609696417E-20
  0.6624300267898E+01   0.5344252418826E-20
  0.6643306539127E+01   0.5465136832486E-20
  0.6662367342658E+01   0.5571424393211E-20
  0.6681482834954E+01   0.5698244480278E-20
  0.6700653172927E+01   0.5811606222122E-20
  0.6719878513938E+01   0.5913946530144E-20
  0.6739159015801E+01   0.5998068622666E-20
  0.6758494836783E+01   0.6079788877796E-20
  0.6777886135602E+01   0.6183878375626E-20
  0.6797333071435E+01   0.6300033604700E-20
  0.6816835803914E+01   0.6371350050585E-20
  0.6836394493129E+01   0.6453374161216E-20
  0.6856009299631E+01   0.6574160492407E-20
  0.6875680384428E+01   0.6653402977997E-20
  0.6895407908994E+01   0.6743084373151E-20
  0.6915192035264E+01   0.6849048388634E-20
  0.6935032925638E+01   0.6956873393516E-20
  0.6954930742982E+01   0.7054291334009E-20
  0.6974885650629E+01   0.7142102414226E-20
  0.6994897812383E+01   0.7247895418559E-20
  0.7014967392513E+01   0.7335163846750E-20
  0.7035094555765E+01   0.7445422937438E-20
  0.7055279467354E+01   0.7572841793064E-20
  0.7075522292970E+01   0.7690969695070E-20
  0.7095823198778E+01   0.7807089822676E-20
  0.7116182351420E+01   0.7938499502058E-20
  0.7136599918018E+01   0.8060907544005E-20
  0.7157076066170E+01   0.8192206140426E-20
  0.7177610963958E+01   0.8326456858360E-20
  0.7198204779944E+01   0.8442811774535E-20
  0.7218857683175E+01   0.8520033603943E-20
  0.7239569843182E+01   0.8619970771392E-20
  0.7260341429984E+01   0.8796126489270E-20
  0.7281172614086E+01   0.8969109638250E-20
  0.7302063566484E+01   0.9131908558762E-20
  0.7323014458663E+01   0.9313533882434E-20
  0.7344025462600E+01   0.9499936780255E-20
  0.7365096750767E+01   0.9679922359594E-20
  0.7386228496130E+01   0.9871041130227E-20
  0.7407420872151E+01   0.1006646060214E-19
  0.7428674052790E+01   0.1024004405626E-19
  0.7449988212505E+01   0.1045285126587E-19
  0.7471363526258E+01   0.1066250802610E-19
  0.7492800169508E+01   0.1087753846231E-19
  0.7514298318222E+01   0.1104962486676E-19
  0.7535858148868E+01   0.1119575352245E-19
  0.7557479838424E+01   0.1137558010047E-19
  0.7579163564373E+01   0.1154858309471E-19
  0.7600909504708E+01   0.1170615577288E-19
  0.7622717837934E+01   0.1183893911344E-19
  0.7644588743066E+01   0.1195558282761E-19
  0.7666522399634E+01   0.1205679293302E-19
  0.7688518987683E+01   0.1212662910718E-19
  0.7710578687774E+01   0.1217663303023E-19
  0.7732701680988E+01   0.1219568543969E-19
  0.7754888148921E+01   0.1217236276778E-19
  0.7777138273696E+01   0.1207927803155E-19
  0.7799452237954E+01   0.1193998577678E-19
  0.7821830224861E+01   0.1174464959112E-19
  0.7844272418111E+01   0.1150204243420E-19
  0.7866779001922E+01   0.1116863856561E-19
  0.7889350161042E+01   0.1077554345262E-19
  0.7911986080749E+01   0.1033107348125E-19
  0.7934686946851E+01   0.9831448109991E-20
  0.7957452945693E+01   0.9291491023857E-20
  0.7980284264150E+01   0.8725218330582E-20
  0.8003181089637E+01   0.8259182284869E-20
  0.8026143610103E+01   0.7705949705767E-20
  0.8049172014041E+01   0.7087518082249E-20
  0.8072266490480E+01   0.6420085233285E-20
  0.8095427228995E+01   0.5788364201916E-20
  0.8118654419702E+01   0.5095772394154E-20
  0.8141948253265E+01   0.4402304200420E-20
  0.8165308920893E+01   0.3707538771899E-20
  0.8188736614346E+01   0.3136954795963E-20
  0.8212231525931E+01   0.2743321831556E-20
  0.8235793848510E+01   0.2510275088417E-20
  0.8259423775497E+01   0.2268474254760E-20
  0.8283121500859E+01   0.2096191361063E-20
  0.8306887219123E+01   0.1902545414007E-20
  0.8330721125372E+01   0.1692680447356E-20
  0.8354623415250E+01   0.1477790284230E-20
  0.8378594284960E+01   0.1292138199914E-20
  0.8402633931270E+01   0.1113283359832E-20
  0.8426742551512E+01   0.9910949436557E-21
  0.8450920343585E+01   0.8677288325210E-21
  0.8475167505955E+01   0.7618815650077E-21
  0.8499484237656E+01   0.6584101131466E-21
  0.8523870738296E+01   0.5609965446641E-21
  0.8548327208054E+01   0.4699654491509E-21
  0.8572853847683E+01   0.3921381599263E-21
  0.8597450858513E+01   0.3239322528286E-21
  0.8622118442451E+01   0.2740283054471E-21
  0.8646856801984E+01   0.2312588737967E-21
  0.8671666140179E+01   0.1936349411763E-21
  0.8696546660687E+01   0.1605638937677E-21
  0.8721498567741E+01   0.1313711401290E-21
  0.8746522066162E+01   0.1060449361004E-21
  0.8771617361359E+01   0.8532431321196E-22
  0.8796784659329E+01   0.6791922674752E-22
  0.8822024166659E+01   0.5559089739458E-22
  0.8847336090533E+01   0.4552722148716E-22
  0.8872720638724E+01   0.3724194136710E-22
  0.8898178019606E+01   0.3022586473317E-22
  0.8923708442147E+01   0.2431229122205E-22
  0.8949312115917E+01   0.1933842499228E-22
  0.8974989251087E+01   0.1529645824862E-22
  0.9000740058430E+01   0.1208241701213E-22
  0.9026564749324E+01   0.1062160113287E-22
  0.9052463535754E+01   0.9328916293970E-23
  0.9078436630313E+01   0.8184449844427E-23
  0.9104484246204E+01   0.7173330478167E-23
  0.9130606597242E+01   0.6267903027851E-23
  0.9156803897854E+01   0.5475151190481E-23
  0.9183076363086E+01   0.4763948475675E-23
  0.9209424208595E+01   0.4283590409754E-23
  0.9235847650663E+01   0.4098040851860E-23
  0.9262346906188E+01   0.3919282057227E-23
  0.9288922192692E+01   0.3760730008234E-23
  0.9315573728322E+01   0.3619259408708E-23
  0.9342301731850E+01   0.3507927937141E-23
  0.9369106422675E+01   0.3414718740961E-23
  0.9395988020826E+01   0.3328973721944E-23
  0.9422946746965E+01   0.3553395646865E-23
  0.9449982822385E+01   0.3871701702406E-23
  0.9477096469013E+01   0.4233470101516E-23
  0.9504287909417E+01   0.4599665784259E-23
  0.9531557366798E+01   0.5022752178289E-23
  0.9558905065003E+01   0.5510439036530E-23
  0.9586331228517E+01   0.6068339137148E-23
  0.9613836082471E+01   0.6800200371952E-23
  0.9641419852641E+01   0.7754829606024E-23
  0.9669082765452E+01   0.8848108900983E-23
  0.9696825047978E+01   0.1010996532138E-22
  0.9724646927945E+01   0.1148157130734E-22
  0.9752548633731E+01   0.1299510300530E-22
  0.9780530394371E+01   0.1462507833881E-22
  0.9808592439555E+01   0.1659985609909E-22
  0.9836734999635E+01   0.1914031443188E-22
  0.9864958305621E+01   0.2227424274999E-22
  0.9893262589188E+01   0.2603454853830E-22
  0.9921648082674E+01   0.3054109908244E-22
  0.9950115019085E+01   0.3569636748628E-22
  0.9978663632094E+01   0.4151714848426E-22
  0.1000729415605E+02   0.4808350132346E-22
  0.1003600682596E+02   0.5550059443814E-22
  0.1006480187752E+02   0.6405897838483E-22
  0.1009367954710E+02   0.7343063983790E-22
  0.1012264007175E+02   0.8415578834250E-22
  0.1015168368918E+02   0.9597065098541E-22
  0.1018081063781E+02   0.1092214893491E-21
  0.1021002115673E+02   0.1236715577154E-21
  0.1023931548572E+02   0.1399779896420E-21
  0.1026869386524E+02   0.1577418381960E-21
  0.1029815653645E+02   0.1759317666809E-21
  0.1032770374119E+02   0.1953164934647E-21
  0.1035733572201E+02   0.2157820136679E-21
  0.1038705272214E+02   0.2368361107379E-21
  0.1041685498552E+02   0.2629458464184E-21
  0.1044674275678E+02   0.2921061216017E-21
  0.1047671628127E+02   0.3253436213457E-21
  0.1050677580502E+02   0.3565009088191E-21
  0.1053692157478E+02   0.3896797756739E-21
  0.1056715383800E+02   0.4200914588756E-21
  0.1059747284285E+02   0.4500409228842E-21
  0.1062787883821E+02   0.4826015314900E-21
  0.1065837207366E+02   0.5154223011734E-21
  0.1068895279952E+02   0.5457551890118E-21
  0.1071962126681E+02   0.5766496155985E-21
  0.1075037772726E+02   0.6088071508610E-21
  0.1078122243337E+02   0.6373719666429E-21
  0.1081215563830E+02   0.6711120415895E-21
  0.1084317759599E+02   0.7097844067848E-21
  0.1087428856108E+02   0.7496858098994E-21
  0.1090548878894E+02   0.7859263079587E-21
  0.1093677853570E+02   0.8237662065317E-21
  0.1096815805818E+02   0.8630291185331E-21
  0.1099962761399E+02   0.9035458920736E-21
  0.1103118746143E+02   0.9527330534233E-21
  0.1106283785956E+02   0.9998040901287E-21
  0.1109457906821E+02   0.1051147544740E-20
  0.1112641134790E+02   0.1105567365691E-20
  0.1115833495996E+02   0.1164029352950E-20
  0.1119035016641E+02   0.1223250075882E-20
  0.1122245723007E+02   0.1300924394806E-20
  0.1125465641449E+02   0.1387530305375E-20
  0.1128694798398E+02   0.1477246585517E-20
  0.1131933220360E+02   0.1569929768422E-20
  0.1135180933919E+02   0.1664436553516E-20
  0.1138437965734E+02   0.1771263001372E-20
  0.1141704342540E+02   0.1903936217015E-20
  0.1144980091151E+02   0.2070656170397E-20
  0.1148265238454E+02   0.2243877353888E-20
  0.1151559811418E+02   0.2433807855052E-20
  0.1154863837085E+02   0.2636000626200E-20
  0.1158177342577E+02   0.2863533260456E-20
  0.1161500355093E+02   0.3123305624981E-20
  0.1164832901912E+02   0.3465618735148E-20
  0.1168175010387E+02   0.3847980908791E-20
  0.1171526707954E+02   0.4259967821186E-20
  0.1174888022125E+02   0.4654413821512E-20
  0.1178258980492E+02   0.5125620103668E-20
  0.1181639610725E+02   0.5608415532799E-20
  0.1185029940575E+02   0.6122111981846E-20
  0.1188429997872E+02   0.6663036413803E-20
  0.1191839810526E+02   0.7267296489260E-20
  0.1195259406526E+02   0.7880728337502E-20
  0.1198688813943E+02   0.8528855520175E-20
  0.1202128060927E+02   0.9029521242667E-20
  0.1205577175709E+02   0.9395806729251E-20
  0.1209036186603E+02   0.9832567975294E-20
  0.1212505122001E+02   0.1027800386980E-19
  0.1215984010379E+02   0.1078107085034E-19
  0.1219472880294E+02   0.1131044222276E-19
  0.1222971760384E+02   0.1184409315819E-19
  0.1226480679370E+02   0.1245650943378E-19
  0.1229999666056E+02   0.1309081261127E-19
  0.1233528749328E+02   0.1374895848946E-19
  0.1237067958155E+02   0.1445843441738E-19
  0.1240617321588E+02   0.1532492747993E-19
  0.1244176868763E+02   0.1617319409166E-19
  0.1247746628899E+02   0.1716324172446E-19
  0.1251326631298E+02   0.1787812575914E-19
  0.1254916905348E+02   0.1853970452365E-19
  0.1258517480519E+02   0.1921446026050E-19
  0.1262128386368E+02   0.1986226492500E-19
  0.1265749652534E+02   0.2073490764690E-19
  0.1269381308744E+02   0.2155635084520E-19
  0.1273023384808E+02   0.2241030376492E-19
  0.1276675910623E+02   0.2325306420789E-19
  0.1280338916170E+02   0.2411705047982E-19
  0.1284012431518E+02   0.2498697293065E-19
  0.1287696486822E+02   0.2592238280405E-19
  0.1291391112322E+02   0.2692138538586E-19
  0.1295096338345E+02   0.2805345533601E-19
  0.1298812195308E+02   0.2933843117415E-19
  0.1302538713712E+02   0.3044790377646E-19
  0.1306275924146E+02   0.3160424674538E-19
  0.1310023857287E+02   0.3273453048709E-19
  0.1313782543902E+02   0.3388884103165E-19
  0.1317552014843E+02   0.3519242121461E-19
  0.1321332301052E+02   0.3665140338098E-19
  0.1325123433562E+02   0.3814379070402E-19
  0.1328925443490E+02   0.3984018890041E-19
  0.1332738362048E+02   0.4155318372438E-19
  0.1336562220533E+02   0.4327970172454E-19
  0.1340397050333E+02   0.4512623584154E-19
  0.1344242882929E+02   0.4698896384556E-19
  0.1348099749888E+02   0.4895652653425E-19
  0.1351967682870E+02   0.5114223429984E-19
  0.1355846713625E+02   0.5331566037045E-19
  0.1359736873996E+02   0.5561340321318E-19
  0.1363638195914E+02   0.5805782993599E-19
  0.1367550711404E+02   0.6047252195885E-19
  0.1371474452582E+02   0.6290194871940E-19
  0.1375409451658E+02   0.6547363478940E-19
  0.1379355740931E+02   0.6817494919483E-19
  0.1383313352795E+02   0.7083491902872E-19
  0.1387282319737E+02   0.7363591806394E-19
  0.1391262674336E+02   0.7641217484001E-19
  0.1395254449266E+02   0.7921155819323E-19
  0.1399257677294E+02   0.8219155840833E-19
  0.1403272391280E+02   0.8533149470269E-19
  0.1407298624180E+02   0.8831944030996E-19
  0.1411336409043E+02   0.9198835032411E-19
  0.1415385779014E+02   0.9490116822689E-19
  0.1419446767333E+02   0.9824190337127E-19
  0.1423519407334E+02   0.1018466823134E-18
  0.1427603732450E+02   0.1055786028201E-18
  0.1431699776205E+02   0.1097184631785E-18
  0.1435807572223E+02   0.1135739782220E-18
  0.1439927154224E+02   0.1175594871834E-18
  0.1444058556023E+02   0.1216155558732E-18
  0.1448201811533E+02   0.1257827822330E-18
  0.1452356954764E+02   0.1309426264616E-18
  0.1456524019826E+02   0.1342027352035E-18
  0.1460703040923E+02   0.1392830307973E-18
  0.1464894052359E+02   0.1440372200498E-18
  0.1469097088537E+02   0.1485324288627E-18
  0.1473312183958E+02   0.1532060432423E-18
  0.1477539373222E+02   0.1560854876757E-18
  0.1481778691028E+02   0.1583483436522E-18
  0.1486030172175E+02   0.1564481927800E-18
  0.1490293851562E+02   0.1494178857419E-18
  0.1494569764188E+02   0.1304578665105E-18
  0.1498857945152E+02   0.1058971721103E-18
  0.1503158429654E+02   0.7917666910663E-19
  0.1507471252995E+02   0.5596941600551E-19
  0.1511796450577E+02   0.3764622512192E-19
  0.1516134057904E+02   0.2747035305840E-19
  0.1520484110583E+02   0.3353227786428E-19
  0.1524846644320E+02   0.3421077459478E-19
  0.1529221694927E+02   0.4191201473681E-19
  0.1533609298315E+02   0.7063055300474E-19
  0.1538009490502E+02   0.8501823055408E-19
  0.1542422307607E+02   0.9658823542965E-19
  0.1546847785852E+02   0.1074623347539E-18
  0.1551285961565E+02   0.1173964835438E-18
  0.1555736871178E+02   0.1260173876340E-18
  0.1560200551225E+02   0.1331333581998E-18
  0.1564677038348E+02   0.1376499642912E-18
  0.1569166369292E+02   0.1436537540177E-18
  0.1573668580909E+02   0.1477382655555E-18
  0.1578183710155E+02   0.1492315441804E-18
  0.1582711794093E+02   0.1506231607774E-18
  0.1587252869892E+02   0.1519769492365E-18
  0.1591806974829E+02   0.1504261407724E-18
  0.1596374146286E+02   0.1488272571830E-18
  0.1600954421753E+02   0.1457510501456E-18
  0.1605547838829E+02   0.1422641554794E-18
  0.1610154435218E+02   0.1380417120207E-18
  0.1614774248735E+02   0.1336648808370E-18
  0.1619407317301E+02   0.1291043380487E-18
  0.1624053678948E+02   0.1244913032040E-18
  0.1628713371815E+02   0.1191774893331E-18
  0.1633386434154E+02   0.1140779447037E-18
  0.1638072904321E+02   0.1086103813209E-18
  0.1642772820788E+02   0.1031464627795E-18
  0.1647486222134E+02   0.9790090712220E-19
  0.1652213147050E+02   0.9363641487619E-19
  0.1656953634336E+02   0.9067703023063E-19
  0.1661707722906E+02   0.8758384587604E-19
  0.1666475451784E+02   0.8428556956709E-19
  0.1671256860106E+02   0.8113305429320E-19
  0.1676051987122E+02   0.7811220823554E-19
  0.1680860872193E+02   0.7481583838953E-19
  0.1685683554792E+02   0.7170002321287E-19
  0.1690520074507E+02   0.6856277046574E-19
  0.1695370471040E+02   0.6585581695483E-19
  0.1700234784206E+02   0.6259885001259E-19
  0.1705113053933E+02   0.6107388225016E-19
  0.1710005320266E+02   0.5952978605861E-19
  0.1714911623363E+02   0.5792912408712E-19
  0.1719832003498E+02   0.5631232932506E-19
  0.1724766501060E+02   0.5483042569588E-19
  0.1729715156556E+02   0.5339059449214E-19
  0.1734678010606E+02   0.5204357379403E-19
  0.1739655103949E+02   0.5045161942965E-19
  0.1744646477439E+02   0.4905217699750E-19
  0.1749652172049E+02   0.4779332387509E-19
  0.1754672228869E+02   0.4737056231893E-19
  0.1759706689107E+02   0.4707037775307E-19
  0.1764755594087E+02   0.4692024297922E-19
  0.1769818985256E+02   0.4667030904586E-19
  0.1774896904175E+02   0.4647280653986E-19
  0.1779989392528E+02   0.4618794285150E-19
  0.1785096492118E+02   0.4593224745208E-19
  0.1790218244865E+02   0.4570159837410E-19
  0.1795354692814E+02   0.4556121528895E-19
  0.1800505878126E+02   0.4520912584771E-19
  0.1805671843086E+02   0.4670651687701E-19
  0.1810852630099E+02   0.4791969269052E-19
  0.1816048281692E+02   0.4911658018414E-19
  0.1821258840515E+02   0.5040676531873E-19
  0.1826484349339E+02   0.5173234592508E-19
  0.1831724851057E+02   0.5295260288578E-19
  0.1836980388688E+02   0.5448123585918E-19
  0.1842251005372E+02   0.5593733076630E-19
  0.1847536744372E+02   0.5750038375368E-19
  0.1852837649079E+02   0.5950621487507E-19
  0.1858153763004E+02   0.6176402338435E-19
  0.1863485129787E+02   0.6413352263092E-19
  0.1868831793189E+02   0.6638570337965E-19
  0.1874193797099E+02   0.6895798889506E-19
  0.1879571185533E+02   0.7201517547524E-19
  0.1884964002631E+02   0.7458612943580E-19
  0.1890372292660E+02   0.7748270764614E-19
  0.1895796100015E+02   0.8021407651342E-19
  0.1901235469219E+02   0.8375390759435E-19
  0.1906690444920E+02   0.8746840594360E-19
  0.1912161071896E+02   0.9161141201925E-19
  0.1917647395054E+02   0.9577755019903E-19
  0.1923149459429E+02   0.1000642000421E-18
  0.1928667310184E+02   0.1043883825740E-18
  0.1934200992615E+02   0.1087398950367E-18
  0.1939750552144E+02   0.1138359085875E-18
  0.1945316034326E+02   0.1186971110700E-18
  0.1950897484846E+02   0.1246692164135E-18
  0.1956494949519E+02   0.1298142047663E-18
  0.1962108474294E+02   0.1363481199091E-18
  0.1967738105249E+02   0.1433135434110E-18
  0.1973383888595E+02   0.1494690971860E-18
  0.1979045870677E+02   0.1575317014182E-18
  0.1984724097972E+02   0.1647134434929E-18
  0.1990418617090E+02   0.1723731648906E-18
  0.1996129474776E+02   0.1807801519338E-18
  0.2001856717906E+02   0.1837114118549E-18
  0.2007600393495E+02   0.1962972682567E-18
  0.2013360548689E+02   0.2065872238173E-18
  0.2019137230772E+02   0.2157559465038E-18
  0.2024930487162E+02   0.2250912779515E-18
  0.2030740365414E+02   0.2347020807146E-18
  0.2036566913218E+02   0.2447268339473E-18
  0.2042410178402E+02   0.2550091114059E-18
  0.2048270208932E+02   0.2656651293562E-18
  0.2054147052911E+02   0.2766544366423E-18
  0.2060040758578E+02   0.2880252964421E-18
  0.2065951374313E+02   0.2998457880516E-18
  0.2071878948635E+02   0.3120577006992E-18
  0.2077823530199E+02   0.3247922945722E-18
  0.2083785167804E+02   0.3380480328329E-18
  0.2089763910385E+02   0.3511145480169E-18
  0.2095759807019E+02   0.3665014900826E-18
  0.2101772906926E+02   0.3835567666803E-18
  0.2107803259463E+02   0.4036267162113E-18
  0.2113850914133E+02   0.4249014639498E-18
  0.2119915920576E+02   0.4470408670668E-18
  0.2125998328580E+02   0.4705632077968E-18
  0.2132098188072E+02   0.4950240932911E-18
  0.2138215549123E+02   0.5203911956758E-18
  0.2144350461948E+02   0.5469055604553E-18
  0.2150502976906E+02   0.5746113953612E-18
  0.2156673144502E+02   0.6035963689058E-18
  0.2162861015383E+02   0.6334259873727E-18
  0.2169066640344E+02   0.6642535493133E-18
  0.2175290070323E+02   0.6962698460978E-18
  0.2181531356407E+02   0.7295109844630E-18
  0.2187790549827E+02   0.7642017658067E-18
  0.2194067701964E+02   0.7995664476841E-18
  0.2200362864344E+02   0.8358013132961E-18
  0.2206676088640E+02   0.8690431084394E-18
  0.2213007426677E+02   0.9030361019731E-18
  0.2219356930426E+02   0.9380298363027E-18
  0.2225724652006E+02   0.9733542280984E-18
  0.2232110643689E+02   0.1010818958358E-17
  0.2238514957895E+02   0.1048845138316E-17
  0.2244937647193E+02   0.1087132072688E-17
  0.2251378764305E+02   0.1126359180903E-17
  0.2257838362104E+02   0.1167397369569E-17
  0.2264316493615E+02   0.1212174598062E-17
  0.2270813212013E+02   0.1255829781930E-17
  0.2277328570628E+02   0.1300483748930E-17
  0.2283862622941E+02   0.1346072724759E-17
  0.2290415422588E+02   0.1393893052933E-17
  0.2296987023359E+02   0.1439496526192E-17
  0.2303577479197E+02   0.1483344005378E-17
  0.2310186844201E+02   0.1527549434690E-17
  0.2316815172624E+02   0.1571563898700E-17
  0.2323462518876E+02   0.1615686448903E-17
  0.2330128937522E+02   0.1661527322588E-17
  0.2336814483285E+02   0.1708343844547E-17
  0.2343519211042E+02   0.1756056593020E-17
  0.2350243175831E+02   0.1804905482784E-17
  0.2356986432846E+02   0.1855866153221E-17
  0.2363749037440E+02   0.1909243636619E-17
  0.2370531045125E+02   0.1965590118945E-17
  0.2377332511571E+02   0.2000932420928E-17
  0.2384153492608E+02   0.2056360994395E-17
  0.2390994044229E+02   0.2114632974596E-17
  0.2397854222583E+02   0.2172133436550E-17
  0.2404734083984E+02   0.2225145897561E-17
  0.2411633684905E+02   0.2275439377728E-17
  0.2418553081984E+02   0.2327996358298E-17
  0.2425492332017E+02   0.2383864132670E-17
  0.2432451491968E+02   0.2435426490664E-17
  0.2439430618960E+02   0.2488815001912E-17
  0.2446429770284E+02   0.2550281846387E-17
  0.2453449003391E+02   0.2621184903210E-17
  0.2460488375901E+02   0.2693218765114E-17
  0.2467547945597E+02   0.2759418267229E-17
  0.2474627770428E+02   0.2872409376638E-17
  0.2481727908509E+02   0.3034482425867E-17
  0.2488848418123E+02   0.3092845501755E-17
  0.2495989357720E+02   0.3151827141240E-17
  0.2503150785915E+02   0.3209228235613E-17
  0.2510332761496E+02   0.3264333559272E-17
  0.2517535343416E+02   0.3320186721092E-17
  0.2524758590797E+02   0.3376736671028E-17
  0.2532002562933E+02   0.3433965879325E-17
  0.2539267319287E+02   0.3491860074374E-17
  0.2546552919493E+02   0.3550459141110E-17
  0.2553859423354E+02   0.3609722270375E-17
  0.2561186890847E+02   0.3669716702434E-17
  0.2568535382121E+02   0.3730445330147E-17
  0.2575904957496E+02   0.3791855674005E-17
  0.2583295677467E+02   0.3853977547697E-17
  0.2590707602700E+02   0.3916827617950E-17
  0.2598140794038E+02   0.3980411250576E-17
  0.2605595312497E+02   0.4045535620642E-17
  0.2613071219267E+02   0.4111690964995E-17
  0.2620568575716E+02   0.4178573260619E-17
  0.2628087443386E+02   0.4246111136061E-17
  0.2635627883997E+02   0.4314437067584E-17
  0.2643189959446E+02   0.4383594107329E-17
  0.2650773731806E+02   0.4453833806417E-17
  0.2658379263330E+02   0.4524902159447E-17
  0.2666006616449E+02   0.4596789624525E-17
  0.2673655853772E+02   0.4669471222863E-17
  0.2681327038089E+02   0.4742946844555E-17
  0.2689020232370E+02   0.4817218737357E-17
  0.2696735499766E+02   0.4892503549714E-17
  0.2704472903607E+02   0.4968505272431E-17
  0.2712232507408E+02   0.5045172051942E-17
  0.2720014374864E+02   0.5122696293592E-17
  0.2727818569852E+02   0.5201098692875E-17
  0.2735645156436E+02   0.5280240325928E-17
  0.2743494198859E+02   0.5360175407958E-17
  0.2751365761552E+02   0.5440868637240E-17
  0.2759259909130E+02   0.5522335575374E-17
  0.2767176706391E+02   0.5604584365746E-17
  0.2775116218324E+02   0.5687592515415E-17
  0.2783078510098E+02   0.5771349657941E-17
  0.2791063647075E+02   0.5855819561697E-17
  0.2799071694800E+02   0.5941198463626E-17
  0.2807102719009E+02   0.6033055639390E-17
  0.2815156785625E+02   0.6126733226409E-17
  0.2823233960761E+02   0.6221270390344E-17
  0.2831334310720E+02   0.6316685764218E-17
  0.2839457901993E+02   0.6413114345321E-17
  0.2847604801265E+02   0.6510465827364E-17
  0.2855775075409E+02   0.6608715022839E-17
  0.2863968791493E+02   0.6707711383032E-17
  0.2872186016776E+02   0.6807568478440E-17
  0.2880426818709E+02   0.6908315680815E-17
  0.2888691264938E+02   0.7009908218476E-17
  0.2896979423303E+02   0.7112427719130E-17
  0.2905291361838E+02   0.7223788518570E-17
  0.2913627148772E+02   0.7340854673934E-17
  0.2921986852530E+02   0.7459119666210E-17
  0.2930370541735E+02   0.7578350048396E-17
  0.2938778285205E+02   0.7698525001987E-17
  0.2947210151954E+02   0.7819745063769E-17
  0.2955666211198E+02   0.7941970915010E-17
  0.2964146532349E+02   0.8065189085400E-17
  0.2972651185018E+02   0.8189571198011E-17
  0.2981180239017E+02   0.8314924354886E-17
  0.2989733764357E+02   0.8441307036417E-17
  0.2998311831252E+02   0.8568643807514E-17
  0.3006914510114E+02   0.8696971713892E-17
  0.3015541871560E+02   0.8826437938959E-17
  0.3024193986409E+02   0.8956783110081E-17
  0.3032870925683E+02   0.9087971995347E-17
  0.3041572760606E+02   0.9219922043283E-17
  0.3050299562609E+02   0.9352624517150E-17
  0.3059051403328E+02   0.9486016088453E-17
  0.3067828354601E+02   0.9620016198671E-17
  0.3076630488477E+02   0.9754670828706E-17
  0.3085457877208E+02   0.9890051088627E-17
  0.3094310593254E+02   0.1002594284605E-16
  0.3103188709285E+02   0.1016229116484E-16
  0.3112092298177E+02   0.1029929965843E-16
  0.3121021433016E+02   0.1043691920923E-16
  0.3129976187098E+02   0.1057500698678E-16
  0.3138956633929E+02   0.1071368679270E-16
  0.3147962847227E+02   0.1085296527105E-16
  0.3156994900919E+02   0.1099299867237E-16
  0.3166052869146E+02   0.1113368476980E-16
  0.3175136826261E+02   0.1127504065532E-16
  0.3184246846832E+02   0.1141726090051E-16
  0.3193383005639E+02   0.1156015538455E-16
  0.3202545377676E+02   0.1170300417710E-16
  0.3211734038154E+02   0.1184497105110E-16
  0.3220949062500E+02   0.1198747469976E-16
  0.3230190526356E+02   0.1213044348003E-16
  0.3239458505581E+02   0.1227378642319E-16
  0.3248753076253E+02   0.1241749815842E-16
  0.3258074314666E+02   0.1256157423269E-16
  0.3267422297337E+02   0.1270601695219E-16
  0.3276797100997E+02   0.1285075014476E-16
  0.3286198802603E+02   0.1299568692367E-16
  0.3295627479327E+02   0.1314083952110E-16
  0.3305083208568E+02   0.1328625897911E-16
  0.3314566067942E+02   0.1343181154178E-16
  0.3324076135292E+02   0.1357736064807E-16
  0.3333613488681E+02   0.1372317717902E-16
  0.3343178206398E+02   0.1386925542077E-16
  0.3352770366956E+02   0.1401552056182E-16
  0.3362390049094E+02   0.1416200767543E-16
  0.3372037331775E+02   0.1430871751659E-16
  0.3381712294190E+02   0.1445564578910E-16
  0.3391415015758E+02   0.1460283791676E-16
  0.3401145576124E+02   0.1475007046329E-16
  0.3410904055162E+02   0.1489721494382E-16
  0.3420690532976E+02   0.1504470396621E-16
  0.3430505089900E+02   0.1519221758538E-16
  0.3440347806497E+02   0.1533968981250E-16
  0.3450218763562E+02   0.1548712459060E-16
  0.3460118042122E+02   0.1563437919362E-16
  0.3470045723436E+02   0.1578158374090E-16
  0.3480001888998E+02   0.1592871740237E-16
  0.3489986620532E+02   0.1607573402103E-16
  0.3500000000000E+02   0.1622271606036E-16
