  0.1450000000000E+02   0.4415464833616E-18
  0.1451576351247E+02   0.4487879659665E-18
  0.1453154416207E+02   0.4543389540981E-18
  0.1454734196743E+02   0.4580290428832E-18
  0.1456315694719E+02   0.4626017953726E-18
  0.1457898912003E+02   0.4687105948550E-18
  0.1459483850464E+02   0.4759418694645E-18
  0.1461070511973E+02   0.4814140597064E-18
  0.1462658898403E+02   0.4882525355091E-18
  0.1464249011630E+02   0.4946757713763E-18
  0.1465840853530E+02   0.4902572335628E-18
  0.1467434425984E+02   0.4966941523692E-18
  0.1469029730872E+02   0.5050153798452E-18
  0.1470626770078E+02   0.5071590730763E-18
  0.1472225545487E+02   0.5134789030745E-18
  0.1473826058987E+02   0.5224855398494E-18
  0.1475428312467E+02   0.5253163899832E-18
  0.1477032307819E+02   0.5292851977491E-18
  0.1478638046937E+02   0.5337758304841E-18
  0.1480245531716E+02   0.5380260110943E-18
  0.1481854764054E+02   0.5422467634668E-18
  0.1483465745851E+02   0.5445692624897E-18
  0.1485078479008E+02   0.5437765846512E-18
  0.1486692965431E+02   0.5405187251068E-18
  0.1488309207024E+02   0.5213559953855E-18
  0.1489927205696E+02   0.4907331307228E-18
  0.1491546963358E+02   0.4545960291607E-18
  0.1493168481921E+02   0.4201291894652E-18
  0.1494791763299E+02   0.4066049842875E-18
  0.1496416809410E+02   0.3932867668821E-18
  0.1498043622171E+02   0.3899810545209E-18
  0.1499672203504E+02   0.3782946368752E-18
  0.1501302555330E+02   0.3557591208303E-18
  0.1502934679575E+02   0.3365592348719E-18
  0.1504568578166E+02   0.3199070137320E-18
  0.1506204253032E+02   0.3048993550186E-18
  0.1507841706103E+02   0.2890756867025E-18
  0.1509480939312E+02   0.2747450088337E-18
  0.1511121954596E+02   0.2631628841383E-18
  0.1512764753891E+02   0.2522743933375E-18
  0.1514409339137E+02   0.2476050195456E-18
  0.1516055712275E+02   0.2509557531424E-18
  0.1517703875250E+02   0.2607178412615E-18
  0.1519353830006E+02   0.2670382726460E-18
  0.1521005578492E+02   0.2697606912542E-18
  0.1522659122658E+02   0.2668394433829E-18
  0.1524314464456E+02   0.2560345113254E-18
  0.1525971605841E+02   0.2536135584696E-18
  0.1527630548768E+02   0.2668192874650E-18
  0.1529291295196E+02   0.3018919051073E-18
  0.1530953847086E+02   0.3205762116397E-18
  0.1532618206401E+02   0.3402858475025E-18
  0.1534284375105E+02   0.3534290035411E-18
  0.1535952355166E+02   0.3674319913906E-18
  0.1537622148553E+02   0.3819285643104E-18
  0.1539293757236E+02   0.3969323042533E-18
  0.1540967183191E+02   0.4135101096538E-18
  0.1542642428392E+02   0.4306118457206E-18
  0.1544319494817E+02   0.4473180055828E-18
  0.1545998384446E+02   0.4658468423166E-18
  0.1547679099260E+02   0.4847976449824E-18
  0.1549361641246E+02   0.4988881448615E-18
  0.1551046012387E+02   0.5185350688346E-18
  0.1552732214674E+02   0.5369837699730E-18
  0.1554420250097E+02   0.5559463761280E-18
  0.1556110120649E+02   0.5720798420905E-18
  0.1557801828325E+02   0.5898944148762E-18
  0.1559495375121E+02   0.6058901226524E-18
  0.1561190763038E+02   0.6197293494360E-18
  0.1562887994077E+02   0.6332615731243E-18
  0.1564587070242E+02   0.6460097919577E-18
  0.1566287993538E+02   0.6615300508203E-18
  0.1567990765974E+02   0.6745134297261E-18
  0.1569695389560E+02   0.6877320615529E-18
  0.1571401866308E+02   0.6993004425948E-18
  0.1573110198234E+02   0.7093310664969E-18
  0.1574820387353E+02   0.7187921996103E-18
  0.1576532435685E+02   0.7281973730906E-18
  0.1578246345252E+02   0.7353692673166E-18
  0.1579962118076E+02   0.7404113929638E-18
  0.1581679756183E+02   0.7501827094596E-18
  0.1583399261601E+02   0.7646592903282E-18
  0.1585120636360E+02   0.7759606929099E-18
  0.1586843882493E+02   0.7827835612465E-18
  0.1588569002033E+02   0.7878012376602E-18
  0.1590295997018E+02   0.7925929754117E-18
  0.1592024869486E+02   0.7971566669697E-18
  0.1593755621478E+02   0.8012238954256E-18
  0.1595488255038E+02   0.8040016318046E-18
  0.1597222772211E+02   0.8094720271201E-18
  0.1598959175045E+02   0.8116314425358E-18
  0.1600697465589E+02   0.8166737525925E-18
  0.1602437645897E+02   0.8194018868361E-18
  0.1604179718022E+02   0.8213569001899E-18
  0.1605923684022E+02   0.8231913731364E-18
  0.1607669545955E+02   0.8239190452552E-18
  0.1609417305881E+02   0.8230697597472E-18
  0.1611166965866E+02   0.8245585071761E-18
  0.1612918527974E+02   0.8249934915298E-18
  0.1614671994272E+02   0.8245604037928E-18
  0.1616427366832E+02   0.8252027311516E-18
  0.1618184647726E+02   0.8259843687019E-18
  0.1619943839028E+02   0.8261064384405E-18
  0.1621704942815E+02   0.8257394227190E-18
  0.1623467961166E+02   0.8250450823560E-18
  0.1625232896163E+02   0.8238306605153E-18
  0.1626999749889E+02   0.8220089565480E-18
  0.1628768524431E+02   0.8187826724611E-18
  0.1630539221875E+02   0.8142344837241E-18
  0.1632311844314E+02   0.8133050494622E-18
  0.1634086393839E+02   0.8129028521644E-18
  0.1635862872546E+02   0.8113453847237E-18
  0.1637641282532E+02   0.8080648724633E-18
  0.1639421625897E+02   0.8030267805173E-18
  0.1641203904741E+02   0.7994284118160E-18
  0.1642988121170E+02   0.7965348268582E-18
  0.1644774277290E+02   0.7929674135049E-18
  0.1646562375210E+02   0.7892719181277E-18
  0.1648352417040E+02   0.7857943583277E-18
  0.1650144404894E+02   0.7817296701985E-18
  0.1651938340888E+02   0.7807491282783E-18
  0.1653734227139E+02   0.7798692494226E-18
  0.1655532065768E+02   0.7787446777363E-18
  0.1657331858896E+02   0.7782395855394E-18
  0.1659133608650E+02   0.7767958441074E-18
  0.1660937317156E+02   0.7746667914617E-18
  0.1662742986543E+02   0.7725820880212E-18
  0.1664550618944E+02   0.7702422449551E-18
  0.1666360216491E+02   0.7680663099516E-18
  0.1668171781323E+02   0.7654443017130E-18
  0.1669985315577E+02   0.7616840031786E-18
  0.1671800821394E+02   0.7607317359063E-18
  0.1673618300918E+02   0.7585603281176E-18
  0.1675437756295E+02   0.7565879060937E-18
  0.1677259189672E+02   0.7539828790378E-18
  0.1679082603200E+02   0.7493263274713E-18
  0.1680907999031E+02   0.7466361217725E-18
  0.1682735379322E+02   0.7439830739750E-18
  0.1684564746228E+02   0.7410742169443E-18
  0.1686396101910E+02   0.7380515912175E-18
  0.1688229448530E+02   0.7346104576305E-18
  0.1690064788251E+02   0.7310232761049E-18
  0.1691902123242E+02   0.7276969856355E-18
  0.1693741455672E+02   0.7251640521793E-18
  0.1695582787710E+02   0.7229978628284E-18
  0.1697426121532E+02   0.7184347691703E-18
  0.1699271459314E+02   0.7120753089224E-18
  0.1701118803235E+02   0.7091179519922E-18
  0.1702968155474E+02   0.7085491862777E-18
  0.1704819518216E+02   0.7084610851705E-18
  0.1706672893646E+02   0.7060479279929E-18
  0.1708528283953E+02   0.7042297326648E-18
  0.1710385691326E+02   0.7042795857951E-18
  0.1712245117959E+02   0.7026620984153E-18
  0.1714106566047E+02   0.7002388003005E-18
  0.1715970037787E+02   0.6985817181152E-18
  0.1717835535380E+02   0.6977117296445E-18
  0.1719703061027E+02   0.6962997948762E-18
  0.1721572616934E+02   0.6948265217011E-18
  0.1723444205308E+02   0.6937347733972E-18
  0.1725317828358E+02   0.6929209358142E-18
  0.1727193488296E+02   0.6907357781295E-18
  0.1729071187337E+02   0.6896503118371E-18
  0.1730950927698E+02   0.6885550497055E-18
  0.1732832711597E+02   0.6877990328999E-18
  0.1734716541257E+02   0.6864268532826E-18
  0.1736602418900E+02   0.6828920759558E-18
  0.1738490346755E+02   0.6795036258687E-18
  0.1740380327049E+02   0.6768266849484E-18
  0.1742272362014E+02   0.6750335546590E-18
  0.1744166453884E+02   0.6738195966815E-18
  0.1746062604894E+02   0.6729980288267E-18
  0.1747960817284E+02   0.6710227788572E-18
  0.1749861093293E+02   0.6676335033436E-18
  0.1751763435167E+02   0.6676961848988E-18
  0.1753667845151E+02   0.6691565177099E-18
  0.1755574325492E+02   0.6703241804425E-18
  0.1757482878442E+02   0.6708970130082E-18
  0.1759393506254E+02   0.6721447430729E-18
  0.1761306211184E+02   0.6731562231440E-18
  0.1763220995489E+02   0.6742484931375E-18
  0.1765137861431E+02   0.6748863218290E-18
  0.1767056811272E+02   0.6753981603427E-18
  0.1768977847278E+02   0.6763178476273E-18
  0.1770900971716E+02   0.6769655658617E-18
  0.1772826186858E+02   0.6780288142236E-18
  0.1774753494976E+02   0.6789602727515E-18
  0.1776682898345E+02   0.6797735899085E-18
  0.1778614399243E+02   0.6804791223489E-18
  0.1780547999951E+02   0.6801215078354E-18
  0.1782483702752E+02   0.6809964116193E-18
  0.1784421509930E+02   0.6817696188186E-18
  0.1786361423773E+02   0.6826126095884E-18
  0.1788303446572E+02   0.6828914991510E-18
  0.1790247580619E+02   0.6829507742880E-18
  0.1792193828210E+02   0.6840148434913E-18
  0.1794142191642E+02   0.6842014939783E-18
  0.1796092673215E+02   0.6853944838803E-18
  0.1798045275233E+02   0.6847093256997E-18
  0.1800000000000E+02   0.6827877994948E-18
