  0.1450000000000E+02   0.3929876877835E-18
  0.1451576351247E+02   0.3997123481892E-18
  0.1453154416207E+02   0.4054028686006E-18
  0.1454734196743E+02   0.4093408444615E-18
  0.1456315694719E+02   0.4134186698335E-18
  0.1457898912003E+02   0.4186617342455E-18
  0.1459483850464E+02   0.4262535821091E-18
  0.1461070511973E+02   0.4304533297394E-18
  0.1462658898403E+02   0.4374091566859E-18
  0.1464249011630E+02   0.4439203339497E-18
  0.1465840853530E+02   0.4300574232937E-18
  0.1467434425984E+02   0.4369038417845E-18
  0.1469029730872E+02   0.4474328376658E-18
  0.1470626770078E+02   0.4459635922119E-18
  0.1472225545487E+02   0.4523040527743E-18
  0.1473826058987E+02   0.4645805785306E-18
  0.1475428312467E+02   0.4660420794305E-18
  0.1477032307819E+02   0.4698735325521E-18
  0.1478638046937E+02   0.4750343646598E-18
  0.1480245531716E+02   0.4802131891812E-18
  0.1481854764054E+02   0.4856408722974E-18
  0.1483465745851E+02   0.4890073064525E-18
  0.1485078479008E+02   0.4885750462492E-18
  0.1486692965431E+02   0.4844014448274E-18
  0.1488309207024E+02   0.4528880781017E-18
  0.1489927205696E+02   0.4044489735596E-18
  0.1491546963358E+02   0.3507721886661E-18
  0.1493168481921E+02   0.3045928670437E-18
  0.1494791763299E+02   0.2937135930058E-18
  0.1496416809410E+02   0.2843036215024E-18
  0.1498043622171E+02   0.2916780366230E-18
  0.1499672203504E+02   0.2869548531880E-18
  0.1501302555330E+02   0.2651176981904E-18
  0.1502934679575E+02   0.2485896647816E-18
  0.1504568578166E+02   0.2358092662975E-18
  0.1506204253032E+02   0.2249042088545E-18
  0.1507841706103E+02   0.2116039035373E-18
  0.1509480939312E+02   0.1997183616497E-18
  0.1511121954596E+02   0.1910679285141E-18
  0.1512764753891E+02   0.1820068457688E-18
  0.1514409339137E+02   0.1805037916817E-18
  0.1516055712275E+02   0.1900330941214E-18
  0.1517703875250E+02   0.2093299327610E-18
  0.1519353830006E+02   0.2213174024460E-18
  0.1521005578492E+02   0.2257535413863E-18
  0.1522659122658E+02   0.2176361908230E-18
  0.1524314464456E+02   0.1950959032744E-18
  0.1525971605841E+02   0.1859120370240E-18
  0.1527630548768E+02   0.2001665788861E-18
  0.1529291295196E+02   0.2506404163053E-18
  0.1530953847086E+02   0.2736580889144E-18
  0.1532618206401E+02   0.2981464525917E-18
  0.1534284375105E+02   0.3097647652311E-18
  0.1535952355166E+02   0.3219858121953E-18
  0.1537622148553E+02   0.3344172705781E-18
  0.1539293757236E+02   0.3473335079475E-18
  0.1540967183191E+02   0.3616403336742E-18
  0.1542642428392E+02   0.3763303163598E-18
  0.1544319494817E+02   0.3907428401785E-18
  0.1545998384446E+02   0.4067025835806E-18
  0.1547679099260E+02   0.4230978067337E-18
  0.1549361641246E+02   0.4312287368674E-18
  0.1551046012387E+02   0.4495585073501E-18
  0.1552732214674E+02   0.4656493088598E-18
  0.1554420250097E+02   0.4829749757927E-18
  0.1556110120649E+02   0.4957354703012E-18
  0.1557801828325E+02   0.5122760264557E-18
  0.1559495375121E+02   0.5260599633494E-18
  0.1561190763038E+02   0.5366299286597E-18
  0.1562887994077E+02   0.5470585240052E-18
  0.1564587070242E+02   0.5563045674620E-18
  0.1566287993538E+02   0.5715984652579E-18
  0.1567990765974E+02   0.5827580700612E-18
  0.1569695389560E+02   0.5940479360267E-18
  0.1571401866308E+02   0.6035046322452E-18
  0.1573110198234E+02   0.6116728289352E-18
  0.1574820387353E+02   0.6192811729819E-18
  0.1576532435685E+02   0.6269275559874E-18
  0.1578246345252E+02   0.6324794270686E-18
  0.1579962118076E+02   0.6361291122377E-18
  0.1581679756183E+02   0.6440655507341E-18
  0.1583399261601E+02   0.6561194998063E-18
  0.1585120636360E+02   0.6650674304842E-18
  0.1586843882493E+02   0.6703307811769E-18
  0.1588569002033E+02   0.6739153767955E-18
  0.1590295997018E+02   0.6774110527549E-18
  0.1592024869486E+02   0.6807702381688E-18
  0.1593755621478E+02   0.6830165784698E-18
  0.1595488255038E+02   0.6826856310186E-18
  0.1597222772211E+02   0.6878327819216E-18
  0.1598959175045E+02   0.6879943918021E-18
  0.1600697465589E+02   0.6933410449507E-18
  0.1602437645897E+02   0.6948553429112E-18
  0.1604179718022E+02   0.6957132450386E-18
  0.1605923684022E+02   0.6964266327987E-18
  0.1607669545955E+02   0.6962024426617E-18
  0.1609417305881E+02   0.6932020937439E-18
  0.1611166965866E+02   0.6938470867577E-18
  0.1612918527974E+02   0.6930222521111E-18
  0.1614671994272E+02   0.6916934282904E-18
  0.1616427366832E+02   0.6921057470527E-18
  0.1618184647726E+02   0.6923588010296E-18
  0.1619943839028E+02   0.6915566556993E-18
  0.1621704942815E+02   0.6903409205572E-18
  0.1623467961166E+02   0.6889944183285E-18
  0.1625232896163E+02   0.6870601523017E-18
  0.1626999749889E+02   0.6845167926545E-18
  0.1628768524431E+02   0.6800141881836E-18
  0.1630539221875E+02   0.6730704581143E-18
  0.1632311844314E+02   0.6722616885587E-18
  0.1634086393839E+02   0.6718087240170E-18
  0.1635862872546E+02   0.6696282530331E-18
  0.1637641282532E+02   0.6668669478395E-18
  0.1639421625897E+02   0.6616779549222E-18
  0.1641203904741E+02   0.6578058745617E-18
  0.1642988121170E+02   0.6544503399758E-18
  0.1644774277290E+02   0.6503853381720E-18
  0.1646562375210E+02   0.6463929942048E-18
  0.1648352417040E+02   0.6424800476986E-18
  0.1650144404894E+02   0.6372252467933E-18
  0.1651938340888E+02   0.6364769763996E-18
  0.1653734227139E+02   0.6351675619958E-18
  0.1655532065768E+02   0.6330984969460E-18
  0.1657331858896E+02   0.6321149727740E-18
  0.1659133608650E+02   0.6302318193148E-18
  0.1660937317156E+02   0.6279075148564E-18
  0.1662742986543E+02   0.6255442723833E-18
  0.1664550618944E+02   0.6227516914389E-18
  0.1666360216491E+02   0.6203599297877E-18
  0.1668171781323E+02   0.6173373170566E-18
  0.1669985315577E+02   0.6123144524287E-18
  0.1671800821394E+02   0.6119381594506E-18
  0.1673618300918E+02   0.6094359362535E-18
  0.1675437756295E+02   0.6070237598925E-18
  0.1677259189672E+02   0.6042404651714E-18
  0.1679082603200E+02   0.5986734712264E-18
  0.1680907999031E+02   0.5963858307423E-18
  0.1682735379322E+02   0.5937309272974E-18
  0.1684564746228E+02   0.5905584266599E-18
  0.1686396101910E+02   0.5874097826021E-18
  0.1688229448530E+02   0.5838784972147E-18
  0.1690064788251E+02   0.5803163010731E-18
  0.1691902123242E+02   0.5768835058098E-18
  0.1693741455672E+02   0.5740836528768E-18
  0.1695582787710E+02   0.5716915581272E-18
  0.1697426121532E+02   0.5666924338904E-18
  0.1699271459314E+02   0.5601917813720E-18
  0.1701118803235E+02   0.5578482776016E-18
  0.1702968155474E+02   0.5570848167220E-18
  0.1704819518216E+02   0.5566809109486E-18
  0.1706672893646E+02   0.5527413708862E-18
  0.1708528283953E+02   0.5500491700940E-18
  0.1710385691326E+02   0.5507705435107E-18
  0.1712245117959E+02   0.5489967377314E-18
  0.1714106566047E+02   0.5460087814087E-18
  0.1715970037787E+02   0.5442258397609E-18
  0.1717835535380E+02   0.5436735569203E-18
  0.1719703061027E+02   0.5422234752353E-18
  0.1721572616934E+02   0.5405133634903E-18
  0.1723444205308E+02   0.5391534035738E-18
  0.1725317828358E+02   0.5382040011216E-18
  0.1727193488296E+02   0.5351499800629E-18
  0.1729071187337E+02   0.5341238134335E-18
  0.1730950927698E+02   0.5327427014579E-18
  0.1732832711597E+02   0.5316042342036E-18
  0.1734716541257E+02   0.5299858753247E-18
  0.1736602418900E+02   0.5261914374217E-18
  0.1738490346755E+02   0.5233096779556E-18
  0.1740380327049E+02   0.5208154201481E-18
  0.1742272362014E+02   0.5188960634635E-18
  0.1744166453884E+02   0.5173625032589E-18
  0.1746062604894E+02   0.5165424375671E-18
  0.1747960817284E+02   0.5142799212324E-18
  0.1749861093293E+02   0.5096360470693E-18
  0.1751763435167E+02   0.5094693968044E-18
  0.1753667845151E+02   0.5106662629595E-18
  0.1755574325492E+02   0.5114695141305E-18
  0.1757482878442E+02   0.5115162247092E-18
  0.1759393506254E+02   0.5124969109080E-18
  0.1761306211184E+02   0.5127460086745E-18
  0.1763220995489E+02   0.5132104555077E-18
  0.1765137861431E+02   0.5133365818565E-18
  0.1767056811272E+02   0.5132627789830E-18
  0.1768977847278E+02   0.5136396826889E-18
  0.1770900971716E+02   0.5133730952110E-18
  0.1772826186858E+02   0.5139121198400E-18
  0.1774753494976E+02   0.5142897388795E-18
  0.1776682898345E+02   0.5146298909349E-18
  0.1778614399243E+02   0.5150318288531E-18
  0.1780547999951E+02   0.5137917291037E-18
  0.1782483702752E+02   0.5143888813014E-18
  0.1784421509930E+02   0.5147014846684E-18
  0.1786361423773E+02   0.5151206021512E-18
  0.1788303446572E+02   0.5146365080486E-18
  0.1790247580619E+02   0.5138614479398E-18
  0.1792193828210E+02   0.5147651125458E-18
  0.1794142191642E+02   0.5140737143559E-18
  0.1796092673215E+02   0.5150137541264E-18
  0.1798045275233E+02   0.5141627134181E-18
  0.1800000000000E+02   0.5123605010749E-18
