  0.1450000000000E+02   0.1229141056611E-18
  0.1451576351247E+02   0.1252868701632E-18
  0.1453154416207E+02   0.1275720944476E-18
  0.1454734196743E+02   0.1292012208276E-18
  0.1456315694719E+02   0.1305257252778E-18
  0.1457898912003E+02   0.1321432349556E-18
  0.1459483850464E+02   0.1352952754832E-18
  0.1461070511973E+02   0.1363051087965E-18
  0.1462658898403E+02   0.1390804870699E-18
  0.1464249011630E+02   0.1416393643607E-18
  0.1465840853530E+02   0.1316033377585E-18
  0.1467434425984E+02   0.1344728763697E-18
  0.1469029730872E+02   0.1396472077856E-18
  0.1470626770078E+02   0.1373436592523E-18
  0.1472225545487E+02   0.1398178834094E-18
  0.1473826058987E+02   0.1461860031046E-18
  0.1475428312467E+02   0.1460781625459E-18
  0.1477032307819E+02   0.1475178772568E-18
  0.1478638046937E+02   0.1498796539795E-18
  0.1480245531716E+02   0.1523472679866E-18
  0.1481854764054E+02   0.1550262709657E-18
  0.1483465745851E+02   0.1568297613916E-18
  0.1485078479008E+02   0.1568212963113E-18
  0.1486692965431E+02   0.1546058329777E-18
  0.1488309207024E+02   0.1363138611374E-18
  0.1489927205696E+02   0.1103427958512E-18
  0.1491546963358E+02   0.8376562489675E-19
  0.1493168481921E+02   0.6385133504251E-19
  0.1494791763299E+02   0.5980569995520E-19
  0.1496416809410E+02   0.5652437550972E-19
  0.1498043622171E+02   0.5993669228882E-19
  0.1499672203504E+02   0.5848378101363E-19
  0.1501302555330E+02   0.5029315699137E-19
  0.1502934679575E+02   0.4444006886135E-19
  0.1504568578166E+02   0.4015583738046E-19
  0.1506204253032E+02   0.3661221893593E-19
  0.1507841706103E+02   0.3246648335182E-19
  0.1509480939312E+02   0.2898524352684E-19
  0.1511121954596E+02   0.2660922952752E-19
  0.1512764753891E+02   0.2417171970511E-19
  0.1514409339137E+02   0.2356226022199E-19
  0.1516055712275E+02   0.2544606352351E-19
  0.1517703875250E+02   0.2980640632165E-19
  0.1519353830006E+02   0.3249607166511E-19
  0.1521005578492E+02   0.3343560118509E-19
  0.1522659122658E+02   0.3125531584121E-19
  0.1524314464456E+02   0.2586437063114E-19
  0.1525971605841E+02   0.2464749624543E-19
  0.1527630548768E+02   0.3008627031535E-19
  0.1529291295196E+02   0.4901194343367E-19
  0.1530953847086E+02   0.6026692317970E-19
  0.1532618206401E+02   0.7229041377558E-19
  0.1534284375105E+02   0.7741351694903E-19
  0.1535952355166E+02   0.8159211986696E-19
  0.1537622148553E+02   0.8518623418214E-19
  0.1539293757236E+02   0.8866773165357E-19
  0.1540967183191E+02   0.9242862692332E-19
  0.1542642428392E+02   0.9619523389784E-19
  0.1544319494817E+02   0.9975111124514E-19
  0.1545998384446E+02   0.1036402934531E-18
  0.1547679099260E+02   0.1076581548044E-18
  0.1549361641246E+02   0.1075118930081E-18
  0.1551046012387E+02   0.1122932886342E-18
  0.1552732214674E+02   0.1158866855868E-18
  0.1554420250097E+02   0.1200356615958E-18
  0.1556110120649E+02   0.1221329228822E-18
  0.1557801828325E+02   0.1261702690779E-18
  0.1559495375121E+02   0.1288967871255E-18
  0.1561190763038E+02   0.1302042241277E-18
  0.1562887994077E+02   0.1315744622371E-18
  0.1564587070242E+02   0.1324186979789E-18
  0.1566287993538E+02   0.1362168153823E-18
  0.1567990765974E+02   0.1383261749031E-18
  0.1569695389560E+02   0.1405257769431E-18
  0.1571401866308E+02   0.1418787525037E-18
  0.1573110198234E+02   0.1429757553023E-18
  0.1574820387353E+02   0.1438321308816E-18
  0.1576532435685E+02   0.1444130660962E-18
  0.1578246345252E+02   0.1445652276556E-18
  0.1579962118076E+02   0.1442063151579E-18
  0.1581679756183E+02   0.1449302912826E-18
  0.1583399261601E+02   0.1466330156284E-18
  0.1585120636360E+02   0.1473955957651E-18
  0.1586843882493E+02   0.1472591732401E-18
  0.1588569002033E+02   0.1466689233383E-18
  0.1590295997018E+02   0.1460990162985E-18
  0.1592024869486E+02   0.1455738395518E-18
  0.1593755621478E+02   0.1445913294916E-18
  0.1595488255038E+02   0.1424402457634E-18
  0.1597222772211E+02   0.1424883838013E-18
  0.1598959175045E+02   0.1405497749685E-18
  0.1600697465589E+02   0.1407794657341E-18
  0.1602437645897E+02   0.1396297662809E-18
  0.1604179718022E+02   0.1381847546379E-18
  0.1605923684022E+02   0.1369488230452E-18
  0.1607669545955E+02   0.1353098260157E-18
  0.1609417305881E+02   0.1326927129967E-18
  0.1611166965866E+02   0.1313848008048E-18
  0.1612918527974E+02   0.1296371479355E-18
  0.1614671994272E+02   0.1278248260976E-18
  0.1616427366832E+02   0.1265089026535E-18
  0.1618184647726E+02   0.1251782022723E-18
  0.1619943839028E+02   0.1235996186292E-18
  0.1621704942815E+02   0.1219671985287E-18
  0.1623467961166E+02   0.1203138681907E-18
  0.1625232896163E+02   0.1184624611247E-18
  0.1626999749889E+02   0.1164662692709E-18
  0.1628768524431E+02   0.1139106399486E-18
  0.1630539221875E+02   0.1106276369308E-18
  0.1632311844314E+02   0.1092745007329E-18
  0.1634086393839E+02   0.1081404351150E-18
  0.1635862872546E+02   0.1065077573752E-18
  0.1637641282532E+02   0.1047090942264E-18
  0.1639421625897E+02   0.1023643221137E-18
  0.1641203904741E+02   0.1004582101387E-18
  0.1642988121170E+02   0.9864364843967E-19
  0.1644774277290E+02   0.9666327851290E-19
  0.1646562375210E+02   0.9473075886689E-19
  0.1648352417040E+02   0.9272522809440E-19
  0.1650144404894E+02   0.9048971162283E-19
  0.1651938340888E+02   0.8962773219075E-19
  0.1653734227139E+02   0.8861692475789E-19
  0.1655532065768E+02   0.8732985003174E-19
  0.1657331858896E+02   0.8633578369148E-19
  0.1659133608650E+02   0.8523965331745E-19
  0.1660937317156E+02   0.8410144414399E-19
  0.1662742986543E+02   0.8297013983618E-19
  0.1664550618944E+02   0.8166714791507E-19
  0.1666360216491E+02   0.8048417465823E-19
  0.1668171781323E+02   0.7923782176240E-19
  0.1669985315577E+02   0.7752754599349E-19
  0.1671800821394E+02   0.7690323301779E-19
  0.1673618300918E+02   0.7574940303399E-19
  0.1675437756295E+02   0.7465067400957E-19
  0.1677259189672E+02   0.7350583173113E-19
  0.1679082603200E+02   0.7180836474101E-19
  0.1680907999031E+02   0.7091070439444E-19
  0.1682735379322E+02   0.6985514417980E-19
  0.1684564746228E+02   0.6867176396211E-19
  0.1686396101910E+02   0.6752920877596E-19
  0.1688229448530E+02   0.6636927335933E-19
  0.1690064788251E+02   0.6527676015764E-19
  0.1691902123242E+02   0.6417758495566E-19
  0.1693741455672E+02   0.6314409348732E-19
  0.1695582787710E+02   0.6218609167961E-19
  0.1697426121532E+02   0.6080901293321E-19
  0.1699271459314E+02   0.5928659734342E-19
  0.1701118803235E+02   0.5858243824668E-19
  0.1702968155474E+02   0.5815826569118E-19
  0.1704819518216E+02   0.5776951175159E-19
  0.1706672893646E+02   0.5665639772662E-19
  0.1708528283953E+02   0.5583291275246E-19
  0.1710385691326E+02   0.5569218565978E-19
  0.1712245117959E+02   0.5510902547863E-19
  0.1714106566047E+02   0.5432726141683E-19
  0.1715970037787E+02   0.5376470246885E-19
  0.1717835535380E+02   0.5341018303067E-19
  0.1719703061027E+02   0.5288929495323E-19
  0.1721572616934E+02   0.5231448807083E-19
  0.1723444205308E+02   0.5178718452954E-19
  0.1725317828358E+02   0.5134386835083E-19
  0.1727193488296E+02   0.5056229950751E-19
  0.1729071187337E+02   0.5013712109497E-19
  0.1730950927698E+02   0.4960989617898E-19
  0.1732832711597E+02   0.4912834648354E-19
  0.1734716541257E+02   0.4864952828320E-19
  0.1736602418900E+02   0.4792190021234E-19
  0.1738490346755E+02   0.4736953043921E-19
  0.1740380327049E+02   0.4680823901054E-19
  0.1742272362014E+02   0.4626554939300E-19
  0.1744166453884E+02   0.4578187105764E-19
  0.1746062604894E+02   0.4543183632611E-19
  0.1747960817284E+02   0.4488432149492E-19
  0.1749861093293E+02   0.4398912104177E-19
  0.1751763435167E+02   0.4379554176962E-19
  0.1753667845151E+02   0.4380261247130E-19
  0.1755574325492E+02   0.4374546438378E-19
  0.1757482878442E+02   0.4358189476916E-19
  0.1759393506254E+02   0.4358910251635E-19
  0.1761306211184E+02   0.4348835877528E-19
  0.1763220995489E+02   0.4340060830256E-19
  0.1765137861431E+02   0.4327953648398E-19
  0.1767056811272E+02   0.4312486819937E-19
  0.1768977847278E+02   0.4301944119444E-19
  0.1770900971716E+02   0.4280941293270E-19
  0.1772826186858E+02   0.4273736660026E-19
  0.1774753494976E+02   0.4264576328672E-19
  0.1776682898345E+02   0.4255563148332E-19
  0.1778614399243E+02   0.4248229323906E-19
  0.1780547999951E+02   0.4217891452522E-19
  0.1782483702752E+02   0.4214199398711E-19
  0.1784421509930E+02   0.4205043061541E-19
  0.1786361423773E+02   0.4197198473837E-19
  0.1788303446572E+02   0.4176872038129E-19
  0.1790247580619E+02   0.4153567673313E-19
  0.1792193828210E+02   0.4155438331596E-19
  0.1794142191642E+02   0.4134643506562E-19
  0.1796092673215E+02   0.4139823821498E-19
  0.1798045275233E+02   0.4124228356783E-19
  0.1800000000000E+02   0.4099531048648E-19
