           1
        1000
  
  0.2000000000000E+01   0.1170818147370E-23
  0.2005738348342E+01   0.1183453019789E-23
  0.2011493161004E+01   0.1206254191375E-23
  0.2017264485226E+01   0.1518656852818E-23
  0.2023052368383E+01   0.1821370384269E-23
  0.2028856857985E+01   0.1822039095337E-23
  0.2034678001678E+01   0.2125871065457E-23
  0.2040515847246E+01   0.1973279332280E-23
  0.2046370442610E+01   0.2287790848965E-23
  0.2052241835828E+01   0.3546450213817E-23
  0.2058130075096E+01   0.3034294414847E-23
  0.2064035208748E+01   0.3371660428872E-23
  0.2069957285256E+01   0.3565523629136E-23
  0.2075896353234E+01   0.4563848115734E-23
  0.2081852461432E+01   0.4804354910587E-23
  0.2087825658742E+01   0.4861797321403E-23
  0.2093815994195E+01   0.5554361736185E-23
  0.2099823516964E+01   0.5711573307311E-23
  0.2105848276362E+01   0.5899116642276E-23
  0.2111890321844E+01   0.6954269024778E-23
  0.2117949703007E+01   0.7341024984091E-23
  0.2124026469590E+01   0.7204129267486E-23
  0.2130120671475E+01   0.8418080825624E-23
  0.2136232358686E+01   0.9134196554785E-23
  0.2142361581393E+01   0.9781673141328E-23
  0.2148508389907E+01   0.1064960882571E-22
  0.2154672834685E+01   0.1187689312305E-22
  0.2160854966329E+01   0.1343395046916E-22
  0.2167054835585E+01   0.1355782447032E-22
  0.2173272493346E+01   0.1178145442297E-22
  0.2179507990650E+01   0.1365564125150E-22
  0.2185761378682E+01   0.1436486578870E-22
  0.2192032708773E+01   0.1605083937246E-22
  0.2198322032403E+01   0.1709114965442E-22
  0.2204629401197E+01   0.1922610507297E-22
  0.2210954866931E+01   0.2056355438892E-22
  0.2217298481528E+01   0.2389843500732E-22
  0.2223660297061E+01   0.2539497537789E-22
  0.2230040365750E+01   0.2506413543338E-22
  0.2236438739967E+01   0.2435290841563E-22
  0.2242855472234E+01   0.3015833063615E-22
  0.2249290615224E+01   0.3191713798394E-22
  0.2255744221760E+01   0.3245515157978E-22
  0.2262216344817E+01   0.3414228342946E-22
  0.2268707037522E+01   0.3797009274769E-22
  0.2275216353156E+01   0.4168705246855E-22
  0.2281744345149E+01   0.4636344090600E-22
  0.2288291067089E+01   0.5198792044708E-22
  0.2294856572714E+01   0.5338840367737E-22
  0.2301440915918E+01   0.5446905654544E-22
  0.2308044150750E+01   0.6034234680189E-22
  0.2314666331412E+01   0.5855991001841E-22
  0.2321307512264E+01   0.6677988647221E-22
  0.2327967747821E+01   0.7121866174529E-22
  0.2334647092753E+01   0.7621260009798E-22
  0.2341345601890E+01   0.8124251274234E-22
  0.2348063330216E+01   0.8048711073609E-22
  0.2354800332874E+01   0.9145341748753E-22
  0.2361556665167E+01   0.9864847406762E-22
  0.2368332382554E+01   0.9968400071501E-22
  0.2375127540653E+01   0.1080766473167E-21
  0.2381942195246E+01   0.1089728596768E-21
  0.2388776402269E+01   0.1169579377852E-21
  0.2395630217822E+01   0.1164719701163E-21
  0.2402503698166E+01   0.1320666101507E-21
  0.2409396899722E+01   0.1393076328050E-21
  0.2416309879074E+01   0.1405199569466E-21
  0.2423242692967E+01   0.1585611198466E-21
  0.2430195398312E+01   0.1551608636562E-21
  0.2437168052179E+01   0.1816439647706E-21
  0.2444160711804E+01   0.1897848539832E-21
  0.2451173434587E+01   0.2013237323656E-21
  0.2458206278094E+01   0.2070849971083E-21
  0.2465259300054E+01   0.2388036458393E-21
  0.2472332558362E+01   0.2374366954702E-21
  0.2479426111080E+01   0.2597280228514E-21
  0.2486540016437E+01   0.2699118660400E-21
  0.2493674332826E+01   0.2867320302281E-21
  0.2500829118813E+01   0.2696035056426E-21
  0.2508004433126E+01   0.2894056790247E-21
  0.2515200334666E+01   0.3056128968271E-21
  0.2522416882500E+01   0.3239313075118E-21
  0.2529654135868E+01   0.3531501782215E-21
  0.2536912154175E+01   0.3907714090936E-21
  0.2544190997002E+01   0.4218974963660E-21
  0.2551490724096E+01   0.4401242292467E-21
  0.2558811395379E+01   0.4579080942387E-21
  0.2566153070942E+01   0.5064134603929E-21
  0.2573515811052E+01   0.5320559193192E-21
  0.2580899676145E+01   0.5584429436290E-21
  0.2588304726834E+01   0.5976556995525E-21
  0.2595731023902E+01   0.6445892024994E-21
  0.2603178628310E+01   0.6810942695278E-21
  0.2610647601193E+01   0.7317686868705E-21
  0.2618138003859E+01   0.7835898261472E-21
  0.2625649897795E+01   0.8472830335773E-21
  0.2633183344664E+01   0.8964870137499E-21
  0.2640738406303E+01   0.9604471644617E-21
  0.2648315144731E+01   0.1027814529294E-20
  0.2655913622140E+01   0.1095730791290E-20
  0.2663533900905E+01   0.1157968938941E-20
  0.2671176043576E+01   0.1254966832571E-20
  0.2678840112886E+01   0.1336819474044E-20
  0.2686526171746E+01   0.1448794794065E-20
  0.2694234283247E+01   0.1577486836761E-20
  0.2701964510663E+01   0.1631909066724E-20
  0.2709716917447E+01   0.1701125695467E-20
  0.2717491567237E+01   0.1903755735659E-20
  0.2725288523851E+01   0.2050043396314E-20
  0.2733107851292E+01   0.2235570512160E-20
  0.2740949613745E+01   0.2344545188820E-20
  0.2748813875580E+01   0.2507640750870E-20
  0.2756700701352E+01   0.2746170252802E-20
  0.2764610155801E+01   0.3107997303918E-20
  0.2772542303853E+01   0.3460190822536E-20
  0.2780497210618E+01   0.3788725677630E-20
  0.2788474941397E+01   0.4244696086797E-20
  0.2796475561675E+01   0.4722492188506E-20
  0.2804499137126E+01   0.4113253775507E-20
  0.2812545733612E+01   0.2773829516777E-20
  0.2820615417185E+01   0.1684698690288E-20
  0.2828708254086E+01   0.8886682098363E-21
  0.2836824310746E+01   0.3496537449691E-21
  0.2844963653785E+01   0.9553846774109E-22
  0.2853126350018E+01   0.2649959899363E-22
  0.2861312466447E+01   0.7004943899937E-23
  0.2869522070270E+01   0.1700871332955E-23
  0.2877755228877E+01   0.4321338216212E-24
  0.2886012009850E+01   0.1142084871660E-24
  0.2894292480965E+01   0.3246736764291E-25
  0.2902596710194E+01   0.1048585038497E-25
  0.2910924765703E+01   0.3973187013454E-26
  0.2919276715854E+01   0.1718618275710E-26
  0.2927652629205E+01   0.8953062411137E-27
  0.2936052574510E+01   0.5169837341901E-27
  0.2944476620721E+01   0.3430843721879E-27
  0.2952924836988E+01   0.2490957103324E-27
  0.2961397292658E+01   0.1915084432477E-27
  0.2969894057280E+01   0.1549324135813E-27
  0.2978415200599E+01   0.1297548777533E-27
  0.2986960792563E+01   0.1153763475653E-27
  0.2995530903318E+01   0.9920291827302E-28
  0.3004125603214E+01   0.9055262417720E-28
  0.3012744962800E+01   0.8417744599903E-28
  0.3021389052831E+01   0.7939922092650E-28
  0.3030057944261E+01   0.7871239391270E-28
  0.3038751708251E+01   0.8282782850945E-28
  0.3047470416164E+01   0.9023482828433E-28
  0.3056214139568E+01   0.1029215364409E-27
  0.3064982950238E+01   0.1246844243353E-27
  0.3073776920153E+01   0.1549423900328E-27
  0.3082596121499E+01   0.1996238610706E-27
  0.3091440626670E+01   0.2625436450838E-27
  0.3100310508267E+01   0.3645365001974E-27
  0.3109205839099E+01   0.5290012241523E-27
  0.3118126692184E+01   0.7702827195845E-27
  0.3127073140750E+01   0.1167594949076E-26
  0.3136045258236E+01   0.1872013175075E-26
  0.3145043118290E+01   0.3057988148444E-26
  0.3154066794771E+01   0.5187378031651E-26
  0.3163116361751E+01   0.8748326578638E-26
  0.3172191893516E+01   0.1544375128865E-25
  0.3181293464562E+01   0.2732830428666E-25
  0.3190421149600E+01   0.5063441230972E-25
  0.3199575023556E+01   0.9594179182076E-25
  0.3208755161572E+01   0.1845468753588E-24
  0.3217961639002E+01   0.3680491185383E-24
  0.3227194531419E+01   0.7266501644080E-24
  0.3236453914613E+01   0.1456487209488E-23
  0.3245739864590E+01   0.2986779784654E-23
  0.3255052457574E+01   0.6008169612385E-23
  0.3264391770010E+01   0.1172796327037E-22
  0.3273757878560E+01   0.2310806374332E-22
  0.3283150860107E+01   0.4369240430177E-22
  0.3292570791754E+01   0.7323350956200E-22
  0.3302017750825E+01   0.1144567166141E-21
  0.3311491814867E+01   0.1666851759087E-21
  0.3320993061649E+01   0.2275243207895E-21
  0.3330521569163E+01   0.2981610652609E-21
  0.3340077415625E+01   0.3749261828167E-21
  0.3349660679474E+01   0.4562620903297E-21
  0.3359271439377E+01   0.5575010576147E-21
  0.3368909774224E+01   0.6366798231621E-21
  0.3378575763132E+01   0.7249206808774E-21
  0.3388269485445E+01   0.8245069689271E-21
  0.3397991020737E+01   0.9359850209191E-21
  0.3407740448806E+01   0.1038401600057E-20
  0.3417517849683E+01   0.1156333047932E-20
  0.3427323303625E+01   0.1254218320807E-20
  0.3437156891123E+01   0.1357164595825E-20
  0.3447018692896E+01   0.1455741472492E-20
  0.3456908789896E+01   0.1563315167559E-20
  0.3466827263307E+01   0.1653214784960E-20
  0.3476774194546E+01   0.1764755601384E-20
  0.3486749665263E+01   0.1836468441807E-20
  0.3496753757342E+01   0.1908210015878E-20
  0.3506786552905E+01   0.2044856208809E-20
  0.3516848134305E+01   0.2121910701125E-20
  0.3526938584134E+01   0.2247621864938E-20
  0.3537057985222E+01   0.2375764783970E-20
  0.3547206420634E+01   0.2525535603018E-20
  0.3557383973675E+01   0.2605565253513E-20
  0.3567590727888E+01   0.2730008860571E-20
  0.3577826767056E+01   0.2857668757321E-20
  0.3588092175204E+01   0.2983419021777E-20
  0.3598387036595E+01   0.3092148829623E-20
  0.3608711435738E+01   0.3225882779840E-20
  0.3619065457379E+01   0.3334343794001E-20
  0.3629449186512E+01   0.3434321243515E-20
  0.3639862708372E+01   0.3572881126486E-20
  0.3650306108440E+01   0.3714048833741E-20
  0.3660779472442E+01   0.3818684337863E-20
  0.3671282886350E+01   0.3959270230949E-20
  0.3681816436381E+01   0.4070026226458E-20
  0.3692380209002E+01   0.4222637097196E-20
  0.3702974290926E+01   0.4324119320057E-20
  0.3713598769117E+01   0.4493706813907E-20
  0.3724253730786E+01   0.4614532758742E-20
  0.3734939263396E+01   0.4759927703614E-20
  0.3745655454660E+01   0.4876819388349E-20
  0.3756402392544E+01   0.5046393000102E-20
  0.3767180165264E+01   0.5244344616813E-20
  0.3777988861291E+01   0.5333236254589E-20
  0.3788828569349E+01   0.5446973927636E-20
  0.3799699378418E+01   0.5602662825986E-20
  0.3810601377731E+01   0.5757723006055E-20
  0.3821534656780E+01   0.5865578197958E-20
  0.3832499305310E+01   0.5971273457472E-20
  0.3843495413326E+01   0.6143782666237E-20
  0.3854523071092E+01   0.6227189605209E-20
  0.3865582369128E+01   0.6364505597313E-20
  0.3876673398217E+01   0.6498146075993E-20
  0.3887796249400E+01   0.6666359608967E-20
  0.3898951013980E+01   0.6820243472289E-20
  0.3910137783523E+01   0.6970326102557E-20
  0.3921356649856E+01   0.7123652244728E-20
  0.3932607705070E+01   0.7277030653117E-20
  0.3943891041521E+01   0.7436445398418E-20
  0.3955206751830E+01   0.7618610582937E-20
  0.3966554928883E+01   0.7752484728847E-20
  0.3977935665832E+01   0.7984513567273E-20
  0.3989349056097E+01   0.8110551057250E-20
  0.4000795193368E+01   0.8247698032654E-20
  0.4012274171599E+01   0.8426882937995E-20
  0.4023786085019E+01   0.8549830962957E-20
  0.4035331028123E+01   0.8651280859888E-20
  0.4046909095679E+01   0.8807788381387E-20
  0.4058520382728E+01   0.8914687564720E-20
  0.4070164984582E+01   0.9046013384178E-20
  0.4081842996827E+01   0.9211260262474E-20
  0.4093554515323E+01   0.9425810219254E-20
  0.4105299636205E+01   0.9644487912163E-20
  0.4117078455885E+01   0.9954145494024E-20
  0.4128891071050E+01   0.1024010506077E-19
  0.4140737578665E+01   0.1058026770875E-19
  0.4152618075974E+01   0.1095256323290E-19
  0.4164532660498E+01   0.1142871550735E-19
  0.4176481430042E+01   0.1212475508020E-19
  0.4188464482686E+01   0.1315474556756E-19
  0.4200481916795E+01   0.1301922084201E-19
  0.4212533831015E+01   0.1012205264341E-19
  0.4224620324277E+01   0.9117613667186E-20
  0.4236741495793E+01   0.3011948776857E-20
  0.4248897445061E+01   0.9508863166779E-24
  0.4261088271865E+01   0.2639335058271E-26
  0.4273314076274E+01   0.1393736750456E-25
  0.4285574958646E+01   0.1939425131174E-21
  0.4297871019624E+01   0.2944192413786E-20
  0.4310202360143E+01   0.4558994291952E-20
  0.4322569081426E+01   0.5402336439137E-20
  0.4334971284986E+01   0.6078955391629E-20
  0.4347409072628E+01   0.6544079536930E-20
  0.4359882546449E+01   0.6946649285572E-20
  0.4372391808839E+01   0.7075411146355E-20
  0.4384936962482E+01   0.5772632071013E-20
  0.4397518110355E+01   0.6420533850533E-20
  0.4410135355733E+01   0.7535054527703E-20
  0.4422788802186E+01   0.7681585925012E-20
  0.4435478553580E+01   0.7758566746947E-20
  0.4448204714081E+01   0.7811012306028E-20
  0.4460967388154E+01   0.7866677109776E-20
  0.4473766680561E+01   0.7930693670663E-20
  0.4486602696367E+01   0.7954116480367E-20
  0.4499475540938E+01   0.8015641004948E-20
  0.4512385319942E+01   0.8046263391152E-20
  0.4525332139351E+01   0.8121147938830E-20
  0.4538316105440E+01   0.8227233426577E-20
  0.4551337324788E+01   0.8342440219956E-20
  0.4564395904283E+01   0.8485748897905E-20
  0.4577491951117E+01   0.8640691370507E-20
  0.4590625572791E+01   0.8792778878007E-20
  0.4603796877112E+01   0.8988404716088E-20
  0.4617005972199E+01   0.9195251626483E-20
  0.4630252966481E+01   0.9403817392848E-20
  0.4643537968697E+01   0.9642558548849E-20
  0.4656861087898E+01   0.9710718819247E-20
  0.4670222433449E+01   0.9096936665425E-20
  0.4683622115027E+01   0.1004512046979E-19
  0.4697060242625E+01   0.1068672846620E-19
  0.4710536926552E+01   0.1095036333852E-19
  0.4724052277433E+01   0.1126726874011E-19
  0.4737606406209E+01   0.1155699201451E-19
  0.4751199424141E+01   0.1183507337549E-19
  0.4764831442809E+01   0.1212838928271E-19
  0.4778502574113E+01   0.1242293773638E-19
  0.4792212930274E+01   0.1276075407825E-19
  0.4805962623834E+01   0.1306578174645E-19
  0.4819751767661E+01   0.1336522481871E-19
  0.4833580474942E+01   0.1367926216712E-19
  0.4847448859194E+01   0.1394761199417E-19
  0.4861357034255E+01   0.1425851745389E-19
  0.4875305114293E+01   0.1456459280743E-19
  0.4889293213801E+01   0.1488435847769E-19
  0.4903321447604E+01   0.1523807478701E-19
  0.4917389930853E+01   0.1556163555317E-19
  0.4931498779030E+01   0.1591419882986E-19
  0.4945648107950E+01   0.1619499859671E-19
  0.4959838033760E+01   0.1647535353624E-19
  0.4974068672938E+01   0.1678021505529E-19
  0.4988340142298E+01   0.1708664409512E-19
  0.5002652558990E+01   0.1739216725459E-19
  0.5017006040497E+01   0.1771227809473E-19
  0.5031400704644E+01   0.1796283551580E-19
  0.5045836669588E+01   0.1823653748450E-19
  0.5060314053831E+01   0.1851904840616E-19
  0.5074832976211E+01   0.1874756999090E-19
  0.5089393555907E+01   0.1896554392718E-19
  0.5103995912443E+01   0.1922181855212E-19
  0.5118640165683E+01   0.1943648357159E-19
  0.5133326435836E+01   0.1963927704758E-19
  0.5148054843456E+01   0.1984355240165E-19
  0.5162825509443E+01   0.2002367056879E-19
  0.5177638555043E+01   0.2020866787797E-19
  0.5192494101851E+01   0.2037986134524E-19
  0.5207392271810E+01   0.2056191369639E-19
  0.5222333187214E+01   0.2071527822806E-19
  0.5237316970706E+01   0.2088168999506E-19
  0.5252343745283E+01   0.2104488188578E-19
  0.5267413634293E+01   0.2122544911423E-19
  0.5282526761440E+01   0.2141269853733E-19
  0.5297683250780E+01   0.2154406623377E-19
  0.5312883226729E+01   0.2165740644208E-19
  0.5328126814055E+01   0.2177672910874E-19
  0.5343414137889E+01   0.2191945434304E-19
  0.5358745323718E+01   0.2202279348995E-19
  0.5374120497388E+01   0.2209655232432E-19
  0.5389539785110E+01   0.2218105991436E-19
  0.5405003313454E+01   0.2222633845280E-19
  0.5420511209355E+01   0.2230952369786E-19
  0.5436063600109E+01   0.2234143095580E-19
  0.5451660613382E+01   0.2234893568984E-19
  0.5467302377202E+01   0.2239065606640E-19
  0.5482989019966E+01   0.2238697779635E-19
  0.5498720670441E+01   0.2239175653577E-19
  0.5514497457762E+01   0.2243015378693E-19
  0.5530319511432E+01   0.2241554342775E-19
  0.5546186961331E+01   0.2237411600917E-19
  0.5562099937707E+01   0.2232952824977E-19
  0.5578058571184E+01   0.2223279268885E-19
  0.5594062992760E+01   0.2206900232410E-19
  0.5610113333808E+01   0.2191049726966E-19
  0.5626209726081E+01   0.2169680625278E-19
  0.5642352301707E+01   0.2140139149893E-19
  0.5658541193194E+01   0.2103698239128E-19
  0.5674776533430E+01   0.2058653011240E-19
  0.5691058455685E+01   0.2006359941390E-19
  0.5707387093610E+01   0.1944583338046E-19
  0.5723762581242E+01   0.1868346931203E-19
  0.5740185053000E+01   0.1783906280413E-19
  0.5756654643690E+01   0.1682839710996E-19
  0.5773171488504E+01   0.1574507709893E-19
  0.5789735723023E+01   0.1452647568392E-19
  0.5806347483215E+01   0.1330745714349E-19
  0.5823006905441E+01   0.1211942073929E-19
  0.5839714126450E+01   0.1090721478989E-19
  0.5856469283387E+01   0.9886410661614E-20
  0.5873272513787E+01   0.8995112865652E-20
  0.5890123955582E+01   0.8219692595565E-20
  0.5907023747098E+01   0.7595840379969E-20
  0.5923972027060E+01   0.7103062566016E-20
  0.5940968934588E+01   0.6736971974278E-20
  0.5958014609205E+01   0.6422295938006E-20
  0.5975109190831E+01   0.6207769777967E-20
  0.5992252819789E+01   0.6041963291219E-20
  0.6009445636805E+01   0.5912606471469E-20
  0.6026687783007E+01   0.5823468002555E-20
  0.6043979399930E+01   0.5795377712921E-20
  0.6061320629513E+01   0.5795796584013E-20
  0.6078711614104E+01   0.5911197304438E-20
  0.6096152496459E+01   0.6100269504603E-20
  0.6113643419744E+01   0.6476318481977E-20
  0.6131184527533E+01   0.6918800896984E-20
  0.6148775963816E+01   0.7431445905292E-20
  0.6166417872994E+01   0.7970801194171E-20
  0.6184110399881E+01   0.8515279565392E-20
  0.6201853689710E+01   0.8968489116372E-20
  0.6219647888128E+01   0.9366046696459E-20
  0.6237493141200E+01   0.9734804134386E-20
  0.6255389595412E+01   0.1007662999878E-19
  0.6273337397667E+01   0.1038274547390E-19
  0.6291336695293E+01   0.1066482282957E-19
  0.6309387636040E+01   0.1097916789531E-19
  0.6327490368079E+01   0.1128562357078E-19
  0.6345645040009E+01   0.1161472109895E-19
  0.6363851800855E+01   0.1190465657113E-19
  0.6382110800069E+01   0.1223907363402E-19
  0.6400422187532E+01   0.1254943200669E-19
  0.6418786113555E+01   0.1288267771970E-19
  0.6437202728880E+01   0.1315113997192E-19
  0.6455672184682E+01   0.1343222100409E-19
  0.6474194632569E+01   0.1369322098139E-19
  0.6492770224586E+01   0.1400198160431E-19
  0.6511399113211E+01   0.1422846853128E-19
  0.6530081451363E+01   0.1448280367090E-19
  0.6548817392397E+01   0.1473855234676E-19
  0.6567607090108E+01   0.1498965723037E-19
  0.6586450698735E+01   0.1525295275327E-19
  0.6605348372958E+01   0.1552467726519E-19
  0.6624300267898E+01   0.1582536805606E-19
  0.6643306539127E+01   0.1616401220708E-19
  0.6662367342658E+01   0.1643579880779E-19
  0.6681482834954E+01   0.1677522295619E-19
  0.6700653172927E+01   0.1707414083550E-19
  0.6719878513938E+01   0.1731260049497E-19
  0.6739159015801E+01   0.1758358718919E-19
  0.6758494836783E+01   0.1780897568703E-19
  0.6777886135602E+01   0.1810682584072E-19
  0.6797333071435E+01   0.1845805791840E-19
  0.6816835803914E+01   0.1863193873487E-19
  0.6836394493129E+01   0.1891169835182E-19
  0.6856009299631E+01   0.1926932141104E-19
  0.6875680384428E+01   0.1949831727421E-19
  0.6895407908994E+01   0.1976095965694E-19
  0.6915192035264E+01   0.2007209281696E-19
  0.6935032925638E+01   0.2039023956461E-19
  0.6954930742982E+01   0.2067309107904E-19
  0.6974885650629E+01   0.2094414322157E-19
  0.6994897812383E+01   0.2125743034452E-19
  0.7014967392513E+01   0.2152564256958E-19
  0.7035094555765E+01   0.2186343143665E-19
  0.7055279467354E+01   0.2224370387118E-19
  0.7075522292970E+01   0.2258299996079E-19
  0.7095823198778E+01   0.2295180727894E-19
  0.7116182351420E+01   0.2335204128797E-19
  0.7136599918018E+01   0.2365141939989E-19
  0.7157076066170E+01   0.2410466316608E-19
  0.7177610963958E+01   0.2448342988632E-19
  0.7198204779944E+01   0.2483321542466E-19
  0.7218857683175E+01   0.2514502639804E-19
  0.7239569843182E+01   0.2544180269383E-19
  0.7260341429984E+01   0.2593662027229E-19
  0.7281172614086E+01   0.2642970572213E-19
  0.7302063566484E+01   0.2689968839377E-19
  0.7323014458663E+01   0.2737953514398E-19
  0.7344025462600E+01   0.2785857231326E-19
  0.7365096750767E+01   0.2835421584778E-19
  0.7386228496130E+01   0.2885668507607E-19
  0.7407420872151E+01   0.2934459995742E-19
  0.7428674052790E+01   0.2987435169047E-19
  0.7449988212505E+01   0.3042802544076E-19
  0.7471363526258E+01   0.3101340283712E-19
  0.7492800169508E+01   0.3162860694115E-19
  0.7514298318222E+01   0.3215558871050E-19
  0.7535858148868E+01   0.3268705098682E-19
  0.7557479838424E+01   0.3334396748235E-19
  0.7579163564373E+01   0.3400377737842E-19
  0.7600909504708E+01   0.3466042205618E-19
  0.7622717837934E+01   0.3527002020044E-19
  0.7644588743066E+01   0.3582537574017E-19
  0.7666522399634E+01   0.3642067524349E-19
  0.7688518987683E+01   0.3697514181840E-19
  0.7710578687774E+01   0.3749059689261E-19
  0.7732701680988E+01   0.3792511760429E-19
  0.7754888148921E+01   0.3835222381246E-19
  0.7777138273696E+01   0.3862120179449E-19
  0.7799452237954E+01   0.3881840703186E-19
  0.7821830224861E+01   0.3889512222760E-19
  0.7844272418111E+01   0.3892042904299E-19
  0.7866779001922E+01   0.3871732926953E-19
  0.7889350161042E+01   0.3839446707019E-19
  0.7911986080749E+01   0.3797218881202E-19
  0.7934686946851E+01   0.3729274320746E-19
  0.7957452945693E+01   0.3666075034086E-19
  0.7980284264150E+01   0.3579761378957E-19
  0.8003181089637E+01   0.3557909154317E-19
  0.8026143610103E+01   0.3500013814026E-19
  0.8049172014041E+01   0.3413845821270E-19
  0.8072266490480E+01   0.3300156291961E-19
  0.8095427228995E+01   0.3198506893157E-19
  0.8118654419702E+01   0.3059202149517E-19
  0.8141948253265E+01   0.2892462384661E-19
  0.8165308920893E+01   0.2694001639374E-19
  0.8188736614346E+01   0.2550380907647E-19
  0.8212231525931E+01   0.2454946184512E-19
  0.8235793848510E+01   0.2414374878303E-19
  0.8259423775497E+01   0.2356179162678E-19
  0.8283121500859E+01   0.2363344852611E-19
  0.8306887219123E+01   0.2337477784893E-19
  0.8330721125372E+01   0.2277539416662E-19
  0.8354623415250E+01   0.2187977808759E-19
  0.8378594284960E+01   0.2119106391112E-19
  0.8402633931270E+01   0.2026486303995E-19
  0.8426742551512E+01   0.1969303347669E-19
  0.8450920343585E+01   0.1887367124540E-19
  0.8475167505955E+01   0.1816322503447E-19
  0.8499484237656E+01   0.1735334672845E-19
  0.8523870738296E+01   0.1638191063059E-19
  0.8548327208054E+01   0.1527448917056E-19
  0.8572853847683E+01   0.1425187342591E-19
  0.8597450858513E+01   0.1319232193181E-19
  0.8622118442451E+01   0.1235212358394E-19
  0.8646856801984E+01   0.1153503495614E-19
  0.8671666140179E+01   0.1069759650359E-19
  0.8696546660687E+01   0.9864861283303E-20
  0.8721498567741E+01   0.9031472385909E-20
  0.8746522066162E+01   0.8181671833235E-20
  0.8771617361359E+01   0.7417258610695E-20
  0.8796784659329E+01   0.6674770634244E-20
  0.8822024166659E+01   0.6086126531243E-20
  0.8847336090533E+01   0.5542499856117E-20
  0.8872720638724E+01   0.5062953763093E-20
  0.8898178019606E+01   0.4598706624388E-20
  0.8923708442147E+01   0.4155916453033E-20
  0.8949312115917E+01   0.3724918925817E-20
  0.8974989251087E+01   0.3329309289931E-20
  0.9000740058430E+01   0.2971832483691E-20
  0.9026564749324E+01   0.2811948213227E-20
  0.9052463535754E+01   0.2658009859312E-20
  0.9078436630313E+01   0.2502417917763E-20
  0.9104484246204E+01   0.2365486523418E-20
  0.9130606597242E+01   0.2227431919722E-20
  0.9156803897854E+01   0.2093311781711E-20
  0.9183076363086E+01   0.1960002503885E-20
  0.9209424208595E+01   0.1868328501183E-20
  0.9235847650663E+01   0.1845987046516E-20
  0.9262346906188E+01   0.1821756497150E-20
  0.9288922192692E+01   0.1796723710942E-20
  0.9315573728322E+01   0.1777150719232E-20
  0.9342301731850E+01   0.1766949200234E-20
  0.9369106422675E+01   0.1757230702551E-20
  0.9395988020826E+01   0.1745815010440E-20
  0.9422946746965E+01   0.1826510515846E-20
  0.9449982822385E+01   0.1929559272139E-20
  0.9477096469013E+01   0.2050992681987E-20
  0.9504287909417E+01   0.2158131544686E-20
  0.9531557366798E+01   0.2281870044642E-20
  0.9558905065003E+01   0.2420352117757E-20
  0.9586331228517E+01   0.2575456000480E-20
  0.9613836082471E+01   0.2751622799251E-20
  0.9641419852641E+01   0.2977022921999E-20
  0.9669082765452E+01   0.3226983009521E-20
  0.9696825047978E+01   0.3480549438152E-20
  0.9724646927945E+01   0.3755344809885E-20
  0.9752548633731E+01   0.4020184290247E-20
  0.9780530394371E+01   0.4303470448275E-20
  0.9808592439555E+01   0.4613618323567E-20
  0.9836734999635E+01   0.5004647309983E-20
  0.9864958305621E+01   0.5432857435813E-20
  0.9893262589188E+01   0.5977323824875E-20
  0.9921648082674E+01   0.6587288354745E-20
  0.9950115019085E+01   0.7240090301884E-20
  0.9978663632094E+01   0.7913076076925E-20
  0.1000729415605E+02   0.8622251464043E-20
  0.1003600682596E+02   0.9357275794126E-20
  0.1006480187752E+02   0.1012146942109E-19
  0.1009367954710E+02   0.1084937511833E-19
  0.1012264007175E+02   0.1175281278030E-19
  0.1015168368918E+02   0.1261834906339E-19
  0.1018081063781E+02   0.1341345042368E-19
  0.1021002115673E+02   0.1432993595013E-19
  0.1023931548572E+02   0.1520111611284E-19
  0.1026869386524E+02   0.1607221296655E-19
  0.1029815653645E+02   0.1684560586280E-19
  0.1032770374119E+02   0.1763099476103E-19
  0.1035733572201E+02   0.1834324280001E-19
  0.1038705272214E+02   0.1897247627340E-19
  0.1041685498552E+02   0.1972850672183E-19
  0.1044674275678E+02   0.2039074175520E-19
  0.1047671628127E+02   0.2115540069684E-19
  0.1050677580502E+02   0.2161365505192E-19
  0.1053692157478E+02   0.2204666464408E-19
  0.1056715383800E+02   0.2229292685037E-19
  0.1059747284285E+02   0.2238985664325E-19
  0.1062787883821E+02   0.2250793101904E-19
  0.1065837207366E+02   0.2249619999885E-19
  0.1068895279952E+02   0.2229130384858E-19
  0.1071962126681E+02   0.2219146266275E-19
  0.1075037772726E+02   0.2198878025926E-19
  0.1078122243337E+02   0.2161472119007E-19
  0.1081215563830E+02   0.2140594611850E-19
  0.1084317759599E+02   0.2113797035216E-19
  0.1087428856108E+02   0.2098454026835E-19
  0.1090548878894E+02   0.2064040180901E-19
  0.1093677853570E+02   0.2035926478631E-19
  0.1096815805818E+02   0.1996040012117E-19
  0.1099962761399E+02   0.1973831113709E-19
  0.1103118746143E+02   0.1959360979321E-19
  0.1106283785956E+02   0.1941420923132E-19
  0.1109457906821E+02   0.1919957190672E-19
  0.1112641134790E+02   0.1907169770648E-19
  0.1115833495996E+02   0.1897961880717E-19
  0.1119035016641E+02   0.1886465155812E-19
  0.1122245723007E+02   0.1896763632303E-19
  0.1125465641449E+02   0.1878202631423E-19
  0.1128694798398E+02   0.1914362165431E-19
  0.1131933220360E+02   0.1916460901242E-19
  0.1135180933919E+02   0.1934942608982E-19
  0.1138437965734E+02   0.1941540595820E-19
  0.1141704342540E+02   0.1983930105187E-19
  0.1144980091151E+02   0.2039904109350E-19
  0.1148265238454E+02   0.2096804938500E-19
  0.1151559811418E+02   0.2146884941363E-19
  0.1154863837085E+02   0.2177797562296E-19
  0.1158177342577E+02   0.2277783505967E-19
  0.1161500355093E+02   0.2357240694457E-19
  0.1164832901912E+02   0.2456338516689E-19
  0.1168175010387E+02   0.2590005238561E-19
  0.1171526707954E+02   0.2723119681981E-19
  0.1174888022125E+02   0.2828736667116E-19
  0.1178258980492E+02   0.2951407721130E-19
  0.1181639610725E+02   0.3090514061345E-19
  0.1185029940575E+02   0.3250312228249E-19
  0.1188429997872E+02   0.3385163977462E-19
  0.1191839810526E+02   0.3546248213657E-19
  0.1195259406526E+02   0.3719191036869E-19
  0.1198688813943E+02   0.3889805480920E-19
  0.1202128060927E+02   0.4038410606521E-19
  0.1205577175709E+02   0.4133059462208E-19
  0.1209036186603E+02   0.4256636559222E-19
  0.1212505122001E+02   0.4390233211417E-19
  0.1215984010379E+02   0.4537437203606E-19
  0.1219472880294E+02   0.4685397624601E-19
  0.1222971760384E+02   0.4839129646500E-19
  0.1226480679370E+02   0.4998266535287E-19
  0.1229999666056E+02   0.5191599361902E-19
  0.1233528749328E+02   0.5377940120299E-19
  0.1237067958155E+02   0.5552123077143E-19
  0.1240617321588E+02   0.5795592430164E-19
  0.1244176868763E+02   0.6044637728809E-19
  0.1247746628899E+02   0.6338307696770E-19
  0.1251326631298E+02   0.6514470911176E-19
  0.1254916905348E+02   0.6708743581515E-19
  0.1258517480519E+02   0.6971421273750E-19
  0.1262128386368E+02   0.7190642710660E-19
  0.1265749652534E+02   0.7479180282104E-19
  0.1269381308744E+02   0.7723618498714E-19
  0.1273023384808E+02   0.8002610194077E-19
  0.1276675910623E+02   0.8275840589401E-19
  0.1280338916170E+02   0.8585633598992E-19
  0.1284012431518E+02   0.8850293059803E-19
  0.1287696486822E+02   0.9140160058373E-19
  0.1291391112322E+02   0.9469476668815E-19
  0.1295096338345E+02   0.9876576623049E-19
  0.1298812195308E+02   0.1027154783575E-18
  0.1302538713712E+02   0.1063557627659E-18
  0.1306275924146E+02   0.1105156901148E-18
  0.1310023857287E+02   0.1144684124686E-18
  0.1313782543902E+02   0.1186280860578E-18
  0.1317552014843E+02   0.1232504381702E-18
  0.1321332301052E+02   0.1280173082515E-18
  0.1325123433562E+02   0.1327468356336E-18
  0.1328925443490E+02   0.1389002721080E-18
  0.1332738362048E+02   0.1446939847458E-18
  0.1336562220533E+02   0.1502232946648E-18
  0.1340397050333E+02   0.1567103833794E-18
  0.1344242882929E+02   0.1628408422005E-18
  0.1348099749888E+02   0.1693946667390E-18
  0.1351967682870E+02   0.1766287017045E-18
  0.1355846713625E+02   0.1825466862704E-18
  0.1359736873996E+02   0.1912178941045E-18
  0.1363638195914E+02   0.1994310888287E-18
  0.1367550711404E+02   0.2069490379027E-18
  0.1371474452582E+02   0.2156076852595E-18
  0.1375409451658E+02   0.2239920418939E-18
  0.1379355740931E+02   0.2322408901815E-18
  0.1383313352795E+02   0.2421306180776E-18
  0.1387282319737E+02   0.2516419083976E-18
  0.1391262674336E+02   0.2612115866658E-18
  0.1395254449266E+02   0.2702252545791E-18
  0.1399257677294E+02   0.2781136445984E-18
  0.1403272391280E+02   0.2916713675141E-18
  0.1407298624180E+02   0.3025434172198E-18
  0.1411336409043E+02   0.3142311158855E-18
  0.1415385779014E+02   0.3240773407765E-18
  0.1419446767333E+02   0.3360600172069E-18
  0.1423519407334E+02   0.3494131010008E-18
  0.1427603732450E+02   0.3597026147590E-18
  0.1431699776205E+02   0.3750555225837E-18
  0.1435807572223E+02   0.3871729034713E-18
  0.1439927154224E+02   0.4015788786264E-18
  0.1444058556023E+02   0.4148975570570E-18
  0.1448201811533E+02   0.4294452929703E-18
  0.1452356954764E+02   0.4454896434796E-18
  0.1456524019826E+02   0.4570181209276E-18
  0.1460703040923E+02   0.4746255187316E-18
  0.1464894052359E+02   0.4879838871858E-18
  0.1469097088537E+02   0.4937511950631E-18
  0.1473312183958E+02   0.5080758620293E-18
  0.1477539373222E+02   0.5193797147235E-18
  0.1481778691028E+02   0.5344433404772E-18
  0.1486030172175E+02   0.5366525295702E-18
  0.1490293851562E+02   0.4330287701790E-18
  0.1494569764188E+02   0.3244452431573E-18
  0.1498857945152E+02   0.3229027047201E-18
  0.1503158429654E+02   0.2688958908006E-18
  0.1507471252995E+02   0.2337453149734E-18
  0.1511796450577E+02   0.2034644561698E-18
  0.1516134057904E+02   0.2062590578531E-18
  0.1520484110583E+02   0.2432602916248E-18
  0.1524846644320E+02   0.2049967441061E-18
  0.1529221694927E+02   0.2681066437247E-18
  0.1533609298315E+02   0.3291917757096E-18
  0.1538009490502E+02   0.3643022759116E-18
  0.1542422307607E+02   0.4047090019660E-18
  0.1546847785852E+02   0.4487054216620E-18
  0.1551285961565E+02   0.4889429868004E-18
  0.1555736871178E+02   0.5328642172495E-18
  0.1560200551225E+02   0.5755327121322E-18
  0.1564677038348E+02   0.6029613521130E-18
  0.1569166369292E+02   0.6398685800211E-18
  0.1573668580909E+02   0.6650257225041E-18
  0.1578183710155E+02   0.6844562105415E-18
  0.1582711794093E+02   0.7044389252173E-18
  0.1587252869892E+02   0.7261939796164E-18
  0.1591806974829E+02   0.7357788493357E-18
  0.1596374146286E+02   0.7400477061328E-18
  0.1600954421753E+02   0.7492347784909E-18
  0.1605547838829E+02   0.7517246060011E-18
  0.1610154435218E+02   0.7484920477199E-18
  0.1614774248735E+02   0.7457972204919E-18
  0.1619407317301E+02   0.7454972805822E-18
  0.1624053678948E+02   0.7412449389285E-18
  0.1628713371815E+02   0.7318749826668E-18
  0.1633386434154E+02   0.7226267342411E-18
  0.1638072904321E+02   0.7151462379868E-18
  0.1642772820788E+02   0.7029256257982E-18
  0.1647486222134E+02   0.6911470568036E-18
  0.1652213147050E+02   0.6818636171218E-18
  0.1656953634336E+02   0.6772375194169E-18
  0.1661707722906E+02   0.6708787986675E-18
  0.1666475451784E+02   0.6630525744829E-18
  0.1671256860106E+02   0.6537513988722E-18
  0.1676051987122E+02   0.6470687003271E-18
  0.1680860872193E+02   0.6360488839168E-18
  0.1685683554792E+02   0.6272508175362E-18
  0.1690520074507E+02   0.6168705805519E-18
  0.1695370471040E+02   0.6085356776443E-18
  0.1700234784206E+02   0.5944819952382E-18
  0.1705113053933E+02   0.5910298730803E-18
  0.1710005320266E+02   0.5843630758271E-18
  0.1714911623363E+02   0.5775347382789E-18
  0.1719832003498E+02   0.5742389038218E-18
  0.1724766501060E+02   0.5700129316752E-18
  0.1729715156556E+02   0.5643081808740E-18
  0.1734678010606E+02   0.5601088266326E-18
  0.1739655103949E+02   0.5509038960015E-18
  0.1744646477439E+02   0.5455236361099E-18
  0.1749652172049E+02   0.5371544951719E-18
  0.1754672228869E+02   0.5386628969000E-18
  0.1759706689107E+02   0.5395168568565E-18
  0.1764755594087E+02   0.5399100516396E-18
  0.1769818985256E+02   0.5400626371275E-18
  0.1774896904175E+02   0.5402676643427E-18
  0.1779989392528E+02   0.5400508495370E-18
  0.1785096492118E+02   0.5399826279320E-18
  0.1790218244865E+02   0.5385504609203E-18
  0.1795354692814E+02   0.5394808783762E-18
  0.1800505878126E+02   0.5365360192473E-18
  0.1805671843086E+02   0.5509453405920E-18
  0.1810852630099E+02   0.5605147393790E-18
  0.1816048281692E+02   0.5705569288892E-18
  0.1821258840515E+02   0.5809260172157E-18
  0.1826484349339E+02   0.5857227997581E-18
  0.1831724851057E+02   0.5975957388086E-18
  0.1836980388688E+02   0.6090313215530E-18
  0.1842251005372E+02   0.6202990301988E-18
  0.1847536744372E+02   0.6313389855827E-18
  0.1852837649079E+02   0.6420774141475E-18
  0.1858153763004E+02   0.6557311159256E-18
  0.1863485129787E+02   0.6781764863922E-18
  0.1868831793189E+02   0.6919748268923E-18
  0.1874193797099E+02   0.7066513883396E-18
  0.1879571185533E+02   0.7282872870981E-18
  0.1884964002631E+02   0.7391530416122E-18
  0.1890372292660E+02   0.7584016139369E-18
  0.1895796100015E+02   0.7808329581541E-18
  0.1901235469219E+02   0.8016827842253E-18
  0.1906690444920E+02   0.8258021652860E-18
  0.1912161071896E+02   0.8500073679832E-18
  0.1917647395054E+02   0.8719495793842E-18
  0.1923149459429E+02   0.9016674545929E-18
  0.1928667310184E+02   0.9172610447365E-18
  0.1934200992615E+02   0.9445955269649E-18
  0.1939750552144E+02   0.9741920054208E-18
  0.1945316034326E+02   0.1000260552428E-17
  0.1950897484846E+02   0.1027937198873E-17
  0.1956494949519E+02   0.1051245447680E-17
  0.1962108474294E+02   0.1090222402880E-17
  0.1967738105249E+02   0.1117178969912E-17
  0.1973383888595E+02   0.1141997082746E-17
  0.1979045870677E+02   0.1185808688630E-17
  0.1984724097972E+02   0.1218228897624E-17
  0.1990418617090E+02   0.1258936335268E-17
  0.1996129474776E+02   0.1291881350247E-17
  0.2001856717906E+02   0.1292506815935E-17
  0.2007600393495E+02   0.1354093020077E-17
  0.2013360548689E+02   0.1398825377236E-17
  0.2019137230772E+02   0.1435322260450E-17
  0.2024930487162E+02   0.1471627535891E-17
  0.2030740365414E+02   0.1508467771330E-17
  0.2036566913218E+02   0.1546445444630E-17
  0.2042410178402E+02   0.1584514708167E-17
  0.2048270208932E+02   0.1623365420073E-17
  0.2054147052911E+02   0.1662627202608E-17
  0.2060040758578E+02   0.1702608251123E-17
  0.2065951374313E+02   0.1743490330911E-17
  0.2071878948635E+02   0.1784975893749E-17
  0.2077823530199E+02   0.1827429289587E-17
  0.2083785167804E+02   0.1870970323316E-17
  0.2089763910385E+02   0.1912004559999E-17
  0.2095759807019E+02   0.1962248099900E-17
  0.2101772906926E+02   0.2015345834125E-17
  0.2107803259463E+02   0.2072383719446E-17
  0.2113850914133E+02   0.2131717558410E-17
  0.2119915920576E+02   0.2191820159390E-17
  0.2125998328580E+02   0.2254767118678E-17
  0.2132098188072E+02   0.2318400852519E-17
  0.2138215549123E+02   0.2382647945302E-17
  0.2144350461948E+02   0.2448265735683E-17
  0.2150502976906E+02   0.2515458370530E-17
  0.2156673144502E+02   0.2584336237628E-17
  0.2162861015383E+02   0.2653253970664E-17
  0.2169066640344E+02   0.2722631913434E-17
  0.2175290070323E+02   0.2793242744034E-17
  0.2181531356407E+02   0.2864956779186E-17
  0.2187790549827E+02   0.2938478764197E-17
  0.2194067701964E+02   0.3011264958453E-17
  0.2200362864344E+02   0.3084969663763E-17
  0.2206676088640E+02   0.3153400605418E-17
  0.2213007426677E+02   0.3222623058919E-17
  0.2219356930426E+02   0.3292683608848E-17
  0.2225724652006E+02   0.3361801515019E-17
  0.2232110643689E+02   0.3434726784163E-17
  0.2238514957895E+02   0.3507137829211E-17
  0.2244937647193E+02   0.3578431150479E-17
  0.2251378764305E+02   0.3650183603237E-17
  0.2257838362104E+02   0.3724556316928E-17
  0.2264316493615E+02   0.3805889807594E-17
  0.2270813212013E+02   0.3882466378337E-17
  0.2277328570628E+02   0.3959491389147E-17
  0.2283862622941E+02   0.4036587237978E-17
  0.2290415422588E+02   0.4116640740476E-17
  0.2296987023359E+02   0.4190022202396E-17
  0.2303577479197E+02   0.4262840191549E-17
  0.2310186844201E+02   0.4339253284629E-17
  0.2316815172624E+02   0.4413891674830E-17
  0.2323462518876E+02   0.4487389285923E-17
  0.2330128937522E+02   0.4562987800132E-17
  0.2336814483285E+02   0.4639257140607E-17
  0.2343519211042E+02   0.4716107265888E-17
  0.2350243175831E+02   0.4793906762290E-17
  0.2356986432846E+02   0.4874237764061E-17
  0.2363749037440E+02   0.4957672220099E-17
  0.2370531045125E+02   0.5044823585460E-17
  0.2377332511571E+02   0.5094959183297E-17
  0.2384153492608E+02   0.5178484480224E-17
  0.2390994044229E+02   0.5265363805349E-17
  0.2397854222583E+02   0.5349672321050E-17
  0.2404734083984E+02   0.5430019314668E-17
  0.2411633684905E+02   0.5507258989195E-17
  0.2418553081984E+02   0.5586941257316E-17
  0.2425492332017E+02   0.5670915242939E-17
  0.2432451491968E+02   0.5747783585233E-17
  0.2439430618960E+02   0.5826576388215E-17
  0.2446429770284E+02   0.5916115007846E-17
  0.2453449003391E+02   0.6017531663393E-17
  0.2460488375901E+02   0.6118914012299E-17
  0.2467547945597E+02   0.6211047107664E-17
  0.2474627770428E+02   0.6360409909945E-17
  0.2481727908509E+02   0.6559050234457E-17
  0.2488848418123E+02   0.6635501436668E-17
  0.2495989357720E+02   0.6712446580672E-17
  0.2503150785915E+02   0.6788433884333E-17
  0.2510332761496E+02   0.6863035785208E-17
  0.2517535343416E+02   0.6938196794265E-17
  0.2524758590797E+02   0.7013839256147E-17
  0.2532002562933E+02   0.7089953856322E-17
  0.2539267319287E+02   0.7166662723698E-17
  0.2546552919493E+02   0.7243812902860E-17
  0.2553859423354E+02   0.7321425525708E-17
  0.2561186890847E+02   0.7399610527268E-17
  0.2568535382121E+02   0.7478261395961E-17
  0.2575904957496E+02   0.7557436713345E-17
  0.2583295677467E+02   0.7637076411894E-17
  0.2590707602700E+02   0.7717263063656E-17
  0.2598140794038E+02   0.7797944254622E-17
  0.2605595312497E+02   0.7879449975662E-17
  0.2613071219267E+02   0.7961637092477E-17
  0.2620568575716E+02   0.8044259822328E-17
  0.2628087443386E+02   0.8127371773966E-17
  0.2635627883997E+02   0.8210921898780E-17
  0.2643189959446E+02   0.8294967500777E-17
  0.2650773731806E+02   0.8379637242286E-17
  0.2658379263330E+02   0.8464834161154E-17
  0.2666006616449E+02   0.8550482774890E-17
  0.2673655853772E+02   0.8636574973339E-17
  0.2681327038089E+02   0.8723090822147E-17
  0.2689020232370E+02   0.8810115308448E-17
  0.2696735499766E+02   0.8897650012195E-17
  0.2704472903607E+02   0.8985542392910E-17
  0.2712232507408E+02   0.9073750899164E-17
  0.2720014374864E+02   0.9162237409386E-17
  0.2727818569852E+02   0.9251178695550E-17
  0.2735645156436E+02   0.9340429763888E-17
  0.2743494198859E+02   0.9430361389282E-17
  0.2751365761552E+02   0.9520588339970E-17
  0.2759259909130E+02   0.9611326516671E-17
  0.2767176706391E+02   0.9702453542887E-17
  0.2775116218324E+02   0.9794044338435E-17
  0.2783078510098E+02   0.9886011537292E-17
  0.2791063647075E+02   0.9978473354451E-17
  0.2799071694800E+02   0.1007113871993E-16
  0.2807102719009E+02   0.1016581069855E-16
  0.2815156785625E+02   0.1026123315995E-16
  0.2823233960761E+02   0.1035697593220E-16
  0.2831334310720E+02   0.1045289931749E-16
  0.2839457901993E+02   0.1054938458145E-16
  0.2847604801265E+02   0.1064609065268E-16
  0.2855775075409E+02   0.1074309143490E-16
  0.2863968791493E+02   0.1084030135308E-16
  0.2872186016776E+02   0.1093786013652E-16
  0.2880426818709E+02   0.1103586951698E-16
  0.2888691264938E+02   0.1113375460050E-16
  0.2896979423303E+02   0.1123229545133E-16
  0.2905291361838E+02   0.1133180408765E-16
  0.2913627148772E+02   0.1143185300445E-16
  0.2921986852530E+02   0.1153190597858E-16
  0.2930370541735E+02   0.1163205654390E-16
  0.2938778285205E+02   0.1173214204269E-16
  0.2947210151954E+02   0.1183224773832E-16
  0.2955666211198E+02   0.1193241860380E-16
  0.2964146532349E+02   0.1203258433695E-16
  0.2972651185018E+02   0.1213264918840E-16
  0.2981180239017E+02   0.1223282155639E-16
  0.2989733764357E+02   0.1233279106461E-16
  0.2998311831252E+02   0.1243278344073E-16
  0.3006914510114E+02   0.1253302069978E-16
  0.3015541871560E+02   0.1263360471840E-16
  0.3024193986409E+02   0.1273399875175E-16
  0.3032870925683E+02   0.1283420756122E-16
  0.3041572760606E+02   0.1293445273527E-16
  0.3050299562609E+02   0.1303452532460E-16
  0.3059051403328E+02   0.1313451144663E-16
  0.3067828354601E+02   0.1323432972639E-16
  0.3076630488477E+02   0.1333346459446E-16
  0.3085457877208E+02   0.1343143614310E-16
  0.3094310593254E+02   0.1352926698113E-16
  0.3103188709285E+02   0.1362686124670E-16
  0.3112092298177E+02   0.1372430334535E-16
  0.3121021433016E+02   0.1382165918372E-16
  0.3129976187098E+02   0.1391871573071E-16
  0.3138956633929E+02   0.1401557354521E-16
  0.3147962847227E+02   0.1411226702202E-16
  0.3156994900919E+02   0.1420873426900E-16
  0.3166052869146E+02   0.1430492303919E-16
  0.3175136826261E+02   0.1440084662162E-16
  0.3184246846832E+02   0.1449656557900E-16
  0.3193383005639E+02   0.1459238193807E-16
  0.3202545377676E+02   0.1468802946442E-16
  0.3211734038154E+02   0.1478375551673E-16
  0.3220949062500E+02   0.1487948331131E-16
  0.3230190526356E+02   0.1497530904662E-16
  0.3239458505581E+02   0.1507090989982E-16
  0.3248753076253E+02   0.1516625685879E-16
  0.3258074314666E+02   0.1526137771315E-16
  0.3267422297337E+02   0.1535622272463E-16
  0.3276797100997E+02   0.1545079022736E-16
  0.3286198802603E+02   0.1554525788443E-16
  0.3295627479327E+02   0.1563943799040E-16
  0.3305083208568E+02   0.1573330040127E-16
  0.3314566067942E+02   0.1582700564042E-16
  0.3324076135292E+02   0.1592057629587E-16
  0.3333613488681E+02   0.1601383736156E-16
  0.3343178206398E+02   0.1610687593947E-16
  0.3352770366956E+02   0.1619954749287E-16
  0.3362390049094E+02   0.1629188835346E-16
  0.3372037331775E+02   0.1638404161730E-16
  0.3381712294190E+02   0.1647595375290E-16
  0.3391415015758E+02   0.1656741447418E-16
  0.3401145576124E+02   0.1665870376909E-16
  0.3410904055162E+02   0.1675013819515E-16
  0.3420690532976E+02   0.1684160737731E-16
  0.3430505089900E+02   0.1693289927459E-16
  0.3440347806497E+02   0.1702393648283E-16
  0.3450218763562E+02   0.1711460625211E-16
  0.3460118042122E+02   0.1720518466833E-16
  0.3470045723436E+02   0.1729557634943E-16
  0.3480001888998E+02   0.1738573008097E-16
  0.3489986620532E+02   0.1747564878736E-16
  0.3500000000000E+02   0.1756522968940E-16
