  0.1450000000000E+02   0.5220218465745E-18
  0.1451576351247E+02   0.5298872484727E-18
  0.1453154416207E+02   0.5346669577054E-18
  0.1454734196743E+02   0.5367025891472E-18
  0.1456315694719E+02   0.5410234935012E-18
  0.1457898912003E+02   0.5476752628488E-18
  0.1459483850464E+02   0.5539783720354E-18
  0.1461070511973E+02   0.5602953699485E-18
  0.1462658898403E+02   0.5663197488268E-18
  0.1464249011630E+02   0.5720171768040E-18
  0.1465840853530E+02   0.5774388695015E-18
  0.1467434425984E+02   0.5823967373257E-18
  0.1469029730872E+02   0.5872492442363E-18
  0.1470626770078E+02   0.5926610899013E-18
  0.1472225545487E+02   0.5979724551858E-18
  0.1473826058987E+02   0.6021132764737E-18
  0.1475428312467E+02   0.6050097506631E-18
  0.1477032307819E+02   0.6076139492657E-18
  0.1478638046937E+02   0.6097707122685E-18
  0.1480245531716E+02   0.6112545186345E-18
  0.1481854764054E+02   0.6122917016044E-18
  0.1483465745851E+02   0.6113622998148E-18
  0.1485078479008E+02   0.6076674775135E-18
  0.1486692965431E+02   0.6026949222250E-18
  0.1488309207024E+02   0.5942605869533E-18
  0.1489927205696E+02   0.5823306398468E-18
  0.1491546963358E+02   0.5678605692867E-18
  0.1493168481921E+02   0.5503181913725E-18
  0.1494791763299E+02   0.5296714287900E-18
  0.1496416809410E+02   0.5072492909965E-18
  0.1498043622171E+02   0.4831863879341E-18
  0.1499672203504E+02   0.4581101688615E-18
  0.1501302555330E+02   0.4331562302225E-18
  0.1502934679575E+02   0.4086574947148E-18
  0.1504568578166E+02   0.3848148461631E-18
  0.1506204253032E+02   0.3622797493200E-18
  0.1507841706103E+02   0.3419349648057E-18
  0.1509480939312E+02   0.3234389780958E-18
  0.1511121954596E+02   0.3068862285380E-18
  0.1512764753891E+02   0.2928861309247E-18
  0.1514409339137E+02   0.2823728218334E-18
  0.1516055712275E+02   0.2746028505358E-18
  0.1517703875250E+02   0.2690630640974E-18
  0.1519353830006E+02   0.2664235461421E-18
  0.1521005578492E+02   0.2654739216461E-18
  0.1522659122658E+02   0.2673974451129E-18
  0.1524314464456E+02   0.2713348021239E-18
  0.1525971605841E+02   0.2770152481292E-18
  0.1527630548768E+02   0.2845415357789E-18
  0.1529291295196E+02   0.2934719657020E-18
  0.1530953847086E+02   0.3032991837612E-18
  0.1532618206401E+02   0.3139162261693E-18
  0.1534284375105E+02   0.3253430741814E-18
  0.1535952355166E+02   0.3377195723555E-18
  0.1537622148553E+02   0.3507809951256E-18
  0.1539293757236E+02   0.3641527620952E-18
  0.1540967183191E+02   0.3789003395729E-18
  0.1542642428392E+02   0.3941802262248E-18
  0.1544319494817E+02   0.4087959299891E-18
  0.1545998384446E+02   0.4252783093345E-18
  0.1547679099260E+02   0.4419414430448E-18
  0.1549361641246E+02   0.4577586069783E-18
  0.1551046012387E+02   0.4734890056168E-18
  0.1552732214674E+02   0.4890919182295E-18
  0.1554420250097E+02   0.5043084376748E-18
  0.1556110120649E+02   0.5186654211157E-18
  0.1557801828325E+02   0.5319316558717E-18
  0.1559495375121E+02   0.5443708507605E-18
  0.1561190763038E+02   0.5557814919876E-18
  0.1562887994077E+02   0.5666537987945E-18
  0.1564587070242E+02   0.5771080071193E-18
  0.1566287993538E+02   0.5864495592238E-18
  0.1567990765974E+02   0.5950595938951E-18
  0.1569695389560E+02   0.6038487933742E-18
  0.1571401866308E+02   0.6113063535174E-18
  0.1573110198234E+02   0.6170864770140E-18
  0.1574820387353E+02   0.6222226456050E-18
  0.1576532435685E+02   0.6266010385069E-18
  0.1578246345252E+02   0.6289988869788E-18
  0.1579962118076E+02   0.6292255704404E-18
  0.1581679756183E+02   0.6337966007534E-18
  0.1583399261601E+02   0.6426571058798E-18
  0.1585120636360E+02   0.6487814086843E-18
  0.1586843882493E+02   0.6503788904703E-18
  0.1588569002033E+02   0.6503720475139E-18
  0.1590295997018E+02   0.6499458438926E-18
  0.1592024869486E+02   0.6492609590130E-18
  0.1593755621478E+02   0.6489658731641E-18
  0.1595488255038E+02   0.6491650466036E-18
  0.1597222772211E+02   0.6487551689881E-18
  0.1598959175045E+02   0.6474002936514E-18
  0.1600697465589E+02   0.6460397241927E-18
  0.1602437645897E+02   0.6443922690782E-18
  0.1604179718022E+02   0.6420377360764E-18
  0.1605923684022E+02   0.6396906902126E-18
  0.1607669545955E+02   0.6363120033780E-18
  0.1609417305881E+02   0.6328910264513E-18
  0.1611166965866E+02   0.6301558347045E-18
  0.1612918527974E+02   0.6272906970271E-18
  0.1614671994272E+02   0.6235319873006E-18
  0.1616427366832E+02   0.6199832098884E-18
  0.1618184647726E+02   0.6169108652205E-18
  0.1619943839028E+02   0.6135952821740E-18
  0.1621704942815E+02   0.6100327334314E-18
  0.1623467961166E+02   0.6061082771971E-18
  0.1625232896163E+02   0.6019275815665E-18
  0.1626999749889E+02   0.5974045856935E-18
  0.1628768524431E+02   0.5924771763415E-18
  0.1630539221875E+02   0.5877014654426E-18
  0.1632311844314E+02   0.5829874551977E-18
  0.1634086393839E+02   0.5788748677213E-18
  0.1635862872546E+02   0.5745210139529E-18
  0.1637641282532E+02   0.5682576017898E-18
  0.1639421625897E+02   0.5614123818154E-18
  0.1641203904741E+02   0.5557597192101E-18
  0.1642988121170E+02   0.5507066664383E-18
  0.1644774277290E+02   0.5453424984449E-18
  0.1646562375210E+02   0.5398141526726E-18
  0.1648352417040E+02   0.5346286319141E-18
  0.1650144404894E+02   0.5308276238792E-18
  0.1651938340888E+02   0.5283692740329E-18
  0.1653734227139E+02   0.5265040638446E-18
  0.1655532065768E+02   0.5249458842784E-18
  0.1657331858896E+02   0.5233900380488E-18
  0.1659133608650E+02   0.5212756186947E-18
  0.1660937317156E+02   0.5185809225879E-18
  0.1662742986543E+02   0.5159980415372E-18
  0.1664550618944E+02   0.5134248564023E-18
  0.1666360216491E+02   0.5108168223255E-18
  0.1668171781323E+02   0.5080666656633E-18
  0.1669985315577E+02   0.5055992457056E-18
  0.1671800821394E+02   0.5032537509014E-18
  0.1673618300918E+02   0.5009693645102E-18
  0.1675437756295E+02   0.4989162867156E-18
  0.1677259189672E+02   0.4963238556509E-18
  0.1679082603200E+02   0.4931691646895E-18
  0.1680907999031E+02   0.4900995053764E-18
  0.1682735379322E+02   0.4873762556427E-18
  0.1684564746228E+02   0.4847690572192E-18
  0.1686396101910E+02   0.4819911799753E-18
  0.1688229448530E+02   0.4792139764707E-18
  0.1690064788251E+02   0.4764923413826E-18
  0.1691902123242E+02   0.4740641216642E-18
  0.1693741455672E+02   0.4721787075927E-18
  0.1695582787710E+02   0.4705016719522E-18
  0.1697426121532E+02   0.4676636044625E-18
  0.1699271459314E+02   0.4637056310540E-18
  0.1701118803235E+02   0.4609486228933E-18
  0.1702968155474E+02   0.4601549679355E-18
  0.1704819518216E+02   0.4596695734150E-18
  0.1706672893646E+02   0.4589557121963E-18
  0.1708528283953E+02   0.4586091394772E-18
  0.1710385691326E+02   0.4581551855615E-18
  0.1712245117959E+02   0.4574654719891E-18
  0.1714106566047E+02   0.4566728103665E-18
  0.1715970037787E+02   0.4559428136950E-18
  0.1717835535380E+02   0.4552787198285E-18
  0.1719703061027E+02   0.4546161997813E-18
  0.1721572616934E+02   0.4540916684729E-18
  0.1723444205308E+02   0.4537681221846E-18
  0.1725317828358E+02   0.4535043329025E-18
  0.1727193488296E+02   0.4531388379614E-18
  0.1729071187337E+02   0.4527086416051E-18
  0.1730950927698E+02   0.4525016304351E-18
  0.1732832711597E+02   0.4526143556947E-18
  0.1734716541257E+02   0.4522550605521E-18
  0.1736602418900E+02   0.4507862026249E-18
  0.1738490346755E+02   0.4487592841211E-18
  0.1740380327049E+02   0.4473816696794E-18
  0.1742272362014E+02   0.4467022898225E-18
  0.1744166453884E+02   0.4465246616197E-18
  0.1746062604894E+02   0.4462445373338E-18
  0.1747960817284E+02   0.4459739600613E-18
  0.1749861093293E+02   0.4459235489325E-18
  0.1751763435167E+02   0.4468539562640E-18
  0.1753667845151E+02   0.4485143091547E-18
  0.1755574325492E+02   0.4501204270606E-18
  0.1757482878442E+02   0.4515513473223E-18
  0.1759393506254E+02   0.4531469804548E-18
  0.1761306211184E+02   0.4549884313937E-18
  0.1763220995489E+02   0.4567815482807E-18
  0.1765137861431E+02   0.4582351201037E-18
  0.1767056811272E+02   0.4596956188463E-18
  0.1768977847278E+02   0.4614634893158E-18
  0.1770900971716E+02   0.4634186541816E-18
  0.1772826186858E+02   0.4652534698564E-18
  0.1774753494976E+02   0.4670728281968E-18
  0.1776682898345E+02   0.4687239366681E-18
  0.1778614399243E+02   0.4701743319821E-18
  0.1780547999951E+02   0.4715615199752E-18
  0.1782483702752E+02   0.4731152647857E-18
  0.1784421509930E+02   0.4747064432057E-18
  0.1786361423773E+02   0.4763575128889E-18
  0.1788303446572E+02   0.4780575877601E-18
  0.1790247580619E+02   0.4797969640217E-18
  0.1792193828210E+02   0.4814601415342E-18
  0.1794142191642E+02   0.4833339477730E-18
  0.1796092673215E+02   0.4851567825144E-18
  0.1798045275233E+02   0.4858762106939E-18
  0.1800000000000E+02   0.4856703035599E-18
