  0.1450000000000E+02   0.4799914552427E-18
  0.1451576351247E+02   0.4878475201665E-18
  0.1453154416207E+02   0.4938637845376E-18
  0.1454734196743E+02   0.4977085933161E-18
  0.1456315694719E+02   0.5026695323356E-18
  0.1457898912003E+02   0.5091588347300E-18
  0.1459483850464E+02   0.5170230006017E-18
  0.1461070511973E+02   0.5228735467591E-18
  0.1462658898403E+02   0.5303057765338E-18
  0.1464249011630E+02   0.5371657268662E-18
  0.1465840853530E+02   0.5322766431557E-18
  0.1467434425984E+02   0.5391505687606E-18
  0.1469029730872E+02   0.5481552881755E-18
  0.1470626770078E+02   0.5503442094753E-18
  0.1472225545487E+02   0.5571114403679E-18
  0.1473826058987E+02   0.5668401312024E-18
  0.1475428312467E+02   0.5698786303386E-18
  0.1477032307819E+02   0.5739957521712E-18
  0.1478638046937E+02   0.5787530954329E-18
  0.1480245531716E+02   0.5832721295846E-18
  0.1481854764054E+02   0.5877555272630E-18
  0.1483465745851E+02   0.5900518935729E-18
  0.1485078479008E+02   0.5891208373513E-18
  0.1486692965431E+02   0.5853784419399E-18
  0.1488309207024E+02   0.5644090241655E-18
  0.1489927205696E+02   0.5309216314217E-18
  0.1491546963358E+02   0.4915576260369E-18
  0.1493168481921E+02   0.4538711801488E-18
  0.1494791763299E+02   0.4389298702616E-18
  0.1496416809410E+02   0.4241995395200E-18
  0.1498043622171E+02   0.4203154322567E-18
  0.1499672203504E+02   0.4073280112055E-18
  0.1501302555330E+02   0.3826752656524E-18
  0.1502934679575E+02   0.3615954703268E-18
  0.1504568578166E+02   0.3433472964051E-18
  0.1506204253032E+02   0.3268570613026E-18
  0.1507841706103E+02   0.3095431153659E-18
  0.1509480939312E+02   0.2938554068268E-18
  0.1511121954596E+02   0.2811815778234E-18
  0.1512764753891E+02   0.2691952906457E-18
  0.1514409339137E+02   0.2639955718165E-18
  0.1516055712275E+02   0.2673501050408E-18
  0.1517703875250E+02   0.2775996367880E-18
  0.1519353830006E+02   0.2841996551403E-18
  0.1521005578492E+02   0.2870105166412E-18
  0.1522659122658E+02   0.2838137194872E-18
  0.1524314464456E+02   0.2722325870951E-18
  0.1525971605841E+02   0.2695204091110E-18
  0.1527630548768E+02   0.2835169565450E-18
  0.1529291295196E+02   0.3208608454259E-18
  0.1530953847086E+02   0.3408413495037E-18
  0.1532618206401E+02   0.3618399322057E-18
  0.1534284375105E+02   0.3759340942361E-18
  0.1535952355166E+02   0.3909061214611E-18
  0.1537622148553E+02   0.4065037211354E-18
  0.1539293757236E+02   0.4225371862232E-18
  0.1540967183191E+02   0.4403704762669E-18
  0.1542642428392E+02   0.4587171019552E-18
  0.1544319494817E+02   0.4766750872011E-18
  0.1545998384446E+02   0.4965625022383E-18
  0.1547679099260E+02   0.5169711843387E-18
  0.1549361641246E+02   0.5321218909630E-18
  0.1551046012387E+02   0.5533032760222E-18
  0.1552732214674E+02   0.5730962096578E-18
  0.1554420250097E+02   0.5935223956207E-18
  0.1556110120649E+02   0.6108676841222E-18
  0.1557801828325E+02   0.6299804734732E-18
  0.1559495375121E+02   0.6471971562325E-18
  0.1561190763038E+02   0.6620686305623E-18
  0.1562887994077E+02   0.6766081171510E-18
  0.1564587070242E+02   0.6903610362819E-18
  0.1566287993538E+02   0.7069081896545E-18
  0.1567990765974E+02   0.7208618618160E-18
  0.1569695389560E+02   0.7350032992020E-18
  0.1571401866308E+02   0.7474140784696E-18
  0.1573110198234E+02   0.7580950464229E-18
  0.1574820387353E+02   0.7682013197373E-18
  0.1576532435685E+02   0.7781959976598E-18
  0.1578246345252E+02   0.7858489235047E-18
  0.1579962118076E+02   0.7911656201051E-18
  0.1581679756183E+02   0.8015284583149E-18
  0.1583399261601E+02   0.8170349965697E-18
  0.1585120636360E+02   0.8291369912553E-18
  0.1586843882493E+02   0.8363267457003E-18
  0.1588569002033E+02   0.8416534553479E-18
  0.1590295997018E+02   0.8465984759993E-18
  0.1592024869486E+02   0.8513741507179E-18
  0.1593755621478E+02   0.8555744746120E-18
  0.1595488255038E+02   0.8584304872050E-18
  0.1597222772211E+02   0.8641086982439E-18
  0.1598959175045E+02   0.8663456640205E-18
  0.1600697465589E+02   0.8714841779027E-18
  0.1602437645897E+02   0.8742732072152E-18
  0.1604179718022E+02   0.8761387941605E-18
  0.1605923684022E+02   0.8779522081622E-18
  0.1607669545955E+02   0.8785083099928E-18
  0.1609417305881E+02   0.8773925761136E-18
  0.1611166965866E+02   0.8787291143834E-18
  0.1612918527974E+02   0.8790490306408E-18
  0.1614671994272E+02   0.8782849177470E-18
  0.1616427366832E+02   0.8788892200369E-18
  0.1618184647726E+02   0.8794043439327E-18
  0.1619943839028E+02   0.8793302978959E-18
  0.1621704942815E+02   0.8787135813164E-18
  0.1623467961166E+02   0.8777652920505E-18
  0.1625232896163E+02   0.8762630791070E-18
  0.1626999749889E+02   0.8740885608295E-18
  0.1628768524431E+02   0.8704110692746E-18
  0.1630539221875E+02   0.8653018828981E-18
  0.1632311844314E+02   0.8640329878224E-18
  0.1634086393839E+02   0.8633966976476E-18
  0.1635862872546E+02   0.8615032021656E-18
  0.1637641282532E+02   0.8577536980329E-18
  0.1639421625897E+02   0.8520714021715E-18
  0.1641203904741E+02   0.8480662725730E-18
  0.1642988121170E+02   0.8446907136275E-18
  0.1644774277290E+02   0.8406602767414E-18
  0.1646562375210E+02   0.8364721621915E-18
  0.1648352417040E+02   0.8325962751778E-18
  0.1650144404894E+02   0.8279636499407E-18
  0.1651938340888E+02   0.8267073754887E-18
  0.1653734227139E+02   0.8255336043523E-18
  0.1655532065768E+02   0.8241232523559E-18
  0.1657331858896E+02   0.8232775578557E-18
  0.1659133608650E+02   0.8215382836963E-18
  0.1660937317156E+02   0.8190133566536E-18
  0.1662742986543E+02   0.8165503834299E-18
  0.1664550618944E+02   0.8138166945471E-18
  0.1666360216491E+02   0.8112488337173E-18
  0.1668171781323E+02   0.8082044109882E-18
  0.1669985315577E+02   0.8040393925139E-18
  0.1671800821394E+02   0.8027157785013E-18
  0.1673618300918E+02   0.8001846419261E-18
  0.1675437756295E+02   0.7978298591178E-18
  0.1677259189672E+02   0.7948554823967E-18
  0.1679082603200E+02   0.7896204803898E-18
  0.1680907999031E+02   0.7865872049310E-18
  0.1682735379322E+02   0.7835372573663E-18
  0.1684564746228E+02   0.7801958009380E-18
  0.1686396101910E+02   0.7767401256476E-18
  0.1688229448530E+02   0.7728831787456E-18
  0.1690064788251E+02   0.7688403447239E-18
  0.1691902123242E+02   0.7650735605951E-18
  0.1693741455672E+02   0.7621316148505E-18
  0.1695582787710E+02   0.7596471209882E-18
  0.1697426121532E+02   0.7545566297245E-18
  0.1699271459314E+02   0.7476015554771E-18
  0.1701118803235E+02   0.7441958481628E-18
  0.1702968155474E+02   0.7433682373732E-18
  0.1704819518216E+02   0.7430870124682E-18
  0.1706672893646E+02   0.7403560155517E-18
  0.1708528283953E+02   0.7381696890047E-18
  0.1710385691326E+02   0.7380469199757E-18
  0.1712245117959E+02   0.7360791149011E-18
  0.1714106566047E+02   0.7332967533477E-18
  0.1715970037787E+02   0.7312896960608E-18
  0.1717835535380E+02   0.7301966661281E-18
  0.1719703061027E+02   0.7284218514104E-18
  0.1721572616934E+02   0.7266775677865E-18
  0.1723444205308E+02   0.7252586710916E-18
  0.1725317828358E+02   0.7242297693319E-18
  0.1727193488296E+02   0.7216816583062E-18
  0.1729071187337E+02   0.7203186921533E-18
  0.1730950927698E+02   0.7189284983758E-18
  0.1732832711597E+02   0.7179756743678E-18
  0.1734716541257E+02   0.7163002042946E-18
  0.1736602418900E+02   0.7123292820696E-18
  0.1738490346755E+02   0.7085090699507E-18
  0.1740380327049E+02   0.7054787087486E-18
  0.1742272362014E+02   0.7033768788757E-18
  0.1744166453884E+02   0.7019133818782E-18
  0.1746062604894E+02   0.7008051946322E-18
  0.1747960817284E+02   0.6985207884337E-18
  0.1749861093293E+02   0.6947570316790E-18
  0.1751763435167E+02   0.6946394391790E-18
  0.1753667845151E+02   0.6958884555197E-18
  0.1755574325492E+02   0.6969291563866E-18
  0.1757482878442E+02   0.6973330306441E-18
  0.1759393506254E+02   0.6984140708219E-18
  0.1761306211184E+02   0.6992787447429E-18
  0.1763220995489E+02   0.7002322867709E-18
  0.1765137861431E+02   0.7006726324537E-18
  0.1767056811272E+02   0.7010448030275E-18
  0.1768977847278E+02   0.7017639151743E-18
  0.1770900971716E+02   0.7022479326770E-18
  0.1772826186858E+02   0.7031577843211E-18
  0.1774753494976E+02   0.7039099078696E-18
  0.1776682898345E+02   0.7045519933421E-18
  0.1778614399243E+02   0.7050530798669E-18
  0.1780547999951E+02   0.7044840707130E-18
  0.1782483702752E+02   0.7052223630689E-18
  0.1784421509930E+02   0.7057761859236E-18
  0.1786361423773E+02   0.7065043703948E-18
  0.1788303446572E+02   0.7065543517374E-18
  0.1790247580619E+02   0.7064370369674E-18
  0.1792193828210E+02   0.7073051788770E-18
  0.1794142191642E+02   0.7073138280424E-18
  0.1796092673215E+02   0.7083167160628E-18
  0.1798045275233E+02   0.7074100478810E-18
  0.1800000000000E+02   0.7051541086693E-18
