           1
        1000
  
  0.2000000000000E+01   0.1874267236438E-20
  0.2005738348342E+01   0.1894623133048E-20
  0.2011493161004E+01   0.1945269500939E-20
  0.2017264485226E+01   0.1994101816099E-20
  0.2023052368383E+01   0.2062061713681E-20
  0.2028856857985E+01   0.2108527048032E-20
  0.2034678001678E+01   0.2169366847196E-20
  0.2040515847246E+01   0.2235453621593E-20
  0.2046370442610E+01   0.2293837015737E-20
  0.2052241835828E+01   0.2371350203448E-20
  0.2058130075096E+01   0.2432245141682E-20
  0.2064035208748E+01   0.2491438336783E-20
  0.2069957285256E+01   0.2533973901859E-20
  0.2075896353234E+01   0.2576472063242E-20
  0.2081852461432E+01   0.2619282702788E-20
  0.2087825658742E+01   0.2662360752182E-20
  0.2093815994195E+01   0.2707505776398E-20
  0.2099823516964E+01   0.2751947145395E-20
  0.2105848276362E+01   0.2797812258478E-20
  0.2111890321844E+01   0.2843997205612E-20
  0.2117949703007E+01   0.2890800785187E-20
  0.2124026469590E+01   0.2937156303742E-20
  0.2130120671475E+01   0.2978925813488E-20
  0.2136232358686E+01   0.3019170832730E-20
  0.2142361581393E+01   0.3066027583582E-20
  0.2148508389907E+01   0.3118959057090E-20
  0.2154672834685E+01   0.3170437470641E-20
  0.2160854966329E+01   0.3222237589728E-20
  0.2167054835585E+01   0.3275291184874E-20
  0.2173272493346E+01   0.3329000882650E-20
  0.2179507990650E+01   0.3383001667613E-20
  0.2185761378682E+01   0.3435153672873E-20
  0.2192032708773E+01   0.3486771485802E-20
  0.2198322032403E+01   0.3538097634373E-20
  0.2204629401197E+01   0.3592565316336E-20
  0.2210954866931E+01   0.3647075019927E-20
  0.2217298481528E+01   0.3701391755516E-20
  0.2223660297061E+01   0.3755104571231E-20
  0.2230040365750E+01   0.3809428096801E-20
  0.2236438739967E+01   0.3865000365320E-20
  0.2242855472234E+01   0.3922839286299E-20
  0.2249290615224E+01   0.3983058783503E-20
  0.2255744221760E+01   0.4043514107146E-20
  0.2262216344817E+01   0.4102546571637E-20
  0.2268707037522E+01   0.4158121505473E-20
  0.2275216353156E+01   0.4214879295844E-20
  0.2281744345149E+01   0.4275425544739E-20
  0.2288291067089E+01   0.4336858455148E-20
  0.2294856572714E+01   0.4398177702627E-20
  0.2301440915918E+01   0.4461162259533E-20
  0.2308044150750E+01   0.4523502824740E-20
  0.2314666331412E+01   0.4585081096053E-20
  0.2321307512264E+01   0.4646531658142E-20
  0.2327967747821E+01   0.4710769628770E-20
  0.2334647092753E+01   0.4771272071142E-20
  0.2341345601890E+01   0.4835067824646E-20
  0.2348063330216E+01   0.4899241171597E-20
  0.2354800332874E+01   0.4965550889659E-20
  0.2361556665167E+01   0.5033871527053E-20
  0.2368332382554E+01   0.5100851891259E-20
  0.2375127540653E+01   0.5172752305704E-20
  0.2381942195246E+01   0.5238571096792E-20
  0.2388776402269E+01   0.5310693656103E-20
  0.2395630217822E+01   0.5379272888477E-20
  0.2402503698166E+01   0.5451150040712E-20
  0.2409396899722E+01   0.5519600722362E-20
  0.2416309879074E+01   0.5590895260484E-20
  0.2423242692967E+01   0.5664012595145E-20
  0.2430195398312E+01   0.5742851242279E-20
  0.2437168052179E+01   0.5821027140658E-20
  0.2444160711804E+01   0.5899845951900E-20
  0.2451173434587E+01   0.5987895885901E-20
  0.2458206278094E+01   0.6069978900687E-20
  0.2465259300054E+01   0.6158123465987E-20
  0.2472332558362E+01   0.6245082058511E-20
  0.2479426111080E+01   0.6328286360330E-20
  0.2486540016437E+01   0.6415974258745E-20
  0.2493674332826E+01   0.6508905378389E-20
  0.2500829118813E+01   0.6514009525107E-20
  0.2508004433126E+01   0.6608965730225E-20
  0.2515200334666E+01   0.6713905479412E-20
  0.2522416882500E+01   0.6818279411699E-20
  0.2529654135868E+01   0.6923262895669E-20
  0.2536912154175E+01   0.7028996600963E-20
  0.2544190997002E+01   0.7131780676051E-20
  0.2551490724096E+01   0.7239597085265E-20
  0.2558811395379E+01   0.7347178241070E-20
  0.2566153070942E+01   0.7458058481676E-20
  0.2573515811052E+01   0.7571110980332E-20
  0.2580899676145E+01   0.7682159707563E-20
  0.2588304726834E+01   0.7797755959220E-20
  0.2595731023902E+01   0.7919096328452E-20
  0.2603178628310E+01   0.8030887329415E-20
  0.2610647601193E+01   0.8153420787946E-20
  0.2618138003859E+01   0.8277583223621E-20
  0.2625649897795E+01   0.8401865654395E-20
  0.2633183344664E+01   0.8527072755123E-20
  0.2640738406303E+01   0.8660077385562E-20
  0.2648315144731E+01   0.8788189194604E-20
  0.2655913622140E+01   0.8924141772724E-20
  0.2663533900905E+01   0.9067477322133E-20
  0.2671176043576E+01   0.9243377280793E-20
  0.2678840112886E+01   0.9428112308466E-20
  0.2686526171746E+01   0.9640130238500E-20
  0.2694234283247E+01   0.9629628293625E-20
  0.2701964510663E+01   0.9991955625462E-20
  0.2709716917447E+01   0.1012141517130E-19
  0.2717491567237E+01   0.1036467586864E-19
  0.2725288523851E+01   0.1063800542768E-19
  0.2733107851292E+01   0.1089113660624E-19
  0.2740949613745E+01   0.1108195047988E-19
  0.2748813875580E+01   0.1127086696705E-19
  0.2756700701352E+01   0.1156796358628E-19
  0.2764610155801E+01   0.1196317429933E-19
  0.2772542303853E+01   0.1243864162530E-19
  0.2780497210618E+01   0.1289617308928E-19
  0.2788474941397E+01   0.1338532359703E-19
  0.2796475561675E+01   0.1394557500289E-19
  0.2804499137126E+01   0.1193211613307E-19
  0.2812545733612E+01   0.8389822463545E-20
  0.2820615417185E+01   0.5347647362452E-20
  0.2828708254086E+01   0.2988668213903E-20
  0.2836824310746E+01   0.1470642679669E-20
  0.2844963653785E+01   0.6201205368919E-21
  0.2853126350018E+01   0.2232427379243E-21
  0.2861312466447E+01   0.7265343782787E-22
  0.2869522070270E+01   0.2121091598759E-22
  0.2877755228877E+01   0.6127580964104E-23
  0.2886012009850E+01   0.1854475144792E-23
  0.2894292480965E+01   0.6137328544242E-24
  0.2902596710194E+01   0.2311934030865E-24
  0.2910924765703E+01   0.1040252060744E-24
  0.2919276715854E+01   0.5202759696352E-25
  0.2927652629205E+01   0.3185535546104E-25
  0.2936052574510E+01   0.2102271694115E-25
  0.2944476620721E+01   0.1598861781205E-25
  0.2952924836988E+01   0.1312493459660E-25
  0.2961397292658E+01   0.1112858729968E-25
  0.2969894057280E+01   0.9865637729897E-26
  0.2978415200599E+01   0.9196111078741E-26
  0.2986960792563E+01   0.9147345570571E-26
  0.2995530903318E+01   0.8343061153557E-26
  0.3004125603214E+01   0.8441258896834E-26
  0.3012744962800E+01   0.8715907304765E-26
  0.3021389052831E+01   0.9026226014469E-26
  0.3030057944261E+01   0.9862892129583E-26
  0.3038751708251E+01   0.1115479944637E-25
  0.3047470416164E+01   0.1334514999709E-25
  0.3056214139568E+01   0.1694930088272E-25
  0.3064982950238E+01   0.2220274294160E-25
  0.3073776920153E+01   0.2929203669817E-25
  0.3082596121499E+01   0.4082231871762E-25
  0.3091440626670E+01   0.5884915151010E-25
  0.3100310508267E+01   0.8468405959685E-25
  0.3109205839099E+01   0.1249324239906E-24
  0.3118126692184E+01   0.1990479773150E-24
  0.3127073140750E+01   0.3171128140993E-24
  0.3136045258236E+01   0.5106605170708E-24
  0.3145043118290E+01   0.8461740177815E-24
  0.3154066794771E+01   0.1408549510625E-23
  0.3163116361751E+01   0.2393909425002E-23
  0.3172191893516E+01   0.4106825016831E-23
  0.3181293464562E+01   0.7059305846746E-23
  0.3190421149600E+01   0.1220615834064E-22
  0.3199575023556E+01   0.2095312759679E-22
  0.3208755161572E+01   0.3583399583584E-22
  0.3217961639002E+01   0.6096797785555E-22
  0.3227194531419E+01   0.1022441701426E-21
  0.3236453914613E+01   0.1679727438434E-21
  0.3245739864590E+01   0.2686329771760E-21
  0.3255052457574E+01   0.4146291435707E-21
  0.3264391770010E+01   0.6144278136246E-21
  0.3273757878560E+01   0.8695990001058E-21
  0.3283150860107E+01   0.1175819919169E-20
  0.3292570791754E+01   0.1523225476940E-20
  0.3302017750825E+01   0.1902306108077E-20
  0.3311491814867E+01   0.2295021905682E-20
  0.3320993061649E+01   0.2689858525609E-20
  0.3330521569163E+01   0.3081356191825E-20
  0.3340077415625E+01   0.3465893906630E-20
  0.3349660679474E+01   0.3843857963094E-20
  0.3359271439377E+01   0.4199599691621E-20
  0.3368909774224E+01   0.4531870444087E-20
  0.3378575763132E+01   0.4848152892298E-20
  0.3388269485445E+01   0.5168761950777E-20
  0.3397991020737E+01   0.5457559645658E-20
  0.3407740448806E+01   0.5719250747229E-20
  0.3417517849683E+01   0.5991428470960E-20
  0.3427323303625E+01   0.6219344995125E-20
  0.3437156891123E+01   0.6453110519580E-20
  0.3447018692896E+01   0.6679439563856E-20
  0.3456908789896E+01   0.6887464814860E-20
  0.3466827263307E+01   0.7073606274331E-20
  0.3476774194546E+01   0.7263026965653E-20
  0.3486749665263E+01   0.7433037586232E-20
  0.3496753757342E+01   0.7613163552563E-20
  0.3506786552905E+01   0.7787789941514E-20
  0.3516848134305E+01   0.7965920522575E-20
  0.3526938584134E+01   0.8110027014479E-20
  0.3537057985222E+01   0.8293986610386E-20
  0.3547206420634E+01   0.8505158518650E-20
  0.3557383973675E+01   0.8702553550740E-20
  0.3567590727888E+01   0.8894249122133E-20
  0.3577826767056E+01   0.9070932630706E-20
  0.3588092175204E+01   0.9271222813710E-20
  0.3598387036595E+01   0.9482029033085E-20
  0.3608711435738E+01   0.9597344074022E-20
  0.3619065457379E+01   0.9769648751465E-20
  0.3629449186512E+01   0.9930624256061E-20
  0.3639862708372E+01   0.1009155106728E-19
  0.3650306108440E+01   0.1024926684692E-19
  0.3660779472442E+01   0.1039580584596E-19
  0.3671282886350E+01   0.1056838082025E-19
  0.3681816436381E+01   0.1071033486679E-19
  0.3692380209002E+01   0.1086087517280E-19
  0.3702974290926E+01   0.1101727386621E-19
  0.3713598769117E+01   0.1116251063630E-19
  0.3724253730786E+01   0.1131708277423E-19
  0.3734939263396E+01   0.1146267186200E-19
  0.3745655454660E+01   0.1161216223725E-19
  0.3756402392544E+01   0.1175791829676E-19
  0.3767180165264E+01   0.1190780394475E-19
  0.3777988861291E+01   0.1203606476110E-19
  0.3788828569349E+01   0.1216467137108E-19
  0.3799699378418E+01   0.1229217519825E-19
  0.3810601377731E+01   0.1241599389198E-19
  0.3821534656780E+01   0.1252660010461E-19
  0.3832499305310E+01   0.1263826543809E-19
  0.3843495413326E+01   0.1275994935177E-19
  0.3854523071092E+01   0.1287590596612E-19
  0.3865582369128E+01   0.1299779138489E-19
  0.3876673398217E+01   0.1312620240364E-19
  0.3887796249400E+01   0.1326537253650E-19
  0.3898951013980E+01   0.1339454906888E-19
  0.3910137783523E+01   0.1353669402353E-19
  0.3921356649856E+01   0.1367305033256E-19
  0.3932607705070E+01   0.1379342963701E-19
  0.3943891041521E+01   0.1393513852296E-19
  0.3955206751830E+01   0.1407854180300E-19
  0.3966554928883E+01   0.1419798474958E-19
  0.3977935665832E+01   0.1430979452835E-19
  0.3989349056097E+01   0.1441936696073E-19
  0.4000795193368E+01   0.1448523606643E-19
  0.4012274171599E+01   0.1456865402758E-19
  0.4023786085019E+01   0.1461760566092E-19
  0.4035331028123E+01   0.1467986490693E-19
  0.4046909095679E+01   0.1473398038289E-19
  0.4058520382728E+01   0.1477899600534E-19
  0.4070164984582E+01   0.1482084757487E-19
  0.4081842996827E+01   0.1494276652732E-19
  0.4093554515323E+01   0.1508230744217E-19
  0.4105299636205E+01   0.1525121374899E-19
  0.4117078455885E+01   0.1547044530805E-19
  0.4128891071050E+01   0.1572906014654E-19
  0.4140737578665E+01   0.1608090316680E-19
  0.4152618075974E+01   0.1643147452928E-19
  0.4164532660498E+01   0.1682875841146E-19
  0.4176481430042E+01   0.1744942255807E-19
  0.4188464482686E+01   0.1831574413264E-19
  0.4200481916795E+01   0.1755886008991E-19
  0.4212533831015E+01   0.1356906514870E-19
  0.4224620324277E+01   0.1175833876216E-19
  0.4236741495793E+01   0.3753027554665E-20
  0.4248897445061E+01   0.2372458177673E-23
  0.4261088271865E+01   0.2089505967533E-25
  0.4273314076274E+01   0.3510729596671E-24
  0.4285574958646E+01   0.1068969709768E-20
  0.4297871019624E+01   0.6940548141614E-20
  0.4310202360143E+01   0.9158516268049E-20
  0.4322569081426E+01   0.1004727240065E-19
  0.4334971284986E+01   0.1067476299370E-19
  0.4347409072628E+01   0.1113743790454E-19
  0.4359882546449E+01   0.1147145695224E-19
  0.4372391808839E+01   0.1143980583524E-19
  0.4384936962482E+01   0.9523051945479E-20
  0.4397518110355E+01   0.1043814450015E-19
  0.4410135355733E+01   0.1182176475161E-19
  0.4422788802186E+01   0.1189686113819E-19
  0.4435478553580E+01   0.1193342317843E-19
  0.4448204714081E+01   0.1192924495792E-19
  0.4460967388154E+01   0.1193263049524E-19
  0.4473766680561E+01   0.1190873694856E-19
  0.4486602696367E+01   0.1189029558970E-19
  0.4499475540938E+01   0.1190132538523E-19
  0.4512385319942E+01   0.1190287526270E-19
  0.4525332139351E+01   0.1191492376708E-19
  0.4538316105440E+01   0.1196413201017E-19
  0.4551337324788E+01   0.1202925820957E-19
  0.4564395904283E+01   0.1213862483763E-19
  0.4577491951117E+01   0.1225173865100E-19
  0.4590625572791E+01   0.1239314293089E-19
  0.4603796877112E+01   0.1256068242446E-19
  0.4617005972199E+01   0.1274224721993E-19
  0.4630252966481E+01   0.1295172648791E-19
  0.4643537968697E+01   0.1316874064415E-19
  0.4656861087898E+01   0.1320216827916E-19
  0.4670222433449E+01   0.1233573583853E-19
  0.4683622115027E+01   0.1346203201216E-19
  0.4697060242625E+01   0.1414727730225E-19
  0.4710536926552E+01   0.1441985582425E-19
  0.4724052277433E+01   0.1469004788275E-19
  0.4737606406209E+01   0.1496037687400E-19
  0.4751199424141E+01   0.1521561289656E-19
  0.4764831442809E+01   0.1549071985568E-19
  0.4778502574113E+01   0.1572413357429E-19
  0.4792212930274E+01   0.1603328859060E-19
  0.4805962623834E+01   0.1629361168645E-19
  0.4819751767661E+01   0.1657153552391E-19
  0.4833580474942E+01   0.1684682847769E-19
  0.4847448859194E+01   0.1710230565930E-19
  0.4861357034255E+01   0.1736028258358E-19
  0.4875305114293E+01   0.1762274659554E-19
  0.4889293213801E+01   0.1789060056535E-19
  0.4903321447604E+01   0.1816641847389E-19
  0.4917389930853E+01   0.1841196567334E-19
  0.4931498779030E+01   0.1868799044007E-19
  0.4945648107950E+01   0.1893257462496E-19
  0.4959838033760E+01   0.1916964950217E-19
  0.4974068672938E+01   0.1940041428673E-19
  0.4988340142298E+01   0.1964601020613E-19
  0.5002652558990E+01   0.1987140875300E-19
  0.5017006040497E+01   0.2010425260484E-19
  0.5031400704644E+01   0.2030382129804E-19
  0.5045836669588E+01   0.2051005713801E-19
  0.5060314053831E+01   0.2071576791655E-19
  0.5074832976211E+01   0.2088210617151E-19
  0.5089393555907E+01   0.2103551112538E-19
  0.5103995912443E+01   0.2118319241256E-19
  0.5118640165683E+01   0.2131958868880E-19
  0.5133326435836E+01   0.2145985033000E-19
  0.5148054843456E+01   0.2157385829696E-19
  0.5162825509443E+01   0.2167215026523E-19
  0.5177638555043E+01   0.2178485605675E-19
  0.5192494101851E+01   0.2188068931871E-19
  0.5207392271810E+01   0.2196759505122E-19
  0.5222333187214E+01   0.2204808862188E-19
  0.5237316970706E+01   0.2213497386516E-19
  0.5252343745283E+01   0.2220149386356E-19
  0.5267413634293E+01   0.2227760111327E-19
  0.5282526761440E+01   0.2237036585098E-19
  0.5297683250780E+01   0.2243914731920E-19
  0.5312883226729E+01   0.2248264679142E-19
  0.5328126814055E+01   0.2252905446648E-19
  0.5343414137889E+01   0.2258336553701E-19
  0.5358745323718E+01   0.2260127627585E-19
  0.5374120497388E+01   0.2259828710080E-19
  0.5389539785110E+01   0.2262216922118E-19
  0.5405003313454E+01   0.2260412941131E-19
  0.5420511209355E+01   0.2262024583292E-19
  0.5436063600109E+01   0.2258540605442E-19
  0.5451660613382E+01   0.2253000027164E-19
  0.5467302377202E+01   0.2249428570056E-19
  0.5482989019966E+01   0.2244688120610E-19
  0.5498720670441E+01   0.2237291314416E-19
  0.5514497457762E+01   0.2232987623739E-19
  0.5530319511432E+01   0.2224767904708E-19
  0.5546186961331E+01   0.2215576552620E-19
  0.5562099937707E+01   0.2204652530210E-19
  0.5578058571184E+01   0.2189782076038E-19
  0.5594062992760E+01   0.2169481394195E-19
  0.5610113333808E+01   0.2147980078634E-19
  0.5626209726081E+01   0.2122140348194E-19
  0.5642352301707E+01   0.2087672260448E-19
  0.5658541193194E+01   0.2048604011258E-19
  0.5674776533430E+01   0.2000615078151E-19
  0.5691058455685E+01   0.1946666991036E-19
  0.5707387093610E+01   0.1884040637545E-19
  0.5723762581242E+01   0.1807573925121E-19
  0.5740185053000E+01   0.1724397048133E-19
  0.5756654643690E+01   0.1626347165869E-19
  0.5773171488504E+01   0.1521968392555E-19
  0.5789735723023E+01   0.1404945405395E-19
  0.5806347483215E+01   0.1288500345739E-19
  0.5823006905441E+01   0.1174501403522E-19
  0.5839714126450E+01   0.1059480568132E-19
  0.5856469283387E+01   0.9618507610037E-20
  0.5873272513787E+01   0.8763915699015E-20
  0.5890123955582E+01   0.8024626328966E-20
  0.5907023747098E+01   0.7431316050458E-20
  0.5923972027060E+01   0.6957332780339E-20
  0.5940968934588E+01   0.6603684146227E-20
  0.5958014609205E+01   0.6303661682258E-20
  0.5975109190831E+01   0.6094803254390E-20
  0.5992252819789E+01   0.5931506691656E-20
  0.6009445636805E+01   0.5805218329049E-20
  0.6026687783007E+01   0.5717191281694E-20
  0.6043979399930E+01   0.5687429644822E-20
  0.6061320629513E+01   0.5684709664494E-20
  0.6078711614104E+01   0.5793350634545E-20
  0.6096152496459E+01   0.5968935637785E-20
  0.6113643419744E+01   0.6318408712516E-20
  0.6131184527533E+01   0.6728962101033E-20
  0.6148775963816E+01   0.7197563297379E-20
  0.6166417872994E+01   0.7688799972667E-20
  0.6184110399881E+01   0.8176368752303E-20
  0.6201853689710E+01   0.8575994449653E-20
  0.6219647888128E+01   0.8925898405148E-20
  0.6237493141200E+01   0.9240400585078E-20
  0.6255389595412E+01   0.9531216173367E-20
  0.6273337397667E+01   0.9792861106689E-20
  0.6291336695293E+01   0.1002542045853E-19
  0.6309387636040E+01   0.1029271992386E-19
  0.6327490368079E+01   0.1054901600062E-19
  0.6345645040009E+01   0.1082249677329E-19
  0.6363851800855E+01   0.1106351979634E-19
  0.6382110800069E+01   0.1133953129263E-19
  0.6400422187532E+01   0.1159536272111E-19
  0.6418786113555E+01   0.1186813435161E-19
  0.6437202728880E+01   0.1208535496682E-19
  0.6455672184682E+01   0.1231181288077E-19
  0.6474194632569E+01   0.1252231596141E-19
  0.6492770224586E+01   0.1276793761790E-19
  0.6511399113211E+01   0.1294105376174E-19
  0.6530081451363E+01   0.1313376552333E-19
  0.6548817392397E+01   0.1332969883070E-19
  0.6567607090108E+01   0.1351907042739E-19
  0.6586450698735E+01   0.1371916010921E-19
  0.6605348372958E+01   0.1392710864518E-19
  0.6624300267898E+01   0.1415646461414E-19
  0.6643306539127E+01   0.1442057790524E-19
  0.6662367342658E+01   0.1462636915819E-19
  0.6681482834954E+01   0.1488749649320E-19
  0.6700653172927E+01   0.1511515941969E-19
  0.6719878513938E+01   0.1528703250699E-19
  0.6739159015801E+01   0.1548896696167E-19
  0.6758494836783E+01   0.1565080617662E-19
  0.6777886135602E+01   0.1587633074894E-19
  0.6797333071435E+01   0.1613998552603E-19
  0.6816835803914E+01   0.1625801474710E-19
  0.6836394493129E+01   0.1646683225965E-19
  0.6856009299631E+01   0.1673734085832E-19
  0.6875680384428E+01   0.1690034226360E-19
  0.6895407908994E+01   0.1708757643187E-19
  0.6915192035264E+01   0.1731970586140E-19
  0.6935032925638E+01   0.1755441670626E-19
  0.6954930742982E+01   0.1775895921198E-19
  0.6974885650629E+01   0.1795417305440E-19
  0.6994897812383E+01   0.1818173006350E-19
  0.7014967392513E+01   0.1837404602802E-19
  0.7035094555765E+01   0.1861966057431E-19
  0.7055279467354E+01   0.1889971325910E-19
  0.7075522292970E+01   0.1914563796589E-19
  0.7095823198778E+01   0.1941257012136E-19
  0.7116182351420E+01   0.1970593754554E-19
  0.7136599918018E+01   0.1992094329776E-19
  0.7157076066170E+01   0.2025200132695E-19
  0.7177610963958E+01   0.2053081553057E-19
  0.7198204779944E+01   0.2078073426297E-19
  0.7218857683175E+01   0.2099573562245E-19
  0.7239569843182E+01   0.2120405511122E-19
  0.7260341429984E+01   0.2157425830928E-19
  0.7281172614086E+01   0.2194097401159E-19
  0.7302063566484E+01   0.2229002396634E-19
  0.7323014458663E+01   0.2264370863117E-19
  0.7344025462600E+01   0.2299722599819E-19
  0.7365096750767E+01   0.2336252699011E-19
  0.7386228496130E+01   0.2373403643758E-19
  0.7407420872151E+01   0.2409479759991E-19
  0.7428674052790E+01   0.2448649134743E-19
  0.7449988212505E+01   0.2489615109597E-19
  0.7471363526258E+01   0.2532636049795E-19
  0.7492800169508E+01   0.2577918301385E-19
  0.7514298318222E+01   0.2615061133519E-19
  0.7535858148868E+01   0.2652187504067E-19
  0.7557479838424E+01   0.2698605335013E-19
  0.7579163564373E+01   0.2745479451919E-19
  0.7600909504708E+01   0.2791685980443E-19
  0.7622717837934E+01   0.2833756617204E-19
  0.7644588743066E+01   0.2871694374856E-19
  0.7666522399634E+01   0.2913119904671E-19
  0.7688518987683E+01   0.2951271531597E-19
  0.7710578687774E+01   0.2986272615324E-19
  0.7732701680988E+01   0.3014744560325E-19
  0.7754888148921E+01   0.3043127180992E-19
  0.7777138273696E+01   0.3058697856426E-19
  0.7799452237954E+01   0.3067861133176E-19
  0.7821830224861E+01   0.3068650085103E-19
  0.7844272418111E+01   0.3065186886158E-19
  0.7866779001922E+01   0.3043920455994E-19
  0.7889350161042E+01   0.3013353333478E-19
  0.7911986080749E+01   0.2975486381037E-19
  0.7934686946851E+01   0.2917933981208E-19
  0.7957452945693E+01   0.2864185999384E-19
  0.7980284264150E+01   0.2792287245400E-19
  0.8003181089637E+01   0.2769039453574E-19
  0.8026143610103E+01   0.2717665639380E-19
  0.8049172014041E+01   0.2645636244218E-19
  0.8072266490480E+01   0.2552822097545E-19
  0.8095427228995E+01   0.2469242489018E-19
  0.8118654419702E+01   0.2357496089540E-19
  0.8141948253265E+01   0.2225786534076E-19
  0.8165308920893E+01   0.2070262296392E-19
  0.8188736614346E+01   0.1957047608829E-19
  0.8212231525931E+01   0.1881886551647E-19
  0.8235793848510E+01   0.1849567428165E-19
  0.8259423775497E+01   0.1804100293404E-19
  0.8283121500859E+01   0.1808862304212E-19
  0.8306887219123E+01   0.1789021278390E-19
  0.8330721125372E+01   0.1743372441989E-19
  0.8354623415250E+01   0.1675632007860E-19
  0.8378594284960E+01   0.1623957883687E-19
  0.8402633931270E+01   0.1554428762722E-19
  0.8426742551512E+01   0.1512172695762E-19
  0.8450920343585E+01   0.1450899806846E-19
  0.8475167505955E+01   0.1398501427992E-19
  0.8499484237656E+01   0.1338185903259E-19
  0.8523870738296E+01   0.1265435493309E-19
  0.8548327208054E+01   0.1182037056926E-19
  0.8572853847683E+01   0.1105130416544E-19
  0.8597450858513E+01   0.1025144229409E-19
  0.8622118442451E+01   0.9619531643265E-20
  0.8646856801984E+01   0.9002909163626E-20
  0.8671666140179E+01   0.8374804523420E-20
  0.8696546660687E+01   0.7752275733528E-20
  0.8721498567741E+01   0.7125207338475E-20
  0.8746522066162E+01   0.6480208910507E-20
  0.8771617361359E+01   0.5898536966130E-20
  0.8796784659329E+01   0.5330281367977E-20
  0.8822024166659E+01   0.4881396320310E-20
  0.8847336090533E+01   0.4464822934037E-20
  0.8872720638724E+01   0.4097472868476E-20
  0.8898178019606E+01   0.3738833248153E-20
  0.8923708442147E+01   0.3394891283498E-20
  0.8949312115917E+01   0.3057715210583E-20
  0.8974989251087E+01   0.2746805992820E-20
  0.9000740058430E+01   0.2464417229777E-20
  0.9026564749324E+01   0.2341034712369E-20
  0.9052463535754E+01   0.2222435443150E-20
  0.9078436630313E+01   0.2101241533900E-20
  0.9104484246204E+01   0.1994720510790E-20
  0.9130606597242E+01   0.1886335432005E-20
  0.9156803897854E+01   0.1780379313802E-20
  0.9183076363086E+01   0.1674403421876E-20
  0.9209424208595E+01   0.1602831193674E-20
  0.9235847650663E+01   0.1589159531419E-20
  0.9262346906188E+01   0.1574090503696E-20
  0.9288922192692E+01   0.1558248466809E-20
  0.9315573728322E+01   0.1546928637330E-20
  0.9342301731850E+01   0.1543436706759E-20
  0.9369106422675E+01   0.1540284395334E-20
  0.9395988020826E+01   0.1535410227461E-20
  0.9422946746965E+01   0.1609570575780E-20
  0.9449982822385E+01   0.1703408050510E-20
  0.9477096469013E+01   0.1813503859627E-20
  0.9504287909417E+01   0.1911408511582E-20
  0.9531557366798E+01   0.2024495352671E-20
  0.9558905065003E+01   0.2150863637476E-20
  0.9586331228517E+01   0.2291676254391E-20
  0.9613836082471E+01   0.2450718166873E-20
  0.9641419852641E+01   0.2652540269217E-20
  0.9669082765452E+01   0.2875830762150E-20
  0.9696825047978E+01   0.3102699219318E-20
  0.9724646927945E+01   0.3348228870547E-20
  0.9752548633731E+01   0.3585819372415E-20
  0.9780530394371E+01   0.3839000028841E-20
  0.9808592439555E+01   0.4117470918884E-20
  0.9836734999635E+01   0.4464881205890E-20
  0.9864958305621E+01   0.4845533111097E-20
  0.9893262589188E+01   0.5327778238944E-20
  0.9921648082674E+01   0.5865024558311E-20
  0.9950115019085E+01   0.6439804664308E-20
  0.9978663632094E+01   0.7031684385691E-20
  0.1000729415605E+02   0.7651977664521E-20
  0.1003600682596E+02   0.8294494923847E-20
  0.1006480187752E+02   0.8961704785216E-20
  0.1009367954710E+02   0.9596889235333E-20
  0.1012264007175E+02   0.1038230320636E-19
  0.1015168368918E+02   0.1113317041345E-19
  0.1018081063781E+02   0.1182489951135E-19
  0.1021002115673E+02   0.1261671576690E-19
  0.1023931548572E+02   0.1337190310649E-19
  0.1026869386524E+02   0.1412435336762E-19
  0.1029815653645E+02   0.1479054075271E-19
  0.1032770374119E+02   0.1546614873271E-19
  0.1035733572201E+02   0.1608051718389E-19
  0.1038705272214E+02   0.1662351509599E-19
  0.1041685498552E+02   0.1727156848391E-19
  0.1044674275678E+02   0.1783935520016E-19
  0.1047671628127E+02   0.1849303966735E-19
  0.1050677580502E+02   0.1888015246021E-19
  0.1053692157478E+02   0.1925534448184E-19
  0.1056715383800E+02   0.1946667862674E-19
  0.1059747284285E+02   0.1955328783907E-19
  0.1062787883821E+02   0.1965396387434E-19
  0.1065837207366E+02   0.1964746512402E-19
  0.1068895279952E+02   0.1947337445935E-19
  0.1071962126681E+02   0.1939051769829E-19
  0.1075037772726E+02   0.1922273849946E-19
  0.1078122243337E+02   0.1890639939342E-19
  0.1081215563830E+02   0.1873308898345E-19
  0.1084317759599E+02   0.1851152633839E-19
  0.1087428856108E+02   0.1838188089802E-19
  0.1090548878894E+02   0.1809569883938E-19
  0.1093677853570E+02   0.1785799242453E-19
  0.1096815805818E+02   0.1752696296078E-19
  0.1099962761399E+02   0.1734668222879E-19
  0.1103118746143E+02   0.1722830049102E-19
  0.1106283785956E+02   0.1708205290264E-19
  0.1109457906821E+02   0.1690841695410E-19
  0.1112641134790E+02   0.1680896961822E-19
  0.1115833495996E+02   0.1674085282316E-19
  0.1119035016641E+02   0.1665306690682E-19
  0.1122245723007E+02   0.1675241358150E-19
  0.1125465641449E+02   0.1660316330732E-19
  0.1128694798398E+02   0.1692845232892E-19
  0.1131933220360E+02   0.1695989468269E-19
  0.1135180933919E+02   0.1713492218637E-19
  0.1138437965734E+02   0.1720493955513E-19
  0.1141704342540E+02   0.1758341935881E-19
  0.1144980091151E+02   0.1808397824424E-19
  0.1148265238454E+02   0.1858856220223E-19
  0.1151559811418E+02   0.1903644342730E-19
  0.1154863837085E+02   0.1931492250995E-19
  0.1158177342577E+02   0.2020248502018E-19
  0.1161500355093E+02   0.2090615968083E-19
  0.1164832901912E+02   0.2177663942020E-19
  0.1168175010387E+02   0.2294734078595E-19
  0.1171526707954E+02   0.2411313809649E-19
  0.1174888022125E+02   0.2504029425935E-19
  0.1178258980492E+02   0.2611584559911E-19
  0.1181639610725E+02   0.2732940397400E-19
  0.1185029940575E+02   0.2872215083557E-19
  0.1188429997872E+02   0.2989796498385E-19
  0.1191839810526E+02   0.3130470221993E-19
  0.1195259406526E+02   0.3282053116235E-19
  0.1198688813943E+02   0.3432323768258E-19
  0.1202128060927E+02   0.3563147137938E-19
  0.1205577175709E+02   0.3647929706340E-19
  0.1209036186603E+02   0.3757531091603E-19
  0.1212505122001E+02   0.3876218272997E-19
  0.1215984010379E+02   0.4006393022173E-19
  0.1219472880294E+02   0.4138043871621E-19
  0.1222971760384E+02   0.4274073242278E-19
  0.1226480679370E+02   0.4415750810980E-19
  0.1229999666056E+02   0.4586854050424E-19
  0.1233528749328E+02   0.4751687610458E-19
  0.1237067958155E+02   0.4906416762380E-19
  0.1240617321588E+02   0.5121789952151E-19
  0.1244176868763E+02   0.5343163739809E-19
  0.1247746628899E+02   0.5602784773501E-19
  0.1251326631298E+02   0.5760672095373E-19
  0.1254916905348E+02   0.5935541761536E-19
  0.1258517480519E+02   0.6170820557820E-19
  0.1262128386368E+02   0.6367716061569E-19
  0.1265749652534E+02   0.6625469953904E-19
  0.1269381308744E+02   0.6845218332813E-19
  0.1273023384808E+02   0.7095190832704E-19
  0.1276675910623E+02   0.7340216268225E-19
  0.1280338916170E+02   0.7618889248836E-19
  0.1284012431518E+02   0.7857712520228E-19
  0.1287696486822E+02   0.8118914927647E-19
  0.1291391112322E+02   0.8415042852370E-19
  0.1295096338345E+02   0.8780176213169E-19
  0.1298812195308E+02   0.9135035976767E-19
  0.1302538713712E+02   0.9463355952960E-19
  0.1306275924146E+02   0.9839804700911E-19
  0.1310023857287E+02   0.1019584541311E-18
  0.1313782543902E+02   0.1057287211532E-18
  0.1317552014843E+02   0.1099068876070E-18
  0.1321332301052E+02   0.1142133537631E-18
  0.1325123433562E+02   0.1185003399140E-18
  0.1328925443490E+02   0.1240403824921E-18
  0.1332738362048E+02   0.1292862075211E-18
  0.1336562220533E+02   0.1342767105802E-18
  0.1340397050333E+02   0.1401475953615E-18
  0.1344242882929E+02   0.1457089944149E-18
  0.1348099749888E+02   0.1516405927467E-18
  0.1351967682870E+02   0.1581776557469E-18
  0.1355846713625E+02   0.1635632204852E-18
  0.1359736873996E+02   0.1714180989550E-18
  0.1363638195914E+02   0.1788626647742E-18
  0.1367550711404E+02   0.1856871541376E-18
  0.1371474452582E+02   0.1935546210612E-18
  0.1375409451658E+02   0.2011674633066E-18
  0.1379355740931E+02   0.2086837874081E-18
  0.1383313352795E+02   0.2176764133508E-18
  0.1387282319737E+02   0.2263396157079E-18
  0.1391262674336E+02   0.2350365284497E-18
  0.1395254449266E+02   0.2432735929367E-18
  0.1399257677294E+02   0.2505069229128E-18
  0.1403272391280E+02   0.2628266800549E-18
  0.1407298624180E+02   0.2727408885334E-18
  0.1411336409043E+02   0.2833759454231E-18
  0.1415385779014E+02   0.2924065618761E-18
  0.1419446767333E+02   0.3033343983396E-18
  0.1423519407334E+02   0.3155361518590E-18
  0.1427603732450E+02   0.3249525819408E-18
  0.1431699776205E+02   0.3389893200494E-18
  0.1435807572223E+02   0.3500665168495E-18
  0.1439927154224E+02   0.3632312122122E-18
  0.1444058556023E+02   0.3754493184955E-18
  0.1448201811533E+02   0.3887520594899E-18
  0.1452356954764E+02   0.4034305319361E-18
  0.1456524019826E+02   0.4140617970990E-18
  0.1460703040923E+02   0.4301218937237E-18
  0.1464894052359E+02   0.4423919303099E-18
  0.1469097088537E+02   0.4478570303480E-18
  0.1473312183958E+02   0.4610596045896E-18
  0.1477539373222E+02   0.4715335544763E-18
  0.1481778691028E+02   0.4854520594643E-18
  0.1486030172175E+02   0.4877373867338E-18
  0.1490293851562E+02   0.3940473859187E-18
  0.1494569764188E+02   0.2959606048285E-18
  0.1498857945152E+02   0.2951559239749E-18
  0.1503158429654E+02   0.2464825374957E-18
  0.1507471252995E+02   0.2149184955691E-18
  0.1511796450577E+02   0.1876859420852E-18
  0.1516134057904E+02   0.1907895326430E-18
  0.1520484110583E+02   0.2251440503175E-18
  0.1524846644320E+02   0.1900097806816E-18
  0.1529221694927E+02   0.2486574257676E-18
  0.1533609298315E+02   0.3050027849165E-18
  0.1538009490502E+02   0.3373139494401E-18
  0.1542422307607E+02   0.3744745268503E-18
  0.1546847785852E+02   0.4149091241357E-18
  0.1551285961565E+02   0.4518527409614E-18
  0.1555736871178E+02   0.4922220307126E-18
  0.1560200551225E+02   0.5314859215128E-18
  0.1564677038348E+02   0.5567858461709E-18
  0.1569166369292E+02   0.5908523897375E-18
  0.1573668580909E+02   0.6141576463364E-18
  0.1578183710155E+02   0.6322880493233E-18
  0.1582711794093E+02   0.6509191252266E-18
  0.1587252869892E+02   0.6712166769372E-18
  0.1591806974829E+02   0.6803574172095E-18
  0.1596374146286E+02   0.6846526020605E-18
  0.1600954421753E+02   0.6935301594967E-18
  0.1605547838829E+02   0.6962310491890E-18
  0.1610154435218E+02   0.6937258839138E-18
  0.1614774248735E+02   0.6916707548371E-18
  0.1619407317301E+02   0.6918685715007E-18
  0.1624053678948E+02   0.6884003169950E-18
  0.1628713371815E+02   0.6802196115838E-18
  0.1633386434154E+02   0.6721334864871E-18
  0.1638072904321E+02   0.6657000690988E-18
  0.1642772820788E+02   0.6548751487574E-18
  0.1647486222134E+02   0.6444388672328E-18
  0.1652213147050E+02   0.6363269546255E-18
  0.1656953634336E+02   0.6324630868071E-18
  0.1661707722906E+02   0.6270197380920E-18
  0.1666475451784E+02   0.6202003800591E-18
  0.1671256860106E+02   0.6120201527013E-18
  0.1676051987122E+02   0.6062415397702E-18
  0.1680860872193E+02   0.5964424602926E-18
  0.1685683554792E+02   0.5886752812980E-18
  0.1690520074507E+02   0.5794411935173E-18
  0.1695370471040E+02   0.5720710991027E-18
  0.1700234784206E+02   0.5594080151484E-18
  0.1705113053933E+02   0.5565774647942E-18
  0.1710005320266E+02   0.5507369407307E-18
  0.1714911623363E+02   0.5447552391454E-18
  0.1719832003498E+02   0.5420972063220E-18
  0.1724766501060E+02   0.5385242159890E-18
  0.1729715156556E+02   0.5335943346885E-18
  0.1734678010606E+02   0.5300209070240E-18
  0.1739655103949E+02   0.5217760807205E-18
  0.1744646477439E+02   0.5171309933019E-18
  0.1749652172049E+02   0.5096112710605E-18
  0.1754672228869E+02   0.5114037965726E-18
  0.1759706689107E+02   0.5125830744798E-18
  0.1764755594087E+02   0.5133173053372E-18
  0.1769818985256E+02   0.5138505659493E-18
  0.1774896904175E+02   0.5143899078361E-18
  0.1779989392528E+02   0.5145582264929E-18
  0.1785096492118E+02   0.5148691712050E-18
  0.1790218244865E+02   0.5138702204818E-18
  0.1795354692814E+02   0.5151251263937E-18
  0.1800505878126E+02   0.5127283477797E-18
  0.1805671843086E+02   0.5266993744323E-18
  0.1810852630099E+02   0.5360974961815E-18
  0.1816048281692E+02   0.5459846040772E-18
  0.1821258840515E+02   0.5561773618951E-18
  0.1826484349339E+02   0.5610506596394E-18
  0.1831724851057E+02   0.5727355823580E-18
  0.1836980388688E+02   0.5839689433209E-18
  0.1842251005372E+02   0.5950672667938E-18
  0.1847536744372E+02   0.6059207114871E-18
  0.1852837649079E+02   0.6164944853170E-18
  0.1858153763004E+02   0.6298624176400E-18
  0.1863485129787E+02   0.6516229463093E-18
  0.1868831793189E+02   0.6651692745530E-18
  0.1874193797099E+02   0.6795427169571E-18
  0.1879571185533E+02   0.7005465185553E-18
  0.1884964002631E+02   0.7112618640964E-18
  0.1890372292660E+02   0.7300411782137E-18
  0.1895796100015E+02   0.7518933009989E-18
  0.1901235469219E+02   0.7722316332358E-18
  0.1906690444920E+02   0.7957267534936E-18
  0.1912161071896E+02   0.8192504965170E-18
  0.1917647395054E+02   0.8406666839721E-18
  0.1923149459429E+02   0.8695057510105E-18
  0.1928667310184E+02   0.8848466827279E-18
  0.1934200992615E+02   0.9115136760785E-18
  0.1939750552144E+02   0.9403062177847E-18
  0.1945316034326E+02   0.9657646656973E-18
  0.1950897484846E+02   0.9927114733858E-18
  0.1956494949519E+02   0.1015572799889E-17
  0.1962108474294E+02   0.1053436536966E-17
  0.1967738105249E+02   0.1079745584854E-17
  0.1973383888595E+02   0.1104032036713E-17
  0.1979045870677E+02   0.1146602029627E-17
  0.1984724097972E+02   0.1178257742236E-17
  0.1990418617090E+02   0.1217920818566E-17
  0.1996129474776E+02   0.1250059262630E-17
  0.2001856717906E+02   0.1251444582667E-17
  0.2007600393495E+02   0.1311257813984E-17
  0.2013360548689E+02   0.1354620401737E-17
  0.2019137230772E+02   0.1390325871240E-17
  0.2024930487162E+02   0.1425864172456E-17
  0.2030740365414E+02   0.1461926935813E-17
  0.2036566913218E+02   0.1499104427395E-17
  0.2042410178402E+02   0.1536422382622E-17
  0.2048270208932E+02   0.1574481634804E-17
  0.2054147052911E+02   0.1613003284815E-17
  0.2060040758578E+02   0.1652198255384E-17
  0.2065951374313E+02   0.1692342445234E-17
  0.2071878948635E+02   0.1732993799662E-17
  0.2077823530199E+02   0.1774673175762E-17
  0.2083785167804E+02   0.1817411140453E-17
  0.2089763910385E+02   0.1857820031214E-17
  0.2095759807019E+02   0.1906981758511E-17
  0.2101772906926E+02   0.1958888936393E-17
  0.2107803259463E+02   0.2014713965880E-17
  0.2113850914133E+02   0.2072705939287E-17
  0.2119915920576E+02   0.2131484362450E-17
  0.2125998328580E+02   0.2193020843003E-17
  0.2132098188072E+02   0.2255269150562E-17
  0.2138215549123E+02   0.2318083836523E-17
  0.2144350461948E+02   0.2382342758996E-17
  0.2150502976906E+02   0.2448070632873E-17
  0.2156673144502E+02   0.2515444149329E-17
  0.2162861015383E+02   0.2582908778568E-17
  0.2169066640344E+02   0.2650878105286E-17
  0.2175290070323E+02   0.2720031319969E-17
  0.2181531356407E+02   0.2790319932478E-17
  0.2187790549827E+02   0.2862331863453E-17
  0.2194067701964E+02   0.2933716357002E-17
  0.2200362864344E+02   0.3005982730356E-17
  0.2206676088640E+02   0.3073217050626E-17
  0.2213007426677E+02   0.3141227193355E-17
  0.2219356930426E+02   0.3210091867852E-17
  0.2225724652006E+02   0.3278098797046E-17
  0.2232110643689E+02   0.3349782677947E-17
  0.2238514957895E+02   0.3421011800610E-17
  0.2244937647193E+02   0.3491161158744E-17
  0.2251378764305E+02   0.3561861107436E-17
  0.2257838362104E+02   0.3635081923192E-17
  0.2264316493615E+02   0.3714976301849E-17
  0.2270813212013E+02   0.3790392815593E-17
  0.2277328570628E+02   0.3866233941247E-17
  0.2283862622941E+02   0.3942235683630E-17
  0.2290415422588E+02   0.4021064483242E-17
  0.2296987023359E+02   0.4093592395170E-17
  0.2303577479197E+02   0.4165687789350E-17
  0.2310186844201E+02   0.4241015690880E-17
  0.2316815172624E+02   0.4314745939856E-17
  0.2323462518876E+02   0.4387495546442E-17
  0.2330128937522E+02   0.4462243277517E-17
  0.2336814483285E+02   0.4537710044580E-17
  0.2343519211042E+02   0.4613726170206E-17
  0.2350243175831E+02   0.4690674868638E-17
  0.2356986432846E+02   0.4770162506959E-17
  0.2363749037440E+02   0.4852569021174E-17
  0.2370531045125E+02   0.4938637910080E-17
  0.2377332511571E+02   0.4989399143808E-17
  0.2384153492608E+02   0.5072099835534E-17
  0.2390994044229E+02   0.5157945770376E-17
  0.2397854222583E+02   0.5241405149470E-17
  0.2404734083984E+02   0.5321101845165E-17
  0.2411633684905E+02   0.5397841657306E-17
  0.2418553081984E+02   0.5476971302115E-17
  0.2425492332017E+02   0.5560204119001E-17
  0.2432451491968E+02   0.5636662985700E-17
  0.2439430618960E+02   0.5715076071746E-17
  0.2446429770284E+02   0.5803754750186E-17
  0.2453449003391E+02   0.5903801216706E-17
  0.2460488375901E+02   0.6003797578786E-17
  0.2467547945597E+02   0.6095085323955E-17
  0.2474627770428E+02   0.6240942114755E-17
  0.2481727908509E+02   0.6433838362300E-17
  0.2488848418123E+02   0.6510294603907E-17
  0.2495989357720E+02   0.6587146522319E-17
  0.2503150785915E+02   0.6663132437130E-17
  0.2510332761496E+02   0.6737848614505E-17
  0.2517535343416E+02   0.6813094636372E-17
  0.2524758590797E+02   0.6888841989763E-17
  0.2532002562933E+02   0.6965124652467E-17
  0.2539267319287E+02   0.7041911639307E-17
  0.2546552919493E+02   0.7119196798862E-17
  0.2553859423354E+02   0.7196959508567E-17
  0.2561186890847E+02   0.7275286981283E-17
  0.2568535382121E+02   0.7354131448161E-17
  0.2575904957496E+02   0.7433456234727E-17
  0.2583295677467E+02   0.7513270941736E-17
  0.2590707602700E+02   0.7593615919977E-17
  0.2598140794038E+02   0.7674463034126E-17
  0.2605595312497E+02   0.7756192537539E-17
  0.2613071219267E+02   0.7838535874398E-17
  0.2620568575716E+02   0.7921379762738E-17
  0.2628087443386E+02   0.8004671210008E-17
  0.2635627883997E+02   0.8088445570838E-17
  0.2643189959446E+02   0.8172713997842E-17
  0.2650773731806E+02   0.8257618327178E-17
  0.2658379263330E+02   0.8343022832081E-17
  0.2666006616449E+02   0.8428901620294E-17
  0.2673655853772E+02   0.8515243194250E-17
  0.2681327038089E+02   0.8602036128733E-17
  0.2689020232370E+02   0.8689281426139E-17
  0.2696735499766E+02   0.8777044074666E-17
  0.2704472903607E+02   0.8865242267079E-17
  0.2712232507408E+02   0.8953673641499E-17
  0.2720014374864E+02   0.9042484344623E-17
  0.2727818569852E+02   0.9131745733957E-17
  0.2735645156436E+02   0.9221416749395E-17
  0.2743494198859E+02   0.9311578726339E-17
  0.2751365761552E+02   0.9402181698683E-17
  0.2759259909130E+02   0.9493196415392E-17
  0.2767176706391E+02   0.9584621851122E-17
  0.2775116218324E+02   0.9676528825839E-17
  0.2783078510098E+02   0.9768874068857E-17
  0.2791063647075E+02   0.9861608399926E-17
  0.2799071694800E+02   0.9954773172635E-17
  0.2807102719009E+02   0.1004977809900E-16
  0.2815156785625E+02   0.1014543509728E-16
  0.2823233960761E+02   0.1024140138322E-16
  0.2831334310720E+02   0.1033767558269E-16
  0.2839457901993E+02   0.1043433476578E-16
  0.2847604801265E+02   0.1053133138033E-16
  0.2855775075409E+02   0.1062862064123E-16
  0.2863968791493E+02   0.1072617288707E-16
  0.2872186016776E+02   0.1082405702669E-16
  0.2880426818709E+02   0.1092225438804E-16
  0.2888691264938E+02   0.1102071784474E-16
  0.2896979423303E+02   0.1111945243595E-16
  0.2905291361838E+02   0.1121921044380E-16
  0.2913627148772E+02   0.1131949011915E-16
  0.2921986852530E+02   0.1141981775620E-16
  0.2930370541735E+02   0.1152015893645E-16
  0.2938778285205E+02   0.1162055220136E-16
  0.2947210151954E+02   0.1172098548515E-16
  0.2955666211198E+02   0.1182140025621E-16
  0.2964146532349E+02   0.1192178281349E-16
  0.2972651185018E+02   0.1202221179681E-16
  0.2981180239017E+02   0.1212264471953E-16
  0.2989733764357E+02   0.1222300405692E-16
  0.2998311831252E+02   0.1232327666372E-16
  0.3006914510114E+02   0.1242383086182E-16
  0.3015541871560E+02   0.1252462850000E-16
  0.3024193986409E+02   0.1262531992543E-16
  0.3032870925683E+02   0.1272589298844E-16
  0.3041572760606E+02   0.1282637588970E-16
  0.3050299562609E+02   0.1292676065826E-16
  0.3059051403328E+02   0.1302700418216E-16
  0.3067828354601E+02   0.1312710428957E-16
  0.3076630488477E+02   0.1322657208703E-16
  0.3085457877208E+02   0.1332485192045E-16
  0.3094310593254E+02   0.1342296131371E-16
  0.3103188709285E+02   0.1352090277520E-16
  0.3112092298177E+02   0.1361867975114E-16
  0.3121021433016E+02   0.1371629843965E-16
  0.3129976187098E+02   0.1381372058340E-16
  0.3138956633929E+02   0.1391092124210E-16
  0.3147962847227E+02   0.1400792723597E-16
  0.3156994900919E+02   0.1410470993035E-16
  0.3166052869146E+02   0.1420121976036E-16
  0.3175136826261E+02   0.1429743639279E-16
  0.3184246846832E+02   0.1439350277365E-16
  0.3193383005639E+02   0.1448954958391E-16
  0.3202545377676E+02   0.1458547244457E-16
  0.3211734038154E+02   0.1468156120874E-16
  0.3220949062500E+02   0.1477758603928E-16
  0.3230190526356E+02   0.1487369807184E-16
  0.3239458505581E+02   0.1496956698449E-16
  0.3248753076253E+02   0.1506518318372E-16
  0.3258074314666E+02   0.1516056581170E-16
  0.3267422297337E+02   0.1525571850350E-16
  0.3276797100997E+02   0.1535061414098E-16
  0.3286198802603E+02   0.1544527513873E-16
  0.3295627479327E+02   0.1553971063122E-16
  0.3305083208568E+02   0.1563391488694E-16
  0.3314566067942E+02   0.1572788689359E-16
  0.3324076135292E+02   0.1582168154318E-16
  0.3333613488681E+02   0.1591519449991E-16
  0.3343178206398E+02   0.1600844217884E-16
  0.3352770366956E+02   0.1610139010227E-16
  0.3362390049094E+02   0.1619401410325E-16
  0.3372037331775E+02   0.1628637441756E-16
  0.3381712294190E+02   0.1637857102863E-16
  0.3391415015758E+02   0.1647031541923E-16
  0.3401145576124E+02   0.1656184879207E-16
  0.3410904055162E+02   0.1665343860433E-16
  0.3420690532976E+02   0.1674513411236E-16
  0.3430505089900E+02   0.1683656102960E-16
  0.3440347806497E+02   0.1692772109373E-16
  0.3450218763562E+02   0.1701863136914E-16
  0.3460118042122E+02   0.1710941357353E-16
  0.3470045723436E+02   0.1719993133498E-16
  0.3480001888998E+02   0.1729024533672E-16
  0.3489986620532E+02   0.1738028476342E-16
  0.3500000000000E+02   0.1747005750753E-16
