  0.1450000000000E+02   0.4258562487934E-18
  0.1451576351247E+02   0.4325059017395E-18
  0.1453154416207E+02   0.4371780924515E-18
  0.1454734196743E+02   0.4396350232079E-18
  0.1456315694719E+02   0.4431428313478E-18
  0.1457898912003E+02   0.4483259454168E-18
  0.1459483850464E+02   0.4546951754218E-18
  0.1461070511973E+02   0.4592025052732E-18
  0.1462658898403E+02   0.4650461509656E-18
  0.1464249011630E+02   0.4704634167857E-18
  0.1465840853530E+02   0.4648540123865E-18
  0.1467434425984E+02   0.4701422208619E-18
  0.1469029730872E+02   0.4773326659275E-18
  0.1470626770078E+02   0.4783034350499E-18
  0.1472225545487E+02   0.4834357200163E-18
  0.1473826058987E+02   0.4911707979793E-18
  0.1475428312467E+02   0.4926164291295E-18
  0.1477032307819E+02   0.4948941114472E-18
  0.1478638046937E+02   0.4975336395902E-18
  0.1480245531716E+02   0.5002948057255E-18
  0.1481854764054E+02   0.5027735100541E-18
  0.1483465745851E+02   0.5029013516606E-18
  0.1485078479008E+02   0.4995582271877E-18
  0.1486692965431E+02   0.4938312857522E-18
  0.1488309207024E+02   0.4723595113170E-18
  0.1489927205696E+02   0.4396888229594E-18
  0.1491546963358E+02   0.4021761325792E-18
  0.1493168481921E+02   0.3666191268843E-18
  0.1494791763299E+02   0.3506278119137E-18
  0.1496416809410E+02   0.3348918667582E-18
  0.1498043622171E+02   0.3282083588328E-18
  0.1499672203504E+02   0.3139882878671E-18
  0.1501302555330E+02   0.2903706432530E-18
  0.1502934679575E+02   0.2699363407722E-18
  0.1504568578166E+02   0.2517045935550E-18
  0.1506204253032E+02   0.2348445963162E-18
  0.1507841706103E+02   0.2174942098168E-18
  0.1509480939312E+02   0.2014302503214E-18
  0.1511121954596E+02   0.1873684513674E-18
  0.1512764753891E+02   0.1736645255996E-18
  0.1514409339137E+02   0.1651692251255E-18
  0.1516055712275E+02   0.1661045596856E-18
  0.1517703875250E+02   0.1778775629952E-18
  0.1519353830006E+02   0.1872857642495E-18
  0.1521005578492E+02   0.1914155294910E-18
  0.1522659122658E+02   0.1884599663307E-18
  0.1524314464456E+02   0.1758050015929E-18
  0.1525971605841E+02   0.1655867339714E-18
  0.1527630548768E+02   0.1708998993709E-18
  0.1529291295196E+02   0.1994131069707E-18
  0.1530953847086E+02   0.2196550754955E-18
  0.1532618206401E+02   0.2387210044537E-18
  0.1534284375105E+02   0.2508976295340E-18
  0.1535952355166E+02   0.2620375471231E-18
  0.1537622148553E+02   0.2730442764116E-18
  0.1539293757236E+02   0.2839177138699E-18
  0.1540967183191E+02   0.2956295526709E-18
  0.1542642428392E+02   0.3075381178668E-18
  0.1544319494817E+02   0.3189625367616E-18
  0.1545998384446E+02   0.3316750589457E-18
  0.1547679099260E+02   0.3445513596238E-18
  0.1549361641246E+02   0.3535340341837E-18
  0.1551046012387E+02   0.3665933945890E-18
  0.1552732214674E+02   0.3786129363494E-18
  0.1554420250097E+02   0.3908405310426E-18
  0.1556110120649E+02   0.4007276414975E-18
  0.1557801828325E+02   0.4115351297088E-18
  0.1559495375121E+02   0.4207465562861E-18
  0.1561190763038E+02   0.4281397488115E-18
  0.1562887994077E+02   0.4348672722890E-18
  0.1564587070242E+02   0.4406184634521E-18
  0.1566287993538E+02   0.4485447593485E-18
  0.1567990765974E+02   0.4554381686142E-18
  0.1569695389560E+02   0.4622091301268E-18
  0.1571401866308E+02   0.4674257412313E-18
  0.1573110198234E+02   0.4712329441182E-18
  0.1574820387353E+02   0.4744355480548E-18
  0.1576532435685E+02   0.4771314230919E-18
  0.1578246345252E+02   0.4780581618490E-18
  0.1579962118076E+02   0.4773857858921E-18
  0.1581679756183E+02   0.4801034004085E-18
  0.1583399261601E+02   0.4861112881403E-18
  0.1585120636360E+02   0.4897609128221E-18
  0.1586843882493E+02   0.4901023976961E-18
  0.1588569002033E+02   0.4891548800086E-18
  0.1590295997018E+02   0.4879987114307E-18
  0.1592024869486E+02   0.4866789984463E-18
  0.1593755621478E+02   0.4851574110529E-18
  0.1595488255038E+02   0.4830327450037E-18
  0.1597222772211E+02   0.4825909438253E-18
  0.1598959175045E+02   0.4800395059320E-18
  0.1600697465589E+02   0.4792651304947E-18
  0.1602437645897E+02   0.4769606342296E-18
  0.1604179718022E+02   0.4741784651834E-18
  0.1605923684022E+02   0.4713557497732E-18
  0.1607669545955E+02   0.4678336833301E-18
  0.1609417305881E+02   0.4633970202429E-18
  0.1611166965866E+02   0.4604374863920E-18
  0.1612918527974E+02   0.4570618288396E-18
  0.1614671994272E+02   0.4531761889688E-18
  0.1616427366832E+02   0.4499922097342E-18
  0.1618184647726E+02   0.4469493814905E-18
  0.1619943839028E+02   0.4435457268462E-18
  0.1621704942815E+02   0.4398689998531E-18
  0.1623467961166E+02   0.4360412156334E-18
  0.1625232896163E+02   0.4319370449477E-18
  0.1626999749889E+02   0.4275521722684E-18
  0.1628768524431E+02   0.4224079965713E-18
  0.1630539221875E+02   0.4165916050016E-18
  0.1632311844314E+02   0.4127035634568E-18
  0.1634086393839E+02   0.4091563604107E-18
  0.1635862872546E+02   0.4050033823052E-18
  0.1637641282532E+02   0.3999801954270E-18
  0.1639421625897E+02   0.3940802185661E-18
  0.1641203904741E+02   0.3890518965974E-18
  0.1642988121170E+02   0.3844152230786E-18
  0.1644774277290E+02   0.3795333620355E-18
  0.1646562375210E+02   0.3746517852313E-18
  0.1648352417040E+02   0.3699519341405E-18
  0.1650144404894E+02   0.3658149819211E-18
  0.1651938340888E+02   0.3637262015921E-18
  0.1653734227139E+02   0.3617457910578E-18
  0.1655532065768E+02   0.3596454525314E-18
  0.1657331858896E+02   0.3579081483913E-18
  0.1659133608650E+02   0.3557494583160E-18
  0.1660937317156E+02   0.3531969612264E-18
  0.1662742986543E+02   0.3507157186659E-18
  0.1664550618944E+02   0.3481456965442E-18
  0.1666360216491E+02   0.3456729314475E-18
  0.1668171781323E+02   0.3429360687866E-18
  0.1669985315577E+02   0.3398534964304E-18
  0.1671800821394E+02   0.3381328621308E-18
  0.1673618300918E+02   0.3358444055041E-18
  0.1675437756295E+02   0.3336798013804E-18
  0.1677259189672E+02   0.3312203944757E-18
  0.1679082603200E+02   0.3277808042992E-18
  0.1680907999031E+02   0.3252539689872E-18
  0.1682735379322E+02   0.3228123450771E-18
  0.1684564746228E+02   0.3203130959821E-18
  0.1686396101910E+02   0.3177316436224E-18
  0.1688229448530E+02   0.3150928417769E-18
  0.1690064788251E+02   0.3125735765817E-18
  0.1691902123242E+02   0.3102010509434E-18
  0.1693741455672E+02   0.3082385050864E-18
  0.1695582787710E+02   0.3064939790076E-18
  0.1697426121532E+02   0.3035334254836E-18
  0.1699271459314E+02   0.2997787206473E-18
  0.1701118803235E+02   0.2977128463740E-18
  0.1702968155474E+02   0.2967667296792E-18
  0.1704819518216E+02   0.2960640833531E-18
  0.1706672893646E+02   0.2943441429659E-18
  0.1708528283953E+02   0.2932426676265E-18
  0.1710385691326E+02   0.2930494773566E-18
  0.1712245117959E+02   0.2920987327121E-18
  0.1714106566047E+02   0.2908031471513E-18
  0.1715970037787E+02   0.2898576211130E-18
  0.1717835535380E+02   0.2892602664103E-18
  0.1719703061027E+02   0.2883883746198E-18
  0.1721572616934E+02   0.2875123581780E-18
  0.1723444205308E+02   0.2868281893980E-18
  0.1725317828358E+02   0.2862543263042E-18
  0.1727193488296E+02   0.2850661070438E-18
  0.1729071187337E+02   0.2844555992963E-18
  0.1730950927698E+02   0.2838280963622E-18
  0.1732832711597E+02   0.2833313766364E-18
  0.1734716541257E+02   0.2825813725897E-18
  0.1736602418900E+02   0.2809556544687E-18
  0.1738490346755E+02   0.2793338728342E-18
  0.1740380327049E+02   0.2780110211325E-18
  0.1742272362014E+02   0.2770661189988E-18
  0.1744166453884E+02   0.2764080199062E-18
  0.1746062604894E+02   0.2759066667960E-18
  0.1747960817284E+02   0.2751028420233E-18
  0.1749861093293E+02   0.2738205392982E-18
  0.1751763435167E+02   0.2741186222411E-18
  0.1753667845151E+02   0.2750759493863E-18
  0.1755574325492E+02   0.2759037682838E-18
  0.1757482878442E+02   0.2764491511999E-18
  0.1759393506254E+02   0.2772711245911E-18
  0.1761306211184E+02   0.2780058614859E-18
  0.1763220995489E+02   0.2787905273168E-18
  0.1765137861431E+02   0.2793773426484E-18
  0.1767056811272E+02   0.2798851823656E-18
  0.1768977847278E+02   0.2806715141684E-18
  0.1770900971716E+02   0.2813442634912E-18
  0.1772826186858E+02   0.2821996855056E-18
  0.1774753494976E+02   0.2829769274333E-18
  0.1776682898345E+02   0.2837110843146E-18
  0.1778614399243E+02   0.2843961457260E-18
  0.1780547999951E+02   0.2845979012926E-18
  0.1782483702752E+02   0.2853564871445E-18
  0.1784421509930E+02   0.2860683761201E-18
  0.1786361423773E+02   0.2868216739774E-18
  0.1788303446572E+02   0.2873349035349E-18
  0.1790247580619E+02   0.2878226358702E-18
  0.1792193828210E+02   0.2887739412611E-18
  0.1794142191642E+02   0.2892982004983E-18
  0.1796092673215E+02   0.2902712433944E-18
  0.1798045275233E+02   0.2904213642910E-18
  0.1800000000000E+02   0.2899717183380E-18
