           1
        1000
  
  0.2000000000000E+01   0.7380675147152E-25
  0.2005738348342E+01   0.9309225584263E-25
  0.2011493161004E+01   0.9604712494692E-25
  0.2017264485226E+01   0.1325996559592E-24
  0.2023052368383E+01   0.1437886857503E-24
  0.2028856857985E+01   0.1668318817809E-24
  0.2034678001678E+01   0.1992084753528E-24
  0.2040515847246E+01   0.2140743540062E-24
  0.2046370442610E+01   0.2183481633728E-24
  0.2052241835828E+01   0.2671919220256E-24
  0.2058130075096E+01   0.3244868468896E-24
  0.2064035208748E+01   0.3912416647287E-24
  0.2069957285256E+01   0.3942011114621E-24
  0.2075896353234E+01   0.4945411412316E-24
  0.2081852461432E+01   0.5577731165428E-24
  0.2087825658742E+01   0.6529564760236E-24
  0.2093815994195E+01   0.7119455579399E-24
  0.2099823516964E+01   0.8326037986205E-24
  0.2105848276362E+01   0.7894867242743E-24
  0.2111890321844E+01   0.8964873664492E-24
  0.2117949703007E+01   0.9973233875797E-24
  0.2124026469590E+01   0.1353945496375E-23
  0.2130120671475E+01   0.1531315331142E-23
  0.2136232358686E+01   0.1547469173954E-23
  0.2142361581393E+01   0.1738731029316E-23
  0.2148508389907E+01   0.1825614797798E-23
  0.2154672834685E+01   0.2560075792477E-23
  0.2160854966329E+01   0.2948976084608E-23
  0.2167054835585E+01   0.3086620832640E-23
  0.2173272493346E+01   0.3959073117479E-23
  0.2179507990650E+01   0.4327692205706E-23
  0.2185761378682E+01   0.3929755850145E-23
  0.2192032708773E+01   0.4564354405485E-23
  0.2198322032403E+01   0.4995959333595E-23
  0.2204629401197E+01   0.5264564315765E-23
  0.2210954866931E+01   0.6653491140214E-23
  0.2217298481528E+01   0.8063848162006E-23
  0.2223660297061E+01   0.8521551858290E-23
  0.2230040365750E+01   0.9741344694575E-23
  0.2236438739967E+01   0.1071378473531E-22
  0.2242855472234E+01   0.1063765479574E-22
  0.2249290615224E+01   0.1136869626479E-22
  0.2255744221760E+01   0.1292942738312E-22
  0.2262216344817E+01   0.1774718411683E-22
  0.2268707037522E+01   0.1688308389962E-22
  0.2275216353156E+01   0.1678960585034E-22
  0.2281744345149E+01   0.2041252390392E-22
  0.2288291067089E+01   0.2194958790742E-22
  0.2294856572714E+01   0.2529575756131E-22
  0.2301440915918E+01   0.2891197484985E-22
  0.2308044150750E+01   0.3033323087868E-22
  0.2314666331412E+01   0.3078770158284E-22
  0.2321307512264E+01   0.3470217308443E-22
  0.2327967747821E+01   0.3709823282196E-22
  0.2334647092753E+01   0.4232561233792E-22
  0.2341345601890E+01   0.4367622859018E-22
  0.2348063330216E+01   0.4844874835005E-22
  0.2354800332874E+01   0.5105363272302E-22
  0.2361556665167E+01   0.5405435887141E-22
  0.2368332382554E+01   0.5624835628263E-22
  0.2375127540653E+01   0.6472860923251E-22
  0.2381942195246E+01   0.7184540411420E-22
  0.2388776402269E+01   0.7064927831363E-22
  0.2395630217822E+01   0.8637858684861E-22
  0.2402503698166E+01   0.9039116006252E-22
  0.2409396899722E+01   0.9396026983548E-22
  0.2416309879074E+01   0.1046040531533E-21
  0.2423242692967E+01   0.1126061052590E-21
  0.2430195398312E+01   0.1186899098800E-21
  0.2437168052179E+01   0.1244253869386E-21
  0.2444160711804E+01   0.1336913681210E-21
  0.2451173434587E+01   0.1413592759261E-21
  0.2458206278094E+01   0.1524821342471E-21
  0.2465259300054E+01   0.1642678266920E-21
  0.2472332558362E+01   0.1726588008891E-21
  0.2479426111080E+01   0.1868324749365E-21
  0.2486540016437E+01   0.1993757305356E-21
  0.2493674332826E+01   0.2237446740078E-21
  0.2500829118813E+01   0.2194686227053E-21
  0.2508004433126E+01   0.2403930953816E-21
  0.2515200334666E+01   0.2646743455711E-21
  0.2522416882500E+01   0.2772121706765E-21
  0.2529654135868E+01   0.2908995926360E-21
  0.2536912154175E+01   0.3249490288698E-21
  0.2544190997002E+01   0.3506898521618E-21
  0.2551490724096E+01   0.3791935418913E-21
  0.2558811395379E+01   0.4059338302963E-21
  0.2566153070942E+01   0.4347288295394E-21
  0.2573515811052E+01   0.4518203903534E-21
  0.2580899676145E+01   0.5050190346233E-21
  0.2588304726834E+01   0.5293102980564E-21
  0.2595731023902E+01   0.5752009847523E-21
  0.2603178628310E+01   0.6193927777026E-21
  0.2610647601193E+01   0.6574928314278E-21
  0.2618138003859E+01   0.6974809519672E-21
  0.2625649897795E+01   0.7310371318514E-21
  0.2633183344664E+01   0.7963080730930E-21
  0.2640738406303E+01   0.8441812089291E-21
  0.2648315144731E+01   0.9142527555914E-21
  0.2655913622140E+01   0.9909014705735E-21
  0.2663533900905E+01   0.1065486876851E-20
  0.2671176043576E+01   0.1158620541715E-20
  0.2678840112886E+01   0.1281608174954E-20
  0.2686526171746E+01   0.1373973479564E-20
  0.2694234283247E+01   0.1422494983481E-20
  0.2701964510663E+01   0.1542365576636E-20
  0.2709716917447E+01   0.1624184643443E-20
  0.2717491567237E+01   0.1777153731715E-20
  0.2725288523851E+01   0.1974154983854E-20
  0.2733107851292E+01   0.2193595192361E-20
  0.2740949613745E+01   0.2326210122563E-20
  0.2748813875580E+01   0.2437107863524E-20
  0.2756700701352E+01   0.2741395072315E-20
  0.2764610155801E+01   0.2997007974767E-20
  0.2772542303853E+01   0.3346324741568E-20
  0.2780497210618E+01   0.3745236080891E-20
  0.2788474941397E+01   0.4168172589543E-20
  0.2796475561675E+01   0.4597118757596E-20
  0.2804499137126E+01   0.3966598976598E-20
  0.2812545733612E+01   0.2751133676558E-20
  0.2820615417185E+01   0.1682357629844E-20
  0.2828708254086E+01   0.8499437638416E-21
  0.2836824310746E+01   0.3272048181362E-21
  0.2844963653785E+01   0.9497561405132E-22
  0.2853126350018E+01   0.2726233736707E-22
  0.2861312466447E+01   0.7428961976075E-23
  0.2869522070270E+01   0.1843310134761E-23
  0.2877755228877E+01   0.4712872000223E-24
  0.2886012009850E+01   0.1249029288657E-24
  0.2894292480965E+01   0.3557609273380E-25
  0.2902596710194E+01   0.1146045851856E-25
  0.2910924765703E+01   0.4363514071277E-26
  0.2919276715854E+01   0.1881096182252E-26
  0.2927652629205E+01   0.9848976225541E-27
  0.2936052574510E+01   0.5671729190724E-27
  0.2944476620721E+01   0.3786290737607E-27
  0.2952924836988E+01   0.2755345401272E-27
  0.2961397292658E+01   0.2115818748656E-27
  0.2969894057280E+01   0.1709050975115E-27
  0.2978415200599E+01   0.1439520148519E-27
  0.2986960792563E+01   0.1280096588145E-27
  0.2995530903318E+01   0.1092172447860E-27
  0.3004125603214E+01   0.9950656793342E-28
  0.3012744962800E+01   0.9275030327247E-28
  0.3021389052831E+01   0.8845219812774E-28
  0.3030057944261E+01   0.8816399599939E-28
  0.3038751708251E+01   0.9196307822288E-28
  0.3047470416164E+01   0.1007896724007E-27
  0.3056214139568E+01   0.1153441868461E-27
  0.3064982950238E+01   0.1381766169041E-27
  0.3073776920153E+01   0.1735779748024E-27
  0.3082596121499E+01   0.2234635435304E-27
  0.3091440626670E+01   0.2927228948664E-27
  0.3100310508267E+01   0.4102902201700E-27
  0.3109205839099E+01   0.5919618819162E-27
  0.3118126692184E+01   0.8690241819635E-27
  0.3127073140750E+01   0.1322509603122E-26
  0.3136045258236E+01   0.2117924386088E-26
  0.3145043118290E+01   0.3437620555458E-26
  0.3154066794771E+01   0.5852252512249E-26
  0.3163116361751E+01   0.9917757978540E-26
  0.3172191893516E+01   0.1729735148799E-25
  0.3181293464562E+01   0.3108070562093E-25
  0.3190421149600E+01   0.5630599041497E-25
  0.3199575023556E+01   0.1071606201440E-24
  0.3208755161572E+01   0.2061342807080E-24
  0.3217961639002E+01   0.4093586634817E-24
  0.3227194531419E+01   0.8080950717351E-24
  0.3236453914613E+01   0.1606185202290E-23
  0.3245739864590E+01   0.3267285321892E-23
  0.3255052457574E+01   0.6466086672264E-23
  0.3264391770010E+01   0.1269740675919E-22
  0.3273757878560E+01   0.2362014540712E-22
  0.3283150860107E+01   0.4571986039231E-22
  0.3292570791754E+01   0.7844915004617E-22
  0.3302017750825E+01   0.1226130962533E-21
  0.3311491814867E+01   0.1774680967605E-21
  0.3320993061649E+01   0.2508108633386E-21
  0.3330521569163E+01   0.3310616561777E-21
  0.3340077415625E+01   0.4109698518492E-21
  0.3349660679474E+01   0.5101301292072E-21
  0.3359271439377E+01   0.6172400049945E-21
  0.3368909774224E+01   0.7109977537179E-21
  0.3378575763132E+01   0.8096241216439E-21
  0.3388269485445E+01   0.9393101427105E-21
  0.3397991020737E+01   0.1048789210811E-20
  0.3407740448806E+01   0.1176541706587E-20
  0.3417517849683E+01   0.1291121394007E-20
  0.3427323303625E+01   0.1398362505183E-20
  0.3437156891123E+01   0.1522450155640E-20
  0.3447018692896E+01   0.1657644045840E-20
  0.3456908789896E+01   0.1761465861370E-20
  0.3466827263307E+01   0.1890606883502E-20
  0.3476774194546E+01   0.2006838829603E-20
  0.3486749665263E+01   0.2143134414943E-20
  0.3496753757342E+01   0.2267018899518E-20
  0.3506786552905E+01   0.2375638385516E-20
  0.3516848134305E+01   0.2531264034824E-20
  0.3526938584134E+01   0.2644532121502E-20
  0.3537057985222E+01   0.2759444817959E-20
  0.3547206420634E+01   0.2918255380015E-20
  0.3557383973675E+01   0.3081591150683E-20
  0.3567590727888E+01   0.3234463873492E-20
  0.3577826767056E+01   0.3358809426042E-20
  0.3588092175204E+01   0.3537238130377E-20
  0.3598387036595E+01   0.3730938070643E-20
  0.3608711435738E+01   0.3863248307702E-20
  0.3619065457379E+01   0.4017344189270E-20
  0.3629449186512E+01   0.4194027320822E-20
  0.3639862708372E+01   0.4359164367887E-20
  0.3650306108440E+01   0.4511674195851E-20
  0.3660779472442E+01   0.4677739931510E-20
  0.3671282886350E+01   0.4875007479311E-20
  0.3681816436381E+01   0.5033337131606E-20
  0.3692380209002E+01   0.5192239133700E-20
  0.3702974290926E+01   0.5364903878269E-20
  0.3713598769117E+01   0.5539550913580E-20
  0.3724253730786E+01   0.5724453811578E-20
  0.3734939263396E+01   0.5920275203378E-20
  0.3745655454660E+01   0.6115706372259E-20
  0.3756402392544E+01   0.6348491312484E-20
  0.3767180165264E+01   0.6542563883643E-20
  0.3777988861291E+01   0.6709162680443E-20
  0.3788828569349E+01   0.6894537842980E-20
  0.3799699378418E+01   0.7129258156996E-20
  0.3810601377731E+01   0.7322387029886E-20
  0.3821534656780E+01   0.7496166814544E-20
  0.3832499305310E+01   0.7704373568536E-20
  0.3843495413326E+01   0.7890801169006E-20
  0.3854523071092E+01   0.8090222001063E-20
  0.3865582369128E+01   0.8283948705503E-20
  0.3876673398217E+01   0.8509037217667E-20
  0.3887796249400E+01   0.8715649082277E-20
  0.3898951013980E+01   0.8963520254661E-20
  0.3910137783523E+01   0.9166388823665E-20
  0.3921356649856E+01   0.9420598409956E-20
  0.3932607705070E+01   0.9657757301132E-20
  0.3943891041521E+01   0.9899528366416E-20
  0.3955206751830E+01   0.1015589711312E-19
  0.3966554928883E+01   0.1040111896302E-19
  0.3977935665832E+01   0.1066011668130E-19
  0.3989349056097E+01   0.1089959305758E-19
  0.4000795193368E+01   0.1113965167725E-19
  0.4012274171599E+01   0.1132269603133E-19
  0.4023786085019E+01   0.1153362110411E-19
  0.4035331028123E+01   0.1170613160019E-19
  0.4046909095679E+01   0.1195320228056E-19
  0.4058520382728E+01   0.1219195244468E-19
  0.4070164984582E+01   0.1238490695908E-19
  0.4081842996827E+01   0.1269944074552E-19
  0.4093554515323E+01   0.1301181699959E-19
  0.4105299636205E+01   0.1335116564057E-19
  0.4117078455885E+01   0.1376176109911E-19
  0.4128891071050E+01   0.1422338102223E-19
  0.4140737578665E+01   0.1482821348878E-19
  0.4152618075974E+01   0.1544755846986E-19
  0.4164532660498E+01   0.1617286969636E-19
  0.4176481430042E+01   0.1714499046519E-19
  0.4188464482686E+01   0.1857798269651E-19
  0.4200481916795E+01   0.1899524857338E-19
  0.4212533831015E+01   0.1725646100934E-19
  0.4224620324277E+01   0.1680564323073E-19
  0.4236741495793E+01   0.6333072592304E-20
  0.4248897445061E+01   0.2301957852714E-23
  0.4261088271865E+01   0.5684109879615E-26
  0.4273314076274E+01   0.2567765307473E-25
  0.4285574958646E+01   0.3044848189325E-21
  0.4297871019624E+01   0.4502829800502E-20
  0.4310202360143E+01   0.6886169925811E-20
  0.4322569081426E+01   0.8226550275576E-20
  0.4334971284986E+01   0.9148502315292E-20
  0.4347409072628E+01   0.9946302703967E-20
  0.4359882546449E+01   0.1057512691439E-19
  0.4372391808839E+01   0.1074457905857E-19
  0.4384936962482E+01   0.8872318494264E-20
  0.4397518110355E+01   0.9882610477000E-20
  0.4410135355733E+01   0.1164913867053E-19
  0.4422788802186E+01   0.1193150643232E-19
  0.4435478553580E+01   0.1215844300439E-19
  0.4448204714081E+01   0.1231026204661E-19
  0.4460967388154E+01   0.1247228402899E-19
  0.4473766680561E+01   0.1257765233919E-19
  0.4486602696367E+01   0.1272012511419E-19
  0.4499475540938E+01   0.1287863530181E-19
  0.4512385319942E+01   0.1304018159963E-19
  0.4525332139351E+01   0.1321497791021E-19
  0.4538316105440E+01   0.1343691575798E-19
  0.4551337324788E+01   0.1366220606438E-19
  0.4564395904283E+01   0.1395676237996E-19
  0.4577491951117E+01   0.1425589216584E-19
  0.4590625572791E+01   0.1458588744528E-19
  0.4603796877112E+01   0.1496505811790E-19
  0.4617005972199E+01   0.1536933952852E-19
  0.4630252966481E+01   0.1580262100321E-19
  0.4643537968697E+01   0.1628248409738E-19
  0.4656861087898E+01   0.1650342957629E-19
  0.4670222433449E+01   0.1553662412734E-19
  0.4683622115027E+01   0.1721940945328E-19
  0.4697060242625E+01   0.1837915078860E-19
  0.4710536926552E+01   0.1894539969876E-19
  0.4724052277433E+01   0.1954443114429E-19
  0.4737606406209E+01   0.2015072832636E-19
  0.4751199424141E+01   0.2071273729030E-19
  0.4764831442809E+01   0.2133691973657E-19
  0.4778502574113E+01   0.2191754353112E-19
  0.4792212930274E+01   0.2260484486209E-19
  0.4805962623834E+01   0.2323793721953E-19
  0.4819751767661E+01   0.2392213968184E-19
  0.4833580474942E+01   0.2461460396663E-19
  0.4847448859194E+01   0.2526696894316E-19
  0.4861357034255E+01   0.2594645092516E-19
  0.4875305114293E+01   0.2663660838373E-19
  0.4889293213801E+01   0.2733104037982E-19
  0.4903321447604E+01   0.2803701583447E-19
  0.4917389930853E+01   0.2871300047307E-19
  0.4931498779030E+01   0.2946144200310E-19
  0.4945648107950E+01   0.3020276795215E-19
  0.4959838033760E+01   0.3087802018002E-19
  0.4974068672938E+01   0.3158952825443E-19
  0.4988340142298E+01   0.3231956589689E-19
  0.5002652558990E+01   0.3304609731905E-19
  0.5017006040497E+01   0.3378545950471E-19
  0.5031400704644E+01   0.3445296164227E-19
  0.5045836669588E+01   0.3516911926102E-19
  0.5060314053831E+01   0.3591641280913E-19
  0.5074832976211E+01   0.3659520831217E-19
  0.5089393555907E+01   0.3720702468420E-19
  0.5103995912443E+01   0.3786029830095E-19
  0.5118640165683E+01   0.3850366227866E-19
  0.5133326435836E+01   0.3910827519818E-19
  0.5148054843456E+01   0.3970297974031E-19
  0.5162825509443E+01   0.4029511671555E-19
  0.5177638555043E+01   0.4089284303062E-19
  0.5192494101851E+01   0.4146634339356E-19
  0.5207392271810E+01   0.4201757901800E-19
  0.5222333187214E+01   0.4254347126752E-19
  0.5237316970706E+01   0.4308008497437E-19
  0.5252343745283E+01   0.4358160246665E-19
  0.5267413634293E+01   0.4412097082734E-19
  0.5282526761440E+01   0.4474518330664E-19
  0.5297683250780E+01   0.4526841252770E-19
  0.5312883226729E+01   0.4577171213524E-19
  0.5328126814055E+01   0.4628299899441E-19
  0.5343414137889E+01   0.4676297972196E-19
  0.5358745323718E+01   0.4725213375570E-19
  0.5374120497388E+01   0.4766836505288E-19
  0.5389539785110E+01   0.4815233540961E-19
  0.5405003313454E+01   0.4850840599596E-19
  0.5420511209355E+01   0.4897591012577E-19
  0.5436063600109E+01   0.4935410751674E-19
  0.5451660613382E+01   0.4962376935522E-19
  0.5467302377202E+01   0.4998475106863E-19
  0.5482989019966E+01   0.5023591923831E-19
  0.5498720670441E+01   0.5042194598945E-19
  0.5514497457762E+01   0.5075103651725E-19
  0.5530319511432E+01   0.5094849881231E-19
  0.5546186961331E+01   0.5113090581466E-19
  0.5562099937707E+01   0.5125133414601E-19
  0.5578058571184E+01   0.5129093302299E-19
  0.5594062992760E+01   0.5118390589079E-19
  0.5610113333808E+01   0.5103719106337E-19
  0.5626209726081E+01   0.5076165489239E-19
  0.5642352301707E+01   0.5025684141461E-19
  0.5658541193194E+01   0.4960856045549E-19
  0.5674776533430E+01   0.4874399786291E-19
  0.5691058455685E+01   0.4767143326344E-19
  0.5707387093610E+01   0.4635793668128E-19
  0.5723762581242E+01   0.4471631213367E-19
  0.5740185053000E+01   0.4281016779864E-19
  0.5756654643690E+01   0.4055179988601E-19
  0.5773171488504E+01   0.3809824458057E-19
  0.5789735723023E+01   0.3527095745034E-19
  0.5806347483215E+01   0.3240584012928E-19
  0.5823006905441E+01   0.2959629511545E-19
  0.5839714126450E+01   0.2671996282566E-19
  0.5856469283387E+01   0.2431037468932E-19
  0.5873272513787E+01   0.2218304211238E-19
  0.5890123955582E+01   0.2032756002592E-19
  0.5907023747098E+01   0.1885212193989E-19
  0.5923972027060E+01   0.1768169906998E-19
  0.5940968934588E+01   0.1681966537989E-19
  0.5958014609205E+01   0.1607830101679E-19
  0.5975109190831E+01   0.1559795566917E-19
  0.5992252819789E+01   0.1522417955426E-19
  0.6009445636805E+01   0.1494406672438E-19
  0.6026687783007E+01   0.1476229213102E-19
  0.6043979399930E+01   0.1473386199627E-19
  0.6061320629513E+01   0.1479428644462E-19
  0.6078711614104E+01   0.1512796438182E-19
  0.6096152496459E+01   0.1568692810877E-19
  0.6113643419744E+01   0.1668568151020E-19
  0.6131184527533E+01   0.1787619117472E-19
  0.6148775963816E+01   0.1926287603228E-19
  0.6166417872994E+01   0.2073334391404E-19
  0.6184110399881E+01   0.2221242750285E-19
  0.6201853689710E+01   0.2346041712532E-19
  0.6219647888128E+01   0.2456886170469E-19
  0.6237493141200E+01   0.2562181446899E-19
  0.6255389595412E+01   0.2660634482243E-19
  0.6273337397667E+01   0.2747573673668E-19
  0.6291336695293E+01   0.2832996541508E-19
  0.6309387636040E+01   0.2920288750877E-19
  0.6327490368079E+01   0.3011474772655E-19
  0.6345645040009E+01   0.3106817743947E-19
  0.6363851800855E+01   0.3194232712228E-19
  0.6382110800069E+01   0.3291309080942E-19
  0.6400422187532E+01   0.3382996162942E-19
  0.6418786113555E+01   0.3483280595973E-19
  0.6437202728880E+01   0.3565644577031E-19
  0.6455672184682E+01   0.3652095399674E-19
  0.6474194632569E+01   0.3732722785977E-19
  0.6492770224586E+01   0.3829421714669E-19
  0.6511399113211E+01   0.3904580303478E-19
  0.6530081451363E+01   0.3984544124123E-19
  0.6548817392397E+01   0.4068390358174E-19
  0.6567607090108E+01   0.4151526716484E-19
  0.6586450698735E+01   0.4240296630381E-19
  0.6605348372958E+01   0.4328460834272E-19
  0.6624300267898E+01   0.4425960199331E-19
  0.6643306539127E+01   0.4537171499591E-19
  0.6662367342658E+01   0.4629178415290E-19
  0.6681482834954E+01   0.4738988558339E-19
  0.6700653172927E+01   0.4838141564524E-19
  0.6719878513938E+01   0.4924791579333E-19
  0.6739159015801E+01   0.5010674103416E-19
  0.6758494836783E+01   0.5089151982280E-19
  0.6777886135602E+01   0.5191403547854E-19
  0.6797333071435E+01   0.5302031649527E-19
  0.6816835803914E+01   0.5371817963930E-19
  0.6836394493129E+01   0.5461857648152E-19
  0.6856009299631E+01   0.5579821817100E-19
  0.6875680384428E+01   0.5660960096241E-19
  0.6895407908994E+01   0.5750160395119E-19
  0.6915192035264E+01   0.5852919550595E-19
  0.6935032925638E+01   0.5961247649282E-19
  0.6954930742982E+01   0.6056869671458E-19
  0.6974885650629E+01   0.6150632499006E-19
  0.6994897812383E+01   0.6258012079964E-19
  0.7014967392513E+01   0.6346745827870E-19
  0.7035094555765E+01   0.6461920882452E-19
  0.7055279467354E+01   0.6593790907479E-19
  0.7075522292970E+01   0.6709496932999E-19
  0.7095823198778E+01   0.6836737559813E-19
  0.7116182351420E+01   0.6971717726758E-19
  0.7136599918018E+01   0.7086629359545E-19
  0.7157076066170E+01   0.7229424632429E-19
  0.7177610963958E+01   0.7361790951115E-19
  0.7198204779944E+01   0.7481467782598E-19
  0.7218857683175E+01   0.7587024342577E-19
  0.7239569843182E+01   0.7691017505060E-19
  0.7260341429984E+01   0.7855395674426E-19
  0.7281172614086E+01   0.8022044870683E-19
  0.7302063566484E+01   0.8178176053705E-19
  0.7323014458663E+01   0.8342045505183E-19
  0.7344025462600E+01   0.8501090707896E-19
  0.7365096750767E+01   0.8669105065731E-19
  0.7386228496130E+01   0.8831151946284E-19
  0.7407420872151E+01   0.8997537179606E-19
  0.7428674052790E+01   0.9168268135292E-19
  0.7449988212505E+01   0.9351073653960E-19
  0.7471363526258E+01   0.9556611709740E-19
  0.7492800169508E+01   0.9767808267538E-19
  0.7514298318222E+01   0.9953780363160E-19
  0.7535858148868E+01   0.1014800767034E-18
  0.7557479838424E+01   0.1039348460251E-18
  0.7579163564373E+01   0.1064628589764E-18
  0.7600909504708E+01   0.1089807262978E-18
  0.7622717837934E+01   0.1112597301154E-18
  0.7644588743066E+01   0.1134556107069E-18
  0.7666522399634E+01   0.1157302667473E-18
  0.7688518987683E+01   0.1177991277701E-18
  0.7710578687774E+01   0.1197498599207E-18
  0.7732701680988E+01   0.1214871201063E-18
  0.7754888148921E+01   0.1231213500846E-18
  0.7777138273696E+01   0.1241913633534E-18
  0.7799452237954E+01   0.1249728651510E-18
  0.7821830224861E+01   0.1253875924188E-18
  0.7844272418111E+01   0.1255296084928E-18
  0.7866779001922E+01   0.1248690255722E-18
  0.7889350161042E+01   0.1238009135734E-18
  0.7911986080749E+01   0.1223783558163E-18
  0.7934686946851E+01   0.1202338385544E-18
  0.7957452945693E+01   0.1178015651689E-18
  0.7980284264150E+01   0.1149586725534E-18
  0.8003181089637E+01   0.1145757484915E-18
  0.8026143610103E+01   0.1129603609240E-18
  0.8049172014041E+01   0.1102708867394E-18
  0.8072266490480E+01   0.1065804002747E-18
  0.8095427228995E+01   0.1034931418350E-18
  0.8118654419702E+01   0.9889735285987E-19
  0.8141948253265E+01   0.9331679491801E-19
  0.8165308920893E+01   0.8659667282888E-19
  0.8188736614346E+01   0.8196837217136E-19
  0.8212231525931E+01   0.7875602258001E-19
  0.8235793848510E+01   0.7723892710312E-19
  0.8259423775497E+01   0.7499571934630E-19
  0.8283121500859E+01   0.7465114467934E-19
  0.8306887219123E+01   0.7297529539582E-19
  0.8330721125372E+01   0.7003756194699E-19
  0.8354623415250E+01   0.6614513991850E-19
  0.8378594284960E+01   0.6256494751084E-19
  0.8402633931270E+01   0.5829994919885E-19
  0.8426742551512E+01   0.5513793959821E-19
  0.8450920343585E+01   0.5134787298053E-19
  0.8475167505955E+01   0.4772614528624E-19
  0.8499484237656E+01   0.4387905634581E-19
  0.8523870738296E+01   0.3985989575308E-19
  0.8548327208054E+01   0.3570803124478E-19
  0.8572853847683E+01   0.3173379764597E-19
  0.8597450858513E+01   0.2794092050272E-19
  0.8622118442451E+01   0.2489325123682E-19
  0.8646856801984E+01   0.2211612993321E-19
  0.8671666140179E+01   0.1942855895433E-19
  0.8696546660687E+01   0.1696894415134E-19
  0.8721498567741E+01   0.1468915835664E-19
  0.8746522066162E+01   0.1259343068575E-19
  0.8771617361359E+01   0.1068143297601E-19
  0.8796784659329E+01   0.8983895143069E-20
  0.8822024166659E+01   0.7657772314829E-20
  0.8847336090533E+01   0.6522162396162E-20
  0.8872720638724E+01   0.5498378954379E-20
  0.8898178019606E+01   0.4602750763750E-20
  0.8923708442147E+01   0.3835101180311E-20
  0.8949312115917E+01   0.3170509209056E-20
  0.8974989251087E+01   0.2599748448967E-20
  0.9000740058430E+01   0.2128178060085E-20
  0.9026564749324E+01   0.1848683998865E-20
  0.9052463535754E+01   0.1605613907171E-20
  0.9078436630313E+01   0.1385284949289E-20
  0.9104484246204E+01   0.1197131116783E-20
  0.9130606597242E+01   0.1032448367376E-20
  0.9156803897854E+01   0.8897754554231E-21
  0.9183076363086E+01   0.7673273468658E-21
  0.9209424208595E+01   0.6751703714896E-21
  0.9235847650663E+01   0.6161401055501E-21
  0.9262346906188E+01   0.5622894543397E-21
  0.9288922192692E+01   0.5146013939384E-21
  0.9315573728322E+01   0.4723034164779E-21
  0.9342301731850E+01   0.4362240391308E-21
  0.9369106422675E+01   0.4036786427958E-21
  0.9395988020826E+01   0.3788903772479E-21
  0.9422946746965E+01   0.3763264217670E-21
  0.9449982822385E+01   0.3781704787795E-21
  0.9477096469013E+01   0.3818891508908E-21
  0.9504287909417E+01   0.3843921503519E-21
  0.9531557366798E+01   0.3898162139680E-21
  0.9558905065003E+01   0.3964594183721E-21
  0.9586331228517E+01   0.4046840379132E-21
  0.9613836082471E+01   0.4232588818321E-21
  0.9641419852641E+01   0.4508773875312E-21
  0.9669082765452E+01   0.4808134070596E-21
  0.9696825047978E+01   0.5113055001757E-21
  0.9724646927945E+01   0.5460558625902E-21
  0.9752548633731E+01   0.5815400006804E-21
  0.9780530394371E+01   0.6177609178223E-21
  0.9808592439555E+01   0.6585511046762E-21
  0.9836734999635E+01   0.7205407662714E-21
  0.9864958305621E+01   0.7974305178062E-21
  0.9893262589188E+01   0.8906513898872E-21
  0.9921648082674E+01   0.9972700758132E-21
  0.9950115019085E+01   0.1120383501453E-20
  0.9978663632094E+01   0.1255541989072E-20
  0.1000729415605E+02   0.1401965699717E-20
  0.1003600682596E+02   0.1559036068708E-20
  0.1006480187752E+02   0.1740379489404E-20
  0.1009367954710E+02   0.1934290668027E-20
  0.1012264007175E+02   0.2161486075764E-20
  0.1015168368918E+02   0.2397600924913E-20
  0.1018081063781E+02   0.2648112140608E-20
  0.1021002115673E+02   0.2927161596361E-20
  0.1023931548572E+02   0.3221501411670E-20
  0.1026869386524E+02   0.3532991943100E-20
  0.1029815653645E+02   0.3841382880487E-20
  0.1032770374119E+02   0.4166181124460E-20
  0.1035733572201E+02   0.4493708461087E-20
  0.1038705272214E+02   0.4818188686902E-20
  0.1041685498552E+02   0.5206351847862E-20
  0.1044674275678E+02   0.5607434550747E-20
  0.1047671628127E+02   0.6052922757297E-20
  0.1050677580502E+02   0.6435142343015E-20
  0.1053692157478E+02   0.6841776955646E-20
  0.1056715383800E+02   0.7207104412797E-20
  0.1059747284285E+02   0.7542852985826E-20
  0.1062787883821E+02   0.7889328186023E-20
  0.1065837207366E+02   0.8236571009023E-20
  0.1068895279952E+02   0.8530894846366E-20
  0.1071962126681E+02   0.8852501087694E-20
  0.1075037772726E+02   0.9153789445827E-20
  0.1078122243337E+02   0.9377805830249E-20
  0.1081215563830E+02   0.9650246999522E-20
  0.1084317759599E+02   0.9919524865719E-20
  0.1087428856108E+02   0.1021835176709E-19
  0.1090548878894E+02   0.1043404488455E-19
  0.1093677853570E+02   0.1065010012184E-19
  0.1096815805818E+02   0.1084109256140E-19
  0.1099962761399E+02   0.1108317774240E-19
  0.1103118746143E+02   0.1136596626160E-19
  0.1106283785956E+02   0.1160965086239E-19
  0.1109457906821E+02   0.1185759523415E-19
  0.1112641134790E+02   0.1214418928529E-19
  0.1115833495996E+02   0.1246050510544E-19
  0.1119035016641E+02   0.1275639354771E-19
  0.1122245723007E+02   0.1319085432190E-19
  0.1125465641449E+02   0.1354800253859E-19
  0.1128694798398E+02   0.1410824868682E-19
  0.1131933220360E+02   0.1455199129832E-19
  0.1135180933919E+02   0.1505774970187E-19
  0.1138437965734E+02   0.1556561684263E-19
  0.1141704342540E+02   0.1630176888863E-19
  0.1144980091151E+02   0.1720693071501E-19
  0.1148265238454E+02   0.1815393402745E-19
  0.1151559811418E+02   0.1911273986445E-19
  0.1154863837085E+02   0.2000625925242E-19
  0.1158177342577E+02   0.2129045108328E-19
  0.1161500355093E+02   0.2253164465828E-19
  0.1164832901912E+02   0.2404880142861E-19
  0.1168175010387E+02   0.2585244632570E-19
  0.1171526707954E+02   0.2770146044628E-19
  0.1174888022125E+02   0.2929742644143E-19
  0.1178258980492E+02   0.3120535450117E-19
  0.1181639610725E+02   0.3320700280883E-19
  0.1185029940575E+02   0.3535942482911E-19
  0.1188429997872E+02   0.3744259932032E-19
  0.1191839810526E+02   0.3981029985487E-19
  0.1195259406526E+02   0.4219387736977E-19
  0.1198688813943E+02   0.4450917418195E-19
  0.1202128060927E+02   0.4650108267676E-19
  0.1205577175709E+02   0.4793699796106E-19
  0.1209036186603E+02   0.4967472053662E-19
  0.1212505122001E+02   0.5137503645430E-19
  0.1215984010379E+02   0.5325390616526E-19
  0.1219472880294E+02   0.5514613138541E-19
  0.1222971760384E+02   0.5701994094536E-19
  0.1226480679370E+02   0.5903866240497E-19
  0.1229999666056E+02   0.6121841480578E-19
  0.1233528749328E+02   0.6333089349422E-19
  0.1237067958155E+02   0.6541388498771E-19
  0.1240617321588E+02   0.6816430549108E-19
  0.1244176868763E+02   0.7078307429307E-19
  0.1247746628899E+02   0.7385818489943E-19
  0.1251326631298E+02   0.7561160224309E-19
  0.1254916905348E+02   0.7763034739782E-19
  0.1258517480519E+02   0.8000989533617E-19
  0.1262128386368E+02   0.8202356287322E-19
  0.1265749652534E+02   0.8489999086120E-19
  0.1269381308744E+02   0.8733995904777E-19
  0.1273023384808E+02   0.9001444289604E-19
  0.1276675910623E+02   0.9258334535655E-19
  0.1280338916170E+02   0.9541891099635E-19
  0.1284012431518E+02   0.9797765253065E-19
  0.1287696486822E+02   0.1007005537150E-18
  0.1291391112322E+02   0.1037305087624E-18
  0.1295096338345E+02   0.1074385032830E-18
  0.1298812195308E+02   0.1114630238055E-18
  0.1302538713712E+02   0.1150662682654E-18
  0.1306275924146E+02   0.1191445713146E-18
  0.1310023857287E+02   0.1229953230832E-18
  0.1313782543902E+02   0.1270927127611E-18
  0.1317552014843E+02   0.1317149238559E-18
  0.1321332301052E+02   0.1366427277777E-18
  0.1325123433562E+02   0.1415344964350E-18
  0.1328925443490E+02   0.1475618179604E-18
  0.1332738362048E+02   0.1534007646096E-18
  0.1336562220533E+02   0.1590587073974E-18
  0.1340397050333E+02   0.1654196637968E-18
  0.1344242882929E+02   0.1715352565450E-18
  0.1348099749888E+02   0.1780129111908E-18
  0.1351967682870E+02   0.1852222597009E-18
  0.1355846713625E+02   0.1916443236751E-18
  0.1359736873996E+02   0.1996754014030E-18
  0.1363638195914E+02   0.2077438431509E-18
  0.1367550711404E+02   0.2153040629810E-18
  0.1371474452582E+02   0.2234662189310E-18
  0.1375409451658E+02   0.2317320096724E-18
  0.1379355740931E+02   0.2400876306697E-18
  0.1383313352795E+02   0.2491176064512E-18
  0.1387282319737E+02   0.2581244196278E-18
  0.1391262674336E+02   0.2670848637674E-18
  0.1395254449266E+02   0.2757610120559E-18
  0.1399257677294E+02   0.2842100606169E-18
  0.1403272391280E+02   0.2957170038606E-18
  0.1407298624180E+02   0.3055667626000E-18
  0.1411336409043E+02   0.3168027220606E-18
  0.1415385779014E+02   0.3256871358244E-18
  0.1419446767333E+02   0.3364825115936E-18
  0.1423519407334E+02   0.3489980370551E-18
  0.1427603732450E+02   0.3589357622338E-18
  0.1431699776205E+02   0.3723815594863E-18
  0.1435807572223E+02   0.3835729502617E-18
  0.1439927154224E+02   0.3960152236459E-18
  0.1444058556023E+02   0.4079313263184E-18
  0.1448201811533E+02   0.4205558438780E-18
  0.1452356954764E+02   0.4354416769361E-18
  0.1456524019826E+02   0.4438250918947E-18
  0.1460703040923E+02   0.4585221180245E-18
  0.1464894052359E+02   0.4703828055318E-18
  0.1469097088537E+02   0.4776098681948E-18
  0.1473312183958E+02   0.4890416052843E-18
  0.1477539373222E+02   0.4957161791003E-18
  0.1481778691028E+02   0.5027367837219E-18
  0.1486030172175E+02   0.4970357488267E-18
  0.1490293851562E+02   0.4323301279972E-18
  0.1494569764188E+02   0.3532876818863E-18
  0.1498857945152E+02   0.3244615787165E-18
  0.1503158429654E+02   0.2672333939924E-18
  0.1507471252995E+02   0.2215426666928E-18
  0.1511796450577E+02   0.1817661603240E-18
  0.1516134057904E+02   0.1665088157926E-18
  0.1520484110583E+02   0.1905524860477E-18
  0.1524846644320E+02   0.1723205393961E-18
  0.1529221694927E+02   0.1981315197901E-18
  0.1533609298315E+02   0.2464315602823E-18
  0.1538009490502E+02   0.2755008301921E-18
  0.1542422307607E+02   0.3060523706657E-18
  0.1546847785852E+02   0.3381306482085E-18
  0.1551285961565E+02   0.3683305151271E-18
  0.1555736871178E+02   0.3982819005470E-18
  0.1560200551225E+02   0.4244117637663E-18
  0.1564677038348E+02   0.4408839369547E-18
  0.1569166369292E+02   0.4603614672720E-18
  0.1573668580909E+02   0.4722875674646E-18
  0.1578183710155E+02   0.4780296265147E-18
  0.1582711794093E+02   0.4834134909989E-18
  0.1587252869892E+02   0.4898994406749E-18
  0.1591806974829E+02   0.4868254033137E-18
  0.1596374146286E+02   0.4826744006795E-18
  0.1600954421753E+02   0.4789161287089E-18
  0.1605547838829E+02   0.4719336078566E-18
  0.1610154435218E+02   0.4622160784350E-18
  0.1614774248735E+02   0.4529641536675E-18
  0.1619407317301E+02   0.4446118945625E-18
  0.1624053678948E+02   0.4346924442040E-18
  0.1628713371815E+02   0.4225922176226E-18
  0.1633386434154E+02   0.4106236447453E-18
  0.1638072904321E+02   0.3985644309618E-18
  0.1642772820788E+02   0.3849855204068E-18
  0.1647486222134E+02   0.3722182319649E-18
  0.1652213147050E+02   0.3634238842552E-18
  0.1656953634336E+02   0.3583219358777E-18
  0.1661707722906E+02   0.3521536464538E-18
  0.1666475451784E+02   0.3454981138403E-18
  0.1671256860106E+02   0.3386324140330E-18
  0.1676051987122E+02   0.3328923044958E-18
  0.1680860872193E+02   0.3253295104397E-18
  0.1685683554792E+02   0.3187617097156E-18
  0.1690520074507E+02   0.3119698798974E-18
  0.1695370471040E+02   0.3068021294436E-18
  0.1700234784206E+02   0.2988139991654E-18
  0.1705113053933E+02   0.2959450469579E-18
  0.1710005320266E+02   0.2931063475284E-18
  0.1714911623363E+02   0.2902675485745E-18
  0.1719832003498E+02   0.2883251575045E-18
  0.1724766501060E+02   0.2864325355225E-18
  0.1729715156556E+02   0.2842246707780E-18
  0.1734678010606E+02   0.2826142708051E-18
  0.1739655103949E+02   0.2785035319758E-18
  0.1744646477439E+02   0.2762889932360E-18
  0.1749652172049E+02   0.2738269084547E-18
  0.1754672228869E+02   0.2756266450132E-18
  0.1759706689107E+02   0.2774101840182E-18
  0.1764755594087E+02   0.2792685110118E-18
  0.1769818985256E+02   0.2810573449871E-18
  0.1774896904175E+02   0.2830557031459E-18
  0.1779989392528E+02   0.2846596877379E-18
  0.1785096492118E+02   0.2863280947574E-18
  0.1790218244865E+02   0.2878191806674E-18
  0.1795354692814E+02   0.2900831186280E-18
  0.1800505878126E+02   0.2904136452977E-18
  0.1805671843086E+02   0.3006883027807E-18
  0.1810852630099E+02   0.3084849020906E-18
  0.1816048281692E+02   0.3162114237682E-18
  0.1821258840515E+02   0.3246133590794E-18
  0.1826484349339E+02   0.3313541190552E-18
  0.1831724851057E+02   0.3399110878909E-18
  0.1836980388688E+02   0.3488620380562E-18
  0.1842251005372E+02   0.3581893358823E-18
  0.1847536744372E+02   0.3676385837256E-18
  0.1852837649079E+02   0.3776712602050E-18
  0.1858153763004E+02   0.3889624224026E-18
  0.1863485129787E+02   0.4031194283708E-18
  0.1868831793189E+02   0.4146173679626E-18
  0.1874193797099E+02   0.4270518123133E-18
  0.1879571185533E+02   0.4432835093347E-18
  0.1884964002631E+02   0.4546922820555E-18
  0.1890372292660E+02   0.4694490531671E-18
  0.1895796100015E+02   0.4852375731583E-18
  0.1901235469219E+02   0.5016820296413E-18
  0.1906690444920E+02   0.5200234110116E-18
  0.1912161071896E+02   0.5386925000862E-18
  0.1917647395054E+02   0.5571465860675E-18
  0.1923149459429E+02   0.5785337299020E-18
  0.1928667310184E+02   0.5948079021844E-18
  0.1934200992615E+02   0.6152457205014E-18
  0.1939750552144E+02   0.6382127813951E-18
  0.1945316034326E+02   0.6595554012911E-18
  0.1950897484846E+02   0.6835866576943E-18
  0.1956494949519E+02   0.7029148241459E-18
  0.1962108474294E+02   0.7318828741224E-18
  0.1967738105249E+02   0.7567475500172E-18
  0.1973383888595E+02   0.7799244152014E-18
  0.1979045870677E+02   0.8126601677369E-18
  0.1984724097972E+02   0.8401366735192E-18
  0.1990418617090E+02   0.8700451272108E-18
  0.1996129474776E+02   0.8994571042730E-18
  0.2001856717906E+02   0.9018185137613E-18
  0.2007600393495E+02   0.9520847898279E-18
  0.2013360548689E+02   0.9891862163716E-18
  0.2019137230772E+02   0.1020096048086E-17
  0.2024930487162E+02   0.1050937251181E-17
  0.2030740365414E+02   0.1082364800336E-17
  0.2036566913218E+02   0.1114816539537E-17
  0.2042410178402E+02   0.1147552603021E-17
  0.2048270208932E+02   0.1181083932309E-17
  0.2054147052911E+02   0.1215202196532E-17
  0.2060040758578E+02   0.1249894395523E-17
  0.2065951374313E+02   0.1285602674772E-17
  0.2071878948635E+02   0.1321954986485E-17
  0.2077823530199E+02   0.1359330162305E-17
  0.2083785167804E+02   0.1397764407807E-17
  0.2089763910385E+02   0.1434216151783E-17
  0.2095759807019E+02   0.1478840695986E-17
  0.2101772906926E+02   0.1526241810705E-17
  0.2107803259463E+02   0.1577284287383E-17
  0.2113850914133E+02   0.1630688573241E-17
  0.2119915920576E+02   0.1685083874814E-17
  0.2125998328580E+02   0.1742454727334E-17
  0.2132098188072E+02   0.1800812500484E-17
  0.2138215549123E+02   0.1860025024088E-17
  0.2144350461948E+02   0.1920966896761E-17
  0.2150502976906E+02   0.1983718157305E-17
  0.2156673144502E+02   0.2048344680354E-17
  0.2162861015383E+02   0.2113462124256E-17
  0.2169066640344E+02   0.2179450872552E-17
  0.2175290070323E+02   0.2247000552091E-17
  0.2181531356407E+02   0.2315988354165E-17
  0.2187790549827E+02   0.2387201466951E-17
  0.2194067701964E+02   0.2458011964145E-17
  0.2200362864344E+02   0.2530117145023E-17
  0.2206676088640E+02   0.2596585929040E-17
  0.2213007426677E+02   0.2664095211670E-17
  0.2219356930426E+02   0.2732683222983E-17
  0.2225724652006E+02   0.2800577224618E-17
  0.2232110643689E+02   0.2872698858385E-17
  0.2238514957895E+02   0.2944550339387E-17
  0.2244937647193E+02   0.3015536691433E-17
  0.2251378764305E+02   0.3087140151025E-17
  0.2257838362104E+02   0.3161859667591E-17
  0.2264316493615E+02   0.3244566865403E-17
  0.2270813212013E+02   0.3322363883290E-17
  0.2277328570628E+02   0.3400955412065E-17
  0.2283862622941E+02   0.3479879198039E-17
  0.2290415422588E+02   0.3562486121723E-17
  0.2296987023359E+02   0.3637766123159E-17
  0.2303577479197E+02   0.3712221378588E-17
  0.2310186844201E+02   0.3790496663982E-17
  0.2316815172624E+02   0.3866961900932E-17
  0.2323462518876E+02   0.3942265414439E-17
  0.2330128937522E+02   0.4020200677642E-17
  0.2336814483285E+02   0.4099216355092E-17
  0.2343519211042E+02   0.4178783301618E-17
  0.2350243175831E+02   0.4259754924608E-17
  0.2356986432846E+02   0.4344165569816E-17
  0.2363749037440E+02   0.4432393727537E-17
  0.2370531045125E+02   0.4525654121767E-17
  0.2377332511571E+02   0.4572487461576E-17
  0.2384153492608E+02   0.4661309760916E-17
  0.2390994044229E+02   0.4755012397806E-17
  0.2397854222583E+02   0.4845746914304E-17
  0.2404734083984E+02   0.4930984918172E-17
  0.2411633684905E+02   0.5011869485078E-17
  0.2418553081984E+02   0.5096751030244E-17
  0.2425492332017E+02   0.5187309840360E-17
  0.2432451491968E+02   0.5268443594023E-17
  0.2439430618960E+02   0.5352187994217E-17
  0.2446429770284E+02   0.5450629330181E-17
  0.2453449003391E+02   0.5565804034061E-17
  0.2460488375901E+02   0.5681767490335E-17
  0.2467547945597E+02   0.5785148292266E-17
  0.2474627770428E+02   0.5973806770548E-17
  0.2481727908509E+02   0.6247848838447E-17
  0.2488848418123E+02   0.6330574614220E-17
  0.2495989357720E+02   0.6413696510949E-17
  0.2503150785915E+02   0.6495056348597E-17
  0.2510332761496E+02   0.6573826199517E-17
  0.2517535343416E+02   0.6653230348739E-17
  0.2524758590797E+02   0.6733103656829E-17
  0.2532002562933E+02   0.6813482139748E-17
  0.2539267319287E+02   0.6894292449613E-17
  0.2546552919493E+02   0.6975445628911E-17
  0.2553859423354E+02   0.7057242533425E-17
  0.2561186890847E+02   0.7139335741817E-17
  0.2568535382121E+02   0.7222037003463E-17
  0.2575904957496E+02   0.7305228373990E-17
  0.2583295677467E+02   0.7388695568583E-17
  0.2590707602700E+02   0.7472736298032E-17
  0.2598140794038E+02   0.7557219423582E-17
  0.2605595312497E+02   0.7642933741421E-17
  0.2613071219267E+02   0.7729371132422E-17
  0.2620568575716E+02   0.7816307024267E-17
  0.2628087443386E+02   0.7903519648615E-17
  0.2635627883997E+02   0.7991086680236E-17
  0.2643189959446E+02   0.8079335054963E-17
  0.2650773731806E+02   0.8168089514113E-17
  0.2658379263330E+02   0.8257398955976E-17
  0.2666006616449E+02   0.8347164328275E-17
  0.2673655853772E+02   0.8437326229185E-17
  0.2681327038089E+02   0.8527901991741E-17
  0.2689020232370E+02   0.8618868219166E-17
  0.2696735499766E+02   0.8710360145921E-17
  0.2704472903607E+02   0.8802210046758E-17
  0.2712232507408E+02   0.8894088574980E-17
  0.2720014374864E+02   0.8986348015300E-17
  0.2727818569852E+02   0.9078798654161E-17
  0.2735645156436E+02   0.9171583419575E-17
  0.2743494198859E+02   0.9264820822404E-17
  0.2751365761552E+02   0.9358368882782E-17
  0.2759259909130E+02   0.9452105726459E-17
  0.2767176706391E+02   0.9546222110739E-17
  0.2775116218324E+02   0.9640643370523E-17
  0.2783078510098E+02   0.9735406651017E-17
  0.2791063647075E+02   0.9830331977418E-17
  0.2799071694800E+02   0.9925640983551E-17
  0.2807102719009E+02   0.1002535196901E-16
  0.2815156785625E+02   0.1012614418185E-16
  0.2823233960761E+02   0.1022719458081E-16
  0.2831334310720E+02   0.1032841561063E-16
  0.2839457901993E+02   0.1043007934733E-16
  0.2847604801265E+02   0.1053202570719E-16
  0.2855775075409E+02   0.1063417881454E-16
  0.2863968791493E+02   0.1073643653558E-16
  0.2872186016776E+02   0.1083900137237E-16
  0.2880426818709E+02   0.1094176652701E-16
  0.2888691264938E+02   0.1104471496918E-16
  0.2896979423303E+02   0.1114789258033E-16
  0.2905291361838E+02   0.1125526323498E-16
  0.2913627148772E+02   0.1136512078180E-16
  0.2921986852530E+02   0.1147510132195E-16
  0.2930370541735E+02   0.1158488398319E-16
  0.2938778285205E+02   0.1169481557232E-16
  0.2947210151954E+02   0.1180482107009E-16
  0.2955666211198E+02   0.1191454795914E-16
  0.2964146532349E+02   0.1202419761999E-16
  0.2972651185018E+02   0.1213406036907E-16
  0.2981180239017E+02   0.1224398558307E-16
  0.2989733764357E+02   0.1235368417674E-16
  0.2998311831252E+02   0.1246324061024E-16
  0.3006914510114E+02   0.1257372188250E-16
  0.3015541871560E+02   0.1268486332561E-16
  0.3024193986409E+02   0.1279592605940E-16
  0.3032870925683E+02   0.1290681426555E-16
  0.3041572760606E+02   0.1301753045181E-16
  0.3050299562609E+02   0.1312813946108E-16
  0.3059051403328E+02   0.1323841891410E-16
  0.3067828354601E+02   0.1334845506563E-16
  0.3076630488477E+02   0.1345792887665E-16
  0.3085457877208E+02   0.1356676309557E-16
  0.3094310593254E+02   0.1367527245924E-16
  0.3103188709285E+02   0.1378329674473E-16
  0.3112092298177E+02   0.1389110622086E-16
  0.3121021433016E+02   0.1399875597887E-16
  0.3129976187098E+02   0.1410595721721E-16
  0.3138956633929E+02   0.1421271750256E-16
  0.3147962847227E+02   0.1431922226958E-16
  0.3156994900919E+02   0.1442564646635E-16
  0.3166052869146E+02   0.1453160807339E-16
  0.3175136826261E+02   0.1463718319919E-16
  0.3184246846832E+02   0.1474307327320E-16
  0.3193383005639E+02   0.1484967923190E-16
  0.3202545377676E+02   0.1495577882731E-16
  0.3211734038154E+02   0.1506102492942E-16
  0.3220949062500E+02   0.1516664844806E-16
  0.3230190526356E+02   0.1527331022267E-16
  0.3239458505581E+02   0.1537940754375E-16
  0.3248753076253E+02   0.1548517426708E-16
  0.3258074314666E+02   0.1559060856876E-16
  0.3267422297337E+02   0.1569578259440E-16
  0.3276797100997E+02   0.1580067308760E-16
  0.3286198802603E+02   0.1590492911702E-16
  0.3295627479327E+02   0.1600887079031E-16
  0.3305083208568E+02   0.1611260790247E-16
  0.3314566067942E+02   0.1621582561184E-16
  0.3324076135292E+02   0.1631858758539E-16
  0.3333613488681E+02   0.1642098006200E-16
  0.3343178206398E+02   0.1652308259612E-16
  0.3352770366956E+02   0.1662470797269E-16
  0.3362390049094E+02   0.1672582195634E-16
  0.3372037331775E+02   0.1682678700301E-16
  0.3381712294190E+02   0.1692795778243E-16
  0.3391415015758E+02   0.1702865514108E-16
  0.3401145576124E+02   0.1712876256514E-16
  0.3410904055162E+02   0.1722929868181E-16
  0.3420690532976E+02   0.1733149509172E-16
  0.3430505089900E+02   0.1743325399487E-16
  0.3440347806497E+02   0.1753462405901E-16
  0.3450218763562E+02   0.1763561576909E-16
  0.3460118042122E+02   0.1773626794750E-16
  0.3470045723436E+02   0.1783650992676E-16
  0.3480001888998E+02   0.1793628602076E-16
  0.3489986620532E+02   0.1803565094782E-16
  0.3500000000000E+02   0.1813470731159E-16
