           1
        1000
  
  0.2000000000000E+01   0.2242858692374E-25
  0.2005738348342E+01   0.2956900284173E-25
  0.2011493161004E+01   0.2659654876984E-25
  0.2017264485226E+01   0.3886203838419E-25
  0.2023052368383E+01   0.4448917515617E-25
  0.2028856857985E+01   0.4155890452493E-25
  0.2034678001678E+01   0.5623812015225E-25
  0.2040515847246E+01   0.5576792586425E-25
  0.2046370442610E+01   0.6819964150147E-25
  0.2052241835828E+01   0.9288757436623E-25
  0.2058130075096E+01   0.1261965867334E-24
  0.2064035208748E+01   0.1381447066237E-24
  0.2069957285256E+01   0.1512875813771E-24
  0.2075896353234E+01   0.1837134522494E-24
  0.2081852461432E+01   0.2483720075657E-24
  0.2087825658742E+01   0.2938810892818E-24
  0.2093815994195E+01   0.3468635307579E-24
  0.2099823516964E+01   0.4290767227387E-24
  0.2105848276362E+01   0.3587863881751E-24
  0.2111890321844E+01   0.4902202382963E-24
  0.2117949703007E+01   0.5753682254961E-24
  0.2124026469590E+01   0.6636047101918E-24
  0.2130120671475E+01   0.8638991295298E-24
  0.2136232358686E+01   0.9080439309303E-24
  0.2142361581393E+01   0.1075224061722E-23
  0.2148508389907E+01   0.1230761562487E-23
  0.2154672834685E+01   0.1384425003819E-23
  0.2160854966329E+01   0.1768941391896E-23
  0.2167054835585E+01   0.1812961215211E-23
  0.2173272493346E+01   0.2502328049389E-23
  0.2179507990650E+01   0.2944290555141E-23
  0.2185761378682E+01   0.2677523955311E-23
  0.2192032708773E+01   0.3011604053034E-23
  0.2198322032403E+01   0.3450013361497E-23
  0.2204629401197E+01   0.4008713767640E-23
  0.2210954866931E+01   0.5354663249192E-23
  0.2217298481528E+01   0.5544449384225E-23
  0.2223660297061E+01   0.6408043882865E-23
  0.2230040365750E+01   0.7595423644780E-23
  0.2236438739967E+01   0.8376897744409E-23
  0.2242855472234E+01   0.8371057062014E-23
  0.2249290615224E+01   0.9252235720957E-23
  0.2255744221760E+01   0.1049631973771E-22
  0.2262216344817E+01   0.1317406454255E-22
  0.2268707037522E+01   0.1558598412242E-22
  0.2275216353156E+01   0.1435933167903E-22
  0.2281744345149E+01   0.1680722385536E-22
  0.2288291067089E+01   0.1812906725793E-22
  0.2294856572714E+01   0.2011039678122E-22
  0.2301440915918E+01   0.2119819394749E-22
  0.2308044150750E+01   0.2400746184652E-22
  0.2314666331412E+01   0.2776099717711E-22
  0.2321307512264E+01   0.3103232832816E-22
  0.2327967747821E+01   0.3593801870751E-22
  0.2334647092753E+01   0.3838132307500E-22
  0.2341345601890E+01   0.4302631880929E-22
  0.2348063330216E+01   0.4602688184345E-22
  0.2354800332874E+01   0.4819239442360E-22
  0.2361556665167E+01   0.5328885215835E-22
  0.2368332382554E+01   0.5819099655854E-22
  0.2375127540653E+01   0.6318624571933E-22
  0.2381942195246E+01   0.7161071848611E-22
  0.2388776402269E+01   0.7718503697592E-22
  0.2395630217822E+01   0.8598998867010E-22
  0.2402503698166E+01   0.9642434561970E-22
  0.2409396899722E+01   0.1031074481968E-21
  0.2416309879074E+01   0.1057444616029E-21
  0.2423242692967E+01   0.1181409405905E-21
  0.2430195398312E+01   0.1202158111629E-21
  0.2437168052179E+01   0.1302219160107E-21
  0.2444160711804E+01   0.1441299708388E-21
  0.2451173434587E+01   0.1487411534547E-21
  0.2458206278094E+01   0.1610048208557E-21
  0.2465259300054E+01   0.1682927733269E-21
  0.2472332558362E+01   0.1874837708752E-21
  0.2479426111080E+01   0.1980050071792E-21
  0.2486540016437E+01   0.2163348980134E-21
  0.2493674332826E+01   0.2440877517999E-21
  0.2500829118813E+01   0.2586052689991E-21
  0.2508004433126E+01   0.2706239563402E-21
  0.2515200334666E+01   0.3092907464085E-21
  0.2522416882500E+01   0.3318109084749E-21
  0.2529654135868E+01   0.3471366605977E-21
  0.2536912154175E+01   0.3665284858931E-21
  0.2544190997002E+01   0.3921458619984E-21
  0.2551490724096E+01   0.4243967452299E-21
  0.2558811395379E+01   0.4497680679969E-21
  0.2566153070942E+01   0.5008071118204E-21
  0.2573515811052E+01   0.5213958047980E-21
  0.2580899676145E+01   0.5535980821352E-21
  0.2588304726834E+01   0.5843794569268E-21
  0.2595731023902E+01   0.6356178317649E-21
  0.2603178628310E+01   0.6775483249468E-21
  0.2610647601193E+01   0.7467773990838E-21
  0.2618138003859E+01   0.7917086046656E-21
  0.2625649897795E+01   0.8368003338882E-21
  0.2633183344664E+01   0.8852243341580E-21
  0.2640738406303E+01   0.9550752176345E-21
  0.2648315144731E+01   0.1011466808803E-20
  0.2655913622140E+01   0.1091003433506E-20
  0.2663533900905E+01   0.1176546932232E-20
  0.2671176043576E+01   0.1235982691232E-20
  0.2678840112886E+01   0.1312351513913E-20
  0.2686526171746E+01   0.1476307653251E-20
  0.2694234283247E+01   0.1530219782202E-20
  0.2701964510663E+01   0.1660305310580E-20
  0.2709716917447E+01   0.1746463804336E-20
  0.2717491567237E+01   0.1969938192868E-20
  0.2725288523851E+01   0.2145016909502E-20
  0.2733107851292E+01   0.2359578279606E-20
  0.2740949613745E+01   0.2499361831506E-20
  0.2748813875580E+01   0.2654158650276E-20
  0.2756700701352E+01   0.2871074501716E-20
  0.2764610155801E+01   0.3176350893285E-20
  0.2772542303853E+01   0.3512977831270E-20
  0.2780497210618E+01   0.3939214849318E-20
  0.2788474941397E+01   0.4314850797204E-20
  0.2796475561675E+01   0.4834841997651E-20
  0.2804499137126E+01   0.4193985469802E-20
  0.2812545733612E+01   0.2915035866233E-20
  0.2820615417185E+01   0.1802768736681E-20
  0.2828708254086E+01   0.9333585516626E-21
  0.2836824310746E+01   0.3552726320053E-21
  0.2844963653785E+01   0.1069628362824E-21
  0.2853126350018E+01   0.3084247014362E-22
  0.2861312466447E+01   0.8538264411680E-23
  0.2869522070270E+01   0.2128385367585E-23
  0.2877755228877E+01   0.5454727270100E-24
  0.2886012009850E+01   0.1443993767651E-24
  0.2894292480965E+01   0.4111422161820E-25
  0.2902596710194E+01   0.1323839173245E-25
  0.2910924765703E+01   0.5032957194782E-26
  0.2919276715854E+01   0.2166951442550E-26
  0.2927652629205E+01   0.1133036483398E-26
  0.2936052574510E+01   0.6523934174426E-27
  0.2944476620721E+01   0.4346734981925E-27
  0.2952924836988E+01   0.3160885129987E-27
  0.2961397292658E+01   0.2418543634621E-27
  0.2969894057280E+01   0.1951304626901E-27
  0.2978415200599E+01   0.1646405530600E-27
  0.2986960792563E+01   0.1459229759258E-27
  0.2995530903318E+01   0.1239774677366E-27
  0.3004125603214E+01   0.1127470055419E-27
  0.3012744962800E+01   0.1050675807120E-27
  0.3021389052831E+01   0.1003197569200E-27
  0.3030057944261E+01   0.1002901503424E-27
  0.3038751708251E+01   0.1035500062417E-27
  0.3047470416164E+01   0.1138352740716E-27
  0.3056214139568E+01   0.1303578336828E-27
  0.3064982950238E+01   0.1554551724203E-27
  0.3073776920153E+01   0.1949597703527E-27
  0.3082596121499E+01   0.2501828832747E-27
  0.3091440626670E+01   0.3285869734304E-27
  0.3100310508267E+01   0.4591301598764E-27
  0.3109205839099E+01   0.6625438126634E-27
  0.3118126692184E+01   0.9717500999101E-27
  0.3127073140750E+01   0.1480844067475E-26
  0.3136045258236E+01   0.2364522510782E-26
  0.3145043118290E+01   0.3834302851661E-26
  0.3154066794771E+01   0.6526607773859E-26
  0.3163116361751E+01   0.1102865800944E-25
  0.3172191893516E+01   0.1919892303716E-25
  0.3181293464562E+01   0.3451892246107E-25
  0.3190421149600E+01   0.6240877613469E-25
  0.3199575023556E+01   0.1186341625589E-24
  0.3208755161572E+01   0.2274912924125E-24
  0.3217961639002E+01   0.4535889412921E-24
  0.3227194531419E+01   0.8792847490985E-24
  0.3236453914613E+01   0.1754499311714E-23
  0.3245739864590E+01   0.3553600422464E-23
  0.3255052457574E+01   0.7062476253168E-23
  0.3264391770010E+01   0.1373549407060E-22
  0.3273757878560E+01   0.2564148293238E-22
  0.3283150860107E+01   0.4833064566309E-22
  0.3292570791754E+01   0.8223747288024E-22
  0.3302017750825E+01   0.1305303733630E-21
  0.3311491814867E+01   0.1871524497195E-21
  0.3320993061649E+01   0.2662998195788E-21
  0.3330521569163E+01   0.3494753483592E-21
  0.3340077415625E+01   0.4448853676377E-21
  0.3349660679474E+01   0.5274958110652E-21
  0.3359271439377E+01   0.6289394304675E-21
  0.3368909774224E+01   0.7390446498163E-21
  0.3378575763132E+01   0.8393647191680E-21
  0.3388269485445E+01   0.9679226862537E-21
  0.3397991020737E+01   0.1085135987980E-20
  0.3407740448806E+01   0.1216346797443E-20
  0.3417517849683E+01   0.1337616252474E-20
  0.3427323303625E+01   0.1461645308787E-20
  0.3437156891123E+01   0.1581549911092E-20
  0.3447018692896E+01   0.1692622783831E-20
  0.3456908789896E+01   0.1818800661749E-20
  0.3466827263307E+01   0.1951411812146E-20
  0.3476774194546E+01   0.2046488157950E-20
  0.3486749665263E+01   0.2206206103671E-20
  0.3496753757342E+01   0.2314862601517E-20
  0.3506786552905E+01   0.2467231500107E-20
  0.3516848134305E+01   0.2580739572634E-20
  0.3526938584134E+01   0.2706292654597E-20
  0.3537057985222E+01   0.2837817658719E-20
  0.3547206420634E+01   0.2989226197502E-20
  0.3557383973675E+01   0.3159307478809E-20
  0.3567590727888E+01   0.3311851891644E-20
  0.3577826767056E+01   0.3453674694319E-20
  0.3588092175204E+01   0.3624527005056E-20
  0.3598387036595E+01   0.3800728257618E-20
  0.3608711435738E+01   0.3952269745170E-20
  0.3619065457379E+01   0.4148764876943E-20
  0.3629449186512E+01   0.4284478541828E-20
  0.3639862708372E+01   0.4459857190361E-20
  0.3650306108440E+01   0.4606593380409E-20
  0.3660779472442E+01   0.4771629058347E-20
  0.3671282886350E+01   0.4940073390647E-20
  0.3681816436381E+01   0.5116522868839E-20
  0.3692380209002E+01   0.5290252159727E-20
  0.3702974290926E+01   0.5481977833498E-20
  0.3713598769117E+01   0.5636212141692E-20
  0.3724253730786E+01   0.5828143110156E-20
  0.3734939263396E+01   0.6039385925216E-20
  0.3745655454660E+01   0.6232611743292E-20
  0.3756402392544E+01   0.6441337904531E-20
  0.3767180165264E+01   0.6645824941420E-20
  0.3777988861291E+01   0.6839306050542E-20
  0.3788828569349E+01   0.7061358566892E-20
  0.3799699378418E+01   0.7252458227664E-20
  0.3810601377731E+01   0.7439076296341E-20
  0.3821534656780E+01   0.7630318204397E-20
  0.3832499305310E+01   0.7827496793812E-20
  0.3843495413326E+01   0.8008863792755E-20
  0.3854523071092E+01   0.8212481467888E-20
  0.3865582369128E+01   0.8412997091662E-20
  0.3876673398217E+01   0.8635242495727E-20
  0.3887796249400E+01   0.8879358958725E-20
  0.3898951013980E+01   0.9064836836636E-20
  0.3910137783523E+01   0.9320098056337E-20
  0.3921356649856E+01   0.9556693617625E-20
  0.3932607705070E+01   0.9800414790051E-20
  0.3943891041521E+01   0.1003985122163E-19
  0.3955206751830E+01   0.1031906580966E-19
  0.3966554928883E+01   0.1056837021955E-19
  0.3977935665832E+01   0.1079386725692E-19
  0.3989349056097E+01   0.1106334031877E-19
  0.4000795193368E+01   0.1123160463031E-19
  0.4012274171599E+01   0.1145621138763E-19
  0.4023786085019E+01   0.1161390801784E-19
  0.4035331028123E+01   0.1184929368343E-19
  0.4046909095679E+01   0.1210163446750E-19
  0.4058520382728E+01   0.1227451383930E-19
  0.4070164984582E+01   0.1248561339274E-19
  0.4081842996827E+01   0.1278040700994E-19
  0.4093554515323E+01   0.1310194571143E-19
  0.4105299636205E+01   0.1340158003338E-19
  0.4117078455885E+01   0.1381354186843E-19
  0.4128891071050E+01   0.1427603189673E-19
  0.4140737578665E+01   0.1484350652573E-19
  0.4152618075974E+01   0.1545045831771E-19
  0.4164532660498E+01   0.1611903824893E-19
  0.4176481430042E+01   0.1704115748881E-19
  0.4188464482686E+01   0.1832386987806E-19
  0.4200481916795E+01   0.1929513645351E-19
  0.4212533831015E+01   0.2049751544336E-19
  0.4224620324277E+01   0.2150330397475E-19
  0.4236741495793E+01   0.9191253038025E-20
  0.4248897445061E+01   0.3816744968396E-23
  0.4261088271865E+01   0.8374249227205E-26
  0.4273314076274E+01   0.3226230471686E-25
  0.4285574958646E+01   0.3294216810400E-21
  0.4297871019624E+01   0.4702167803949E-20
  0.4310202360143E+01   0.7045823515667E-20
  0.4322569081426E+01   0.8380329180300E-20
  0.4334971284986E+01   0.9354387046707E-20
  0.4347409072628E+01   0.1014413436207E-19
  0.4359882546449E+01   0.1073364074847E-19
  0.4372391808839E+01   0.1090295801531E-19
  0.4384936962482E+01   0.9035452091038E-20
  0.4397518110355E+01   0.1004802157559E-19
  0.4410135355733E+01   0.1183473628698E-19
  0.4422788802186E+01   0.1212720425544E-19
  0.4435478553580E+01   0.1233411452970E-19
  0.4448204714081E+01   0.1249291544840E-19
  0.4460967388154E+01   0.1263834547825E-19
  0.4473766680561E+01   0.1276991972951E-19
  0.4486602696367E+01   0.1290432457402E-19
  0.4499475540938E+01   0.1307953497476E-19
  0.4512385319942E+01   0.1323640569207E-19
  0.4525332139351E+01   0.1341067210408E-19
  0.4538316105440E+01   0.1360777692601E-19
  0.4551337324788E+01   0.1383420197784E-19
  0.4564395904283E+01   0.1415187241326E-19
  0.4577491951117E+01   0.1445736989963E-19
  0.4590625572791E+01   0.1478861411127E-19
  0.4603796877112E+01   0.1515952936589E-19
  0.4617005972199E+01   0.1555862886353E-19
  0.4630252966481E+01   0.1601837483066E-19
  0.4643537968697E+01   0.1648654608005E-19
  0.4656861087898E+01   0.1671644529847E-19
  0.4670222433449E+01   0.1574195711514E-19
  0.4683622115027E+01   0.1742661715193E-19
  0.4697060242625E+01   0.1857948667357E-19
  0.4710536926552E+01   0.1917657219635E-19
  0.4724052277433E+01   0.1976372266226E-19
  0.4737606406209E+01   0.2036031569183E-19
  0.4751199424141E+01   0.2093376768008E-19
  0.4764831442809E+01   0.2156504977667E-19
  0.4778502574113E+01   0.2213091374658E-19
  0.4792212930274E+01   0.2284414382405E-19
  0.4805962623834E+01   0.2349497156098E-19
  0.4819751767661E+01   0.2417924854340E-19
  0.4833580474942E+01   0.2486232576368E-19
  0.4847448859194E+01   0.2553457663630E-19
  0.4861357034255E+01   0.2620498366780E-19
  0.4875305114293E+01   0.2689082785305E-19
  0.4889293213801E+01   0.2757819942596E-19
  0.4903321447604E+01   0.2831904336721E-19
  0.4917389930853E+01   0.2901541705837E-19
  0.4931498779030E+01   0.2976876329615E-19
  0.4945648107950E+01   0.3046608841417E-19
  0.4959838033760E+01   0.3116070933136E-19
  0.4974068672938E+01   0.3186612612817E-19
  0.4988340142298E+01   0.3259770945719E-19
  0.5002652558990E+01   0.3332969529224E-19
  0.5017006040497E+01   0.3406463857104E-19
  0.5031400704644E+01   0.3476772064041E-19
  0.5045836669588E+01   0.3550310847076E-19
  0.5060314053831E+01   0.3622098528928E-19
  0.5074832976211E+01   0.3688838535340E-19
  0.5089393555907E+01   0.3753499663271E-19
  0.5103995912443E+01   0.3818933481378E-19
  0.5118640165683E+01   0.3879146636127E-19
  0.5133326435836E+01   0.3943927025133E-19
  0.5148054843456E+01   0.4004378768050E-19
  0.5162825509443E+01   0.4063712546247E-19
  0.5177638555043E+01   0.4121762061682E-19
  0.5192494101851E+01   0.4178776481005E-19
  0.5207392271810E+01   0.4234172781294E-19
  0.5222333187214E+01   0.4286352477178E-19
  0.5237316970706E+01   0.4338455060338E-19
  0.5252343745283E+01   0.4391100835661E-19
  0.5267413634293E+01   0.4449835431092E-19
  0.5282526761440E+01   0.4508640994911E-19
  0.5297683250780E+01   0.4564427755144E-19
  0.5312883226729E+01   0.4610000495758E-19
  0.5328126814055E+01   0.4662501741133E-19
  0.5343414137889E+01   0.4717807899662E-19
  0.5358745323718E+01   0.4761254644878E-19
  0.5374120497388E+01   0.4803989290829E-19
  0.5389539785110E+01   0.4851110766361E-19
  0.5405003313454E+01   0.4888581329289E-19
  0.5420511209355E+01   0.4936720878399E-19
  0.5436063600109E+01   0.4968160175023E-19
  0.5451660613382E+01   0.5001541740253E-19
  0.5467302377202E+01   0.5029612471816E-19
  0.5482989019966E+01   0.5055805964351E-19
  0.5498720670441E+01   0.5078647111802E-19
  0.5514497457762E+01   0.5110884654529E-19
  0.5530319511432E+01   0.5132890574971E-19
  0.5546186961331E+01   0.5149581120322E-19
  0.5562099937707E+01   0.5163463993514E-19
  0.5578058571184E+01   0.5166072273994E-19
  0.5594062992760E+01   0.5152522460731E-19
  0.5610113333808E+01   0.5136607882064E-19
  0.5626209726081E+01   0.5108885690602E-19
  0.5642352301707E+01   0.5054812106245E-19
  0.5658541193194E+01   0.4995191250383E-19
  0.5674776533430E+01   0.4902958338845E-19
  0.5691058455685E+01   0.4797281858661E-19
  0.5707387093610E+01   0.4665599935174E-19
  0.5723762581242E+01   0.4501082152925E-19
  0.5740185053000E+01   0.4309825919902E-19
  0.5756654643690E+01   0.4080840899275E-19
  0.5773171488504E+01   0.3833006148836E-19
  0.5789735723023E+01   0.3548747635282E-19
  0.5806347483215E+01   0.3260445985349E-19
  0.5823006905441E+01   0.2978029241185E-19
  0.5839714126450E+01   0.2688318724506E-19
  0.5856469283387E+01   0.2445509986682E-19
  0.5873272513787E+01   0.2230499720947E-19
  0.5890123955582E+01   0.2044746643789E-19
  0.5907023747098E+01   0.1896084663915E-19
  0.5923972027060E+01   0.1778503349496E-19
  0.5940968934588E+01   0.1692164709335E-19
  0.5958014609205E+01   0.1617094563268E-19
  0.5975109190831E+01   0.1569047804534E-19
  0.5992252819789E+01   0.1530909022799E-19
  0.6009445636805E+01   0.1502790373106E-19
  0.6026687783007E+01   0.1484523874759E-19
  0.6043979399930E+01   0.1481744150763E-19
  0.6061320629513E+01   0.1488219409459E-19
  0.6078711614104E+01   0.1520796492976E-19
  0.6096152496459E+01   0.1579321772543E-19
  0.6113643419744E+01   0.1676616989845E-19
  0.6131184527533E+01   0.1796060584432E-19
  0.6148775963816E+01   0.1936087530918E-19
  0.6166417872994E+01   0.2085110968577E-19
  0.6184110399881E+01   0.2231813082025E-19
  0.6201853689710E+01   0.2356915865442E-19
  0.6219647888128E+01   0.2468293484086E-19
  0.6237493141200E+01   0.2574484631019E-19
  0.6255389595412E+01   0.2671163089910E-19
  0.6273337397667E+01   0.2758142239496E-19
  0.6291336695293E+01   0.2848739495641E-19
  0.6309387636040E+01   0.2932463393264E-19
  0.6327490368079E+01   0.3023873913217E-19
  0.6345645040009E+01   0.3120329515940E-19
  0.6363851800855E+01   0.3205665306414E-19
  0.6382110800069E+01   0.3304916147869E-19
  0.6400422187532E+01   0.3397760916801E-19
  0.6418786113555E+01   0.3496471752181E-19
  0.6437202728880E+01   0.3579733954802E-19
  0.6455672184682E+01   0.3666408557820E-19
  0.6474194632569E+01   0.3747769997770E-19
  0.6492770224586E+01   0.3843502629943E-19
  0.6511399113211E+01   0.3917602174522E-19
  0.6530081451363E+01   0.3999581272403E-19
  0.6548817392397E+01   0.4084779301158E-19
  0.6567607090108E+01   0.4166091727391E-19
  0.6586450698735E+01   0.4253033920337E-19
  0.6605348372958E+01   0.4345055040546E-19
  0.6624300267898E+01   0.4442209028750E-19
  0.6643306539127E+01   0.4553680870321E-19
  0.6662367342658E+01   0.4644366779771E-19
  0.6681482834954E+01   0.4752310156149E-19
  0.6700653172927E+01   0.4851348186245E-19
  0.6719878513938E+01   0.4945135637374E-19
  0.6739159015801E+01   0.5025746314581E-19
  0.6758494836783E+01   0.5105714699964E-19
  0.6777886135602E+01   0.5202894417084E-19
  0.6797333071435E+01   0.5316699088457E-19
  0.6816835803914E+01   0.5396679393151E-19
  0.6836394493129E+01   0.5477572534451E-19
  0.6856009299631E+01   0.5594404714343E-19
  0.6875680384428E+01   0.5674464654735E-19
  0.6895407908994E+01   0.5764735187358E-19
  0.6915192035264E+01   0.5867994561681E-19
  0.6935032925638E+01   0.5973868372799E-19
  0.6954930742982E+01   0.6070660027907E-19
  0.6974885650629E+01   0.6164052997627E-19
  0.6994897812383E+01   0.6267490094427E-19
  0.7014967392513E+01   0.6361441947809E-19
  0.7035094555765E+01   0.6474500219622E-19
  0.7055279467354E+01   0.6605061162933E-19
  0.7075522292970E+01   0.6724761269417E-19
  0.7095823198778E+01   0.6848237024507E-19
  0.7116182351420E+01   0.6983171820419E-19
  0.7136599918018E+01   0.7106884331736E-19
  0.7157076066170E+01   0.7241427434680E-19
  0.7177610963958E+01   0.7375934787642E-19
  0.7198204779944E+01   0.7495048161256E-19
  0.7218857683175E+01   0.7599374764689E-19
  0.7239569843182E+01   0.7699114935703E-19
  0.7260341429984E+01   0.7863827026743E-19
  0.7281172614086E+01   0.8030518298013E-19
  0.7302063566484E+01   0.8185801225236E-19
  0.7323014458663E+01   0.8351367707773E-19
  0.7344025462600E+01   0.8511220765594E-19
  0.7365096750767E+01   0.8677220650548E-19
  0.7386228496130E+01   0.8840161720915E-19
  0.7407420872151E+01   0.9009924382777E-19
  0.7428674052790E+01   0.9170484608097E-19
  0.7449988212505E+01   0.9359710875386E-19
  0.7471363526258E+01   0.9562893465099E-19
  0.7492800169508E+01   0.9775585056995E-19
  0.7514298318222E+01   0.9959758525871E-19
  0.7535858148868E+01   0.1015111833089E-18
  0.7557479838424E+01   0.1039884650473E-18
  0.7579163564373E+01   0.1065133582045E-18
  0.7600909504708E+01   0.1090011435245E-18
  0.7622717837934E+01   0.1112857212164E-18
  0.7644588743066E+01   0.1135598653696E-18
  0.7666522399634E+01   0.1158092712299E-18
  0.7688518987683E+01   0.1178500464366E-18
  0.7710578687774E+01   0.1198055037551E-18
  0.7732701680988E+01   0.1216301009632E-18
  0.7754888148921E+01   0.1231679890676E-18
  0.7777138273696E+01   0.1242749682923E-18
  0.7799452237954E+01   0.1250394095700E-18
  0.7821830224861E+01   0.1254640218898E-18
  0.7844272418111E+01   0.1256285524694E-18
  0.7866779001922E+01   0.1249737441142E-18
  0.7889350161042E+01   0.1238932869201E-18
  0.7911986080749E+01   0.1224738400456E-18
  0.7934686946851E+01   0.1204432482745E-18
  0.7957452945693E+01   0.1179022934768E-18
  0.7980284264150E+01   0.1151534795349E-18
  0.8003181089637E+01   0.1146938850198E-18
  0.8026143610103E+01   0.1130899081444E-18
  0.8049172014041E+01   0.1104065980143E-18
  0.8072266490480E+01   0.1067194964692E-18
  0.8095427228995E+01   0.1036877556165E-18
  0.8118654419702E+01   0.9906353142196E-19
  0.8141948253265E+01   0.9347598269500E-19
  0.8165308920893E+01   0.8676415454943E-19
  0.8188736614346E+01   0.8212615476365E-19
  0.8212231525931E+01   0.7891179485396E-19
  0.8235793848510E+01   0.7741308635273E-19
  0.8259423775497E+01   0.7514573255499E-19
  0.8283121500859E+01   0.7480821003266E-19
  0.8306887219123E+01   0.7312736393234E-19
  0.8330721125372E+01   0.7018164992847E-19
  0.8354623415250E+01   0.6630948081994E-19
  0.8378594284960E+01   0.6270157817880E-19
  0.8402633931270E+01   0.5842986835271E-19
  0.8426742551512E+01   0.5525249245786E-19
  0.8450920343585E+01   0.5145078136864E-19
  0.8475167505955E+01   0.4786829409900E-19
  0.8499484237656E+01   0.4397688684723E-19
  0.8523870738296E+01   0.3993636603143E-19
  0.8548327208054E+01   0.3577660732986E-19
  0.8572853847683E+01   0.3179032114446E-19
  0.8597450858513E+01   0.2799569340176E-19
  0.8622118442451E+01   0.2493435471816E-19
  0.8646856801984E+01   0.2215035066489E-19
  0.8671666140179E+01   0.1947641439862E-19
  0.8696546660687E+01   0.1701491792457E-19
  0.8721498567741E+01   0.1471083628233E-19
  0.8746522066162E+01   0.1261130344703E-19
  0.8771617361359E+01   0.1069461506926E-19
  0.8796784659329E+01   0.8994706248955E-20
  0.8822024166659E+01   0.7667515407682E-20
  0.8847336090533E+01   0.6530839422772E-20
  0.8872720638724E+01   0.5506199363012E-20
  0.8898178019606E+01   0.4610404236927E-20
  0.8923708442147E+01   0.3842318842572E-20
  0.8949312115917E+01   0.3176755726403E-20
  0.8974989251087E+01   0.2605590462215E-20
  0.9000740058430E+01   0.2133485995557E-20
  0.9026564749324E+01   0.1853919045150E-20
  0.9052463535754E+01   0.1610586448241E-20
  0.9078436630313E+01   0.1392354017962E-20
  0.9104484246204E+01   0.1202633257618E-20
  0.9130606597242E+01   0.1037465636127E-20
  0.9156803897854E+01   0.8948951569114E-21
  0.9183076363086E+01   0.7722409089169E-21
  0.9209424208595E+01   0.6802702380730E-21
  0.9235847650663E+01   0.6212614500651E-21
  0.9262346906188E+01   0.5675790925901E-21
  0.9288922192692E+01   0.5205391721138E-21
  0.9315573728322E+01   0.4782336901375E-21
  0.9342301731850E+01   0.4421643146415E-21
  0.9369106422675E+01   0.4098818382797E-21
  0.9395988020826E+01   0.3852085047551E-21
  0.9422946746965E+01   0.3832127135546E-21
  0.9449982822385E+01   0.3860091921925E-21
  0.9477096469013E+01   0.3900166525054E-21
  0.9504287909417E+01   0.3933272765340E-21
  0.9531557366798E+01   0.3997901581978E-21
  0.9558905065003E+01   0.4072974192069E-21
  0.9586331228517E+01   0.4163325276283E-21
  0.9613836082471E+01   0.4366371993699E-21
  0.9641419852641E+01   0.4658126810448E-21
  0.9669082765452E+01   0.4969793785948E-21
  0.9696825047978E+01   0.5297755492789E-21
  0.9724646927945E+01   0.5658068681930E-21
  0.9752548633731E+01   0.6039370844645E-21
  0.9780530394371E+01   0.6417239801825E-21
  0.9808592439555E+01   0.6853458474981E-21
  0.9836734999635E+01   0.7499000008703E-21
  0.9864958305621E+01   0.8332635561912E-21
  0.9893262589188E+01   0.9305511399828E-21
  0.9921648082674E+01   0.1042843046022E-20
  0.9950115019085E+01   0.1172093085430E-20
  0.9978663632094E+01   0.1315311360263E-20
  0.1000729415605E+02   0.1469777435148E-20
  0.1003600682596E+02   0.1634977225020E-20
  0.1006480187752E+02   0.1828369067401E-20
  0.1009367954710E+02   0.2037461604121E-20
  0.1012264007175E+02   0.2272633447636E-20
  0.1015168368918E+02   0.2519217354453E-20
  0.1018081063781E+02   0.2792642074048E-20
  0.1021002115673E+02   0.3082496933601E-20
  0.1023931548572E+02   0.3396957517999E-20
  0.1026869386524E+02   0.3729569946316E-20
  0.1029815653645E+02   0.4059840860232E-20
  0.1032770374119E+02   0.4401091420374E-20
  0.1035733572201E+02   0.4748123207576E-20
  0.1038705272214E+02   0.5091326019949E-20
  0.1041685498552E+02   0.5502494681098E-20
  0.1044674275678E+02   0.5930307910291E-20
  0.1047671628127E+02   0.6398347252450E-20
  0.1050677580502E+02   0.6805224481207E-20
  0.1053692157478E+02   0.7238456063019E-20
  0.1056715383800E+02   0.7620893850292E-20
  0.1059747284285E+02   0.7977422174491E-20
  0.1062787883821E+02   0.8332757402776E-20
  0.1065837207366E+02   0.8709097770253E-20
  0.1068895279952E+02   0.9026158443887E-20
  0.1071962126681E+02   0.9351232078947E-20
  0.1075037772726E+02   0.9663889991332E-20
  0.1078122243337E+02   0.9900211769648E-20
  0.1081215563830E+02   0.1017488784803E-19
  0.1084317759599E+02   0.1046338669967E-19
  0.1087428856108E+02   0.1076013985407E-19
  0.1090548878894E+02   0.1098372008337E-19
  0.1093677853570E+02   0.1119484591063E-19
  0.1096815805818E+02   0.1141760826562E-19
  0.1099962761399E+02   0.1165366467899E-19
  0.1103118746143E+02   0.1193409605781E-19
  0.1106283785956E+02   0.1216176650490E-19
  0.1109457906821E+02   0.1242698794946E-19
  0.1112641134790E+02   0.1271730313486E-19
  0.1115833495996E+02   0.1303597823997E-19
  0.1119035016641E+02   0.1333460522052E-19
  0.1122245723007E+02   0.1375577844156E-19
  0.1125465641449E+02   0.1422335904251E-19
  0.1128694798398E+02   0.1470065599589E-19
  0.1131933220360E+02   0.1518724988196E-19
  0.1135180933919E+02   0.1566617513230E-19
  0.1138437965734E+02   0.1623572013604E-19
  0.1141704342540E+02   0.1695196091692E-19
  0.1144980091151E+02   0.1784702237105E-19
  0.1148265238454E+02   0.1879172860295E-19
  0.1151559811418E+02   0.1978780686649E-19
  0.1154863837085E+02   0.2081427880858E-19
  0.1158177342577E+02   0.2198817477276E-19
  0.1161500355093E+02   0.2323867145542E-19
  0.1164832901912E+02   0.2481537219862E-19
  0.1168175010387E+02   0.2659841250262E-19
  0.1171526707954E+02   0.2844407616186E-19
  0.1174888022125E+02   0.3004959896826E-19
  0.1178258980492E+02   0.3206154388284E-19
  0.1181639610725E+02   0.3406121048988E-19
  0.1185029940575E+02   0.3613730120066E-19
  0.1188429997872E+02   0.3831530514201E-19
  0.1191839810526E+02   0.4074447163839E-19
  0.1195259406526E+02   0.4308748815335E-19
  0.1198688813943E+02   0.4537722709607E-19
  0.1202128060927E+02   0.4729624519609E-19
  0.1205577175709E+02   0.4874934730642E-19
  0.1209036186603E+02   0.5049361306429E-19
  0.1212505122001E+02   0.5214740187463E-19
  0.1215984010379E+02   0.5400194169850E-19
  0.1219472880294E+02   0.5590902697626E-19
  0.1222971760384E+02   0.5775320041727E-19
  0.1226480679370E+02   0.5986356130076E-19
  0.1229999666056E+02   0.6194410455460E-19
  0.1233528749328E+02   0.6402875719087E-19
  0.1237067958155E+02   0.6625998445313E-19
  0.1240617321588E+02   0.6902172730256E-19
  0.1244176868763E+02   0.7155799426980E-19
  0.1247746628899E+02   0.7451595662347E-19
  0.1251326631298E+02   0.7636947721367E-19
  0.1254916905348E+02   0.7853208716196E-19
  0.1258517480519E+02   0.8067753205186E-19
  0.1262128386368E+02   0.8264946697242E-19
  0.1265749652534E+02   0.8553487264364E-19
  0.1269381308744E+02   0.8809062403205E-19
  0.1273023384808E+02   0.9075472719064E-19
  0.1276675910623E+02   0.9329592516427E-19
  0.1280338916170E+02   0.9601327594088E-19
  0.1284012431518E+02   0.9872243486285E-19
  0.1287696486822E+02   0.1015248321022E-18
  0.1291391112322E+02   0.1045361128225E-18
  0.1295096338345E+02   0.1080216793029E-18
  0.1298812195308E+02   0.1121046648743E-18
  0.1302538713712E+02   0.1157794057378E-18
  0.1306275924146E+02   0.1198150715619E-18
  0.1310023857287E+02   0.1236872592806E-18
  0.1313782543902E+02   0.1277264815653E-18
  0.1317552014843E+02   0.1323335909533E-18
  0.1321332301052E+02   0.1373872972681E-18
  0.1325123433562E+02   0.1424290284159E-18
  0.1328925443490E+02   0.1482692855782E-18
  0.1332738362048E+02   0.1540670098279E-18
  0.1336562220533E+02   0.1598942708751E-18
  0.1340397050333E+02   0.1660969008695E-18
  0.1344242882929E+02   0.1722540544737E-18
  0.1348099749888E+02   0.1787191536541E-18
  0.1351967682870E+02   0.1859570721236E-18
  0.1355846713625E+02   0.1930290567177E-18
  0.1359736873996E+02   0.2005022085097E-18
  0.1363638195914E+02   0.2084966243598E-18
  0.1367550711404E+02   0.2163539998071E-18
  0.1371474452582E+02   0.2242781840007E-18
  0.1375409451658E+02   0.2326891554337E-18
  0.1379355740931E+02   0.2414758813709E-18
  0.1383313352795E+02   0.2500656598633E-18
  0.1387282319737E+02   0.2589956899431E-18
  0.1391262674336E+02   0.2679383977956E-18
  0.1395254449266E+02   0.2769329093359E-18
  0.1399257677294E+02   0.2866318064646E-18
  0.1403272391280E+02   0.2967338750387E-18
  0.1407298624180E+02   0.3063536792958E-18
  0.1411336409043E+02   0.3178150859717E-18
  0.1415385779014E+02   0.3268138993837E-18
  0.1419446767333E+02   0.3373493270412E-18
  0.1423519407334E+02   0.3497317809884E-18
  0.1427603732450E+02   0.3605875982685E-18
  0.1431699776205E+02   0.3731541633350E-18
  0.1435807572223E+02   0.3847177263534E-18
  0.1439927154224E+02   0.3966498523511E-18
  0.1444058556023E+02   0.4086544726597E-18
  0.1448201811533E+02   0.4209484614094E-18
  0.1452356954764E+02   0.4361833542665E-18
  0.1456524019826E+02   0.4439585912304E-18
  0.1460703040923E+02   0.4579533921256E-18
  0.1464894052359E+02   0.4707158367057E-18
  0.1469097088537E+02   0.4818393828136E-18
  0.1473312183958E+02   0.4933168309254E-18
  0.1477539373222E+02   0.4989626832900E-18
  0.1481778691028E+02   0.5022170206608E-18
  0.1486030172175E+02   0.4935909673030E-18
  0.1490293851562E+02   0.4694084530055E-18
  0.1494569764188E+02   0.4262213107739E-18
  0.1498857945152E+02   0.3696882655142E-18
  0.1503158429654E+02   0.3086312549463E-18
  0.1507471252995E+02   0.2507214317477E-18
  0.1511796450577E+02   0.1987972857723E-18
  0.1516134057904E+02   0.1678925705295E-18
  0.1520484110583E+02   0.1891512048956E-18
  0.1524846644320E+02   0.1856360704424E-18
  0.1529221694927E+02   0.1893053828006E-18
  0.1533609298315E+02   0.2400836992496E-18
  0.1538009490502E+02   0.2725214320935E-18
  0.1542422307607E+02   0.3043364095909E-18
  0.1546847785852E+02   0.3369733378948E-18
  0.1551285961565E+02   0.3692386952103E-18
  0.1555736871178E+02   0.3991054856221E-18
  0.1560200551225E+02   0.4238248689049E-18
  0.1564677038348E+02   0.4418038820637E-18
  0.1569166369292E+02   0.4598455081938E-18
  0.1573668580909E+02   0.4723813415205E-18
  0.1578183710155E+02   0.4781729722838E-18
  0.1582711794093E+02   0.4835969886111E-18
  0.1587252869892E+02   0.4901000928152E-18
  0.1591806974829E+02   0.4870050187136E-18
  0.1596374146286E+02   0.4844314617736E-18
  0.1600954421753E+02   0.4794207042303E-18
  0.1605547838829E+02   0.4724436116983E-18
  0.1610154435218E+02   0.4634759080636E-18
  0.1614774248735E+02   0.4544153897644E-18
  0.1619407317301E+02   0.4453480337105E-18
  0.1624053678948E+02   0.4352911454183E-18
  0.1628713371815E+02   0.4236815134166E-18
  0.1633386434154E+02   0.4121080352293E-18
  0.1638072904321E+02   0.3992111446345E-18
  0.1642772820788E+02   0.3856169900934E-18
  0.1647486222134E+02   0.3728715490168E-18
  0.1652213147050E+02   0.3642081396935E-18
  0.1656953634336E+02   0.3591481613438E-18
  0.1661707722906E+02   0.3528785993792E-18
  0.1666475451784E+02   0.3462266789194E-18
  0.1671256860106E+02   0.3396768973414E-18
  0.1676051987122E+02   0.3337884977764E-18
  0.1680860872193E+02   0.3264329544196E-18
  0.1685683554792E+02   0.3197693688842E-18
  0.1690520074507E+02   0.3128958276902E-18
  0.1695370471040E+02   0.3078346568540E-18
  0.1700234784206E+02   0.3000813688662E-18
  0.1705113053933E+02   0.2969691748514E-18
  0.1710005320266E+02   0.2948148498583E-18
  0.1714911623363E+02   0.2922296158996E-18
  0.1719832003498E+02   0.2897075382052E-18
  0.1724766501060E+02   0.2877438461181E-18
  0.1729715156556E+02   0.2857464941359E-18
  0.1734678010606E+02   0.2841211450305E-18
  0.1739655103949E+02   0.2801846396140E-18
  0.1744646477439E+02   0.2779654366581E-18
  0.1749652172049E+02   0.2763203145660E-18
  0.1754672228869E+02   0.2777524363204E-18
  0.1759706689107E+02   0.2794355304559E-18
  0.1764755594087E+02   0.2815402796791E-18
  0.1769818985256E+02   0.2834866351866E-18
  0.1774896904175E+02   0.2857298332831E-18
  0.1779989392528E+02   0.2874292208265E-18
  0.1785096492118E+02   0.2892236686009E-18
  0.1790218244865E+02   0.2912364024348E-18
  0.1795354692814E+02   0.2934217203295E-18
  0.1800505878126E+02   0.2939328676525E-18
  0.1805671843086E+02   0.3045660190169E-18
  0.1810852630099E+02   0.3127369776718E-18
  0.1816048281692E+02   0.3203570839991E-18
  0.1821258840515E+02   0.3290415134898E-18
  0.1826484349339E+02   0.3374879925344E-18
  0.1831724851057E+02   0.3455192846633E-18
  0.1836980388688E+02   0.3544973394817E-18
  0.1842251005372E+02   0.3642035940298E-18
  0.1847536744372E+02   0.3741969534245E-18
  0.1852837649079E+02   0.3855166188570E-18
  0.1858153763004E+02   0.3976646140225E-18
  0.1863485129787E+02   0.4102162179934E-18
  0.1868831793189E+02   0.4224768118775E-18
  0.1874193797099E+02   0.4359368065543E-18
  0.1879571185533E+02   0.4526026495316E-18
  0.1884964002631E+02   0.4661628717089E-18
  0.1890372292660E+02   0.4811621084015E-18
  0.1895796100015E+02   0.4961777639642E-18
  0.1901235469219E+02   0.5131425005574E-18
  0.1906690444920E+02   0.5317481508547E-18
  0.1912161071896E+02   0.5508453184619E-18
  0.1917647395054E+02   0.5707164441418E-18
  0.1923149459429E+02   0.5912972847425E-18
  0.1928667310184E+02   0.6107292305492E-18
  0.1934200992615E+02   0.6306289351018E-18
  0.1939750552144E+02   0.6539801842416E-18
  0.1945316034326E+02   0.6763261580975E-18
  0.1950897484846E+02   0.7026065947964E-18
  0.1956494949519E+02   0.7227063854633E-18
  0.1962108474294E+02   0.7510253061140E-18
  0.1967738105249E+02   0.7791786445442E-18
  0.1973383888595E+02   0.8054002945717E-18
  0.1979045870677E+02   0.8372761757797E-18
  0.1984724097972E+02   0.8663743004864E-18
  0.1990418617090E+02   0.8946479365603E-18
  0.1996129474776E+02   0.9268791719313E-18
  0.2001856717906E+02   0.9294296629271E-18
  0.2007600393495E+02   0.9815885521903E-18
  0.2013360548689E+02   0.1020427663507E-17
  0.2019137230772E+02   0.1052629041938E-17
  0.2024930487162E+02   0.1084815263932E-17
  0.2030740365414E+02   0.1117593896204E-17
  0.2036566913218E+02   0.1151455376518E-17
  0.2042410178402E+02   0.1185598092151E-17
  0.2048270208932E+02   0.1220594118476E-17
  0.2054147052911E+02   0.1256137404747E-17
  0.2060040758578E+02   0.1292398795674E-17
  0.2065951374313E+02   0.1329702416303E-17
  0.2071878948635E+02   0.1367649145062E-17
  0.2077823530199E+02   0.1406730721586E-17
  0.2083785167804E+02   0.1446948502192E-17
  0.2089763910385E+02   0.1485070745507E-17
  0.2095759807019E+02   0.1531804354119E-17
  0.2101772906926E+02   0.1581736631047E-17
  0.2107803259463E+02   0.1636187406916E-17
  0.2113850914133E+02   0.1693236708713E-17
  0.2119915920576E+02   0.1751446460269E-17
  0.2125998328580E+02   0.1812804914548E-17
  0.2132098188072E+02   0.1875376819610E-17
  0.2138215549123E+02   0.1938828310516E-17
  0.2144350461948E+02   0.2004208250710E-17
  0.2150502976906E+02   0.2071575449085E-17
  0.2156673144502E+02   0.2141088579807E-17
  0.2162861015383E+02   0.2211182965491E-17
  0.2169066640344E+02   0.2282208749927E-17
  0.2175290070323E+02   0.2354943849891E-17
  0.2181531356407E+02   0.2429384696135E-17
  0.2187790549827E+02   0.2506078756330E-17
  0.2194067701964E+02   0.2582614690585E-17
  0.2200362864344E+02   0.2660318345110E-17
  0.2206676088640E+02   0.2731639611713E-17
  0.2213007426677E+02   0.2803965299919E-17
  0.2219356930426E+02   0.2877532569303E-17
  0.2225724652006E+02   0.2950397192694E-17
  0.2232110643689E+02   0.3027724174008E-17
  0.2238514957895E+02   0.3104836899746E-17
  0.2244937647193E+02   0.3180979158514E-17
  0.2251378764305E+02   0.3258021276429E-17
  0.2257838362104E+02   0.3338253926881E-17
  0.2264316493615E+02   0.3426928914578E-17
  0.2270813212013E+02   0.3510546063425E-17
  0.2277328570628E+02   0.3594924500354E-17
  0.2283862622941E+02   0.3679780538304E-17
  0.2290415422588E+02   0.3768616052477E-17
  0.2296987023359E+02   0.3849704018811E-17
  0.2303577479197E+02   0.3929227380389E-17
  0.2310186844201E+02   0.4012312106389E-17
  0.2316815172624E+02   0.4093495364161E-17
  0.2323462518876E+02   0.4173486619637E-17
  0.2330128937522E+02   0.4256252821713E-17
  0.2336814483285E+02   0.4339996805044E-17
  0.2343519211042E+02   0.4424623325490E-17
  0.2350243175831E+02   0.4510574853408E-17
  0.2356986432846E+02   0.4600176304049E-17
  0.2363749037440E+02   0.4693832786666E-17
  0.2370531045125E+02   0.4792805266143E-17
  0.2377332511571E+02   0.4842520876177E-17
  0.2384153492608E+02   0.4936896714116E-17
  0.2390994044229E+02   0.5036339631632E-17
  0.2397854222583E+02   0.5132630719390E-17
  0.2404734083984E+02   0.5222158439220E-17
  0.2411633684905E+02   0.5307092041267E-17
  0.2418553081984E+02   0.5395995713692E-17
  0.2425492332017E+02   0.5491017750138E-17
  0.2432451491968E+02   0.5575768875848E-17
  0.2439430618960E+02   0.5663382475916E-17
  0.2446429770284E+02   0.5766518619031E-17
  0.2453449003391E+02   0.5887480224013E-17
  0.2460488375901E+02   0.6008984961232E-17
  0.2467547945597E+02   0.6117122355044E-17
  0.2474627770428E+02   0.6315817876958E-17
  0.2481727908509E+02   0.6604776183530E-17
  0.2488848418123E+02   0.6691020098690E-17
  0.2495989357720E+02   0.6777564486505E-17
  0.2503150785915E+02   0.6861990271252E-17
  0.2510332761496E+02   0.6943529472907E-17
  0.2517535343416E+02   0.7025588167192E-17
  0.2524758590797E+02   0.7108162090566E-17
  0.2532002562933E+02   0.7191090748386E-17
  0.2539267319287E+02   0.7274532292019E-17
  0.2546552919493E+02   0.7358374451134E-17
  0.2553859423354E+02   0.7442697110203E-17
  0.2561186890847E+02   0.7527473614121E-17
  0.2568535382121E+02   0.7612773215319E-17
  0.2575904957496E+02   0.7698422748269E-17
  0.2583295677467E+02   0.7784467807162E-17
  0.2590707602700E+02   0.7871059715285E-17
  0.2598140794038E+02   0.7958050734231E-17
  0.2605595312497E+02   0.8046381891680E-17
  0.2613071219267E+02   0.8135377701059E-17
  0.2620568575716E+02   0.8224783982753E-17
  0.2628087443386E+02   0.8314580972493E-17
  0.2635627883997E+02   0.8404665447585E-17
  0.2643189959446E+02   0.8495336747006E-17
  0.2650773731806E+02   0.8586716081579E-17
  0.2658379263330E+02   0.8678565612597E-17
  0.2666006616449E+02   0.8770835785814E-17
  0.2673655853772E+02   0.8863539474966E-17
  0.2681327038089E+02   0.8956552235179E-17
  0.2689020232370E+02   0.9049979810782E-17
  0.2696735499766E+02   0.9143961924708E-17
  0.2704472903607E+02   0.9238176892937E-17
  0.2712232507408E+02   0.9332428097955E-17
  0.2720014374864E+02   0.9426974867205E-17
  0.2727818569852E+02   0.9521838311264E-17
  0.2735645156436E+02   0.9617023091822E-17
  0.2743494198859E+02   0.9712431363025E-17
  0.2751365761552E+02   0.9808244059682E-17
  0.2759259909130E+02   0.9904238712494E-17
  0.2767176706391E+02   0.1000050401595E-16
  0.2775116218324E+02   0.1009709187111E-16
  0.2783078510098E+02   0.1019396467864E-16
  0.2791063647075E+02   0.1029100323533E-16
  0.2799071694800E+02   0.1038838708968E-16
  0.2807102719009E+02   0.1049101030143E-16
  0.2815156785625E+02   0.1059482246795E-16
  0.2823233960761E+02   0.1069880417287E-16
  0.2831334310720E+02   0.1080303639969E-16
  0.2839457901993E+02   0.1090761901582E-16
  0.2847604801265E+02   0.1101251873913E-16
  0.2855775075409E+02   0.1111755921259E-16
  0.2863968791493E+02   0.1122270300148E-16
  0.2872186016776E+02   0.1132804009443E-16
  0.2880426818709E+02   0.1143372213542E-16
  0.2888691264938E+02   0.1153935881211E-16
  0.2896979423303E+02   0.1164522565524E-16
  0.2905291361838E+02   0.1175662979816E-16
  0.2913627148772E+02   0.1187108880741E-16
  0.2921986852530E+02   0.1198570758290E-16
  0.2930370541735E+02   0.1210011390346E-16
  0.2938778285205E+02   0.1221441168208E-16
  0.2947210151954E+02   0.1232892639278E-16
  0.2955666211198E+02   0.1244325276654E-16
  0.2964146532349E+02   0.1255739932708E-16
  0.2972651185018E+02   0.1267168581104E-16
  0.2981180239017E+02   0.1278600555676E-16
  0.2989733764357E+02   0.1290014159098E-16
  0.2998311831252E+02   0.1301411598117E-16
  0.3006914510114E+02   0.1312897020523E-16
  0.3015541871560E+02   0.1324476158922E-16
  0.3024193986409E+02   0.1336030232531E-16
  0.3032870925683E+02   0.1347564887160E-16
  0.3041572760606E+02   0.1359069655016E-16
  0.3050299562609E+02   0.1370572141056E-16
  0.3059051403328E+02   0.1382024122101E-16
  0.3067828354601E+02   0.1393447297075E-16
  0.3076630488477E+02   0.1404840243072E-16
  0.3085457877208E+02   0.1416213306280E-16
  0.3094310593254E+02   0.1427540532274E-16
  0.3103188709285E+02   0.1438816094758E-16
  0.3112092298177E+02   0.1450066826479E-16
  0.3121021433016E+02   0.1461288795490E-16
  0.3129976187098E+02   0.1472463133040E-16
  0.3138956633929E+02   0.1483590973533E-16
  0.3147962847227E+02   0.1494690004810E-16
  0.3156994900919E+02   0.1505762380910E-16
  0.3166052869146E+02   0.1516794470302E-16
  0.3175136826261E+02   0.1527781228951E-16
  0.3184246846832E+02   0.1538801722100E-16
  0.3193383005639E+02   0.1549886620298E-16
  0.3202545377676E+02   0.1560909267441E-16
  0.3211734038154E+02   0.1571838417752E-16
  0.3220949062500E+02   0.1582801095199E-16
  0.3230190526356E+02   0.1593849333501E-16
  0.3239458505581E+02   0.1604848104285E-16
  0.3248753076253E+02   0.1615802060727E-16
  0.3258074314666E+02   0.1626720335162E-16
  0.3267422297337E+02   0.1637603832708E-16
  0.3276797100997E+02   0.1648438600847E-16
  0.3286198802603E+02   0.1659224096081E-16
  0.3295627479327E+02   0.1669955055190E-16
  0.3305083208568E+02   0.1680657878089E-16
  0.3314566067942E+02   0.1691303761925E-16
  0.3324076135292E+02   0.1701888648995E-16
  0.3333613488681E+02   0.1712432545636E-16
  0.3343178206398E+02   0.1722937042922E-16
  0.3352770366956E+02   0.1733387890850E-16
  0.3362390049094E+02   0.1743778024635E-16
  0.3372037331775E+02   0.1754145971243E-16
  0.3381712294190E+02   0.1764530337784E-16
  0.3391415015758E+02   0.1774854656255E-16
  0.3401145576124E+02   0.1785120608392E-16
  0.3410904055162E+02   0.1795415184190E-16
  0.3420690532976E+02   0.1805887096275E-16
  0.3430505089900E+02   0.1816309225423E-16
  0.3440347806497E+02   0.1826672274116E-16
  0.3450218763562E+02   0.1836988119104E-16
  0.3460118042122E+02   0.1847272540619E-16
  0.3470045723436E+02   0.1857488235964E-16
  0.3480001888998E+02   0.1867659302826E-16
  0.3489986620532E+02   0.1877774206826E-16
  0.3500000000000E+02   0.1887854941308E-16
