           1
        1000
  
  0.2000000000000E+01   0.4178022519250E-22
  0.2005738348342E+01   0.4284311134575E-22
  0.2011493161004E+01   0.4459901720447E-22
  0.2017264485226E+01   0.4642936896863E-22
  0.2023052368383E+01   0.4873196564889E-22
  0.2028856857985E+01   0.5055989999154E-22
  0.2034678001678E+01   0.5275179015359E-22
  0.2040515847246E+01   0.5506847008342E-22
  0.2046370442610E+01   0.5741315575451E-22
  0.2052241835828E+01   0.6016275342043E-22
  0.2058130075096E+01   0.6261454227938E-22
  0.2064035208748E+01   0.6503491764203E-22
  0.2069957285256E+01   0.6705784150654E-22
  0.2075896353234E+01   0.6913746789847E-22
  0.2081852461432E+01   0.7126000532698E-22
  0.2087825658742E+01   0.7341196374565E-22
  0.2093815994195E+01   0.7571572387608E-22
  0.2099823516964E+01   0.7801662420873E-22
  0.2105848276362E+01   0.8037440973222E-22
  0.2111890321844E+01   0.8274969175809E-22
  0.2117949703007E+01   0.8516447112058E-22
  0.2124026469590E+01   0.8747298196974E-22
  0.2130120671475E+01   0.8948455513579E-22
  0.2136232358686E+01   0.9152336853148E-22
  0.2142361581393E+01   0.9491004225648E-22
  0.2148508389907E+01   0.9769350239403E-22
  0.2154672834685E+01   0.1005858463253E-21
  0.2160854966329E+01   0.1035041029032E-21
  0.2167054835585E+01   0.1066091129244E-21
  0.2173272493346E+01   0.1098243582693E-21
  0.2179507990650E+01   0.1130104107673E-21
  0.2185761378682E+01   0.1161726669111E-21
  0.2192032708773E+01   0.1192802886108E-21
  0.2198322032403E+01   0.1225262421382E-21
  0.2204629401197E+01   0.1259655706240E-21
  0.2210954866931E+01   0.1294129980458E-21
  0.2217298481528E+01   0.1328358969859E-21
  0.2223660297061E+01   0.1363619541804E-21
  0.2230040365750E+01   0.1399131263070E-21
  0.2236438739967E+01   0.1435662539021E-21
  0.2242855472234E+01   0.1474290420794E-21
  0.2249290615224E+01   0.1514956828468E-21
  0.2255744221760E+01   0.1556190530734E-21
  0.2262216344817E+01   0.1597026851259E-21
  0.2268707037522E+01   0.1635994754162E-21
  0.2275216353156E+01   0.1676291216410E-21
  0.2281744345149E+01   0.1718841557561E-21
  0.2288291067089E+01   0.1763298188284E-21
  0.2294856572714E+01   0.1808270925592E-21
  0.2301440915918E+01   0.1854532510952E-21
  0.2308044150750E+01   0.1900875559792E-21
  0.2314666331412E+01   0.1947365927994E-21
  0.2321307512264E+01   0.1994406635303E-21
  0.2327967747821E+01   0.2042640823196E-21
  0.2334647092753E+01   0.2081974269899E-21
  0.2341345601890E+01   0.2139290681228E-21
  0.2348063330216E+01   0.2180521607978E-21
  0.2354800332874E+01   0.2240288079381E-21
  0.2361556665167E+01   0.2298502146810E-21
  0.2368332382554E+01   0.2353829046881E-21
  0.2375127540653E+01   0.2411682088708E-21
  0.2381942195246E+01   0.2467802047023E-21
  0.2388776402269E+01   0.2527561051745E-21
  0.2395630217822E+01   0.2586230313246E-21
  0.2402503698166E+01   0.2646345820356E-21
  0.2409396899722E+01   0.2707213648034E-21
  0.2416309879074E+01   0.2769158216253E-21
  0.2423242692967E+01   0.2835570792058E-21
  0.2430195398312E+01   0.2906964553515E-21
  0.2437168052179E+01   0.2979804633809E-21
  0.2444160711804E+01   0.3053291762416E-21
  0.2451173434587E+01   0.3136029582578E-21
  0.2458206278094E+01   0.3215484987295E-21
  0.2465259300054E+01   0.3299654604379E-21
  0.2472332558362E+01   0.3384104470478E-21
  0.2479426111080E+01   0.3467033698756E-21
  0.2486540016437E+01   0.3554332998270E-21
  0.2493674332826E+01   0.3647132848271E-21
  0.2500829118813E+01   0.3637558219013E-21
  0.2508004433126E+01   0.3733872119471E-21
  0.2515200334666E+01   0.3840555903238E-21
  0.2522416882500E+01   0.3947408545428E-21
  0.2529654135868E+01   0.4056669724612E-21
  0.2536912154175E+01   0.4166600472015E-21
  0.2544190997002E+01   0.4275928579831E-21
  0.2551490724096E+01   0.4390070641027E-21
  0.2558811395379E+01   0.4503852981213E-21
  0.2566153070942E+01   0.4623060262118E-21
  0.2573515811052E+01   0.4743519451762E-21
  0.2580899676145E+01   0.4864955101181E-21
  0.2588304726834E+01   0.4993384621323E-21
  0.2595731023902E+01   0.5123023357862E-21
  0.2603178628310E+01   0.5247285827017E-21
  0.2610647601193E+01   0.5381751500087E-21
  0.2618138003859E+01   0.5517482819544E-21
  0.2625649897795E+01   0.5653630346841E-21
  0.2633183344664E+01   0.5791232603981E-21
  0.2640738406303E+01   0.5937436200941E-21
  0.2648315144731E+01   0.6075040954856E-21
  0.2655913622140E+01   0.6221946044665E-21
  0.2663533900905E+01   0.6374522271859E-21
  0.2671176043576E+01   0.6558063525254E-21
  0.2678840112886E+01   0.6735943168051E-21
  0.2686526171746E+01   0.6951042283359E-21
  0.2694234283247E+01   0.6617382312069E-21
  0.2701964510663E+01   0.7186475865887E-21
  0.2709716917447E+01   0.7489570485613E-21
  0.2717491567237E+01   0.7739384938315E-21
  0.2725288523851E+01   0.8016387257569E-21
  0.2733107851292E+01   0.8279280089896E-21
  0.2740949613745E+01   0.8501287057820E-21
  0.2748813875580E+01   0.8722017672702E-21
  0.2756700701352E+01   0.9030529456100E-21
  0.2764610155801E+01   0.9428310706548E-21
  0.2772542303853E+01   0.9855740931386E-21
  0.2780497210618E+01   0.1015762872885E-20
  0.2788474941397E+01   0.1084528991399E-20
  0.2796475561675E+01   0.1141051744271E-20
  0.2804499137126E+01   0.9857894786581E-21
  0.2812545733612E+01   0.6999298627331E-21
  0.2820615417185E+01   0.4504686239718E-21
  0.2828708254086E+01   0.2542488235376E-21
  0.2836824310746E+01   0.1263140824241E-21
  0.2844963653785E+01   0.5377156245128E-22
  0.2853126350018E+01   0.1954729282877E-22
  0.2861312466447E+01   0.6420822311897E-23
  0.2869522070270E+01   0.1892702910943E-23
  0.2877755228877E+01   0.5520066064036E-24
  0.2886012009850E+01   0.1685651251242E-24
  0.2894292480965E+01   0.5624263700578E-25
  0.2902596710194E+01   0.2139050830760E-25
  0.2910924765703E+01   0.9706363764845E-26
  0.2919276715854E+01   0.4898500379311E-26
  0.2927652629205E+01   0.3024242135056E-26
  0.2936052574510E+01   0.2013641922212E-26
  0.2944476620721E+01   0.1543367911640E-26
  0.2952924836988E+01   0.1276388110659E-26
  0.2961397292658E+01   0.1090869227233E-26
  0.2969894057280E+01   0.9721697245096E-27
  0.2978415200599E+01   0.9161363646244E-27
  0.2986960792563E+01   0.9189067165950E-27
  0.2995530903318E+01   0.8450112296244E-27
  0.3004125603214E+01   0.8618679114741E-27
  0.3012744962800E+01   0.8946035279978E-27
  0.3021389052831E+01   0.9353721523541E-27
  0.3030057944261E+01   0.1018802390750E-26
  0.3038751708251E+01   0.1175651533429E-26
  0.3047470416164E+01   0.1416093714374E-26
  0.3056214139568E+01   0.1806109329453E-26
  0.3064982950238E+01   0.2391150973214E-26
  0.3073776920153E+01   0.3178861939176E-26
  0.3082596121499E+01   0.4464150626825E-26
  0.3091440626670E+01   0.6479675339208E-26
  0.3100310508267E+01   0.9392569106686E-26
  0.3109205839099E+01   0.1389828028530E-25
  0.3118126692184E+01   0.2238402374482E-25
  0.3127073140750E+01   0.3587898095212E-25
  0.3136045258236E+01   0.5805644328760E-25
  0.3145043118290E+01   0.9732188340190E-25
  0.3154066794771E+01   0.1632572019208E-24
  0.3163116361751E+01   0.2793396532514E-24
  0.3172191893516E+01   0.4834914900931E-24
  0.3181293464562E+01   0.8369480620511E-24
  0.3190421149600E+01   0.1457627749657E-23
  0.3199575023556E+01   0.2520531039832E-23
  0.3208755161572E+01   0.4345442947189E-23
  0.3217961639002E+01   0.7447971961427E-23
  0.3227194531419E+01   0.1259066283518E-22
  0.3236453914613E+01   0.2084224746014E-22
  0.3245739864590E+01   0.3359632167679E-22
  0.3255052457574E+01   0.5228541075300E-22
  0.3264391770010E+01   0.7814523089466E-22
  0.3273757878560E+01   0.1115238735927E-21
  0.3283150860107E+01   0.1521327337063E-21
  0.3292570791754E+01   0.1988747569920E-21
  0.3302017750825E+01   0.2506828479277E-21
  0.3311491814867E+01   0.3052707746403E-21
  0.3320993061649E+01   0.3612427608170E-21
  0.3330521569163E+01   0.4179009247635E-21
  0.3340077415625E+01   0.4748118911515E-21
  0.3349660679474E+01   0.5311863757448E-21
  0.3359271439377E+01   0.5858066322377E-21
  0.3368909774224E+01   0.6374726801157E-21
  0.3378575763132E+01   0.6872104656163E-21
  0.3388269485445E+01   0.7389334453053E-21
  0.3397991020737E+01   0.7863617772115E-21
  0.3407740448806E+01   0.8296265200091E-21
  0.3417517849683E+01   0.8743385884804E-21
  0.3427323303625E+01   0.9123763921474E-21
  0.3437156891123E+01   0.9532800468765E-21
  0.3447018692896E+01   0.9920759901459E-21
  0.3456908789896E+01   0.1028309517029E-20
  0.3466827263307E+01   0.1061797867178E-20
  0.3476774194546E+01   0.1095704108255E-20
  0.3486749665263E+01   0.1127174323212E-20
  0.3496753757342E+01   0.1161944781894E-20
  0.3506786552905E+01   0.1195636333572E-20
  0.3516848134305E+01   0.1231151271232E-20
  0.3526938584134E+01   0.1262434038258E-20
  0.3537057985222E+01   0.1299491396963E-20
  0.3547206420634E+01   0.1340957912638E-20
  0.3557383973675E+01   0.1381184987622E-20
  0.3567590727888E+01   0.1421254996049E-20
  0.3577826767056E+01   0.1459182502940E-20
  0.3588092175204E+01   0.1500938339400E-20
  0.3598387036595E+01   0.1545092159214E-20
  0.3608711435738E+01   0.1574532780611E-20
  0.3619065457379E+01   0.1612189920568E-20
  0.3629449186512E+01   0.1648452774552E-20
  0.3639862708372E+01   0.1684564962914E-20
  0.3650306108440E+01   0.1721707541967E-20
  0.3660779472442E+01   0.1756678461310E-20
  0.3671282886350E+01   0.1796032071668E-20
  0.3681816436381E+01   0.1831040910466E-20
  0.3692380209002E+01   0.1869008223884E-20
  0.3702974290926E+01   0.1907675642210E-20
  0.3713598769117E+01   0.1944391881637E-20
  0.3724253730786E+01   0.1983685665519E-20
  0.3734939263396E+01   0.2020795399426E-20
  0.3745655454660E+01   0.2060501113645E-20
  0.3756402392544E+01   0.2098715851712E-20
  0.3767180165264E+01   0.2139177196644E-20
  0.3777988861291E+01   0.2175413297314E-20
  0.3788828569349E+01   0.2211742964525E-20
  0.3799699378418E+01   0.2247065894011E-20
  0.3810601377731E+01   0.2283699197677E-20
  0.3821534656780E+01   0.2317035061889E-20
  0.3832499305310E+01   0.2351635889524E-20
  0.3843495413326E+01   0.2390304841175E-20
  0.3854523071092E+01   0.2425250255044E-20
  0.3865582369128E+01   0.2463231377692E-20
  0.3876673398217E+01   0.2504029164201E-20
  0.3887796249400E+01   0.2548711879714E-20
  0.3898951013980E+01   0.2593004437875E-20
  0.3910137783523E+01   0.2638841642223E-20
  0.3921356649856E+01   0.2685994933207E-20
  0.3932607705070E+01   0.2728430896210E-20
  0.3943891041521E+01   0.2775874650738E-20
  0.3955206751830E+01   0.2825905135290E-20
  0.3966554928883E+01   0.2866540203668E-20
  0.3977935665832E+01   0.2906046001509E-20
  0.3989349056097E+01   0.2942589652920E-20
  0.4000795193368E+01   0.2969080577360E-20
  0.4012274171599E+01   0.2997418724688E-20
  0.4023786085019E+01   0.3015994482477E-20
  0.4035331028123E+01   0.3037173690893E-20
  0.4046909095679E+01   0.3058677461642E-20
  0.4058520382728E+01   0.3077693126953E-20
  0.4070164984582E+01   0.3099031563571E-20
  0.4081842996827E+01   0.3141405160060E-20
  0.4093554515323E+01   0.3192597619934E-20
  0.4105299636205E+01   0.3251341413446E-20
  0.4117078455885E+01   0.3323651227336E-20
  0.4128891071050E+01   0.3407816030966E-20
  0.4140737578665E+01   0.3517443278022E-20
  0.4152618075974E+01   0.3625125530681E-20
  0.4164532660498E+01   0.3741954029173E-20
  0.4176481430042E+01   0.3914272148094E-20
  0.4188464482686E+01   0.4150531194031E-20
  0.4200481916795E+01   0.3577543744925E-20
  0.4212533831015E+01   0.1917851223657E-20
  0.4224620324277E+01   0.1255385535487E-20
  0.4236741495793E+01   0.2065281690311E-21
  0.4248897445061E+01   0.5073147522312E-25
  0.4261088271865E+01   0.9967473868981E-28
  0.4273314076274E+01   0.1609897442517E-26
  0.4285574958646E+01   0.8122704328511E-22
  0.4297871019624E+01   0.1284952808974E-20
  0.4310202360143E+01   0.2036563753726E-20
  0.4322569081426E+01   0.2285245112765E-20
  0.4334971284986E+01   0.2477037229034E-20
  0.4347409072628E+01   0.2615677839007E-20
  0.4359882546449E+01   0.2730920166340E-20
  0.4372391808839E+01   0.2740711176648E-20
  0.4384936962482E+01   0.2043435694155E-20
  0.4397518110355E+01   0.2527121107667E-20
  0.4410135355733E+01   0.2886648792092E-20
  0.4422788802186E+01   0.2915894895147E-20
  0.4435478553580E+01   0.2936444742745E-20
  0.4448204714081E+01   0.2945192016019E-20
  0.4460967388154E+01   0.2954149920640E-20
  0.4473766680561E+01   0.2955794799503E-20
  0.4486602696367E+01   0.2956906267870E-20
  0.4499475540938E+01   0.2967235829355E-20
  0.4512385319942E+01   0.2976604068426E-20
  0.4525332139351E+01   0.2989149939720E-20
  0.4538316105440E+01   0.3016361280409E-20
  0.4551337324788E+01   0.3047559650044E-20
  0.4564395904283E+01   0.3095422626939E-20
  0.4577491951117E+01   0.3143924136523E-20
  0.4590625572791E+01   0.3197961631692E-20
  0.4603796877112E+01   0.3259192209320E-20
  0.4617005972199E+01   0.3326125125629E-20
  0.4630252966481E+01   0.3405215860951E-20
  0.4643537968697E+01   0.3462144799467E-20
  0.4656861087898E+01   0.2756465831364E-20
  0.4670222433449E+01   0.6418349935808E-21
  0.4683622115027E+01   0.2145918431081E-20
  0.4697060242625E+01   0.3763023724289E-20
  0.4710536926552E+01   0.3894207985852E-20
  0.4724052277433E+01   0.3986123968831E-20
  0.4737606406209E+01   0.4076364628582E-20
  0.4751199424141E+01   0.4164153483036E-20
  0.4764831442809E+01   0.4242057969016E-20
  0.4778502574113E+01   0.4228299706649E-20
  0.4792212930274E+01   0.4436441546704E-20
  0.4805962623834E+01   0.4539264255186E-20
  0.4819751767661E+01   0.4638053217880E-20
  0.4833580474942E+01   0.4736372614609E-20
  0.4847448859194E+01   0.4829020920966E-20
  0.4861357034255E+01   0.4919848489283E-20
  0.4875305114293E+01   0.4995517061276E-20
  0.4889293213801E+01   0.5080616164113E-20
  0.4903321447604E+01   0.5204109678535E-20
  0.4917389930853E+01   0.5317904861741E-20
  0.4931498779030E+01   0.5429483238491E-20
  0.4945648107950E+01   0.5525022547394E-20
  0.4959838033760E+01   0.5617952153804E-20
  0.4974068672938E+01   0.5710225670000E-20
  0.4988340142298E+01   0.5807551967336E-20
  0.5002652558990E+01   0.5901855866823E-20
  0.5017006040497E+01   0.6000080276994E-20
  0.5031400704644E+01   0.6089056156497E-20
  0.5045836669588E+01   0.6180588076546E-20
  0.5060314053831E+01   0.6273076682384E-20
  0.5074832976211E+01   0.6351612748628E-20
  0.5089393555907E+01   0.6426004703175E-20
  0.5103995912443E+01   0.6497370425631E-20
  0.5118640165683E+01   0.6563949126671E-20
  0.5133326435836E+01   0.6631350782260E-20
  0.5148054843456E+01   0.6689447209836E-20
  0.5162825509443E+01   0.6744685850966E-20
  0.5177638555043E+01   0.6804414697357E-20
  0.5192494101851E+01   0.6860343880444E-20
  0.5207392271810E+01   0.6913075036993E-20
  0.5222333187214E+01   0.6961670215917E-20
  0.5237316970706E+01   0.7014040632946E-20
  0.5252343745283E+01   0.7061015492586E-20
  0.5267413634293E+01   0.7113754122790E-20
  0.5282526761440E+01   0.7172539634778E-20
  0.5297683250780E+01   0.7223716888555E-20
  0.5312883226729E+01   0.7265154204708E-20
  0.5328126814055E+01   0.7308666214568E-20
  0.5343414137889E+01   0.7352504561139E-20
  0.5358745323718E+01   0.7382852239784E-20
  0.5374120497388E+01   0.7405650997295E-20
  0.5389539785110E+01   0.7436531432294E-20
  0.5405003313454E+01   0.7452540363290E-20
  0.5420511209355E+01   0.7478922043201E-20
  0.5436063600109E+01   0.7489656613463E-20
  0.5451660613382E+01   0.7491862771510E-20
  0.5467302377202E+01   0.7502105327754E-20
  0.5482989019966E+01   0.7508837272870E-20
  0.5498720670441E+01   0.7509107326929E-20
  0.5514497457762E+01   0.7525870686595E-20
  0.5530319511432E+01   0.7529998016379E-20
  0.5546186961331E+01   0.7530770156140E-20
  0.5562099937707E+01   0.7526145469185E-20
  0.5578058571184E+01   0.7505835024789E-20
  0.5594062992760E+01   0.7465047893913E-20
  0.5610113333808E+01   0.7418709526336E-20
  0.5626209726081E+01   0.7355388214557E-20
  0.5642352301707E+01   0.7258894358738E-20
  0.5658541193194E+01   0.7144297964553E-20
  0.5674776533430E+01   0.6997717903995E-20
  0.5691058455685E+01   0.6827886335642E-20
  0.5707387093610E+01   0.6627838467141E-20
  0.5723762581242E+01   0.6368029229361E-20
  0.5740185053000E+01   0.6096901149598E-20
  0.5756654643690E+01   0.5761153278712E-20
  0.5773171488504E+01   0.5401381278447E-20
  0.5789735723023E+01   0.4988154214146E-20
  0.5806347483215E+01   0.4575025975718E-20
  0.5823006905441E+01   0.4165783508293E-20
  0.5839714126450E+01   0.3753837557034E-20
  0.5856469283387E+01   0.3407558182565E-20
  0.5873272513787E+01   0.3106548346135E-20
  0.5890123955582E+01   0.2847837663636E-20
  0.5907023747098E+01   0.2645175337492E-20
  0.5923972027060E+01   0.2484814509334E-20
  0.5940968934588E+01   0.2367641835442E-20
  0.5958014609205E+01   0.2269217517599E-20
  0.5975109190831E+01   0.2200525075808E-20
  0.5992252819789E+01   0.2147096093134E-20
  0.6009445636805E+01   0.2104308315999E-20
  0.6026687783007E+01   0.2073266257313E-20
  0.6043979399930E+01   0.2061237493446E-20
  0.6061320629513E+01   0.2054458438098E-20
  0.6078711614104E+01   0.2094548296784E-20
  0.6096152496459E+01   0.2147228377348E-20
  0.6113643419744E+01   0.2278285808025E-20
  0.6131184527533E+01   0.2424306740993E-20
  0.6148775963816E+01   0.2591278255587E-20
  0.6166417872994E+01   0.2762427391005E-20
  0.6184110399881E+01   0.2935622101077E-20
  0.6201853689710E+01   0.3071848173019E-20
  0.6219647888128E+01   0.3195496323898E-20
  0.6237493141200E+01   0.3310530725811E-20
  0.6255389595412E+01   0.3419854451575E-20
  0.6273337397667E+01   0.3523215757126E-20
  0.6291336695293E+01   0.3602486708971E-20
  0.6309387636040E+01   0.3720651489044E-20
  0.6327490368079E+01   0.3830417052579E-20
  0.6345645040009E+01   0.3950669419805E-20
  0.6363851800855E+01   0.4060932003512E-20
  0.6382110800069E+01   0.4185650649065E-20
  0.6400422187532E+01   0.4303746239855E-20
  0.6418786113555E+01   0.4426850242178E-20
  0.6437202728880E+01   0.4529711413501E-20
  0.6455672184682E+01   0.4634281387181E-20
  0.6474194632569E+01   0.4728322027642E-20
  0.6492770224586E+01   0.4831742344646E-20
  0.6511399113211E+01   0.4906142678445E-20
  0.6530081451363E+01   0.4988669134892E-20
  0.6548817392397E+01   0.5070884493079E-20
  0.6567607090108E+01   0.5149417875408E-20
  0.6586450698735E+01   0.5239033062072E-20
  0.6605348372958E+01   0.5334042864274E-20
  0.6624300267898E+01   0.5444396680255E-20
  0.6643306539127E+01   0.5566325789907E-20
  0.6662367342658E+01   0.5674650835271E-20
  0.6681482834954E+01   0.5803192029101E-20
  0.6700653172927E+01   0.5919116415607E-20
  0.6719878513938E+01   0.5993287935867E-20
  0.6739159015801E+01   0.6108535396788E-20
  0.6758494836783E+01   0.6190962118245E-20
  0.6777886135602E+01   0.6295510030115E-20
  0.6797333071435E+01   0.6416633787130E-20
  0.6816835803914E+01   0.6456748104505E-20
  0.6836394493129E+01   0.6570398193488E-20
  0.6856009299631E+01   0.6694588304668E-20
  0.6875680384428E+01   0.6774255419595E-20
  0.6895407908994E+01   0.6865981336694E-20
  0.6915192035264E+01   0.6971880528137E-20
  0.6935032925638E+01   0.7082457357900E-20
  0.6954930742982E+01   0.7181557231096E-20
  0.6974885650629E+01   0.7269685427387E-20
  0.6994897812383E+01   0.7378989386486E-20
  0.7014967392513E+01   0.7467143090039E-20
  0.7035094555765E+01   0.7579373097375E-20
  0.7055279467354E+01   0.7707034906999E-20
  0.7075522292970E+01   0.7824667530324E-20
  0.7095823198778E+01   0.7947434000312E-20
  0.7116182351420E+01   0.8082053526439E-20
  0.7136599918018E+01   0.8165184862646E-20
  0.7157076066170E+01   0.8340533476098E-20
  0.7177610963958E+01   0.8467426213880E-20
  0.7198204779944E+01   0.8589712408596E-20
  0.7218857683175E+01   0.8683387840758E-20
  0.7239569843182E+01   0.8789285124971E-20
  0.7260341429984E+01   0.8967482911412E-20
  0.7281172614086E+01   0.9139409844766E-20
  0.7302063566484E+01   0.9301763061596E-20
  0.7323014458663E+01   0.9483044421434E-20
  0.7344025462600E+01   0.9668907067542E-20
  0.7365096750767E+01   0.9850108357401E-20
  0.7386228496130E+01   0.1004931463196E-19
  0.7407420872151E+01   0.1023121711868E-19
  0.7428674052790E+01   0.1044034839075E-19
  0.7449988212505E+01   0.1064842639084E-19
  0.7471363526258E+01   0.1086390237475E-19
  0.7492800169508E+01   0.1108712956396E-19
  0.7514298318222E+01   0.1125715413570E-19
  0.7535858148868E+01   0.1139827285259E-19
  0.7557479838424E+01   0.1158320114717E-19
  0.7579163564373E+01   0.1175839782376E-19
  0.7600909504708E+01   0.1191519970977E-19
  0.7622717837934E+01   0.1205031811765E-19
  0.7644588743066E+01   0.1214256872931E-19
  0.7666522399634E+01   0.1224995356686E-19
  0.7688518987683E+01   0.1233035961061E-19
  0.7710578687774E+01   0.1238077835996E-19
  0.7732701680988E+01   0.1237293497800E-19
  0.7754888148921E+01   0.1236465050452E-19
  0.7777138273696E+01   0.1227071768319E-19
  0.7799452237954E+01   0.1212739641292E-19
  0.7821830224861E+01   0.1191899336745E-19
  0.7844272418111E+01   0.1167443856669E-19
  0.7866779001922E+01   0.1133278531758E-19
  0.7889350161042E+01   0.1092872308441E-19
  0.7911986080749E+01   0.1047573610770E-19
  0.7934686946851E+01   0.9913800816160E-20
  0.7957452945693E+01   0.9416854960327E-20
  0.7980284264150E+01   0.8809938003250E-20
  0.8003181089637E+01   0.8366283304906E-20
  0.8026143610103E+01   0.7805927538402E-20
  0.8049172014041E+01   0.7178974805636E-20
  0.8072266490480E+01   0.6501949693556E-20
  0.8095427228995E+01   0.5852662008542E-20
  0.8118654419702E+01   0.5159162409613E-20
  0.8141948253265E+01   0.4459206486773E-20
  0.8165308920893E+01   0.3757653778083E-20
  0.8188736614346E+01   0.3181446489443E-20
  0.8212231525931E+01   0.2784394608555E-20
  0.8235793848510E+01   0.2547873646280E-20
  0.8259423775497E+01   0.2306147604194E-20
  0.8283121500859E+01   0.2132894093472E-20
  0.8306887219123E+01   0.1938106551915E-20
  0.8330721125372E+01   0.1726536126787E-20
  0.8354623415250E+01   0.1507259435931E-20
  0.8378594284960E+01   0.1320951880493E-20
  0.8402633931270E+01   0.1139566230751E-20
  0.8426742551512E+01   0.1016122015221E-20
  0.8450920343585E+01   0.8908044234043E-21
  0.8475167505955E+01   0.7800917394023E-21
  0.8499484237656E+01   0.6774724558026E-21
  0.8523870738296E+01   0.5782011737267E-21
  0.8548327208054E+01   0.4851680744387E-21
  0.8572853847683E+01   0.4054991764913E-21
  0.8597450858513E+01   0.3354421270885E-21
  0.8622118442451E+01   0.2842938860618E-21
  0.8646856801984E+01   0.2403198739873E-21
  0.8671666140179E+01   0.2008428515511E-21
  0.8696546660687E+01   0.1665564509520E-21
  0.8721498567741E+01   0.1371453156941E-21
  0.8746522066162E+01   0.1109185387455E-21
  0.8771617361359E+01   0.8943113467058E-22
  0.8796784659329E+01   0.7132490526933E-22
  0.8822024166659E+01   0.5844746226599E-22
  0.8847336090533E+01   0.4789914956473E-22
  0.8872720638724E+01   0.3922502487489E-22
  0.8898178019606E+01   0.3185051803317E-22
  0.8923708442147E+01   0.2563862588910E-22
  0.8949312115917E+01   0.2041399915447E-22
  0.8974989251087E+01   0.1615561465994E-22
  0.9000740058430E+01   0.1276613690471E-22
  0.9026564749324E+01   0.1121342205899E-22
  0.9052463535754E+01   0.9845677591075E-23
  0.9078436630313E+01   0.8576016679581E-23
  0.9104484246204E+01   0.7541124454854E-23
  0.9130606597242E+01   0.6584616059601E-23
  0.9156803897854E+01   0.5736335814733E-23
  0.9183076363086E+01   0.4981570868741E-23
  0.9209424208595E+01   0.4461104734769E-23
  0.9235847650663E+01   0.4254881449409E-23
  0.9262346906188E+01   0.4053630689423E-23
  0.9288922192692E+01   0.3856307898580E-23
  0.9315573728322E+01   0.3698155596498E-23
  0.9342301731850E+01   0.3569326001585E-23
  0.9369106422675E+01   0.3450576609987E-23
  0.9395988020826E+01   0.3345360028733E-23
  0.9422946746965E+01   0.3550987797445E-23
  0.9449982822385E+01   0.3827814048269E-23
  0.9477096469013E+01   0.4173085294269E-23
  0.9504287909417E+01   0.4497378594798E-23
  0.9531557366798E+01   0.4863183099001E-23
  0.9558905065003E+01   0.5298298661395E-23
  0.9586331228517E+01   0.5797224222179E-23
  0.9613836082471E+01   0.6421344708820E-23
  0.9641419852641E+01   0.7277517302007E-23
  0.9669082765452E+01   0.8281600203240E-23
  0.9696825047978E+01   0.9364186213441E-23
  0.9724646927945E+01   0.1062215663126E-22
  0.9752548633731E+01   0.1190050444525E-22
  0.9780530394371E+01   0.1337349525640E-22
  0.9808592439555E+01   0.1505940303188E-22
  0.9836734999635E+01   0.1733669079995E-22
  0.9864958305621E+01   0.1984057631024E-22
  0.9893262589188E+01   0.2319820699922E-22
  0.9921648082674E+01   0.2710000658657E-22
  0.9950115019085E+01   0.3156644423285E-22
  0.9978663632094E+01   0.3650789870448E-22
  0.1000729415605E+02   0.4211380337435E-22
  0.1003600682596E+02   0.4849790558067E-22
  0.1006480187752E+02   0.5555520432296E-22
  0.1009367954710E+02   0.6291569524676E-22
  0.1012264007175E+02   0.7260940678627E-22
  0.1015168368918E+02   0.8289685467389E-22
  0.1018081063781E+02   0.9291178390621E-22
  0.1021002115673E+02   0.1057310946084E-21
  0.1023931548572E+02   0.1189399299255E-21
  0.1026869386524E+02   0.1332913214577E-21
  0.1029815653645E+02   0.1479369063120E-21
  0.1032770374119E+02   0.1643211324000E-21
  0.1035733572201E+02   0.1812225142199E-21
  0.1038705272214E+02   0.1985799848611E-21
  0.1041685498552E+02   0.2202181322474E-21
  0.1044674275678E+02   0.2436408709910E-21
  0.1047671628127E+02   0.2715832184276E-21
  0.1050677580502E+02   0.2969622274629E-21
  0.1053692157478E+02   0.3236753782171E-21
  0.1056715383800E+02   0.3492318885964E-21
  0.1059747284285E+02   0.3736204319452E-21
  0.1062787883821E+02   0.4021719869106E-21
  0.1065837207366E+02   0.4272304824500E-21
  0.1068895279952E+02   0.4507716594854E-21
  0.1071962126681E+02   0.4794525550576E-21
  0.1075037772726E+02   0.5064984314317E-21
  0.1078122243337E+02   0.5294094869871E-21
  0.1081215563830E+02   0.5600083135851E-21
  0.1084317759599E+02   0.5905285838047E-21
  0.1087428856108E+02   0.6277769076563E-21
  0.1090548878894E+02   0.6578982332706E-21
  0.1093677853570E+02   0.6929250541459E-21
  0.1096815805818E+02   0.7196541134633E-21
  0.1099962761399E+02   0.7580973856242E-21
  0.1103118746143E+02   0.8028498753336E-21
  0.1106283785956E+02   0.8489698523053E-21
  0.1109457906821E+02   0.8907516195483E-21
  0.1112641134790E+02   0.9392198135582E-21
  0.1115833495996E+02   0.9909426349329E-21
  0.1119035016641E+02   0.1044400747488E-20
  0.1122245723007E+02   0.1120045153242E-20
  0.1125465641449E+02   0.1161510997427E-20
  0.1128694798398E+02   0.1274179802981E-20
  0.1131933220360E+02   0.1344111144308E-20
  0.1135180933919E+02   0.1441809620488E-20
  0.1138437965734E+02   0.1516740642833E-20
  0.1141704342540E+02   0.1649482376621E-20
  0.1144980091151E+02   0.1811779781788E-20
  0.1148265238454E+02   0.1978970096700E-20
  0.1151559811418E+02   0.2140953563424E-20
  0.1154863837085E+02   0.2268704067949E-20
  0.1158177342577E+02   0.2539138708285E-20
  0.1161500355093E+02   0.2783134614671E-20
  0.1164832901912E+02   0.3079520986023E-20
  0.1168175010387E+02   0.3457070415986E-20
  0.1171526707954E+02   0.3851924273116E-20
  0.1174888022125E+02   0.4225055410430E-20
  0.1178258980492E+02   0.4618080351429E-20
  0.1181639610725E+02   0.5080988797018E-20
  0.1185029940575E+02   0.5624259204794E-20
  0.1188429997872E+02   0.6084534967404E-20
  0.1191839810526E+02   0.6626382600853E-20
  0.1195259406526E+02   0.7247006198679E-20
  0.1198688813943E+02   0.7886961449891E-20
  0.1202128060927E+02   0.8425969962195E-20
  0.1205577175709E+02   0.8768138661272E-20
  0.1209036186603E+02   0.9183357962528E-20
  0.1212505122001E+02   0.9654319715147E-20
  0.1215984010379E+02   0.1015621245952E-19
  0.1219472880294E+02   0.1066211056076E-19
  0.1222971760384E+02   0.1119864789159E-19
  0.1226480679370E+02   0.1171183328775E-19
  0.1229999666056E+02   0.1240363619310E-19
  0.1233528749328E+02   0.1306018478764E-19
  0.1237067958155E+02   0.1362454179230E-19
  0.1240617321588E+02   0.1444151691604E-19
  0.1244176868763E+02   0.1533894324805E-19
  0.1247746628899E+02   0.1639540329836E-19
  0.1251326631298E+02   0.1699124738635E-19
  0.1254916905348E+02   0.1748797517310E-19
  0.1258517480519E+02   0.1835778436718E-19
  0.1262128386368E+02   0.1901967456041E-19
  0.1265749652534E+02   0.1986782632158E-19
  0.1269381308744E+02   0.2055612215576E-19
  0.1273023384808E+02   0.2138841176351E-19
  0.1276675910623E+02   0.2220951655484E-19
  0.1280338916170E+02   0.2315798130605E-19
  0.1284012431518E+02   0.2385359765992E-19
  0.1287696486822E+02   0.2468428486910E-19
  0.1291391112322E+02   0.2567552535528E-19
  0.1295096338345E+02   0.2699463325438E-19
  0.1298812195308E+02   0.2817116508566E-19
  0.1302538713712E+02   0.2917819709664E-19
  0.1306275924146E+02   0.3035469039348E-19
  0.1310023857287E+02   0.3143289071199E-19
  0.1313782543902E+02   0.3261066364069E-19
  0.1317552014843E+02   0.3390605881476E-19
  0.1321332301052E+02   0.3519523408742E-19
  0.1325123433562E+02   0.3648072649690E-19
  0.1328925443490E+02   0.3836365652534E-19
  0.1332738362048E+02   0.4005116303763E-19
  0.1336562220533E+02   0.4155666743088E-19
  0.1340397050333E+02   0.4351336892112E-19
  0.1344242882929E+02   0.4528936588888E-19
  0.1348099749888E+02   0.4720954353463E-19
  0.1351967682870E+02   0.4933662469232E-19
  0.1355846713625E+02   0.5075123386002E-19
  0.1359736873996E+02   0.5360028850651E-19
  0.1363638195914E+02   0.5604931864829E-19
  0.1367550711404E+02   0.5809093299869E-19
  0.1371474452582E+02   0.6073797853097E-19
  0.1375409451658E+02   0.6306496399760E-19
  0.1379355740931E+02   0.6521997504606E-19
  0.1383313352795E+02   0.6829875059191E-19
  0.1387282319737E+02   0.7110583901919E-19
  0.1391262674336E+02   0.7382490423024E-19
  0.1395254449266E+02   0.7618736212044E-19
  0.1399257677294E+02   0.7772451597460E-19
  0.1403272391280E+02   0.8231212708049E-19
  0.1407298624180E+02   0.8548375940175E-19
  0.1411336409043E+02   0.8880166907704E-19
  0.1415385779014E+02   0.9152033558081E-19
  0.1419446767333E+02   0.9502603661136E-19
  0.1423519407334E+02   0.9866821121119E-19
  0.1427603732450E+02   0.1012599198235E-18
  0.1431699776205E+02   0.1062776748174E-18
  0.1435807572223E+02   0.1095748585435E-18
  0.1439927154224E+02   0.1140516717728E-18
  0.1444058556023E+02   0.1178664015185E-18
  0.1448201811533E+02   0.1222461473411E-18
  0.1452356954764E+02   0.1269257552113E-18
  0.1456524019826E+02   0.1307099183451E-18
  0.1460703040923E+02   0.1364762857288E-18
  0.1464894052359E+02   0.1400619752082E-18
  0.1469097088537E+02   0.1398541750806E-18
  0.1473312183958E+02   0.1443307970644E-18
  0.1477539373222E+02   0.1482690127732E-18
  0.1481778691028E+02   0.1549261842554E-18
  0.1486030172175E+02   0.1565460990923E-18
  0.1490293851562E+02   0.1050130770845E-18
  0.1494569764188E+02   0.6065582950046E-19
  0.1498857945152E+02   0.6160639196513E-19
  0.1503158429654E+02   0.4372232425606E-19
  0.1507471252995E+02   0.3347543580838E-19
  0.1511796450577E+02   0.2569054978122E-19
  0.1516134057904E+02   0.2560907382353E-19
  0.1520484110583E+02   0.3334786725878E-19
  0.1524846644320E+02   0.2480111063291E-19
  0.1529221694927E+02   0.4816591524989E-19
  0.1533609298315E+02   0.7567745657309E-19
  0.1538009490502E+02   0.8597121044654E-19
  0.1542422307607E+02   0.9573896648597E-19
  0.1546847785852E+02   0.1056489732446E-18
  0.1551285961565E+02   0.1128088099112E-18
  0.1555736871178E+02   0.1213142436482E-18
  0.1560200551225E+02   0.1298741213488E-18
  0.1564677038348E+02   0.1324621939956E-18
  0.1569166369292E+02   0.1399924029223E-18
  0.1573668580909E+02   0.1432608382802E-18
  0.1578183710155E+02   0.1445641343583E-18
  0.1582711794093E+02   0.1458641607585E-18
  0.1587252869892E+02   0.1471271959303E-18
  0.1591806974829E+02   0.1456347541026E-18
  0.1596374146286E+02   0.1421986296012E-18
  0.1600954421753E+02   0.1405965577016E-18
  0.1605547838829E+02   0.1371976953875E-18
  0.1610154435218E+02   0.1322391643028E-18
  0.1614774248735E+02   0.1277410188937E-18
  0.1619407317301E+02   0.1240913857300E-18
  0.1624053678948E+02   0.1197101436729E-18
  0.1628713371815E+02   0.1140098818567E-18
  0.1633386434154E+02   0.1086300629802E-18
  0.1638072904321E+02   0.1041622839648E-18
  0.1642772820788E+02   0.9886831632115E-19
  0.1647486222134E+02   0.9373668409469E-19
  0.1652213147050E+02   0.8949067725736E-19
  0.1656953634336E+02   0.8656056981571E-19
  0.1661707722906E+02   0.8365666361293E-19
  0.1666475451784E+02   0.8041240975015E-19
  0.1671256860106E+02   0.7708264377252E-19
  0.1676051987122E+02   0.7429542730219E-19
  0.1680860872193E+02   0.7093301694398E-19
  0.1685683554792E+02   0.6798259549627E-19
  0.1690520074507E+02   0.6500557076926E-19
  0.1695370471040E+02   0.6230871520130E-19
  0.1700234784206E+02   0.5900509707193E-19
  0.1705113053933E+02   0.5769722910937E-19
  0.1710005320266E+02   0.5574101454886E-19
  0.1714911623363E+02   0.5400132376904E-19
  0.1719832003498E+02   0.5284890417340E-19
  0.1724766501060E+02   0.5147443396750E-19
  0.1729715156556E+02   0.4994641891203E-19
  0.1734678010606E+02   0.4865934698779E-19
  0.1739655103949E+02   0.4702750760929E-19
  0.1744646477439E+02   0.4568590342465E-19
  0.1749652172049E+02   0.4400240465163E-19
  0.1754672228869E+02   0.4382178071409E-19
  0.1759706689107E+02   0.4358068252277E-19
  0.1764755594087E+02   0.4330478835311E-19
  0.1769818985256E+02   0.4297662091219E-19
  0.1774896904175E+02   0.4264971619365E-19
  0.1779989392528E+02   0.4232514015869E-19
  0.1785096492118E+02   0.4202503512817E-19
  0.1790218244865E+02   0.4153857609760E-19
  0.1795354692814E+02   0.4143905001811E-19
  0.1800505878126E+02   0.4101640146396E-19
  0.1805671843086E+02   0.4225914357004E-19
  0.1810852630099E+02   0.4320601642953E-19
  0.1816048281692E+02   0.4438309155791E-19
  0.1821258840515E+02   0.4545765205739E-19
  0.1826484349339E+02   0.4586969292197E-19
  0.1831724851057E+02   0.4727153214902E-19
  0.1836980388688E+02   0.4868193775749E-19
  0.1842251005372E+02   0.4987184628029E-19
  0.1847536744372E+02   0.5106832198897E-19
  0.1852837649079E+02   0.5231630868902E-19
  0.1858153763004E+02   0.5400140909577E-19
  0.1863485129787E+02   0.5698086345419E-19
  0.1868831793189E+02   0.5870818418503E-19
  0.1874193797099E+02   0.6059425254925E-19
  0.1879571185533E+02   0.6323697200736E-19
  0.1884964002631E+02   0.6455741271483E-19
  0.1890372292660E+02   0.6712701402917E-19
  0.1895796100015E+02   0.7006212445534E-19
  0.1901235469219E+02   0.7305042856888E-19
  0.1906690444920E+02   0.7636619681560E-19
  0.1912161071896E+02   0.7998453239780E-19
  0.1917647395054E+02   0.8312082948024E-19
  0.1923149459429E+02   0.8749489496255E-19
  0.1928667310184E+02   0.8985736744197E-19
  0.1934200992615E+02   0.9413202281921E-19
  0.1939750552144E+02   0.9866036483426E-19
  0.1945316034326E+02   0.1026320868508E-18
  0.1950897484846E+02   0.1069257187061E-18
  0.1956494949519E+02   0.1112205650579E-18
  0.1962108474294E+02   0.1176091388247E-18
  0.1967738105249E+02   0.1221873999618E-18
  0.1973383888595E+02   0.1261772866564E-18
  0.1979045870677E+02   0.1340331027688E-18
  0.1984724097972E+02   0.1396973440981E-18
  0.1990418617090E+02   0.1476230484239E-18
  0.1996129474776E+02   0.1537038265216E-18
  0.2001856717906E+02   0.1561283897622E-18
  0.2007600393495E+02   0.1665618700493E-18
  0.2013360548689E+02   0.1750289058229E-18
  0.2019137230772E+02   0.1825920096430E-18
  0.2024930487162E+02   0.1902920447096E-18
  0.2030740365414E+02   0.1982236003251E-18
  0.2036566913218E+02   0.2064964909890E-18
  0.2042410178402E+02   0.2149735389228E-18
  0.2048270208932E+02   0.2237523546210E-18
  0.2054147052911E+02   0.2327998643763E-18
  0.2060040758578E+02   0.2421558471082E-18
  0.2065951374313E+02   0.2518757547151E-18
  0.2071878948635E+02   0.2619006880939E-18
  0.2077823530199E+02   0.2723400591827E-18
  0.2083785167804E+02   0.2831971574498E-18
  0.2089763910385E+02   0.2938771691894E-18
  0.2095759807019E+02   0.3064428123816E-18
  0.2101772906926E+02   0.3201688039858E-18
  0.2107803259463E+02   0.3358532254770E-18
  0.2113850914133E+02   0.3524310928833E-18
  0.2119915920576E+02   0.3696282459894E-18
  0.2125998328580E+02   0.3878633533924E-18
  0.2132098188072E+02   0.4067634070317E-18
  0.2138215549123E+02   0.4263044487362E-18
  0.2144350461948E+02   0.4466835486750E-18
  0.2150502976906E+02   0.4679267373571E-18
  0.2156673144502E+02   0.4901048711541E-18
  0.2162861015383E+02   0.5128701541777E-18
  0.2169066640344E+02   0.5363428682264E-18
  0.2175290070323E+02   0.5606752831912E-18
  0.2181531356407E+02   0.5858877933060E-18
  0.2187790549827E+02   0.6121646095734E-18
  0.2194067701964E+02   0.6388917903061E-18
  0.2200362864344E+02   0.6663028202531E-18
  0.2206676088640E+02   0.6917540061300E-18
  0.2213007426677E+02   0.7178108663530E-18
  0.2219356930426E+02   0.7446230242187E-18
  0.2225724652006E+02   0.7716719614322E-18
  0.2232110643689E+02   0.8003639078736E-18
  0.2238514957895E+02   0.8294563153016E-18
  0.2244937647193E+02   0.8587294085538E-18
  0.2251378764305E+02   0.8887116916308E-18
  0.2257838362104E+02   0.9200817345516E-18
  0.2264316493615E+02   0.9543257549179E-18
  0.2270813212013E+02   0.9876609576236E-18
  0.2277328570628E+02   0.1021750059425E-17
  0.2283862622941E+02   0.1056531148798E-17
  0.2290415422588E+02   0.1093005075271E-17
  0.2296987023359E+02   0.1127716504794E-17
  0.2303577479197E+02   0.1161650968325E-17
  0.2310186844201E+02   0.1196395381741E-17
  0.2316815172624E+02   0.1231013522173E-17
  0.2323462518876E+02   0.1265719460634E-17
  0.2330128937522E+02   0.1301773938407E-17
  0.2336814483285E+02   0.1338623613037E-17
  0.2343519211042E+02   0.1376210000848E-17
  0.2350243175831E+02   0.1414706448898E-17
  0.2356986432846E+02   0.1454876341342E-17
  0.2363749037440E+02   0.1496964160666E-17
  0.2370531045125E+02   0.1541406373323E-17
  0.2377332511571E+02   0.1569502127660E-17
  0.2384153492608E+02   0.1613283621650E-17
  0.2390994044229E+02   0.1659332642959E-17
  0.2397854222583E+02   0.1704834007550E-17
  0.2404734083984E+02   0.1747644269204E-17
  0.2411633684905E+02   0.1788741385289E-17
  0.2418553081984E+02   0.1831683539387E-17
  0.2425492332017E+02   0.1877325472149E-17
  0.2432451491968E+02   0.1919691691088E-17
  0.2439430618960E+02   0.1963568857480E-17
  0.2446429770284E+02   0.2013854366739E-17
  0.2453449003391E+02   0.2071655630997E-17
  0.2460488375901E+02   0.2130467279498E-17
  0.2467547945597E+02   0.2184794791758E-17
  0.2474627770428E+02   0.2276154816885E-17
  0.2481727908509E+02   0.2406505672632E-17
  0.2488848418123E+02   0.2455045038674E-17
  0.2495989357720E+02   0.2504199040100E-17
  0.2503150785915E+02   0.2552414953089E-17
  0.2510332761496E+02   0.2599185820434E-17
  0.2517535343416E+02   0.2646641795113E-17
  0.2524758590797E+02   0.2694752028862E-17
  0.2532002562933E+02   0.2743515181758E-17
  0.2539267319287E+02   0.2792910030847E-17
  0.2546552919493E+02   0.2842970808194E-17
  0.2553859423354E+02   0.2893673352575E-17
  0.2561186890847E+02   0.2945065785159E-17
  0.2568535382121E+02   0.2997150998664E-17
  0.2575904957496E+02   0.3049897190370E-17
  0.2583295677467E+02   0.3103325665625E-17
  0.2590707602700E+02   0.3157450593922E-17
  0.2598140794038E+02   0.3212276391028E-17
  0.2605595312497E+02   0.3268401188581E-17
  0.2613071219267E+02   0.3325451804897E-17
  0.2620568575716E+02   0.3383210789054E-17
  0.2628087443386E+02   0.3441633773601E-17
  0.2635627883997E+02   0.3500807653717E-17
  0.2643189959446E+02   0.3560762807068E-17
  0.2650773731806E+02   0.3621669006004E-17
  0.2658379263330E+02   0.3683360431945E-17
  0.2666006616449E+02   0.3745832404545E-17
  0.2673655853772E+02   0.3809071983853E-17
  0.2681327038089E+02   0.3873080066334E-17
  0.2689020232370E+02   0.3937859919012E-17
  0.2696735499766E+02   0.4003557739283E-17
  0.2704472903607E+02   0.4069998122316E-17
  0.2712232507408E+02   0.4137136242849E-17
  0.2720014374864E+02   0.4205090553043E-17
  0.2727818569852E+02   0.4273879195270E-17
  0.2735645156436E+02   0.4343413966371E-17
  0.2743494198859E+02   0.4413735215743E-17
  0.2751365761552E+02   0.4484819506986E-17
  0.2759259909130E+02   0.4556678252508E-17
  0.2767176706391E+02   0.4629318570287E-17
  0.2775116218324E+02   0.4702729445280E-17
  0.2783078510098E+02   0.4776905417218E-17
  0.2791063647075E+02   0.4851822607949E-17
  0.2799071694800E+02   0.4927616971227E-17
  0.2807102719009E+02   0.5008114080775E-17
  0.2815156785625E+02   0.5090129573774E-17
  0.2823233960761E+02   0.5173002644779E-17
  0.2831334310720E+02   0.5256748130048E-17
  0.2839457901993E+02   0.5341466433734E-17
  0.2847604801265E+02   0.5427092497456E-17
  0.2855775075409E+02   0.5513609472727E-17
  0.2863968791493E+02   0.5600914304615E-17
  0.2872186016776E+02   0.5689089257681E-17
  0.2880426818709E+02   0.5778156460498E-17
  0.2888691264938E+02   0.5868088817630E-17
  0.2896979423303E+02   0.5958955473222E-17
  0.2905291361838E+02   0.6056061794518E-17
  0.2913627148772E+02   0.6157323324051E-17
  0.2921986852530E+02   0.6259710474989E-17
  0.2930370541735E+02   0.6363069600970E-17
  0.2938778285205E+02   0.6467382455232E-17
  0.2947210151954E+02   0.6572722640554E-17
  0.2955666211198E+02   0.6679064569269E-17
  0.2964146532349E+02   0.6786401042247E-17
  0.2972651185018E+02   0.6894863339407E-17
  0.2981180239017E+02   0.7004304241306E-17
  0.2989733764357E+02   0.7114765605159E-17
  0.2998311831252E+02   0.7226196741352E-17
  0.3006914510114E+02   0.7338534827058E-17
  0.3015541871560E+02   0.7451954913470E-17
  0.3024193986409E+02   0.7566303484060E-17
  0.3032870925683E+02   0.7681557763997E-17
  0.3041572760606E+02   0.7797662566318E-17
  0.3050299562609E+02   0.7914614080299E-17
  0.3059051403328E+02   0.8032368818317E-17
  0.3067828354601E+02   0.8150869805525E-17
  0.3076630488477E+02   0.8269726890905E-17
  0.3085457877208E+02   0.8388534382716E-17
  0.3094310593254E+02   0.8508002276806E-17
  0.3103188709285E+02   0.8628092625150E-17
  0.3112092298177E+02   0.8748953182426E-17
  0.3121021433016E+02   0.8870552085988E-17
  0.3129976187098E+02   0.8992791750114E-17
  0.3138956633929E+02   0.9115755539429E-17
  0.3147962847227E+02   0.9239450246740E-17
  0.3156994900919E+02   0.9363988579337E-17
  0.3166052869146E+02   0.9489296732898E-17
  0.3175136826261E+02   0.9615388045318E-17
  0.3184246846832E+02   0.9742407436048E-17
  0.3193383005639E+02   0.9870224558866E-17
  0.3202545377676E+02   0.9998293760803E-17
  0.3211734038154E+02   0.1012597764507E-16
  0.3220949062500E+02   0.1025435733837E-16
  0.3230190526356E+02   0.1038338516554E-16
  0.3239458505581E+02   0.1051298879835E-16
  0.3248753076253E+02   0.1064316496143E-16
  0.3258074314666E+02   0.1077390715958E-16
  0.3267422297337E+02   0.1090522038331E-16
  0.3276797100997E+02   0.1103704903404E-16
  0.3286198802603E+02   0.1116933194573E-16
  0.3295627479327E+02   0.1130207796955E-16
  0.3305083208568E+02   0.1143532520843E-16
  0.3314566067942E+02   0.1156897496110E-16
  0.3324076135292E+02   0.1170292765715E-16
  0.3333613488681E+02   0.1183737953613E-16
  0.3343178206398E+02   0.1197232727664E-16
  0.3352770366956E+02   0.1210771827070E-16
  0.3362390049094E+02   0.1224357305475E-16
  0.3372037331775E+02   0.1237989367667E-16
  0.3381712294190E+02   0.1251667852701E-16
  0.3391415015758E+02   0.1265397196071E-16
  0.3401145576124E+02   0.1279157425219E-16
  0.3410904055162E+02   0.1292938566262E-16
  0.3420690532976E+02   0.1306775678185E-16
  0.3430505089900E+02   0.1320644529049E-16
  0.3440347806497E+02   0.1334539228784E-16
  0.3450218763562E+02   0.1348460308807E-16
  0.3460118042122E+02   0.1362396900616E-16
  0.3470045723436E+02   0.1376358583832E-16
  0.3480001888998E+02   0.1390344565502E-16
  0.3489986620532E+02   0.1404349232870E-16
  0.3500000000000E+02   0.1418379795699E-16
