           1
        1000
  
  0.2000000000000E+01   0.6860039917636E-23
  0.2005738348342E+01   0.7156484234329E-23
  0.2011493161004E+01   0.7607595203336E-23
  0.2017264485226E+01   0.8464456655908E-23
  0.2023052368383E+01   0.9935271285254E-23
  0.2028856857985E+01   0.1043977358864E-22
  0.2034678001678E+01   0.1196989179782E-22
  0.2040515847246E+01   0.1382955069137E-22
  0.2046370442610E+01   0.1486993673536E-22
  0.2052241835828E+01   0.1699919957709E-22
  0.2058130075096E+01   0.1757819230620E-22
  0.2064035208748E+01   0.2105924884733E-22
  0.2069957285256E+01   0.2259990956638E-22
  0.2075896353234E+01   0.2639092972070E-22
  0.2081852461432E+01   0.2789995901616E-22
  0.2087825658742E+01   0.2816630534828E-22
  0.2093815994195E+01   0.3128272464119E-22
  0.2099823516964E+01   0.3628208095765E-22
  0.2105848276362E+01   0.3712298973621E-22
  0.2111890321844E+01   0.4079508170893E-22
  0.2117949703007E+01   0.4725537926013E-22
  0.2124026469590E+01   0.4794121252178E-22
  0.2130120671475E+01   0.5048250509407E-22
  0.2136232358686E+01   0.5317175026435E-22
  0.2142361581393E+01   0.5795729765308E-22
  0.2148508389907E+01   0.6633224181912E-22
  0.2154672834685E+01   0.7401663192776E-22
  0.2160854966329E+01   0.7364794967963E-22
  0.2167054835585E+01   0.8323074133248E-22
  0.2173272493346E+01   0.9274608437175E-22
  0.2179507990650E+01   0.9488028756813E-22
  0.2185761378682E+01   0.1052889177322E-21
  0.2192032708773E+01   0.1094191589058E-21
  0.2198322032403E+01   0.1158057831918E-21
  0.2204629401197E+01   0.1325841233227E-21
  0.2210954866931E+01   0.1371879740962E-21
  0.2217298481528E+01   0.1488927242610E-21
  0.2223660297061E+01   0.1556307504974E-21
  0.2230040365750E+01   0.1686115357006E-21
  0.2236438739967E+01   0.1827365610917E-21
  0.2242855472234E+01   0.1960644021439E-21
  0.2249290615224E+01   0.2058398044384E-21
  0.2255744221760E+01   0.2194855889667E-21
  0.2262216344817E+01   0.2347189174797E-21
  0.2268707037522E+01   0.2561794403743E-21
  0.2275216353156E+01   0.2631104854437E-21
  0.2281744345149E+01   0.2863851970673E-21
  0.2288291067089E+01   0.3001201802792E-21
  0.2294856572714E+01   0.3269271001511E-21
  0.2301440915918E+01   0.3389931768207E-21
  0.2308044150750E+01   0.3548723355155E-21
  0.2314666331412E+01   0.3818126855628E-21
  0.2321307512264E+01   0.4116266336607E-21
  0.2327967747821E+01   0.4302932006403E-21
  0.2334647092753E+01   0.4396068675643E-21
  0.2341345601890E+01   0.4767555380368E-21
  0.2348063330216E+01   0.4928506631772E-21
  0.2354800332874E+01   0.5282407287527E-21
  0.2361556665167E+01   0.5669353904386E-21
  0.2368332382554E+01   0.5754621306460E-21
  0.2375127540653E+01   0.6187366093899E-21
  0.2381942195246E+01   0.6629572458354E-21
  0.2388776402269E+01   0.6914152781867E-21
  0.2395630217822E+01   0.7423877051636E-21
  0.2402503698166E+01   0.7586315184213E-21
  0.2409396899722E+01   0.8059933219306E-21
  0.2416309879074E+01   0.8403222444353E-21
  0.2423242692967E+01   0.8811168091340E-21
  0.2430195398312E+01   0.8789400433531E-21
  0.2437168052179E+01   0.9604747123907E-21
  0.2444160711804E+01   0.9908796948604E-21
  0.2451173434587E+01   0.1046011924787E-20
  0.2458206278094E+01   0.1083754484916E-20
  0.2465259300054E+01   0.1167929831512E-20
  0.2472332558362E+01   0.1192970322803E-20
  0.2479426111080E+01   0.1253634026063E-20
  0.2486540016437E+01   0.1321420618907E-20
  0.2493674332826E+01   0.1372551599745E-20
  0.2500829118813E+01   0.1427312644015E-20
  0.2508004433126E+01   0.1460853858376E-20
  0.2515200334666E+01   0.1541206940350E-20
  0.2522416882500E+01   0.1653944574364E-20
  0.2529654135868E+01   0.1711146745733E-20
  0.2536912154175E+01   0.1814889562720E-20
  0.2544190997002E+01   0.1890327388662E-20
  0.2551490724096E+01   0.1985537043891E-20
  0.2558811395379E+01   0.2039866334341E-20
  0.2566153070942E+01   0.2135236742664E-20
  0.2573515811052E+01   0.2229360917466E-20
  0.2580899676145E+01   0.2290151943671E-20
  0.2588304726834E+01   0.2422474980200E-20
  0.2595731023902E+01   0.2532662734415E-20
  0.2603178628310E+01   0.2670983831943E-20
  0.2610647601193E+01   0.2775185169775E-20
  0.2618138003859E+01   0.2955382098511E-20
  0.2625649897795E+01   0.3081985333004E-20
  0.2633183344664E+01   0.3251730307488E-20
  0.2640738406303E+01   0.3385514136355E-20
  0.2648315144731E+01   0.3583486665137E-20
  0.2655913622140E+01   0.3735924955771E-20
  0.2663533900905E+01   0.3875759732504E-20
  0.2671176043576E+01   0.4175372190426E-20
  0.2678840112886E+01   0.4415346840562E-20
  0.2686526171746E+01   0.4641396673943E-20
  0.2694234283247E+01   0.4991216897295E-20
  0.2701964510663E+01   0.5201641689936E-20
  0.2709716917447E+01   0.5393927413350E-20
  0.2717491567237E+01   0.5741464857713E-20
  0.2725288523851E+01   0.6251383706806E-20
  0.2733107851292E+01   0.6697629760618E-20
  0.2740949613745E+01   0.6908719839973E-20
  0.2748813875580E+01   0.7214653744340E-20
  0.2756700701352E+01   0.7646341715080E-20
  0.2764610155801E+01   0.8416776932369E-20
  0.2772542303853E+01   0.9319416136956E-20
  0.2780497210618E+01   0.1013622892019E-19
  0.2788474941397E+01   0.1097549498546E-19
  0.2796475561675E+01   0.1189246718797E-19
  0.2804499137126E+01   0.1046774260536E-19
  0.2812545733612E+01   0.7496614469918E-20
  0.2820615417185E+01   0.4831038318399E-20
  0.2828708254086E+01   0.2704928793975E-20
  0.2836824310746E+01   0.1298354042142E-20
  0.2844963653785E+01   0.4521519391284E-21
  0.2853126350018E+01   0.1514062874168E-21
  0.2861312466447E+01   0.4625222653517E-22
  0.2869522070270E+01   0.1215502113911E-22
  0.2877755228877E+01   0.3110986340099E-23
  0.2886012009850E+01   0.8090566120256E-24
  0.2894292480965E+01   0.2263686239150E-24
  0.2902596710194E+01   0.7168588565204E-25
  0.2910924765703E+01   0.2678510289496E-25
  0.2919276715854E+01   0.1134795915183E-25
  0.2927652629205E+01   0.5842447004440E-26
  0.2936052574510E+01   0.3309425972399E-26
  0.2944476620721E+01   0.2171232531674E-26
  0.2952924836988E+01   0.1555071003348E-26
  0.2961397292658E+01   0.1171864104084E-26
  0.2969894057280E+01   0.9312467686296E-27
  0.2978415200599E+01   0.7746675093084E-27
  0.2986960792563E+01   0.6765295275996E-27
  0.2995530903318E+01   0.5659580822385E-27
  0.3004125603214E+01   0.5075743204728E-27
  0.3012744962800E+01   0.4657197647490E-27
  0.3021389052831E+01   0.4382798432262E-27
  0.3030057944261E+01   0.4328606445261E-27
  0.3038751708251E+01   0.4405941803835E-27
  0.3047470416164E+01   0.4774287627776E-27
  0.3056214139568E+01   0.5389320783198E-27
  0.3064982950238E+01   0.6345751132869E-27
  0.3073776920153E+01   0.7860384374452E-27
  0.3082596121499E+01   0.9957192656687E-27
  0.3091440626670E+01   0.1292345472354E-26
  0.3100310508267E+01   0.1781783699054E-26
  0.3109205839099E+01   0.2538365127356E-26
  0.3118126692184E+01   0.3678162289420E-26
  0.3127073140750E+01   0.5519439197560E-26
  0.3136045258236E+01   0.8751778391324E-26
  0.3145043118290E+01   0.1399236116172E-25
  0.3154066794771E+01   0.2353777515857E-25
  0.3163116361751E+01   0.3934034983382E-25
  0.3172191893516E+01   0.6759563777022E-25
  0.3181293464562E+01   0.1205040836862E-24
  0.3190421149600E+01   0.2162852300617E-24
  0.3199575023556E+01   0.4057199307443E-24
  0.3208755161572E+01   0.7570388591117E-24
  0.3217961639002E+01   0.1484224278158E-23
  0.3227194531419E+01   0.2853354284740E-23
  0.3236453914613E+01   0.5546402760985E-23
  0.3245739864590E+01   0.1092775652809E-22
  0.3255052457574E+01   0.2112090770782E-22
  0.3264391770010E+01   0.4066878890795E-22
  0.3273757878560E+01   0.7689482254657E-22
  0.3283150860107E+01   0.1374326750381E-21
  0.3292570791754E+01   0.2151916908969E-21
  0.3302017750825E+01   0.3222891019186E-21
  0.3311491814867E+01   0.4503644945526E-21
  0.3320993061649E+01   0.6047586648001E-21
  0.3330521569163E+01   0.7664376360256E-21
  0.3340077415625E+01   0.9224206842628E-21
  0.3349660679474E+01   0.1121749481551E-20
  0.3359271439377E+01   0.1304555711159E-20
  0.3368909774224E+01   0.1507825594360E-20
  0.3378575763132E+01   0.1684709680776E-20
  0.3388269485445E+01   0.1895121107548E-20
  0.3397991020737E+01   0.2105380926874E-20
  0.3407740448806E+01   0.2301786160893E-20
  0.3417517849683E+01   0.2496194379394E-20
  0.3427323303625E+01   0.2668894897389E-20
  0.3437156891123E+01   0.2902415432281E-20
  0.3447018692896E+01   0.3095983495712E-20
  0.3456908789896E+01   0.3321024112275E-20
  0.3466827263307E+01   0.3483140970847E-20
  0.3476774194546E+01   0.3695722693002E-20
  0.3486749665263E+01   0.3887523260015E-20
  0.3496753757342E+01   0.4087597087450E-20
  0.3506786552905E+01   0.4273877737076E-20
  0.3516848134305E+01   0.4464336927525E-20
  0.3526938584134E+01   0.4670713220774E-20
  0.3537057985222E+01   0.4875774799361E-20
  0.3547206420634E+01   0.5093231958464E-20
  0.3557383973675E+01   0.5355996114805E-20
  0.3567590727888E+01   0.5604631920032E-20
  0.3577826767056E+01   0.5804764058825E-20
  0.3588092175204E+01   0.6077054974793E-20
  0.3598387036595E+01   0.6372783293529E-20
  0.3608711435738E+01   0.6542806204765E-20
  0.3619065457379E+01   0.6779333168301E-20
  0.3629449186512E+01   0.6998092793860E-20
  0.3639862708372E+01   0.7252626090510E-20
  0.3650306108440E+01   0.7495533245601E-20
  0.3660779472442E+01   0.7727018535631E-20
  0.3671282886350E+01   0.7983770289018E-20
  0.3681816436381E+01   0.8227741116514E-20
  0.3692380209002E+01   0.8487369673441E-20
  0.3702974290926E+01   0.8767062405544E-20
  0.3713598769117E+01   0.9019917710355E-20
  0.3724253730786E+01   0.9264515067281E-20
  0.3734939263396E+01   0.9519717757762E-20
  0.3745655454660E+01   0.9787996980014E-20
  0.3756402392544E+01   0.1006057160026E-19
  0.3767180165264E+01   0.1029773372148E-19
  0.3777988861291E+01   0.1057723025569E-19
  0.3788828569349E+01   0.1084583323258E-19
  0.3799699378418E+01   0.1110908216212E-19
  0.3810601377731E+01   0.1139746282566E-19
  0.3821534656780E+01   0.1163442527899E-19
  0.3832499305310E+01   0.1188761256691E-19
  0.3843495413326E+01   0.1214392744634E-19
  0.3854523071092E+01   0.1243865982662E-19
  0.3865582369128E+01   0.1272991076107E-19
  0.3876673398217E+01   0.1295600647154E-19
  0.3887796249400E+01   0.1328715289739E-19
  0.3898951013980E+01   0.1353848429075E-19
  0.3910137783523E+01   0.1386251252382E-19
  0.3921356649856E+01   0.1412597381394E-19
  0.3932607705070E+01   0.1438375302575E-19
  0.3943891041521E+01   0.1469980058081E-19
  0.3955206751830E+01   0.1503446695044E-19
  0.3966554928883E+01   0.1535117251835E-19
  0.3977935665832E+01   0.1565431246907E-19
  0.3989349056097E+01   0.1596852822777E-19
  0.4000795193368E+01   0.1624750216322E-19
  0.4012274171599E+01   0.1650342186433E-19
  0.4023786085019E+01   0.1675635379919E-19
  0.4035331028123E+01   0.1697881750583E-19
  0.4046909095679E+01   0.1725768489477E-19
  0.4058520382728E+01   0.1747221413615E-19
  0.4070164984582E+01   0.1773822849546E-19
  0.4081842996827E+01   0.1811425280773E-19
  0.4093554515323E+01   0.1850104300932E-19
  0.4105299636205E+01   0.1895703194814E-19
  0.4117078455885E+01   0.1943583082612E-19
  0.4128891071050E+01   0.2007491906648E-19
  0.4140737578665E+01   0.2081079199991E-19
  0.4152618075974E+01   0.2158412697280E-19
  0.4164532660498E+01   0.2243837111980E-19
  0.4176481430042E+01   0.2372307937261E-19
  0.4188464482686E+01   0.2544415621900E-19
  0.4200481916795E+01   0.2764347748978E-19
  0.4212533831015E+01   0.3042186977950E-19
  0.4224620324277E+01   0.3364672029959E-19
  0.4236741495793E+01   0.1566593511230E-19
  0.4248897445061E+01   0.8999204975483E-23
  0.4261088271865E+01   0.3426097235399E-25
  0.4273314076274E+01   0.1084738665936E-24
  0.4285574958646E+01   0.6772180018176E-21
  0.4297871019624E+01   0.7435602657331E-20
  0.4310202360143E+01   0.1026351507666E-19
  0.4322569081426E+01   0.1196081167750E-19
  0.4334971284986E+01   0.1310146995777E-19
  0.4347409072628E+01   0.1405014040871E-19
  0.4359882546449E+01   0.1478850585737E-19
  0.4372391808839E+01   0.1508044304245E-19
  0.4384936962482E+01   0.1271471566652E-19
  0.4397518110355E+01   0.1378769790327E-19
  0.4410135355733E+01   0.1613605557716E-19
  0.4422788802186E+01   0.1644071543493E-19
  0.4435478553580E+01   0.1671571442329E-19
  0.4448204714081E+01   0.1689336145504E-19
  0.4460967388154E+01   0.1705858410215E-19
  0.4473766680561E+01   0.1718703500545E-19
  0.4486602696367E+01   0.1731948584152E-19
  0.4499475540938E+01   0.1752535171408E-19
  0.4512385319942E+01   0.1766424386538E-19
  0.4525332139351E+01   0.1785423747742E-19
  0.4538316105440E+01   0.1809413249982E-19
  0.4551337324788E+01   0.1838697393631E-19
  0.4564395904283E+01   0.1872288471336E-19
  0.4577491951117E+01   0.1908289269891E-19
  0.4590625572791E+01   0.1949268200940E-19
  0.4603796877112E+01   0.1995396995206E-19
  0.4617005972199E+01   0.2043028961694E-19
  0.4630252966481E+01   0.2099261574878E-19
  0.4643537968697E+01   0.2157914813688E-19
  0.4656861087898E+01   0.2182206734015E-19
  0.4670222433449E+01   0.2051675897872E-19
  0.4683622115027E+01   0.2267183171837E-19
  0.4697060242625E+01   0.2413113400876E-19
  0.4710536926552E+01   0.2483275738779E-19
  0.4724052277433E+01   0.2557689766914E-19
  0.4737606406209E+01   0.2629554173920E-19
  0.4751199424141E+01   0.2702394620367E-19
  0.4764831442809E+01   0.2778320734890E-19
  0.4778502574113E+01   0.2847323921223E-19
  0.4792212930274E+01   0.2930761850583E-19
  0.4805962623834E+01   0.3009456715236E-19
  0.4819751767661E+01   0.3089538351863E-19
  0.4833580474942E+01   0.3173359129151E-19
  0.4847448859194E+01   0.3252591333997E-19
  0.4861357034255E+01   0.3330127404811E-19
  0.4875305114293E+01   0.3416057945160E-19
  0.4889293213801E+01   0.3496498677755E-19
  0.4903321447604E+01   0.3584358824354E-19
  0.4917389930853E+01   0.3668436834436E-19
  0.4931498779030E+01   0.3756949986898E-19
  0.4945648107950E+01   0.3837420247628E-19
  0.4959838033760E+01   0.3921847788705E-19
  0.4974068672938E+01   0.4005229424811E-19
  0.4988340142298E+01   0.4093821289745E-19
  0.5002652558990E+01   0.4178880326711E-19
  0.5017006040497E+01   0.4265092391751E-19
  0.5031400704644E+01   0.4339396646641E-19
  0.5045836669588E+01   0.4424031192657E-19
  0.5060314053831E+01   0.4504876110662E-19
  0.5074832976211E+01   0.4583389369903E-19
  0.5089393555907E+01   0.4656205444011E-19
  0.5103995912443E+01   0.4732943162292E-19
  0.5118640165683E+01   0.4805947608628E-19
  0.5133326435836E+01   0.4876091212199E-19
  0.5148054843456E+01   0.4940626008588E-19
  0.5162825509443E+01   0.5013128759310E-19
  0.5177638555043E+01   0.5084327760503E-19
  0.5192494101851E+01   0.5148616543311E-19
  0.5207392271810E+01   0.5211341049567E-19
  0.5222333187214E+01   0.5273930034239E-19
  0.5237316970706E+01   0.5333854022940E-19
  0.5252343745283E+01   0.5392586961174E-19
  0.5267413634293E+01   0.5457505967717E-19
  0.5282526761440E+01   0.5520359698903E-19
  0.5297683250780E+01   0.5585034049779E-19
  0.5312883226729E+01   0.5637242242438E-19
  0.5328126814055E+01   0.5690735815147E-19
  0.5343414137889E+01   0.5757151797494E-19
  0.5358745323718E+01   0.5802801655219E-19
  0.5374120497388E+01   0.5846176940981E-19
  0.5389539785110E+01   0.5901030515990E-19
  0.5405003313454E+01   0.5936522783682E-19
  0.5420511209355E+01   0.5986612416824E-19
  0.5436063600109E+01   0.6029154502845E-19
  0.5451660613382E+01   0.6054861501959E-19
  0.5467302377202E+01   0.6090811936094E-19
  0.5482989019966E+01   0.6129077109808E-19
  0.5498720670441E+01   0.6144191798371E-19
  0.5514497457762E+01   0.6173977114238E-19
  0.5530319511432E+01   0.6187102387644E-19
  0.5546186961331E+01   0.6199450233859E-19
  0.5562099937707E+01   0.6206605116849E-19
  0.5578058571184E+01   0.6199489511890E-19
  0.5594062992760E+01   0.6183852229637E-19
  0.5610113333808E+01   0.6157473962524E-19
  0.5626209726081E+01   0.6116080045588E-19
  0.5642352301707E+01   0.6048252665733E-19
  0.5658541193194E+01   0.5965618989347E-19
  0.5674776533430E+01   0.5850806293149E-19
  0.5691058455685E+01   0.5721175060420E-19
  0.5707387093610E+01   0.5564542075037E-19
  0.5723762581242E+01   0.5365365480816E-19
  0.5740185053000E+01   0.5126096114403E-19
  0.5756654643690E+01   0.4852992335568E-19
  0.5773171488504E+01   0.4557698396341E-19
  0.5789735723023E+01   0.4218701926358E-19
  0.5806347483215E+01   0.3879589187209E-19
  0.5823006905441E+01   0.3542430392078E-19
  0.5839714126450E+01   0.3202716450814E-19
  0.5856469283387E+01   0.2912394343590E-19
  0.5873272513787E+01   0.2655506487028E-19
  0.5890123955582E+01   0.2435065873479E-19
  0.5907023747098E+01   0.2257837166849E-19
  0.5923972027060E+01   0.2117941715512E-19
  0.5940968934588E+01   0.2012055666567E-19
  0.5958014609205E+01   0.1923399061182E-19
  0.5975109190831E+01   0.1863769578642E-19
  0.5992252819789E+01   0.1818988200464E-19
  0.6009445636805E+01   0.1783124068512E-19
  0.6026687783007E+01   0.1761531813153E-19
  0.6043979399930E+01   0.1758057247553E-19
  0.6061320629513E+01   0.1765627598143E-19
  0.6078711614104E+01   0.1805956028914E-19
  0.6096152496459E+01   0.1873782286809E-19
  0.6113643419744E+01   0.1988514340638E-19
  0.6131184527533E+01   0.2131276474261E-19
  0.6148775963816E+01   0.2296717132053E-19
  0.6166417872994E+01   0.2470743511697E-19
  0.6184110399881E+01   0.2647975978167E-19
  0.6201853689710E+01   0.2795147780107E-19
  0.6219647888128E+01   0.2925861685568E-19
  0.6237493141200E+01   0.3051978205614E-19
  0.6255389595412E+01   0.3167600601143E-19
  0.6273337397667E+01   0.3269831550318E-19
  0.6291336695293E+01   0.3377500917739E-19
  0.6309387636040E+01   0.3471598449025E-19
  0.6327490368079E+01   0.3578261563731E-19
  0.6345645040009E+01   0.3683361799421E-19
  0.6363851800855E+01   0.3787631788082E-19
  0.6382110800069E+01   0.3895148571506E-19
  0.6400422187532E+01   0.4001262755230E-19
  0.6418786113555E+01   0.4116463309679E-19
  0.6437202728880E+01   0.4204012102991E-19
  0.6455672184682E+01   0.4304063642449E-19
  0.6474194632569E+01   0.4394874265219E-19
  0.6492770224586E+01   0.4502288282331E-19
  0.6511399113211E+01   0.4588800026429E-19
  0.6530081451363E+01   0.4687602002112E-19
  0.6548817392397E+01   0.4780513591530E-19
  0.6567607090108E+01   0.4879021056547E-19
  0.6586450698735E+01   0.4974971501504E-19
  0.6605348372958E+01   0.5078507835147E-19
  0.6624300267898E+01   0.5186816820762E-19
  0.6643306539127E+01   0.5309939592148E-19
  0.6662367342658E+01   0.5413707136925E-19
  0.6681482834954E+01   0.5534113166496E-19
  0.6700653172927E+01   0.5648651388537E-19
  0.6719878513938E+01   0.5749964910707E-19
  0.6739159015801E+01   0.5838045533750E-19
  0.6758494836783E+01   0.5926170133194E-19
  0.6777886135602E+01   0.6039329552791E-19
  0.6797333071435E+01   0.6166015987411E-19
  0.6816835803914E+01   0.6253630881654E-19
  0.6836394493129E+01   0.6343908791293E-19
  0.6856009299631E+01   0.6475381733010E-19
  0.6875680384428E+01   0.6568237304142E-19
  0.6895407908994E+01   0.6666262770764E-19
  0.6915192035264E+01   0.6786440894059E-19
  0.6935032925638E+01   0.6902948719046E-19
  0.6954930742982E+01   0.7011161762601E-19
  0.6974885650629E+01   0.7118477257305E-19
  0.6994897812383E+01   0.7238141962664E-19
  0.7014967392513E+01   0.7344049242450E-19
  0.7035094555765E+01   0.7472150288549E-19
  0.7055279467354E+01   0.7624072579574E-19
  0.7075522292970E+01   0.7756788830240E-19
  0.7095823198778E+01   0.7894613270540E-19
  0.7116182351420E+01   0.8050420820892E-19
  0.7136599918018E+01   0.8191620797160E-19
  0.7157076066170E+01   0.8339273409498E-19
  0.7177610963958E+01   0.8497955391962E-19
  0.7198204779944E+01   0.8628356589990E-19
  0.7218857683175E+01   0.8750415200644E-19
  0.7239569843182E+01   0.8864045042943E-19
  0.7260341429984E+01   0.9056650617961E-19
  0.7281172614086E+01   0.9235678430929E-19
  0.7302063566484E+01   0.9412773473971E-19
  0.7323014458663E+01   0.9591190933341E-19
  0.7344025462600E+01   0.9767947840501E-19
  0.7365096750767E+01   0.9958400198840E-19
  0.7386228496130E+01   0.1014011372061E-18
  0.7407420872151E+01   0.1032813198849E-18
  0.7428674052790E+01   0.1051937299744E-18
  0.7449988212505E+01   0.1072966545506E-18
  0.7471363526258E+01   0.1095785926093E-18
  0.7492800169508E+01   0.1119154726467E-18
  0.7514298318222E+01   0.1140093628084E-18
  0.7535858148868E+01   0.1162055523829E-18
  0.7557479838424E+01   0.1190962181436E-18
  0.7579163564373E+01   0.1219579937274E-18
  0.7600909504708E+01   0.1249252471932E-18
  0.7622717837934E+01   0.1276243823579E-18
  0.7644588743066E+01   0.1303608758042E-18
  0.7666522399634E+01   0.1330189283181E-18
  0.7688518987683E+01   0.1355924953110E-18
  0.7710578687774E+01   0.1379282844362E-18
  0.7732701680988E+01   0.1403158768599E-18
  0.7754888148921E+01   0.1424124863190E-18
  0.7777138273696E+01   0.1440339417570E-18
  0.7799452237954E+01   0.1451819863308E-18
  0.7821830224861E+01   0.1461642272831E-18
  0.7844272418111E+01   0.1468585334626E-18
  0.7866779001922E+01   0.1466882667796E-18
  0.7889350161042E+01   0.1460853330836E-18
  0.7911986080749E+01   0.1451851018829E-18
  0.7934686946851E+01   0.1436413210943E-18
  0.7957452945693E+01   0.1414508173394E-18
  0.7980284264150E+01   0.1390886404101E-18
  0.8003181089637E+01   0.1396415160645E-18
  0.8026143610103E+01   0.1388234344383E-18
  0.8049172014041E+01   0.1368675486084E-18
  0.8072266490480E+01   0.1337360759467E-18
  0.8095427228995E+01   0.1315638719326E-18
  0.8118654419702E+01   0.1274231054557E-18
  0.8141948253265E+01   0.1220295304358E-18
  0.8165308920893E+01   0.1152431790819E-18
  0.8188736614346E+01   0.1111165876133E-18
  0.8212231525931E+01   0.1084657715246E-18
  0.8235793848510E+01   0.1076941540814E-18
  0.8259423775497E+01   0.1058839777605E-18
  0.8283121500859E+01   0.1068567691870E-18
  0.8306887219123E+01   0.1059470925193E-18
  0.8330721125372E+01   0.1032395019532E-18
  0.8354623415250E+01   0.9914631782938E-19
  0.8378594284960E+01   0.9537291867236E-19
  0.8402633931270E+01   0.9046601325985E-19
  0.8426742551512E+01   0.8682789572013E-19
  0.8450920343585E+01   0.8211537315089E-19
  0.8475167505955E+01   0.7766296638910E-19
  0.8499484237656E+01   0.7255385840942E-19
  0.8523870738296E+01   0.6708497257387E-19
  0.8548327208054E+01   0.6125056668325E-19
  0.8572853847683E+01   0.5559493094099E-19
  0.8597450858513E+01   0.5003435833202E-19
  0.8622118442451E+01   0.4541347056094E-19
  0.8646856801984E+01   0.4106639594283E-19
  0.8671666140179E+01   0.3675999831816E-19
  0.8696546660687E+01   0.3271747439123E-19
  0.8721498567741E+01   0.2884806254546E-19
  0.8746522066162E+01   0.2523697323237E-19
  0.8771617361359E+01   0.2185740122890E-19
  0.8796784659329E+01   0.1878364602760E-19
  0.8822024166659E+01   0.1632452387050E-19
  0.8847336090533E+01   0.1417250018049E-19
  0.8872720638724E+01   0.1218469131535E-19
  0.8898178019606E+01   0.1040923470176E-19
  0.8923708442147E+01   0.8859327023024E-20
  0.8949312115917E+01   0.7483194014853E-20
  0.8974989251087E+01   0.6272837837652E-20
  0.9000740058430E+01   0.5252452487513E-20
  0.9026564749324E+01   0.4626976148151E-20
  0.9052463535754E+01   0.4075039051669E-20
  0.9078436630313E+01   0.3571699430254E-20
  0.9104484246204E+01   0.3127056554317E-20
  0.9130606597242E+01   0.2736137844217E-20
  0.9156803897854E+01   0.2393148801196E-20
  0.9183076363086E+01   0.2095112606733E-20
  0.9209424208595E+01   0.1867328698379E-20
  0.9235847650663E+01   0.1717590968686E-20
  0.9262346906188E+01   0.1580042993049E-20
  0.9288922192692E+01   0.1459177393244E-20
  0.9315573728322E+01   0.1349446888410E-20
  0.9342301731850E+01   0.1255407664158E-20
  0.9369106422675E+01   0.1170747819410E-20
  0.9395988020826E+01   0.1106143070579E-20
  0.9422946746965E+01   0.1098524800276E-20
  0.9449982822385E+01   0.1103170083300E-20
  0.9477096469013E+01   0.1110841847397E-20
  0.9504287909417E+01   0.1116047054080E-20
  0.9531557366798E+01   0.1130799374055E-20
  0.9558905065003E+01   0.1147604359551E-20
  0.9586331228517E+01   0.1168222883813E-20
  0.9613836082471E+01   0.1218031372202E-20
  0.9641419852641E+01   0.1289559717335E-20
  0.9669082765452E+01   0.1365540929923E-20
  0.9696825047978E+01   0.1443699185864E-20
  0.9724646927945E+01   0.1530243759565E-20
  0.9752548633731E+01   0.1620579517169E-20
  0.9780530394371E+01   0.1709968678134E-20
  0.9808592439555E+01   0.1810438564254E-20
  0.9836734999635E+01   0.1961294549961E-20
  0.9864958305621E+01   0.2158800947735E-20
  0.9893262589188E+01   0.2387138128393E-20
  0.9921648082674E+01   0.2649101486203E-20
  0.9950115019085E+01   0.2947226676101E-20
  0.9978663632094E+01   0.3276682923849E-20
  0.1000729415605E+02   0.3625677131679E-20
  0.1003600682596E+02   0.3992328742605E-20
  0.1006480187752E+02   0.4419426355159E-20
  0.1009367954710E+02   0.4875045225400E-20
  0.1012264007175E+02   0.5383109977613E-20
  0.1015168368918E+02   0.5907838593654E-20
  0.1018081063781E+02   0.6482065559443E-20
  0.1021002115673E+02   0.7079818325308E-20
  0.1023931548572E+02   0.7723097211526E-20
  0.1026869386524E+02   0.8390012229308E-20
  0.1029815653645E+02   0.9042399263784E-20
  0.1032770374119E+02   0.9711768280891E-20
  0.1035733572201E+02   0.1037050111568E-19
  0.1038705272214E+02   0.1101039845744E-19
  0.1041685498552E+02   0.1177314913103E-19
  0.1044674275678E+02   0.1253144404240E-19
  0.1047671628127E+02   0.1335835255621E-19
  0.1050677580502E+02   0.1403693080680E-19
  0.1053692157478E+02   0.1475558176528E-19
  0.1056715383800E+02   0.1536610716258E-19
  0.1059747284285E+02   0.1590511545865E-19
  0.1062787883821E+02   0.1642600956209E-19
  0.1065837207366E+02   0.1697983350050E-19
  0.1068895279952E+02   0.1740270959746E-19
  0.1071962126681E+02   0.1782931476844E-19
  0.1075037772726E+02   0.1822900168149E-19
  0.1078122243337E+02   0.1847950293654E-19
  0.1081215563830E+02   0.1878411474486E-19
  0.1084317759599E+02   0.1909180476749E-19
  0.1087428856108E+02   0.1940475431486E-19
  0.1090548878894E+02   0.1958788984518E-19
  0.1093677853570E+02   0.1974796035553E-19
  0.1096815805818E+02   0.1992827270695E-19
  0.1099962761399E+02   0.2012042400248E-19
  0.1103118746143E+02   0.2037754668099E-19
  0.1106283785956E+02   0.2054609066588E-19
  0.1109457906821E+02   0.2076803784257E-19
  0.1112641134790E+02   0.2103934796790E-19
  0.1115833495996E+02   0.2134094420591E-19
  0.1119035016641E+02   0.2161420094875E-19
  0.1122245723007E+02   0.2205728776490E-19
  0.1125465641449E+02   0.2255448709080E-19
  0.1128694798398E+02   0.2306964271254E-19
  0.1131933220360E+02   0.2358419331845E-19
  0.1135180933919E+02   0.2409953907782E-19
  0.1138437965734E+02   0.2473595471902E-19
  0.1141704342540E+02   0.2555066022745E-19
  0.1144980091151E+02   0.2660201170720E-19
  0.1148265238454E+02   0.2771356724446E-19
  0.1151559811418E+02   0.2888066619841E-19
  0.1154863837085E+02   0.3007829070462E-19
  0.1158177342577E+02   0.3146616126389E-19
  0.1161500355093E+02   0.3291180714792E-19
  0.1164832901912E+02   0.3472921697386E-19
  0.1168175010387E+02   0.3681366836259E-19
  0.1171526707954E+02   0.3897395801649E-19
  0.1174888022125E+02   0.4075690556290E-19
  0.1178258980492E+02   0.4306658733424E-19
  0.1181639610725E+02   0.4533823986306E-19
  0.1185029940575E+02   0.4769323535230E-19
  0.1188429997872E+02   0.5015433418832E-19
  0.1191839810526E+02   0.5293075357575E-19
  0.1195259406526E+02   0.5556907120038E-19
  0.1198688813943E+02   0.5808849362293E-19
  0.1202128060927E+02   0.6027736033549E-19
  0.1205577175709E+02   0.6191209712542E-19
  0.1209036186603E+02   0.6391812871923E-19
  0.1212505122001E+02   0.6579834536995E-19
  0.1215984010379E+02   0.6789600646522E-19
  0.1219472880294E+02   0.7008954631047E-19
  0.1222971760384E+02   0.7214114122919E-19
  0.1226480679370E+02   0.7456305920065E-19
  0.1229999666056E+02   0.7691292486140E-19
  0.1233528749328E+02   0.7923920993085E-19
  0.1237067958155E+02   0.8175409570277E-19
  0.1240617321588E+02   0.8486215546563E-19
  0.1244176868763E+02   0.8771598207644E-19
  0.1247746628899E+02   0.9104072714847E-19
  0.1251326631298E+02   0.9311157134208E-19
  0.1254916905348E+02   0.9567296269673E-19
  0.1258517480519E+02   0.9824653932302E-19
  0.1262128386368E+02   0.1006027906427E-18
  0.1265749652534E+02   0.1040597032843E-18
  0.1269381308744E+02   0.1070663356536E-18
  0.1273023384808E+02   0.1102575298602E-18
  0.1276675910623E+02   0.1132761040882E-18
  0.1280338916170E+02   0.1165784455305E-18
  0.1284012431518E+02   0.1198213416244E-18
  0.1287696486822E+02   0.1231824680450E-18
  0.1291391112322E+02   0.1267828230196E-18
  0.1295096338345E+02   0.1309579037476E-18
  0.1298812195308E+02   0.1358216226623E-18
  0.1302538713712E+02   0.1402754676689E-18
  0.1306275924146E+02   0.1451867609371E-18
  0.1310023857287E+02   0.1499584788048E-18
  0.1313782543902E+02   0.1548519470213E-18
  0.1317552014843E+02   0.1604825727863E-18
  0.1321332301052E+02   0.1666705181313E-18
  0.1325123433562E+02   0.1728099985506E-18
  0.1328925443490E+02   0.1798514736699E-18
  0.1332738362048E+02   0.1869297801402E-18
  0.1336562220533E+02   0.1939492760396E-18
  0.1340397050333E+02   0.2015289777075E-18
  0.1344242882929E+02   0.2089882762368E-18
  0.1348099749888E+02   0.2168743229068E-18
  0.1351967682870E+02   0.2255427678350E-18
  0.1355846713625E+02   0.2341736040971E-18
  0.1359736873996E+02   0.2432835678973E-18
  0.1363638195914E+02   0.2530025785017E-18
  0.1367550711404E+02   0.2625150620706E-18
  0.1371474452582E+02   0.2721952587468E-18
  0.1375409451658E+02   0.2824940701976E-18
  0.1379355740931E+02   0.2932140338514E-18
  0.1383313352795E+02   0.3036753393157E-18
  0.1387282319737E+02   0.3146093271265E-18
  0.1391262674336E+02   0.3256438700423E-18
  0.1395254449266E+02   0.3367359686286E-18
  0.1399257677294E+02   0.3487406187987E-18
  0.1403272391280E+02   0.3611666396721E-18
  0.1407298624180E+02   0.3729717508749E-18
  0.1411336409043E+02   0.3870684189784E-18
  0.1415385779014E+02   0.3981423423322E-18
  0.1419446767333E+02   0.4110988005043E-18
  0.1423519407334E+02   0.4274985679577E-18
  0.1427603732450E+02   0.4397999066696E-18
  0.1431699776205E+02   0.4551904793746E-18
  0.1435807572223E+02   0.4694812146177E-18
  0.1439927154224E+02   0.4841472516804E-18
  0.1444058556023E+02   0.4988590698197E-18
  0.1448201811533E+02   0.5138932056527E-18
  0.1452356954764E+02   0.5325251659124E-18
  0.1456524019826E+02   0.5419548921756E-18
  0.1460703040923E+02   0.5588809555522E-18
  0.1464894052359E+02   0.5742023975737E-18
  0.1469097088537E+02   0.5874259884532E-18
  0.1473312183958E+02   0.6010212012639E-18
  0.1477539373222E+02   0.6083085381997E-18
  0.1481778691028E+02   0.6122969978687E-18
  0.1486030172175E+02   0.6046924239275E-18
  0.1490293851562E+02   0.5791993309589E-18
  0.1494569764188E+02   0.5325820469963E-18
  0.1498857945152E+02   0.4709706795765E-18
  0.1503158429654E+02   0.4054219030323E-18
  0.1507471252995E+02   0.3463432296183E-18
  0.1511796450577E+02   0.3009433818179E-18
  0.1516134057904E+02   0.2743171713389E-18
  0.1520484110583E+02   0.2656663878695E-18
  0.1524846644320E+02   0.2727766426227E-18
  0.1529221694927E+02   0.2930388804543E-18
  0.1533609298315E+02   0.3205037452198E-18
  0.1538009490502E+02   0.3537947350098E-18
  0.1542422307607E+02   0.3922413384415E-18
  0.1546847785852E+02   0.4336501343555E-18
  0.1551285961565E+02   0.4757604699638E-18
  0.1555736871178E+02   0.5155371241007E-18
  0.1560200551225E+02   0.5493590939619E-18
  0.1564677038348E+02   0.5775109550283E-18
  0.1569166369292E+02   0.6011629696867E-18
  0.1573668580909E+02   0.6187770647167E-18
  0.1578183710155E+02   0.6288190723566E-18
  0.1582711794093E+02   0.6387117800605E-18
  0.1587252869892E+02   0.6502979435725E-18
  0.1591806974829E+02   0.6493721265989E-18
  0.1596374146286E+02   0.6489986796803E-18
  0.1600954421753E+02   0.6458259996658E-18
  0.1605547838829E+02   0.6400821256250E-18
  0.1610154435218E+02   0.6317766007600E-18
  0.1614774248735E+02   0.6232635067683E-18
  0.1619407317301E+02   0.6146915444564E-18
  0.1624053678948E+02   0.6047366721293E-18
  0.1628713371815E+02   0.5926491460522E-18
  0.1633386434154E+02   0.5805055565655E-18
  0.1638072904321E+02   0.5665397450133E-18
  0.1642772820788E+02   0.5512528787146E-18
  0.1647486222134E+02   0.5370599897149E-18
  0.1652213147050E+02   0.5280724905028E-18
  0.1656953634336E+02   0.5237769023392E-18
  0.1661707722906E+02   0.5174592006087E-18
  0.1666475451784E+02   0.5106180592144E-18
  0.1671256860106E+02   0.5039524868886E-18
  0.1676051987122E+02   0.4980923390604E-18
  0.1680860872193E+02   0.4901336423098E-18
  0.1685683554792E+02   0.4831754889371E-18
  0.1690520074507E+02   0.4758089209276E-18
  0.1695370471040E+02   0.4707645007800E-18
  0.1700234784206E+02   0.4622693781753E-18
  0.1705113053933E+02   0.4595875697486E-18
  0.1710005320266E+02   0.4582373517115E-18
  0.1714911623363E+02   0.4563014154426E-18
  0.1719832003498E+02   0.4545685194943E-18
  0.1724766501060E+02   0.4535970778431E-18
  0.1729715156556E+02   0.4526513424566E-18
  0.1734678010606E+02   0.4522031311563E-18
  0.1739655103949E+02   0.4478621799481E-18
  0.1744646477439E+02   0.4464767291197E-18
  0.1749652172049E+02   0.4458957983724E-18
  0.1754672228869E+02   0.4494265058395E-18
  0.1759706689107E+02   0.4534357031696E-18
  0.1764755594087E+02   0.4579544087543E-18
  0.1769818985256E+02   0.4623671383710E-18
  0.1774896904175E+02   0.4672077425549E-18
  0.1779989392528E+02   0.4711627465335E-18
  0.1785096492118E+02   0.4753176814098E-18
  0.1790218244865E+02   0.4796985493781E-18
  0.1795354692814E+02   0.4845544070947E-18
  0.1800505878126E+02   0.4865030140405E-18
  0.1805671843086E+02   0.5039080176110E-18
  0.1810852630099E+02   0.5173255335211E-18
  0.1816048281692E+02   0.5298112776259E-18
  0.1821258840515E+02   0.5438796661041E-18
  0.1826484349339E+02   0.5575911784160E-18
  0.1831724851057E+02   0.5706093816628E-18
  0.1836980388688E+02   0.5851438971075E-18
  0.1842251005372E+02   0.6007967259292E-18
  0.1847536744372E+02   0.6170553016824E-18
  0.1852837649079E+02   0.6348227904398E-18
  0.1858153763004E+02   0.6538295802663E-18
  0.1863485129787E+02   0.6732906148268E-18
  0.1868831793189E+02   0.6923283382117E-18
  0.1874193797099E+02   0.7132992554424E-18
  0.1879571185533E+02   0.7392254345528E-18
  0.1884964002631E+02   0.7599840861381E-18
  0.1890372292660E+02   0.7831294471811E-18
  0.1895796100015E+02   0.8061567982219E-18
  0.1901235469219E+02   0.8322482549712E-18
  0.1906690444920E+02   0.8602043146593E-18
  0.1912161071896E+02   0.8891417574392E-18
  0.1917647395054E+02   0.9190132412915E-18
  0.1923149459429E+02   0.9503205787823E-18
  0.1928667310184E+02   0.9793922076143E-18
  0.1934200992615E+02   0.1008942052558E-17
  0.1939750552144E+02   0.1043928902889E-17
  0.1945316034326E+02   0.1076999034958E-17
  0.1950897484846E+02   0.1116314176972E-17
  0.1956494949519E+02   0.1144773184723E-17
  0.1962108474294E+02   0.1186222493370E-17
  0.1967738105249E+02   0.1227103596377E-17
  0.1973383888595E+02   0.1264936665357E-17
  0.1979045870677E+02   0.1311384896138E-17
  0.1984724097972E+02   0.1353202458404E-17
  0.1990418617090E+02   0.1393355999512E-17
  0.1996129474776E+02   0.1439267478371E-17
  0.2001856717906E+02   0.1439281722713E-17
  0.2007600393495E+02   0.1515625682532E-17
  0.2013360548689E+02   0.1570747434789E-17
  0.2019137230772E+02   0.1615534090398E-17
  0.2024930487162E+02   0.1660146868905E-17
  0.2030740365414E+02   0.1705604316727E-17
  0.2036566913218E+02   0.1752472813787E-17
  0.2042410178402E+02   0.1799387971215E-17
  0.2048270208932E+02   0.1847216134995E-17
  0.2054147052911E+02   0.1895883938690E-17
  0.2060040758578E+02   0.1945239742542E-17
  0.2065951374313E+02   0.1995945476498E-17
  0.2071878948635E+02   0.2047552177423E-17
  0.2077823530199E+02   0.2100383417402E-17
  0.2083785167804E+02   0.2154326900871E-17
  0.2089763910385E+02   0.2205359877202E-17
  0.2095759807019E+02   0.2268627141575E-17
  0.2101772906926E+02   0.2335046497108E-17
  0.2107803259463E+02   0.2405681791701E-17
  0.2113850914133E+02   0.2479627921139E-17
  0.2119915920576E+02   0.2554387927526E-17
  0.2125998328580E+02   0.2633437107497E-17
  0.2132098188072E+02   0.2713638747228E-17
  0.2138215549123E+02   0.2794384793165E-17
  0.2144350461948E+02   0.2877257420206E-17
  0.2150502976906E+02   0.2962713960989E-17
  0.2156673144502E+02   0.3050174452424E-17
  0.2162861015383E+02   0.3138210692731E-17
  0.2169066640344E+02   0.3226805851947E-17
  0.2175290070323E+02   0.3317356552233E-17
  0.2181531356407E+02   0.3409447470517E-17
  0.2187790549827E+02   0.3504582411396E-17
  0.2194067701964E+02   0.3598628471530E-17
  0.2200362864344E+02   0.3694161538538E-17
  0.2206676088640E+02   0.3781838228071E-17
  0.2213007426677E+02   0.3870536126174E-17
  0.2219356930426E+02   0.3960854588721E-17
  0.2225724652006E+02   0.4049394163418E-17
  0.2232110643689E+02   0.4143802865637E-17
  0.2238514957895E+02   0.4237801868328E-17
  0.2244937647193E+02   0.4329468991955E-17
  0.2251378764305E+02   0.4422143018703E-17
  0.2257838362104E+02   0.4518580001764E-17
  0.2264316493615E+02   0.4625944003989E-17
  0.2270813212013E+02   0.4726047242692E-17
  0.2277328570628E+02   0.4826668050971E-17
  0.2283862622941E+02   0.4927663390158E-17
  0.2290415422588E+02   0.5033354061603E-17
  0.2296987023359E+02   0.5128235918397E-17
  0.2303577479197E+02   0.5222734276966E-17
  0.2310186844201E+02   0.5322643138781E-17
  0.2316815172624E+02   0.5419454037735E-17
  0.2323462518876E+02   0.5514510330049E-17
  0.2330128937522E+02   0.5613095982958E-17
  0.2336814483285E+02   0.5712407167494E-17
  0.2343519211042E+02   0.5812470596337E-17
  0.2350243175831E+02   0.5914263035489E-17
  0.2356986432846E+02   0.6020189769352E-17
  0.2363749037440E+02   0.6131069610182E-17
  0.2370531045125E+02   0.6248599791386E-17
  0.2377332511571E+02   0.6301666130358E-17
  0.2384153492608E+02   0.6412534450892E-17
  0.2390994044229E+02   0.6529655863737E-17
  0.2397854222583E+02   0.6642162382413E-17
  0.2404734083984E+02   0.6747779506182E-17
  0.2411633684905E+02   0.6847715338702E-17
  0.2418553081984E+02   0.6952443730983E-17
  0.2425492332017E+02   0.7064986498154E-17
  0.2432451491968E+02   0.7164464314281E-17
  0.2439430618960E+02   0.7266971341652E-17
  0.2446429770284E+02   0.7389114768608E-17
  0.2453449003391E+02   0.7533560668745E-17
  0.2460488375901E+02   0.7678405957626E-17
  0.2467547945597E+02   0.7806139735241E-17
  0.2474627770428E+02   0.8048263642796E-17
  0.2481727908509E+02   0.8404581241618E-17
  0.2488848418123E+02   0.8502938092774E-17
  0.2495989357720E+02   0.8601435237832E-17
  0.2503150785915E+02   0.8697980516342E-17
  0.2510332761496E+02   0.8791469225784E-17
  0.2517535343416E+02   0.8885833101613E-17
  0.2524758590797E+02   0.8980074078272E-17
  0.2532002562933E+02   0.9075430220319E-17
  0.2539267319287E+02   0.9170439578040E-17
  0.2546552919493E+02   0.9266039882531E-17
  0.2553859423354E+02   0.9362024380968E-17
  0.2561186890847E+02   0.9458567654855E-17
  0.2568535382121E+02   0.9555333260759E-17
  0.2575904957496E+02   0.9652539203852E-17
  0.2583295677467E+02   0.9749954875383E-17
  0.2590707602700E+02   0.9847588619723E-17
  0.2598140794038E+02   0.9945985932168E-17
  0.2605595312497E+02   0.1004536745994E-16
  0.2613071219267E+02   0.1014564765907E-16
  0.2620568575716E+02   0.1024601972949E-16
  0.2628087443386E+02   0.1034654578896E-16
  0.2635627883997E+02   0.1044754992343E-16
  0.2643189959446E+02   0.1054885685951E-16
  0.2650773731806E+02   0.1065090353932E-16
  0.2658379263330E+02   0.1075326553101E-16
  0.2666006616449E+02   0.1085576195954E-16
  0.2673655853772E+02   0.1095871725600E-16
  0.2681327038089E+02   0.1106194592908E-16
  0.2689020232370E+02   0.1116515424627E-16
  0.2696735499766E+02   0.1126893142226E-16
  0.2704472903607E+02   0.1137274445645E-16
  0.2712232507408E+02   0.1147675222991E-16
  0.2720014374864E+02   0.1158036123750E-16
  0.2727818569852E+02   0.1168451904135E-16
  0.2735645156436E+02   0.1178866262715E-16
  0.2743494198859E+02   0.1189297050943E-16
  0.2751365761552E+02   0.1199738801319E-16
  0.2759259909130E+02   0.1210201967541E-16
  0.2767176706391E+02   0.1220673052918E-16
  0.2775116218324E+02   0.1231155951790E-16
  0.2783078510098E+02   0.1241675724367E-16
  0.2791063647075E+02   0.1252177047030E-16
  0.2799071694800E+02   0.1262696104301E-16
  0.2807102719009E+02   0.1273659703355E-16
  0.2815156785625E+02   0.1284754163148E-16
  0.2823233960761E+02   0.1295802138582E-16
  0.2831334310720E+02   0.1306859327594E-16
  0.2839457901993E+02   0.1317963858459E-16
  0.2847604801265E+02   0.1329056738424E-16
  0.2855775075409E+02   0.1340139803621E-16
  0.2863968791493E+02   0.1351240964884E-16
  0.2872186016776E+02   0.1362341542417E-16
  0.2880426818709E+02   0.1373406541253E-16
  0.2888691264938E+02   0.1384494188811E-16
  0.2896979423303E+02   0.1395573606020E-16
  0.2905291361838E+02   0.1407053162538E-16
  0.2913627148772E+02   0.1418660331535E-16
  0.2921986852530E+02   0.1430295091540E-16
  0.2930370541735E+02   0.1441833891621E-16
  0.2938778285205E+02   0.1453383969814E-16
  0.2947210151954E+02   0.1464901266700E-16
  0.2955666211198E+02   0.1476390701258E-16
  0.2964146532349E+02   0.1487816047872E-16
  0.2972651185018E+02   0.1499222373421E-16
  0.2981180239017E+02   0.1510606738814E-16
  0.2989733764357E+02   0.1521919357345E-16
  0.2998311831252E+02   0.1533192983294E-16
  0.3006914510114E+02   0.1544504635514E-16
  0.3015541871560E+02   0.1555922346840E-16
  0.3024193986409E+02   0.1567271619551E-16
  0.3032870925683E+02   0.1578582221717E-16
  0.3041572760606E+02   0.1589808884365E-16
  0.3050299562609E+02   0.1601034497952E-16
  0.3059051403328E+02   0.1612179406122E-16
  0.3067828354601E+02   0.1623241281134E-16
  0.3076630488477E+02   0.1634274637501E-16
  0.3085457877208E+02   0.1645248742010E-16
  0.3094310593254E+02   0.1656156005118E-16
  0.3103188709285E+02   0.1666978951208E-16
  0.3112092298177E+02   0.1677748300873E-16
  0.3121021433016E+02   0.1688454127089E-16
  0.3129976187098E+02   0.1699103777766E-16
  0.3138956633929E+02   0.1709673693580E-16
  0.3147962847227E+02   0.1720185424101E-16
  0.3156994900919E+02   0.1730654971514E-16
  0.3166052869146E+02   0.1741023074881E-16
  0.3175136826261E+02   0.1751340234520E-16
  0.3184246846832E+02   0.1761655404204E-16
  0.3193383005639E+02   0.1772027691192E-16
  0.3202545377676E+02   0.1782325059791E-16
  0.3211734038154E+02   0.1792528602869E-16
  0.3220949062500E+02   0.1802753608803E-16
  0.3230190526356E+02   0.1813059463226E-16
  0.3239458505581E+02   0.1823266803305E-16
  0.3248753076253E+02   0.1833431813659E-16
  0.3258074314666E+02   0.1843552174335E-16
  0.3267422297337E+02   0.1853577239528E-16
  0.3276797100997E+02   0.1863556909595E-16
  0.3286198802603E+02   0.1873439327281E-16
  0.3295627479327E+02   0.1883277247194E-16
  0.3305083208568E+02   0.1893046045997E-16
  0.3314566067942E+02   0.1902754600350E-16
  0.3324076135292E+02   0.1912382659791E-16
  0.3333613488681E+02   0.1921935336822E-16
  0.3343178206398E+02   0.1931420716560E-16
  0.3352770366956E+02   0.1940850221520E-16
  0.3362390049094E+02   0.1950190208230E-16
  0.3372037331775E+02   0.1959489597981E-16
  0.3381712294190E+02   0.1968778696929E-16
  0.3391415015758E+02   0.1977994821914E-16
  0.3401145576124E+02   0.1987122004644E-16
  0.3410904055162E+02   0.1996296369803E-16
  0.3420690532976E+02   0.2005644327902E-16
  0.3430505089900E+02   0.2014935723123E-16
  0.3440347806497E+02   0.2024132154911E-16
  0.3450218763562E+02   0.2033278340059E-16
  0.3460118042122E+02   0.2042364552186E-16
  0.3470045723436E+02   0.2051404894838E-16
  0.3480001888998E+02   0.2060343190989E-16
  0.3489986620532E+02   0.2069220699306E-16
  0.3500000000000E+02   0.2078053792079E-16
