           1
        1000
  
  0.2000000000000E+01   0.2363815444573E-20
  0.2005738348342E+01   0.2389486136524E-20
  0.2011493161004E+01   0.2453358878452E-20
  0.2017264485226E+01   0.2514943609702E-20
  0.2023052368383E+01   0.2600651715786E-20
  0.2028856857985E+01   0.2659250890828E-20
  0.2034678001678E+01   0.2735978805865E-20
  0.2040515847246E+01   0.2819323953049E-20
  0.2046370442610E+01   0.2892953513307E-20
  0.2052241835828E+01   0.2990709034664E-20
  0.2058130075096E+01   0.3067505650692E-20
  0.2064035208748E+01   0.3142155859891E-20
  0.2069957285256E+01   0.3195797599382E-20
  0.2075896353234E+01   0.3249391954811E-20
  0.2081852461432E+01   0.3303380214535E-20
  0.2087825658742E+01   0.3357705558259E-20
  0.2093815994195E+01   0.3414637549249E-20
  0.2099823516964E+01   0.3470681869900E-20
  0.2105848276362E+01   0.3528521564835E-20
  0.2111890321844E+01   0.3586764435104E-20
  0.2117949703007E+01   0.3645787313210E-20
  0.2124026469590E+01   0.3704244844909E-20
  0.2130120671475E+01   0.3756918421523E-20
  0.2136232358686E+01   0.3807669174264E-20
  0.2142361581393E+01   0.3866758205718E-20
  0.2148508389907E+01   0.3933508147601E-20
  0.2154672834685E+01   0.3998425264752E-20
  0.2160854966329E+01   0.4063747863515E-20
  0.2167054835585E+01   0.4130651048562E-20
  0.2173272493346E+01   0.4198381342663E-20
  0.2179507990650E+01   0.4266478425454E-20
  0.2185761378682E+01   0.4332243653577E-20
  0.2192032708773E+01   0.4397334925803E-20
  0.2198322032403E+01   0.4462058149681E-20
  0.2204629401197E+01   0.4530743075821E-20
  0.2210954866931E+01   0.4599480735262E-20
  0.2217298481528E+01   0.4667974773972E-20
  0.2223660297061E+01   0.4735706843453E-20
  0.2230040365750E+01   0.4804208774696E-20
  0.2236438739967E+01   0.4874285269929E-20
  0.2242855472234E+01   0.4947220042526E-20
  0.2249290615224E+01   0.5023156608768E-20
  0.2255744221760E+01   0.5099390161715E-20
  0.2262216344817E+01   0.5173829001429E-20
  0.2268707037522E+01   0.5243907166640E-20
  0.2275216353156E+01   0.5315476617385E-20
  0.2281744345149E+01   0.5391823324296E-20
  0.2288291067089E+01   0.5469287892085E-20
  0.2294856572714E+01   0.5546608794080E-20
  0.2301440915918E+01   0.5626029346329E-20
  0.2308044150750E+01   0.5704637241567E-20
  0.2314666331412E+01   0.5782283455822E-20
  0.2321307512264E+01   0.5859768277440E-20
  0.2327967747821E+01   0.5940767788599E-20
  0.2334647092753E+01   0.6017055858072E-20
  0.2341345601890E+01   0.6097496766645E-20
  0.2348063330216E+01   0.6178413495353E-20
  0.2354800332874E+01   0.6262023827178E-20
  0.2361556665167E+01   0.6348169487844E-20
  0.2368332382554E+01   0.6432624542349E-20
  0.2375127540653E+01   0.6523283811537E-20
  0.2381942195246E+01   0.6606272649774E-20
  0.2388776402269E+01   0.6697209849487E-20
  0.2395630217822E+01   0.6783678125533E-20
  0.2402503698166E+01   0.6874304832004E-20
  0.2409396899722E+01   0.6960608488244E-20
  0.2416309879074E+01   0.7050495644701E-20
  0.2423242692967E+01   0.7140520391531E-20
  0.2430195398312E+01   0.7235149176641E-20
  0.2437168052179E+01   0.7328829295883E-20
  0.2444160711804E+01   0.7423205715279E-20
  0.2451173434587E+01   0.7529076255761E-20
  0.2458206278094E+01   0.7627321544117E-20
  0.2465259300054E+01   0.7733061483446E-20
  0.2472332558362E+01   0.7837186648330E-20
  0.2479426111080E+01   0.7936479755967E-20
  0.2486540016437E+01   0.8041275262286E-20
  0.2493674332826E+01   0.8152514299239E-20
  0.2500829118813E+01   0.8212098456084E-20
  0.2508004433126E+01   0.8325604266603E-20
  0.2515200334666E+01   0.8448595925597E-20
  0.2522416882500E+01   0.8572544152138E-20
  0.2529654135868E+01   0.8696123810182E-20
  0.2536912154175E+01   0.8821377061713E-20
  0.2544190997002E+01   0.8943096688126E-20
  0.2551490724096E+01   0.9070137631319E-20
  0.2558811395379E+01   0.9197823093311E-20
  0.2566153070942E+01   0.9327623328439E-20
  0.2573515811052E+01   0.9461973238224E-20
  0.2580899676145E+01   0.9593532122705E-20
  0.2588304726834E+01   0.9728346468901E-20
  0.2595731023902E+01   0.9873754074071E-20
  0.2603178628310E+01   0.1000601815698E-19
  0.2610647601193E+01   0.1015062044073E-19
  0.2618138003859E+01   0.1029825128971E-19
  0.2625649897795E+01   0.1044490435523E-19
  0.2633183344664E+01   0.1059324086047E-19
  0.2640738406303E+01   0.1074975480999E-19
  0.2648315144731E+01   0.1090332377861E-19
  0.2655913622140E+01   0.1106396611982E-19
  0.2663533900905E+01   0.1123554882280E-19
  0.2671176043576E+01   0.1144426178277E-19
  0.2678840112886E+01   0.1166629291358E-19
  0.2686526171746E+01   0.1191788015894E-19
  0.2694234283247E+01   0.1203873180099E-19
  0.2701964510663E+01   0.1234394257282E-19
  0.2709716917447E+01   0.1249291484882E-19
  0.2717491567237E+01   0.1278560094046E-19
  0.2725288523851E+01   0.1311397012201E-19
  0.2733107851292E+01   0.1341635809137E-19
  0.2740949613745E+01   0.1364137437948E-19
  0.2748813875580E+01   0.1386531748186E-19
  0.2756700701352E+01   0.1422103419183E-19
  0.2764610155801E+01   0.1469707224660E-19
  0.2772542303853E+01   0.1526941356237E-19
  0.2780497210618E+01   0.1582399987383E-19
  0.2788474941397E+01   0.1641187706030E-19
  0.2796475561675E+01   0.1708542518072E-19
  0.2804499137126E+01   0.1460747902901E-19
  0.2812545733612E+01   0.1026354997434E-19
  0.2820615417185E+01   0.6537224243028E-20
  0.2828708254086E+01   0.3650436802969E-20
  0.2836824310746E+01   0.1794914589643E-20
  0.2844963653785E+01   0.7563436870424E-21
  0.2853126350018E+01   0.2720419558745E-21
  0.2861312466447E+01   0.8847859031168E-22
  0.2869522070270E+01   0.2581182404379E-22
  0.2877755228877E+01   0.7450653208841E-23
  0.2886012009850E+01   0.2253316681858E-23
  0.2894292480965E+01   0.7454957425042E-24
  0.2902596710194E+01   0.2805496665169E-24
  0.2910924765703E+01   0.1261695653086E-24
  0.2919276715854E+01   0.6304859155486E-25
  0.2927652629205E+01   0.3857810955720E-25
  0.2936052574510E+01   0.2544404204807E-25
  0.2944476620721E+01   0.1933894553282E-25
  0.2952924836988E+01   0.1586847921478E-25
  0.2961397292658E+01   0.1344402700159E-25
  0.2969894057280E+01   0.1192676407475E-25
  0.2978415200599E+01   0.1109693101037E-25
  0.2986960792563E+01   0.1103066591236E-25
  0.2995530903318E+01   0.1005382857719E-25
  0.3004125603214E+01   0.1016709203599E-25
  0.3012744962800E+01   0.1050290695534E-25
  0.3021389052831E+01   0.1086356980120E-25
  0.3030057944261E+01   0.1192608404633E-25
  0.3038751708251E+01   0.1340156525575E-25
  0.3047470416164E+01   0.1602623920692E-25
  0.3056214139568E+01   0.2037660371976E-25
  0.3064982950238E+01   0.2663211382864E-25
  0.3073776920153E+01   0.3511745212352E-25
  0.3082596121499E+01   0.4890573068987E-25
  0.3091440626670E+01   0.7047624088307E-25
  0.3100310508267E+01   0.1013518127694E-24
  0.3109205839099E+01   0.1497019188619E-24
  0.3118126692184E+01   0.2379926187382E-24
  0.3127073140750E+01   0.3792299594138E-24
  0.3136045258236E+01   0.6111669886793E-24
  0.3145043118290E+01   0.1010036129339E-23
  0.3154066794771E+01   0.1680469595656E-23
  0.3163116361751E+01   0.2855669353166E-23
  0.3172191893516E+01   0.4893532046652E-23
  0.3181293464562E+01   0.8407167933088E-23
  0.3190421149600E+01   0.1452973293947E-22
  0.3199575023556E+01   0.2492713218482E-22
  0.3208755161572E+01   0.4260384601826E-22
  0.3217961639002E+01   0.7244570866954E-22
  0.3227194531419E+01   0.1214106490539E-21
  0.3236453914613E+01   0.1993547115612E-21
  0.3245739864590E+01   0.3186432350447E-21
  0.3255052457574E+01   0.4914634153722E-21
  0.3264391770010E+01   0.7277846237563E-21
  0.3273757878560E+01   0.1029361197942E-20
  0.3283150860107E+01   0.1390855963501E-20
  0.3292570791754E+01   0.1800654314817E-20
  0.3302017750825E+01   0.2246906382261E-20
  0.3311491814867E+01   0.2708792424966E-20
  0.3320993061649E+01   0.3172227748844E-20
  0.3330521569163E+01   0.3631328384391E-20
  0.3340077415625E+01   0.4081583283272E-20
  0.3349660679474E+01   0.4523458016412E-20
  0.3359271439377E+01   0.4938004815345E-20
  0.3368909774224E+01   0.5325563831304E-20
  0.3378575763132E+01   0.5693551625299E-20
  0.3388269485445E+01   0.6066041183908E-20
  0.3397991020737E+01   0.6401263739260E-20
  0.3407740448806E+01   0.6704331181695E-20
  0.3417517849683E+01   0.7019599396633E-20
  0.3427323303625E+01   0.7283862652897E-20
  0.3437156891123E+01   0.7553582101665E-20
  0.3447018692896E+01   0.7814541913499E-20
  0.3456908789896E+01   0.8055339221502E-20
  0.3466827263307E+01   0.8269654564906E-20
  0.3476774194546E+01   0.8487601061120E-20
  0.3486749665263E+01   0.8682643990770E-20
  0.3496753757342E+01   0.8887774331926E-20
  0.3506786552905E+01   0.9087090253631E-20
  0.3516848134305E+01   0.9290920062330E-20
  0.3526938584134E+01   0.9453409312365E-20
  0.3537057985222E+01   0.9662691277589E-20
  0.3547206420634E+01   0.9903798754446E-20
  0.3557383973675E+01   0.1012840583255E-19
  0.3567590727888E+01   0.1034502500254E-19
  0.3577826767056E+01   0.1054460302973E-19
  0.3588092175204E+01   0.1077264090968E-19
  0.3598387036595E+01   0.1101162591317E-19
  0.3608711435738E+01   0.1113935735842E-19
  0.3619065457379E+01   0.1133399155588E-19
  0.3629449186512E+01   0.1151561923027E-19
  0.3639862708372E+01   0.1169577745750E-19
  0.3650306108440E+01   0.1187333906663E-19
  0.3660779472442E+01   0.1203728765612E-19
  0.3671282886350E+01   0.1223018322789E-19
  0.3681816436381E+01   0.1238970353241E-19
  0.3692380209002E+01   0.1255576922682E-19
  0.3702974290926E+01   0.1273084711714E-19
  0.3713598769117E+01   0.1289259826867E-19
  0.3724253730786E+01   0.1306470315859E-19
  0.3734939263396E+01   0.1322513666190E-19
  0.3745655454660E+01   0.1339083764031E-19
  0.3756402392544E+01   0.1355191663363E-19
  0.3767180165264E+01   0.1371701822431E-19
  0.3777988861291E+01   0.1385878181735E-19
  0.3788828569349E+01   0.1399821916846E-19
  0.3799699378418E+01   0.1413971077209E-19
  0.3810601377731E+01   0.1427429118869E-19
  0.3821534656780E+01   0.1439439533905E-19
  0.3832499305310E+01   0.1451529138615E-19
  0.3843495413326E+01   0.1464706449015E-19
  0.3854523071092E+01   0.1477152384094E-19
  0.3865582369128E+01   0.1490426837305E-19
  0.3876673398217E+01   0.1504282805884E-19
  0.3887796249400E+01   0.1519289402841E-19
  0.3898951013980E+01   0.1533037520370E-19
  0.3910137783523E+01   0.1548345338741E-19
  0.3921356649856E+01   0.1562901494987E-19
  0.3932607705070E+01   0.1575694738779E-19
  0.3943891041521E+01   0.1590827242578E-19
  0.3955206751830E+01   0.1606151384736E-19
  0.3966554928883E+01   0.1618937073999E-19
  0.3977935665832E+01   0.1630546877662E-19
  0.3989349056097E+01   0.1642451867509E-19
  0.4000795193368E+01   0.1649332294512E-19
  0.4012274171599E+01   0.1657974303450E-19
  0.4023786085019E+01   0.1663075403942E-19
  0.4035331028123E+01   0.1669523418790E-19
  0.4046909095679E+01   0.1674776389985E-19
  0.4058520382728E+01   0.1679311460491E-19
  0.4070164984582E+01   0.1683074072956E-19
  0.4081842996827E+01   0.1696006640283E-19
  0.4093554515323E+01   0.1710317940960E-19
  0.4105299636205E+01   0.1728187586869E-19
  0.4117078455885E+01   0.1751182419543E-19
  0.4128891071050E+01   0.1778624208745E-19
  0.4140737578665E+01   0.1816122396686E-19
  0.4152618075974E+01   0.1853402185738E-19
  0.4164532660498E+01   0.1895596207543E-19
  0.4176481430042E+01   0.1962092792623E-19
  0.4188464482686E+01   0.2053639884536E-19
  0.4200481916795E+01   0.2069296016346E-19
  0.4212533831015E+01   0.1887700795504E-19
  0.4224620324277E+01   0.1806179798255E-19
  0.4236741495793E+01   0.6814963248718E-20
  0.4248897445061E+01   0.5054045855266E-23
  0.4261088271865E+01   0.4765146341835E-25
  0.4273314076274E+01   0.5548908460170E-24
  0.4285574958646E+01   0.1334666721722E-20
  0.4297871019624E+01   0.8206412725304E-20
  0.4310202360143E+01   0.1041825670421E-19
  0.4322569081426E+01   0.1140158145855E-19
  0.4334971284986E+01   0.1206653526463E-19
  0.4347409072628E+01   0.1257705717256E-19
  0.4359882546449E+01   0.1292253777073E-19
  0.4372391808839E+01   0.1287696952019E-19
  0.4384936962482E+01   0.1081657983816E-19
  0.4397518110355E+01   0.1173513590087E-19
  0.4410135355733E+01   0.1328196051063E-19
  0.4422788802186E+01   0.1335955923764E-19
  0.4435478553580E+01   0.1339432240382E-19
  0.4448204714081E+01   0.1338378331362E-19
  0.4460967388154E+01   0.1338217551316E-19
  0.4473766680561E+01   0.1334969019629E-19
  0.4486602696367E+01   0.1332420758612E-19
  0.4499475540938E+01   0.1333055017972E-19
  0.4512385319942E+01   0.1332766031180E-19
  0.4525332139351E+01   0.1333557630592E-19
  0.4538316105440E+01   0.1338390117090E-19
  0.4551337324788E+01   0.1345005492456E-19
  0.4564395904283E+01   0.1356566698584E-19
  0.4577491951117E+01   0.1368535472184E-19
  0.4590625572791E+01   0.1383650506762E-19
  0.4603796877112E+01   0.1401640480292E-19
  0.4617005972199E+01   0.1421172027692E-19
  0.4630252966481E+01   0.1443863415208E-19
  0.4643537968697E+01   0.1467417831140E-19
  0.4656861087898E+01   0.1470512613366E-19
  0.4670222433449E+01   0.1373401382554E-19
  0.4683622115027E+01   0.1498190906912E-19
  0.4697060242625E+01   0.1573861869962E-19
  0.4710536926552E+01   0.1603643159260E-19
  0.4724052277433E+01   0.1632979746518E-19
  0.4737606406209E+01   0.1662415738224E-19
  0.4751199424141E+01   0.1690231612516E-19
  0.4764831442809E+01   0.1720069967259E-19
  0.4778502574113E+01   0.1745235354204E-19
  0.4792212930274E+01   0.1778718539386E-19
  0.4805962623834E+01   0.1806888727574E-19
  0.4819751767661E+01   0.1836868575680E-19
  0.4833580474942E+01   0.1866542805028E-19
  0.4847448859194E+01   0.1894056799006E-19
  0.4861357034255E+01   0.1921860706512E-19
  0.4875305114293E+01   0.1950003798994E-19
  0.4889293213801E+01   0.1978709808454E-19
  0.4903321447604E+01   0.2008218427780E-19
  0.4917389930853E+01   0.2034518284460E-19
  0.4931498779030E+01   0.2063963051777E-19
  0.4945648107950E+01   0.2090126154655E-19
  0.4959838033760E+01   0.2115424277366E-19
  0.4974068672938E+01   0.2139962983050E-19
  0.4988340142298E+01   0.2166152115105E-19
  0.5002652558990E+01   0.2189953201945E-19
  0.5017006040497E+01   0.2214588856163E-19
  0.5031400704644E+01   0.2235498246333E-19
  0.5045836669588E+01   0.2257155229622E-19
  0.5060314053831E+01   0.2278614071732E-19
  0.5074832976211E+01   0.2295921818071E-19
  0.5089393555907E+01   0.2311752153118E-19
  0.5103995912443E+01   0.2327064745454E-19
  0.5118640165683E+01   0.2341162969424E-19
  0.5133326435836E+01   0.2355663177186E-19
  0.5148054843456E+01   0.2367325962531E-19
  0.5162825509443E+01   0.2377139841898E-19
  0.5177638555043E+01   0.2388599121888E-19
  0.5192494101851E+01   0.2398158183725E-19
  0.5207392271810E+01   0.2406696965293E-19
  0.5222333187214E+01   0.2414832545643E-19
  0.5237316970706E+01   0.2423393500226E-19
  0.5252343745283E+01   0.2429723935273E-19
  0.5267413634293E+01   0.2437063958522E-19
  0.5282526761440E+01   0.2446144400177E-19
  0.5297683250780E+01   0.2452597193700E-19
  0.5312883226729E+01   0.2456471895924E-19
  0.5328126814055E+01   0.2460431615012E-19
  0.5343414137889E+01   0.2465536617613E-19
  0.5358745323718E+01   0.2466596757497E-19
  0.5374120497388E+01   0.2465382297798E-19
  0.5389539785110E+01   0.2467138055425E-19
  0.5405003313454E+01   0.2464395719670E-19
  0.5420511209355E+01   0.2465454891163E-19
  0.5436063600109E+01   0.2460748813740E-19
  0.5451660613382E+01   0.2454068447546E-19
  0.5467302377202E+01   0.2449327768272E-19
  0.5482989019966E+01   0.2443488751961E-19
  0.5498720670441E+01   0.2434524433229E-19
  0.5514497457762E+01   0.2428757403310E-19
  0.5530319511432E+01   0.2418825103480E-19
  0.5546186961331E+01   0.2407851717829E-19
  0.5562099937707E+01   0.2394882777439E-19
  0.5578058571184E+01   0.2377808674950E-19
  0.5594062992760E+01   0.2354851567649E-19
  0.5610113333808E+01   0.2330618881304E-19
  0.5626209726081E+01   0.2301794918837E-19
  0.5642352301707E+01   0.2263612096157E-19
  0.5658541193194E+01   0.2220618918514E-19
  0.5674776533430E+01   0.2167968073232E-19
  0.5691058455685E+01   0.2109005062312E-19
  0.5707387093610E+01   0.2040435271624E-19
  0.5723762581242E+01   0.1958281019248E-19
  0.5740185053000E+01   0.1866563993301E-19
  0.5756654643690E+01   0.1760114865240E-19
  0.5773171488504E+01   0.1646744523089E-19
  0.5789735723023E+01   0.1520214354140E-19
  0.5806347483215E+01   0.1394025129229E-19
  0.5823006905441E+01   0.1270596621264E-19
  0.5839714126450E+01   0.1146203131703E-19
  0.5856469283387E+01   0.1040579527789E-19
  0.5873272513787E+01   0.9479865662446E-20
  0.5890123955582E+01   0.8679144067237E-20
  0.5907023747098E+01   0.8035598706673E-20
  0.5923972027060E+01   0.7520943232512E-20
  0.5940968934588E+01   0.7136259754844E-20
  0.5958014609205E+01   0.6809249588460E-20
  0.5975109190831E+01   0.6583149548244E-20
  0.5992252819789E+01   0.6403835770547E-20
  0.6009445636805E+01   0.6266725324872E-20
  0.6026687783007E+01   0.6171764418832E-20
  0.6043979399930E+01   0.6139274465439E-20
  0.6061320629513E+01   0.6141043802046E-20
  0.6078711614104E+01   0.6254697196827E-20
  0.6096152496459E+01   0.6455539269911E-20
  0.6113643419744E+01   0.6822779788345E-20
  0.6131184527533E+01   0.7265806251214E-20
  0.6148775963816E+01   0.7772308283133E-20
  0.6166417872994E+01   0.8307404151627E-20
  0.6184110399881E+01   0.8831377727893E-20
  0.6201853689710E+01   0.9262176728877E-20
  0.6219647888128E+01   0.9640092268430E-20
  0.6237493141200E+01   0.9982623676105E-20
  0.6255389595412E+01   0.1029753750868E-19
  0.6273337397667E+01   0.1057450361424E-19
  0.6291336695293E+01   0.1084039587041E-19
  0.6309387636040E+01   0.1110923926292E-19
  0.6327490368079E+01   0.1138269638759E-19
  0.6345645040009E+01   0.1167040266868E-19
  0.6363851800855E+01   0.1192472481920E-19
  0.6382110800069E+01   0.1221601694327E-19
  0.6400422187532E+01   0.1248537824774E-19
  0.6418786113555E+01   0.1277360011892E-19
  0.6437202728880E+01   0.1300197221919E-19
  0.6455672184682E+01   0.1324128676787E-19
  0.6474194632569E+01   0.1346338508626E-19
  0.6492770224586E+01   0.1372582052406E-19
  0.6511399113211E+01   0.1390878510764E-19
  0.6530081451363E+01   0.1411349822886E-19
  0.6548817392397E+01   0.1432171900499E-19
  0.6567607090108E+01   0.1452377620526E-19
  0.6586450698735E+01   0.1473452775853E-19
  0.6605348372958E+01   0.1495608552621E-19
  0.6624300267898E+01   0.1519416316002E-19
  0.6643306539127E+01   0.1547260262846E-19
  0.6662367342658E+01   0.1568622342921E-19
  0.6681482834954E+01   0.1595966092238E-19
  0.6700653172927E+01   0.1619695012566E-19
  0.6719878513938E+01   0.1639587090666E-19
  0.6739159015801E+01   0.1658753982924E-19
  0.6758494836783E+01   0.1675651888035E-19
  0.6777886135602E+01   0.1699492837694E-19
  0.6797333071435E+01   0.1727233028677E-19
  0.6816835803914E+01   0.1741727972441E-19
  0.6836394493129E+01   0.1761735090040E-19
  0.6856009299631E+01   0.1790306420227E-19
  0.6875680384428E+01   0.1807497159569E-19
  0.6895407908994E+01   0.1827158740897E-19
  0.6915192035264E+01   0.1851765066930E-19
  0.6935032925638E+01   0.1876486496109E-19
  0.6954930742982E+01   0.1898051344136E-19
  0.6974885650629E+01   0.1918685015097E-19
  0.6994897812383E+01   0.1942644558255E-19
  0.7014967392513E+01   0.1962944727664E-19
  0.7035094555765E+01   0.1988956836301E-19
  0.7055279467354E+01   0.2018650464483E-19
  0.7075522292970E+01   0.2044840258358E-19
  0.7095823198778E+01   0.2072917416097E-19
  0.7116182351420E+01   0.2103925676017E-19
  0.7136599918018E+01   0.2129255750856E-19
  0.7157076066170E+01   0.2161659641190E-19
  0.7177610963958E+01   0.2191756754766E-19
  0.7198204779944E+01   0.2218067646639E-19
  0.7218857683175E+01   0.2240652080375E-19
  0.7239569843182E+01   0.2262311775723E-19
  0.7260341429984E+01   0.2301393193294E-19
  0.7281172614086E+01   0.2340001279595E-19
  0.7302063566484E+01   0.2376783340538E-19
  0.7323014458663E+01   0.2414060573129E-19
  0.7344025462600E+01   0.2451210810106E-19
  0.7365096750767E+01   0.2489610224219E-19
  0.7386228496130E+01   0.2528671717918E-19
  0.7407420872151E+01   0.2567643369916E-19
  0.7428674052790E+01   0.2607897472554E-19
  0.7449988212505E+01   0.2650807429729E-19
  0.7471363526258E+01   0.2696265535971E-19
  0.7492800169508E+01   0.2743705307588E-19
  0.7514298318222E+01   0.2783122909049E-19
  0.7535858148868E+01   0.2823250857104E-19
  0.7557479838424E+01   0.2872877472784E-19
  0.7579163564373E+01   0.2923397204761E-19
  0.7600909504708E+01   0.2973513035459E-19
  0.7622717837934E+01   0.3019422236362E-19
  0.7644588743066E+01   0.3062695637347E-19
  0.7666522399634E+01   0.3108124569517E-19
  0.7688518987683E+01   0.3150333844609E-19
  0.7710578687774E+01   0.3189999756867E-19
  0.7732701680988E+01   0.3224985517483E-19
  0.7754888148921E+01   0.3257548946082E-19
  0.7777138273696E+01   0.3278187367458E-19
  0.7799452237954E+01   0.3292824799540E-19
  0.7821830224861E+01   0.3299969920291E-19
  0.7844272418111E+01   0.3302301393124E-19
  0.7866779001922E+01   0.3286877030352E-19
  0.7889350161042E+01   0.3262386464976E-19
  0.7911986080749E+01   0.3230533915085E-19
  0.7934686946851E+01   0.3182540803688E-19
  0.7957452945693E+01   0.3130839419141E-19
  0.7980284264150E+01   0.3066702538233E-19
  0.8003181089637E+01   0.3050821518199E-19
  0.8026143610103E+01   0.3007888213027E-19
  0.8049172014041E+01   0.2943307831369E-19
  0.8072266490480E+01   0.2856704737463E-19
  0.8095427228995E+01   0.2781942793199E-19
  0.8118654419702E+01   0.2674537848842E-19
  0.8141948253265E+01   0.2545421664849E-19
  0.8165308920893E+01   0.2388938606929E-19
  0.8188736614346E+01   0.2280121251637E-19
  0.8212231525931E+01   0.2210261055032E-19
  0.8235793848510E+01   0.2185885485763E-19
  0.8259423775497E+01   0.2145537584109E-19
  0.8283121500859E+01   0.2165333228202E-19
  0.8306887219123E+01   0.2156810980064E-19
  0.8330721125372E+01   0.2117840961476E-19
  0.8354623415250E+01   0.2053093061487E-19
  0.8378594284960E+01   0.2006594623891E-19
  0.8402633931270E+01   0.1938128501737E-19
  0.8426742551512E+01   0.1899555249578E-19
  0.8450920343585E+01   0.1836966556708E-19
  0.8475167505955E+01   0.1786955791153E-19
  0.8499484237656E+01   0.1723152529310E-19
  0.8523870738296E+01   0.1644133484271E-19
  0.8548327208054E+01   0.1550477293649E-19
  0.8572853847683E+01   0.1463945873466E-19
  0.8597450858513E+01   0.1372063285339E-19
  0.8622118442451E+01   0.1299047616765E-19
  0.8646856801984E+01   0.1226780557689E-19
  0.8671666140179E+01   0.1152886088437E-19
  0.8696546660687E+01   0.1078027545620E-19
  0.8721498567741E+01   0.9996930743363E-20
  0.8746522066162E+01   0.9187515981727E-20
  0.8771617361359E+01   0.8453189959197E-20
  0.8796784659329E+01   0.7724362263535E-20
  0.8822024166659E+01   0.7144668808760E-20
  0.8847336090533E+01   0.6600263832452E-20
  0.8872720638724E+01   0.6119109637467E-20
  0.8898178019606E+01   0.5642779971853E-20
  0.8923708442147E+01   0.5179837121793E-20
  0.8949312115917E+01   0.4717535447221E-20
  0.8974989251087E+01   0.4286935525150E-20
  0.9000740058430E+01   0.3890834995775E-20
  0.9026564749324E+01   0.3723623885096E-20
  0.9052463535754E+01   0.3560417278558E-20
  0.9078436630313E+01   0.3396459679031E-20
  0.9104484246204E+01   0.3244944883979E-20
  0.9130606597242E+01   0.3091491713890E-20
  0.9156803897854E+01   0.2941236596667E-20
  0.9183076363086E+01   0.2788009259428E-20
  0.9209424208595E+01   0.2687877417159E-20
  0.9235847650663E+01   0.2676463903971E-20
  0.9262346906188E+01   0.2662984675435E-20
  0.9288922192692E+01   0.2650867826568E-20
  0.9315573728322E+01   0.2642527077754E-20
  0.9342301731850E+01   0.2647409924984E-20
  0.9369106422675E+01   0.2654398925696E-20
  0.9395988020826E+01   0.2656455234360E-20
  0.9422946746965E+01   0.2785928620287E-20
  0.9449982822385E+01   0.2950440861313E-20
  0.9477096469013E+01   0.3137725649890E-20
  0.9504287909417E+01   0.3306483310151E-20
  0.9531557366798E+01   0.3504050876360E-20
  0.9558905065003E+01   0.3721334294823E-20
  0.9586331228517E+01   0.3961905731700E-20
  0.9613836082471E+01   0.4235183580576E-20
  0.9641419852641E+01   0.4572190557571E-20
  0.9669082765452E+01   0.4939710926084E-20
  0.9696825047978E+01   0.5320474010901E-20
  0.9724646927945E+01   0.5719025832300E-20
  0.9752548633731E+01   0.6114689524971E-20
  0.9780530394371E+01   0.6522252416664E-20
  0.9808592439555E+01   0.6978484392979E-20
  0.9836734999635E+01   0.7530887411192E-20
  0.9864958305621E+01   0.8164232053029E-20
  0.9893262589188E+01   0.8929786246448E-20
  0.9921648082674E+01   0.9788667098666E-20
  0.9950115019085E+01   0.1070121187866E-19
  0.9978663632094E+01   0.1164119797760E-19
  0.1000729415605E+02   0.1261532248747E-19
  0.1003600682596E+02   0.1360974640657E-19
  0.1006480187752E+02   0.1465350478087E-19
  0.1009367954710E+02   0.1565576003627E-19
  0.1012264007175E+02   0.1681779419079E-19
  0.1015168368918E+02   0.1793333541888E-19
  0.1018081063781E+02   0.1902090640026E-19
  0.1021002115673E+02   0.2015900086546E-19
  0.1023931548572E+02   0.2128257172714E-19
  0.1026869386524E+02   0.2238986292646E-19
  0.1029815653645E+02   0.2335027484421E-19
  0.1032770374119E+02   0.2429326302147E-19
  0.1035733572201E+02   0.2513429418551E-19
  0.1038705272214E+02   0.2586149950819E-19
  0.1041685498552E+02   0.2672265878404E-19
  0.1044674275678E+02   0.2745281557580E-19
  0.1047671628127E+02   0.2827474121798E-19
  0.1050677580502E+02   0.2870206945681E-19
  0.1053692157478E+02   0.2911843284759E-19
  0.1056715383800E+02   0.2926237705115E-19
  0.1059747284285E+02   0.2923469537550E-19
  0.1062787883821E+02   0.2918552653488E-19
  0.1065837207366E+02   0.2904851104173E-19
  0.1068895279952E+02   0.2865397034045E-19
  0.1071962126681E+02   0.2832532034484E-19
  0.1075037772726E+02   0.2791844565098E-19
  0.1078122243337E+02   0.2731902103315E-19
  0.1081215563830E+02   0.2688479515012E-19
  0.1084317759599E+02   0.2642737080479E-19
  0.1087428856108E+02   0.2604652802737E-19
  0.1090548878894E+02   0.2549572794655E-19
  0.1093677853570E+02   0.2498917301105E-19
  0.1096815805818E+02   0.2444693913619E-19
  0.1099962761399E+02   0.2402728917985E-19
  0.1103118746143E+02   0.2370237120447E-19
  0.1106283785956E+02   0.2332495946946E-19
  0.1109457906821E+02   0.2297415877132E-19
  0.1112641134790E+02   0.2270911245793E-19
  0.1115833495996E+02   0.2248330485205E-19
  0.1119035016641E+02   0.2223437589013E-19
  0.1122245723007E+02   0.2219847100451E-19
  0.1125465641449E+02   0.2203513353023E-19
  0.1128694798398E+02   0.2217747896540E-19
  0.1131933220360E+02   0.2214874696039E-19
  0.1135180933919E+02   0.2219911237968E-19
  0.1138437965734E+02   0.2224664057279E-19
  0.1141704342540E+02   0.2254670668244E-19
  0.1144980091151E+02   0.2300072694035E-19
  0.1148265238454E+02   0.2346891183376E-19
  0.1151559811418E+02   0.2392235865329E-19
  0.1154863837085E+02   0.2428423395631E-19
  0.1158177342577E+02   0.2508498407589E-19
  0.1161500355093E+02   0.2579404193742E-19
  0.1164832901912E+02   0.2672768526567E-19
  0.1168175010387E+02   0.2793126149753E-19
  0.1171526707954E+02   0.2914771060360E-19
  0.1174888022125E+02   0.3008734452439E-19
  0.1178258980492E+02   0.3128825754158E-19
  0.1181639610725E+02   0.3254885281863E-19
  0.1185029940575E+02   0.3394135281885E-19
  0.1188429997872E+02   0.3524446743581E-19
  0.1191839810526E+02   0.3677593163847E-19
  0.1195259406526E+02   0.3833719743248E-19
  0.1198688813943E+02   0.3989403646541E-19
  0.1202128060927E+02   0.4122420213227E-19
  0.1205577175709E+02   0.4214171901950E-19
  0.1209036186603E+02   0.4333313780763E-19
  0.1212505122001E+02   0.4456999572667E-19
  0.1215984010379E+02   0.4596395721888E-19
  0.1219472880294E+02   0.4739663751690E-19
  0.1222971760384E+02   0.4884709676149E-19
  0.1226480679370E+02   0.5046758391408E-19
  0.1229999666056E+02   0.5224519587051E-19
  0.1233528749328E+02   0.5401170989248E-19
  0.1237067958155E+02   0.5580868196760E-19
  0.1240617321588E+02   0.5817658880740E-19
  0.1244176868763E+02   0.6050579407204E-19
  0.1247746628899E+02   0.6323916470856E-19
  0.1251326631298E+02   0.6504352211896E-19
  0.1254916905348E+02   0.6712814998881E-19
  0.1258517480519E+02   0.6954557194158E-19
  0.1262128386368E+02   0.7170303105184E-19
  0.1265749652534E+02   0.7457186157825E-19
  0.1269381308744E+02   0.7711359041889E-19
  0.1273023384808E+02   0.7988958715367E-19
  0.1276675910623E+02   0.8261222973504E-19
  0.1280338916170E+02   0.8561802515025E-19
  0.1284012431518E+02   0.8842202335279E-19
  0.1287696486822E+02   0.9140434764117E-19
  0.1291391112322E+02   0.9468056666522E-19
  0.1295096338345E+02   0.9853449548356E-19
  0.1298812195308E+02   0.1025373340690E-18
  0.1302538713712E+02   0.1062735790700E-18
  0.1306275924146E+02   0.1104481216998E-18
  0.1310023857287E+02   0.1144640449424E-18
  0.1313782543902E+02   0.1186408416815E-18
  0.1317552014843E+02   0.1232997473083E-18
  0.1321332301052E+02   0.1282393659423E-18
  0.1325123433562E+02   0.1331859787854E-18
  0.1328925443490E+02   0.1391562209033E-18
  0.1332738362048E+02   0.1449949057293E-18
  0.1336562220533E+02   0.1507350010903E-18
  0.1340397050333E+02   0.1571432034316E-18
  0.1344242882929E+02   0.1633808713926E-18
  0.1348099749888E+02   0.1699956403916E-18
  0.1351967682870E+02   0.1772884385504E-18
  0.1355846713625E+02   0.1839536194627E-18
  0.1359736873996E+02   0.1921427569995E-18
  0.1363638195914E+02   0.2003872765705E-18
  0.1367550711404E+02   0.2082982385038E-18
  0.1371474452582E+02   0.2168412877425E-18
  0.1375409451658E+02   0.2255259953582E-18
  0.1379355740931E+02   0.2343829596176E-18
  0.1383313352795E+02   0.2439851562241E-18
  0.1387282319737E+02   0.2536075197561E-18
  0.1391262674336E+02   0.2633470984799E-18
  0.1395254449266E+02   0.2729356073531E-18
  0.1399257677294E+02   0.2823629365457E-18
  0.1403272391280E+02   0.2947323233960E-18
  0.1407298624180E+02   0.3056055619763E-18
  0.1411336409043E+02   0.3177687995941E-18
  0.1415385779014E+02   0.3280235281109E-18
  0.1419446767333E+02   0.3400545580822E-18
  0.1423519407334E+02   0.3540954351903E-18
  0.1427603732450E+02   0.3652151245436E-18
  0.1431699776205E+02   0.3799934533527E-18
  0.1435807572223E+02   0.3928342673669E-18
  0.1439927154224E+02   0.4070128221217E-18
  0.1444058556023E+02   0.4208253530645E-18
  0.1448201811533E+02   0.4354222746337E-18
  0.1452356954764E+02   0.4521304994700E-18
  0.1456524019826E+02   0.4633793386517E-18
  0.1460703040923E+02   0.4804813444967E-18
  0.1464894052359E+02   0.4950741204287E-18
  0.1469097088537E+02   0.5053550731097E-18
  0.1473312183958E+02   0.5199433681383E-18
  0.1477539373222E+02   0.5307523172182E-18
  0.1481778691028E+02   0.5421142370601E-18
  0.1486030172175E+02   0.5427017243952E-18
  0.1490293851562E+02   0.4838138819593E-18
  0.1494569764188E+02   0.4089830258468E-18
  0.1498857945152E+02   0.3878942332504E-18
  0.1503158429654E+02   0.3340322445934E-18
  0.1507471252995E+02   0.2927755226348E-18
  0.1511796450577E+02   0.2588352547868E-18
  0.1516134057904E+02   0.2513260654514E-18
  0.1520484110583E+02   0.2693146942280E-18
  0.1524846644320E+02   0.2537699801298E-18
  0.1529221694927E+02   0.3005364997433E-18
  0.1533609298315E+02   0.3479707521011E-18
  0.1538009490502E+02   0.3852970422670E-18
  0.1542422307607E+02   0.4284373825312E-18
  0.1546847785852E+02   0.4753386974101E-18
  0.1551285961565E+02   0.5211812437581E-18
  0.1555736871178E+02   0.5681710682223E-18
  0.1560200551225E+02   0.6123362051475E-18
  0.1564677038348E+02   0.6466600695399E-18
  0.1569166369292E+02   0.6838891337841E-18
  0.1573668580909E+02   0.7124138029822E-18
  0.1578183710155E+02   0.7351149570945E-18
  0.1582711794093E+02   0.7584318567882E-18
  0.1587252869892E+02   0.7839994027859E-18
  0.1591806974829E+02   0.7965894959400E-18
  0.1596374146286E+02   0.8065512624218E-18
  0.1600954421753E+02   0.8170659927546E-18
  0.1605547838829E+02   0.8227741431969E-18
  0.1610154435218E+02   0.8238145920001E-18
  0.1614774248735E+02   0.8245561539670E-18
  0.1619407317301E+02   0.8261355689168E-18
  0.1624053678948E+02   0.8246906719103E-18
  0.1628713371815E+02   0.8189185524924E-18
  0.1633386434154E+02   0.8131524524230E-18
  0.1638072904321E+02   0.8068987182665E-18
  0.1642772820788E+02   0.7968889917123E-18
  0.1647486222134E+02   0.7874700813070E-18
  0.1652213147050E+02   0.7806276480094E-18
  0.1656953634336E+02   0.7784682159845E-18
  0.1661707722906E+02   0.7738465317495E-18
  0.1666475451784E+02   0.7679184302585E-18
  0.1671256860106E+02   0.7609979085885E-18
  0.1676051987122E+02   0.7558769876896E-18
  0.1680860872193E+02   0.7467022616876E-18
  0.1685683554792E+02   0.7392818483667E-18
  0.1690520074507E+02   0.7301479108451E-18
  0.1695370471040E+02   0.7233892784003E-18
  0.1700234784206E+02   0.7107802356689E-18
  0.1705113053933E+02   0.7084118178347E-18
  0.1710005320266E+02   0.7043470788677E-18
  0.1714911623363E+02   0.6992112723009E-18
  0.1719832003498E+02   0.6961859831032E-18
  0.1724766501060E+02   0.6931982487996E-18
  0.1729715156556E+02   0.6892304687017E-18
  0.1734678010606E+02   0.6864579473898E-18
  0.1739655103949E+02   0.6778300567520E-18
  0.1744646477439E+02   0.6736275119507E-18
  0.1749652172049E+02   0.6676633761470E-18
  0.1754672228869E+02   0.6700144793643E-18
  0.1759706689107E+02   0.6723384411629E-18
  0.1764755594087E+02   0.6747637760908E-18
  0.1769818985256E+02   0.6768026498222E-18
  0.1774896904175E+02   0.6790740761958E-18
  0.1779989392528E+02   0.6804788530556E-18
  0.1785096492118E+02   0.6820812426849E-18
  0.1790218244865E+02   0.6829491936326E-18
  0.1795354692814E+02   0.6853353615790E-18
  0.1800505878126E+02   0.6834248567179E-18
  0.1805671843086E+02   0.7024954411337E-18
  0.1810852630099E+02   0.7156330686764E-18
  0.1816048281692E+02   0.7282673405883E-18
  0.1821258840515E+02   0.7421098427940E-18
  0.1826484349339E+02   0.7522276735797E-18
  0.1831724851057E+02   0.7662037530055E-18
  0.1836980388688E+02   0.7806702111755E-18
  0.1842251005372E+02   0.7958331699026E-18
  0.1847536744372E+02   0.8111141380296E-18
  0.1852837649079E+02   0.8271938585520E-18
  0.1858153763004E+02   0.8458801546993E-18
  0.1863485129787E+02   0.8699913424665E-18
  0.1868831793189E+02   0.8886591808543E-18
  0.1874193797099E+02   0.9088675759186E-18
  0.1879571185533E+02   0.9361847820824E-18
  0.1884964002631E+02   0.9538512294139E-18
  0.1890372292660E+02   0.9779346550405E-18
  0.1895796100015E+02   0.1003694860057E-17
  0.1901235469219E+02   0.1030322996167E-17
  0.1906690444920E+02   0.1059890161553E-17
  0.1912161071896E+02   0.1089947703787E-17
  0.1917647395054E+02   0.1119155287116E-17
  0.1923149459429E+02   0.1153609498436E-17
  0.1928667310184E+02   0.1178235733443E-17
  0.1934200992615E+02   0.1210170082416E-17
  0.1939750552144E+02   0.1246411945222E-17
  0.1945316034326E+02   0.1279521055699E-17
  0.1950897484846E+02   0.1316830485342E-17
  0.1956494949519E+02   0.1345523116877E-17
  0.1962108474294E+02   0.1390614632233E-17
  0.1967738105249E+02   0.1428302615583E-17
  0.1973383888595E+02   0.1462807196841E-17
  0.1979045870677E+02   0.1513277742083E-17
  0.1984724097972E+02   0.1554313710926E-17
  0.1990418617090E+02   0.1599338077255E-17
  0.1996129474776E+02   0.1642705836182E-17
  0.2001856717906E+02   0.1642287792828E-17
  0.2007600393495E+02   0.1718825809462E-17
  0.2013360548689E+02   0.1773674805186E-17
  0.2019137230772E+02   0.1818256245227E-17
  0.2024930487162E+02   0.1862512025748E-17
  0.2030740365414E+02   0.1907348900324E-17
  0.2036566913218E+02   0.1953533221503E-17
  0.2042410178402E+02   0.1999802066352E-17
  0.2048270208932E+02   0.2046935217397E-17
  0.2054147052911E+02   0.2094560747570E-17
  0.2060040758578E+02   0.2142950226715E-17
  0.2065951374313E+02   0.2192459739241E-17
  0.2071878948635E+02   0.2242528551805E-17
  0.2077823530199E+02   0.2293812151371E-17
  0.2083785167804E+02   0.2346345681811E-17
  0.2089763910385E+02   0.2395762250692E-17
  0.2095759807019E+02   0.2456340413919E-17
  0.2101772906926E+02   0.2520317349568E-17
  0.2107803259463E+02   0.2589177790292E-17
  0.2113850914133E+02   0.2660662467080E-17
  0.2119915920576E+02   0.2732998886004E-17
  0.2125998328580E+02   0.2808718262442E-17
  0.2132098188072E+02   0.2885179543521E-17
  0.2138215549123E+02   0.2962194879465E-17
  0.2144350461948E+02   0.3040881164761E-17
  0.2150502976906E+02   0.3121281230680E-17
  0.2156673144502E+02   0.3203603263630E-17
  0.2162861015383E+02   0.3285861583403E-17
  0.2169066640344E+02   0.3368581199625E-17
  0.2175290070323E+02   0.3452628704676E-17
  0.2181531356407E+02   0.3537948119151E-17
  0.2187790549827E+02   0.3625261924769E-17
  0.2194067701964E+02   0.3711595928429E-17
  0.2200362864344E+02   0.3798856501505E-17
  0.2206676088640E+02   0.3879614837770E-17
  0.2213007426677E+02   0.3961182176813E-17
  0.2219356930426E+02   0.4043651544110E-17
  0.2225724652006E+02   0.4124871164440E-17
  0.2232110643689E+02   0.4210542011079E-17
  0.2238514957895E+02   0.4295480708752E-17
  0.2244937647193E+02   0.4378892396267E-17
  0.2251378764305E+02   0.4462819138628E-17
  0.2257838362104E+02   0.4549717563863E-17
  0.2264316493615E+02   0.4644782717588E-17
  0.2270813212013E+02   0.4734077043141E-17
  0.2277328570628E+02   0.4823715550502E-17
  0.2283862622941E+02   0.4913369419424E-17
  0.2290415422588E+02   0.5006363482430E-17
  0.2296987023359E+02   0.5091376344890E-17
  0.2303577479197E+02   0.5175681091598E-17
  0.2310186844201E+02   0.5263810179764E-17
  0.2316815172624E+02   0.5349792564099E-17
  0.2323462518876E+02   0.5434424659724E-17
  0.2330128937522E+02   0.5521349924854E-17
  0.2336814483285E+02   0.5608987015811E-17
  0.2343519211042E+02   0.5697125109424E-17
  0.2350243175831E+02   0.5786256332370E-17
  0.2356986432846E+02   0.5878335910230E-17
  0.2363749037440E+02   0.5973806251999E-17
  0.2370531045125E+02   0.6073563748829E-17
  0.2377332511571E+02   0.6130012633678E-17
  0.2384153492608E+02   0.6225353594428E-17
  0.2390994044229E+02   0.6324336759517E-17
  0.2397854222583E+02   0.6420219158970E-17
  0.2404734083984E+02   0.6511337068772E-17
  0.2411633684905E+02   0.6598717932843E-17
  0.2418553081984E+02   0.6688835326349E-17
  0.2425492332017E+02   0.6783746164044E-17
  0.2432451491968E+02   0.6870282585915E-17
  0.2439430618960E+02   0.6959028390880E-17
  0.2446429770284E+02   0.7060012112885E-17
  0.2453449003391E+02   0.7174482243432E-17
  0.2460488375901E+02   0.7288651694282E-17
  0.2467547945597E+02   0.7392128872788E-17
  0.2474627770428E+02   0.7560802290369E-17
  0.2481727908509E+02   0.7785155725755E-17
  0.2488848418123E+02   0.7870067376547E-17
  0.2495989357720E+02   0.7955294260743E-17
  0.2503150785915E+02   0.8039489233973E-17
  0.2510332761496E+02   0.8122223448623E-17
  0.2517535343416E+02   0.8205444499620E-17
  0.2524758590797E+02   0.8289117095658E-17
  0.2532002562933E+02   0.8373281639729E-17
  0.2539267319287E+02   0.8457898696422E-17
  0.2546552919493E+02   0.8542959549421E-17
  0.2553859423354E+02   0.8628438556068E-17
  0.2561186890847E+02   0.8714438781486E-17
  0.2568535382121E+02   0.8800901251928E-17
  0.2575904957496E+02   0.8887781164234E-17
  0.2583295677467E+02   0.8975088525177E-17
  0.2590707602700E+02   0.9062870378541E-17
  0.2598140794038E+02   0.9151091584926E-17
  0.2605595312497E+02   0.9240193147449E-17
  0.2613071219267E+02   0.9329859218470E-17
  0.2620568575716E+02   0.9419957574696E-17
  0.2628087443386E+02   0.9510424495008E-17
  0.2635627883997E+02   0.9601299424160E-17
  0.2643189959446E+02   0.9692593879066E-17
  0.2650773731806E+02   0.9784472458696E-17
  0.2658379263330E+02   0.9876775081753E-17
  0.2666006616449E+02   0.9969469699188E-17
  0.2673655853772E+02   0.1006254174436E-16
  0.2681327038089E+02   0.1015597649148E-16
  0.2689020232370E+02   0.1024977401836E-16
  0.2696735499766E+02   0.1034400709457E-16
  0.2704472903607E+02   0.1043858078451E-16
  0.2712232507408E+02   0.1053325444620E-16
  0.2720014374864E+02   0.1062819891353E-16
  0.2727818569852E+02   0.1072349768963E-16
  0.2735645156436E+02   0.1081910318285E-16
  0.2743494198859E+02   0.1091511007261E-16
  0.2751365761552E+02   0.1101145858474E-16
  0.2759259909130E+02   0.1110811274531E-16
  0.2767176706391E+02   0.1120507023259E-16
  0.2775116218324E+02   0.1130241446524E-16
  0.2783078510098E+02   0.1140009327616E-16
  0.2791063647075E+02   0.1149804820819E-16
  0.2799071694800E+02   0.1159632333240E-16
  0.2807102719009E+02   0.1169646923159E-16
  0.2815156785625E+02   0.1179717138558E-16
  0.2823233960761E+02   0.1189804322254E-16
  0.2831334310720E+02   0.1199908191889E-16
  0.2839457901993E+02   0.1210037445803E-16
  0.2847604801265E+02   0.1220186601156E-16
  0.2855775075409E+02   0.1230350355751E-16
  0.2863968791493E+02   0.1240525482688E-16
  0.2872186016776E+02   0.1250719778368E-16
  0.2880426818709E+02   0.1260930897563E-16
  0.2888691264938E+02   0.1271153298872E-16
  0.2896979423303E+02   0.1281387156456E-16
  0.2905291361838E+02   0.1291703419066E-16
  0.2913627148772E+02   0.1302049279390E-16
  0.2921986852530E+02   0.1312378975509E-16
  0.2930370541735E+02   0.1322689010095E-16
  0.2938778285205E+02   0.1332983840566E-16
  0.2947210151954E+02   0.1343261817847E-16
  0.2955666211198E+02   0.1353516126772E-16
  0.2964146532349E+02   0.1363745165718E-16
  0.2972651185018E+02   0.1373957779667E-16
  0.2981180239017E+02   0.1384149265649E-16
  0.2989733764357E+02   0.1394310433063E-16
  0.2998311831252E+02   0.1404439963941E-16
  0.3006914510114E+02   0.1414581611709E-16
  0.3015541871560E+02   0.1424729878974E-16
  0.3024193986409E+02   0.1434844277134E-16
  0.3032870925683E+02   0.1444923464733E-16
  0.3041572760606E+02   0.1454970958403E-16
  0.3050299562609E+02   0.1464985837646E-16
  0.3059051403328E+02   0.1474963248467E-16
  0.3067828354601E+02   0.1484903184172E-16
  0.3076630488477E+02   0.1494778847851E-16
  0.3085457877208E+02   0.1504557273049E-16
  0.3094310593254E+02   0.1514295991179E-16
  0.3103188709285E+02   0.1523995456096E-16
  0.3112092298177E+02   0.1533655417673E-16
  0.3121021433016E+02   0.1543276715878E-16
  0.3129976187098E+02   0.1552855284688E-16
  0.3138956633929E+02   0.1562387876264E-16
  0.3147962847227E+02   0.1571877567361E-16
  0.3156994900919E+02   0.1581320508911E-16
  0.3166052869146E+02   0.1590711251220E-16
  0.3175136826261E+02   0.1600047355701E-16
  0.3184246846832E+02   0.1609344755491E-16
  0.3193383005639E+02   0.1618619183860E-16
  0.3202545377676E+02   0.1627861141576E-16
  0.3211734038154E+02   0.1637107507867E-16
  0.3220949062500E+02   0.1646326246525E-16
  0.3230190526356E+02   0.1655535099375E-16
  0.3239458505581E+02   0.1664696054739E-16
  0.3248753076253E+02   0.1673808018075E-16
  0.3258074314666E+02   0.1682873267199E-16
  0.3267422297337E+02   0.1691892189860E-16
  0.3276797100997E+02   0.1700861916702E-16
  0.3286198802603E+02   0.1709785364193E-16
  0.3295627479327E+02   0.1718663551351E-16
  0.3305083208568E+02   0.1727495637845E-16
  0.3314566067942E+02   0.1736282022264E-16
  0.3324076135292E+02   0.1745029602266E-16
  0.3333613488681E+02   0.1753725299457E-16
  0.3343178206398E+02   0.1762371040221E-16
  0.3352770366956E+02   0.1770963117478E-16
  0.3362390049094E+02   0.1779498664830E-16
  0.3372037331775E+02   0.1787984656347E-16
  0.3381712294190E+02   0.1796432671837E-16
  0.3391415015758E+02   0.1804808916497E-16
  0.3401145576124E+02   0.1813142848106E-16
  0.3410904055162E+02   0.1821465874499E-16
  0.3420690532976E+02   0.1829781582944E-16
  0.3430505089900E+02   0.1838048180911E-16
  0.3440347806497E+02   0.1846266092166E-16
  0.3450218763562E+02   0.1854437375703E-16
  0.3460118042122E+02   0.1862576771974E-16
  0.3470045723436E+02   0.1870668019999E-16
  0.3480001888998E+02   0.1878718446604E-16
  0.3489986620532E+02   0.1886719797601E-16
  0.3500000000000E+02   0.1894672826471E-16
