  0.1450000000000E+02   0.4341061916999E-18
  0.1451576351247E+02   0.4414523968926E-18
  0.1453154416207E+02   0.4476793634321E-18
  0.1454734196743E+02   0.4519059191703E-18
  0.1456315694719E+02   0.4563699937900E-18
  0.1457898912003E+02   0.4620394522852E-18
  0.1459483850464E+02   0.4704277035783E-18
  0.1461070511973E+02   0.4749568273093E-18
  0.1462658898403E+02   0.4825685798801E-18
  0.1464249011630E+02   0.4897277512413E-18
  0.1465840853530E+02   0.4743243286250E-18
  0.1467434425984E+02   0.4817460521787E-18
  0.1469029730872E+02   0.4933326389213E-18
  0.1470626770078E+02   0.4915734580946E-18
  0.1472225545487E+02   0.4985371684754E-18
  0.1473826058987E+02   0.5119296746881E-18
  0.1475428312467E+02   0.5134959824336E-18
  0.1477032307819E+02   0.5175786350845E-18
  0.1478638046937E+02   0.5231713332905E-18
  0.1480245531716E+02   0.5287841342990E-18
  0.1481854764054E+02   0.5347172888058E-18
  0.1483465745851E+02   0.5382717685799E-18
  0.1485078479008E+02   0.5377156640461E-18
  0.1486692965431E+02   0.5329376038787E-18
  0.1488309207024E+02   0.4981083980560E-18
  0.1489927205696E+02   0.4445289478354E-18
  0.1491546963358E+02   0.3852186608226E-18
  0.1493168481921E+02   0.3341495011364E-18
  0.1494791763299E+02   0.3219680973714E-18
  0.1496416809410E+02   0.3113489142220E-18
  0.1498043622171E+02   0.3192190134258E-18
  0.1499672203504E+02   0.3137959131690E-18
  0.1501302555330E+02   0.2896158616475E-18
  0.1502934679575E+02   0.2712343527232E-18
  0.1504568578166E+02   0.2570177131039E-18
  0.1506204253032E+02   0.2448386978231E-18
  0.1507841706103E+02   0.2300894755469E-18
  0.1509480939312E+02   0.2168902725899E-18
  0.1511121954596E+02   0.2072535899173E-18
  0.1512764753891E+02   0.1971659498270E-18
  0.1514409339137E+02   0.1953119536647E-18
  0.1516055712275E+02   0.2054416076751E-18
  0.1517703875250E+02   0.2262436074273E-18
  0.1519353830006E+02   0.2391611456787E-18
  0.1521005578492E+02   0.2439099633138E-18
  0.1522659122658E+02   0.2350742809436E-18
  0.1524314464456E+02   0.2105641559809E-18
  0.1525971605841E+02   0.2004640138914E-18
  0.1527630548768E+02   0.2157098682283E-18
  0.1529291295196E+02   0.2702533628899E-18
  0.1530953847086E+02   0.2952386928067E-18
  0.1532618206401E+02   0.3217479269452E-18
  0.1534284375105E+02   0.3344193367621E-18
  0.1535952355166E+02   0.3476471199987E-18
  0.1537622148553E+02   0.3611996150997E-18
  0.1539293757236E+02   0.3751954237193E-18
  0.1540967183191E+02   0.3907737224872E-18
  0.1542642428392E+02   0.4067255079575E-18
  0.1544319494817E+02   0.4224442744061E-18
  0.1545998384446E+02   0.4397503104965E-18
  0.1547679099260E+02   0.4576811508698E-18
  0.1549361641246E+02   0.4665135231447E-18
  0.1551046012387E+02   0.4864842432264E-18
  0.1552732214674E+02   0.5039523542997E-18
  0.1554420250097E+02   0.5228495933906E-18
  0.1556110120649E+02   0.5366532325058E-18
  0.1557801828325E+02   0.5547020073611E-18
  0.1559495375121E+02   0.5696355716876E-18
  0.1561190763038E+02   0.5811564852818E-18
  0.1562887994077E+02   0.5924183137611E-18
  0.1564587070242E+02   0.6024918658554E-18
  0.1566287993538E+02   0.6190037363975E-18
  0.1567990765974E+02   0.6311685044085E-18
  0.1569695389560E+02   0.6433257027458E-18
  0.1571401866308E+02   0.6535936769543E-18
  0.1573110198234E+02   0.6623188131267E-18
  0.1574820387353E+02   0.6705814431505E-18
  0.1576532435685E+02   0.6787569782483E-18
  0.1578246345252E+02   0.6846984415993E-18
  0.1579962118076E+02   0.6884791691910E-18
  0.1581679756183E+02   0.6970620596311E-18
  0.1583399261601E+02   0.7100490613791E-18
  0.1585120636360E+02   0.7197223442741E-18
  0.1586843882493E+02   0.7252959317662E-18
  0.1588569002033E+02   0.7291003043672E-18
  0.1590295997018E+02   0.7327052490168E-18
  0.1592024869486E+02   0.7362520343763E-18
  0.1593755621478E+02   0.7384944540889E-18
  0.1595488255038E+02   0.7380208447865E-18
  0.1597222772211E+02   0.7434262053366E-18
  0.1598959175045E+02   0.7434846884127E-18
  0.1600697465589E+02   0.7490504918582E-18
  0.1602437645897E+02   0.7505672227477E-18
  0.1604179718022E+02   0.7512972996390E-18
  0.1605923684022E+02   0.7519560829780E-18
  0.1607669545955E+02   0.7514809177835E-18
  0.1609417305881E+02   0.7480575813226E-18
  0.1611166965866E+02   0.7485603179809E-18
  0.1612918527974E+02   0.7475196540624E-18
  0.1614671994272E+02   0.7458507833198E-18
  0.1616427366832E+02   0.7461408432921E-18
  0.1618184647726E+02   0.7461743303681E-18
  0.1619943839028E+02   0.7451479329618E-18
  0.1621704942815E+02   0.7435868284207E-18
  0.1623467961166E+02   0.7419798018394E-18
  0.1625232896163E+02   0.7396784743006E-18
  0.1626999749889E+02   0.7367602496883E-18
  0.1628768524431E+02   0.7316572726431E-18
  0.1630539221875E+02   0.7239933543724E-18
  0.1632311844314E+02   0.7228782823012E-18
  0.1634086393839E+02   0.7222027175133E-18
  0.1635862872546E+02   0.7196472791902E-18
  0.1637641282532E+02   0.7164903907934E-18
  0.1639421625897E+02   0.7106368817492E-18
  0.1641203904741E+02   0.7063040276212E-18
  0.1642988121170E+02   0.7024407241819E-18
  0.1644774277290E+02   0.6978705184576E-18
  0.1646562375210E+02   0.6933608506567E-18
  0.1648352417040E+02   0.6889762515877E-18
  0.1650144404894E+02   0.6830963218393E-18
  0.1651938340888E+02   0.6821181948396E-18
  0.1653734227139E+02   0.6804983573024E-18
  0.1655532065768E+02   0.6780917909610E-18
  0.1657331858896E+02   0.6768175325680E-18
  0.1659133608650E+02   0.6746467195719E-18
  0.1660937317156E+02   0.6719315749163E-18
  0.1662742986543E+02   0.6692180344605E-18
  0.1664550618944E+02   0.6659821141624E-18
  0.1666360216491E+02   0.6632608162930E-18
  0.1668171781323E+02   0.6597989807394E-18
  0.1669985315577E+02   0.6542582664731E-18
  0.1671800821394E+02   0.6536089058138E-18
  0.1673618300918E+02   0.6507660591219E-18
  0.1675437756295E+02   0.6479837355325E-18
  0.1677259189672E+02   0.6448375586155E-18
  0.1679082603200E+02   0.6386389088742E-18
  0.1680907999031E+02   0.6360200330878E-18
  0.1682735379322E+02   0.6329542775446E-18
  0.1684564746228E+02   0.6294188542734E-18
  0.1686396101910E+02   0.6258131371768E-18
  0.1688229448530E+02   0.6218942403908E-18
  0.1690064788251E+02   0.6178459159100E-18
  0.1691902123242E+02   0.6140255104733E-18
  0.1693741455672E+02   0.6108506712085E-18
  0.1695582787710E+02   0.6081348543548E-18
  0.1697426121532E+02   0.6025938490919E-18
  0.1699271459314E+02   0.5954618854192E-18
  0.1701118803235E+02   0.5927519533192E-18
  0.1702968155474E+02   0.5917779503676E-18
  0.1704819518216E+02   0.5911661164544E-18
  0.1706672893646E+02   0.5868447051091E-18
  0.1708528283953E+02   0.5837649664908E-18
  0.1710385691326E+02   0.5843946104910E-18
  0.1712245117959E+02   0.5822921878175E-18
  0.1714106566047E+02   0.5789786170213E-18
  0.1715970037787E+02   0.5768782137820E-18
  0.1717835535380E+02   0.5761405954020E-18
  0.1719703061027E+02   0.5743816541311E-18
  0.1721572616934E+02   0.5724412187959E-18
  0.1723444205308E+02   0.5707927484979E-18
  0.1725317828358E+02   0.5696484316679E-18
  0.1727193488296E+02   0.5662101092226E-18
  0.1729071187337E+02   0.5649615187914E-18
  0.1730950927698E+02   0.5633210745806E-18
  0.1732832711597E+02   0.5619838283523E-18
  0.1734716541257E+02   0.5600596846249E-18
  0.1736602418900E+02   0.5558969101884E-18
  0.1738490346755E+02   0.5526322211357E-18
  0.1740380327049E+02   0.5498361326244E-18
  0.1742272362014E+02   0.5476160133482E-18
  0.1744166453884E+02   0.5458458231577E-18
  0.1746062604894E+02   0.5448124369864E-18
  0.1747960817284E+02   0.5422757562591E-18
  0.1749861093293E+02   0.5371763322540E-18
  0.1751763435167E+02   0.5368633891151E-18
  0.1753667845151E+02   0.5379497748710E-18
  0.1755574325492E+02   0.5386765133175E-18
  0.1757482878442E+02   0.5385529081990E-18
  0.1759393506254E+02   0.5394731042081E-18
  0.1761306211184E+02   0.5395593592472E-18
  0.1763220995489E+02   0.5399301773555E-18
  0.1765137861431E+02   0.5398815882391E-18
  0.1767056811272E+02   0.5397003211952E-18
  0.1768977847278E+02   0.5399156935512E-18
  0.1770900971716E+02   0.5394997836367E-18
  0.1772826186858E+02   0.5399168679946E-18
  0.1774753494976E+02   0.5401983169447E-18
  0.1776682898345E+02   0.5403830831917E-18
  0.1778614399243E+02   0.5406895130185E-18
  0.1780547999951E+02   0.5392113450129E-18
  0.1782483702752E+02   0.5397216249233E-18
  0.1784421509930E+02   0.5398624816215E-18
  0.1786361423773E+02   0.5401739830114E-18
  0.1788303446572E+02   0.5395049235055E-18
  0.1790247580619E+02   0.5385636876135E-18
  0.1792193828210E+02   0.5393475442637E-18
  0.1794142191642E+02   0.5384788032644E-18
  0.1796092673215E+02   0.5393048209689E-18
  0.1798045275233E+02   0.5382835469532E-18
  0.1800000000000E+02   0.5361865355148E-18
