           1
        1000
  
  0.2000000000000E+01   0.2897816496596E-20
  0.2005738348342E+01   0.2929286586447E-20
  0.2011493161004E+01   0.3007588828405E-20
  0.2017264485226E+01   0.3083086199097E-20
  0.2023052368383E+01   0.3188156595010E-20
  0.2028856857985E+01   0.3259993990949E-20
  0.2034678001678E+01   0.3354055554149E-20
  0.2040515847246E+01   0.3456229250141E-20
  0.2046370442610E+01   0.3546492560765E-20
  0.2052241835828E+01   0.3666332089643E-20
  0.2058130075096E+01   0.3760477969978E-20
  0.2064035208748E+01   0.3851992577256E-20
  0.2069957285256E+01   0.3917752763635E-20
  0.2075896353234E+01   0.3983454885864E-20
  0.2081852461432E+01   0.4049639920313E-20
  0.2087825658742E+01   0.4116238208683E-20
  0.2093815994195E+01   0.4186032027471E-20
  0.2099823516964E+01   0.4254737671680E-20
  0.2105848276362E+01   0.4325644305393E-20
  0.2111890321844E+01   0.4397045218136E-20
  0.2117949703007E+01   0.4469402372573E-20
  0.2124026469590E+01   0.4541066495229E-20
  0.2130120671475E+01   0.4605640043993E-20
  0.2136232358686E+01   0.4667856408991E-20
  0.2142361581393E+01   0.4740294770491E-20
  0.2148508389907E+01   0.4822124748921E-20
  0.2154672834685E+01   0.4901707884338E-20
  0.2160854966329E+01   0.4981788133269E-20
  0.2167054835585E+01   0.5063806068661E-20
  0.2173272493346E+01   0.5146838005937E-20
  0.2179507990650E+01   0.5230319631805E-20
  0.2185761378682E+01   0.5310942646125E-20
  0.2192032708773E+01   0.5390739483636E-20
  0.2198322032403E+01   0.5470085155043E-20
  0.2204629401197E+01   0.5554287549946E-20
  0.2210954866931E+01   0.5638554624873E-20
  0.2217298481528E+01   0.5722523076167E-20
  0.2223660297061E+01   0.5805557463527E-20
  0.2230040365750E+01   0.5889535674805E-20
  0.2236438739967E+01   0.5975444198074E-20
  0.2242855472234E+01   0.6064856753935E-20
  0.2249290615224E+01   0.6157949298371E-20
  0.2255744221760E+01   0.6251405975554E-20
  0.2262216344817E+01   0.6342662531965E-20
  0.2268707037522E+01   0.6428573321455E-20
  0.2275216353156E+01   0.6516312353301E-20
  0.2281744345149E+01   0.6609907943634E-20
  0.2288291067089E+01   0.6704873978468E-20
  0.2294856572714E+01   0.6799663935512E-20
  0.2301440915918E+01   0.6897027946425E-20
  0.2308044150750E+01   0.6993395775510E-20
  0.2314666331412E+01   0.7088584713591E-20
  0.2321307512264E+01   0.7183575844997E-20
  0.2327967747821E+01   0.7282875754570E-20
  0.2334647092753E+01   0.7376399909683E-20
  0.2341345601890E+01   0.7475015143538E-20
  0.2348063330216E+01   0.7574213743849E-20
  0.2354800332874E+01   0.7676714549144E-20
  0.2361556665167E+01   0.7782323536877E-20
  0.2368332382554E+01   0.7885860040119E-20
  0.2375127540653E+01   0.7997002449769E-20
  0.2381942195246E+01   0.8098741674751E-20
  0.2388776402269E+01   0.8210225082728E-20
  0.2395630217822E+01   0.8316230031368E-20
  0.2402503698166E+01   0.8427332944112E-20
  0.2409396899722E+01   0.8533136399491E-20
  0.2416309879074E+01   0.8643333272835E-20
  0.2423242692967E+01   0.8751375670174E-20
  0.2430195398312E+01   0.8862259967460E-20
  0.2437168052179E+01   0.8971867495721E-20
  0.2444160711804E+01   0.9082213468423E-20
  0.2451173434587E+01   0.9206500520280E-20
  0.2458206278094E+01   0.9321339563970E-20
  0.2465259300054E+01   0.9445214679973E-20
  0.2472332558362E+01   0.9566990973985E-20
  0.2479426111080E+01   0.9682747252272E-20
  0.2486540016437E+01   0.9805095381659E-20
  0.2493674332826E+01   0.9935171664174E-20
  0.2500829118813E+01   0.1006505424407E-19
  0.2508004433126E+01   0.1019753949247E-19
  0.2515200334666E+01   0.1033833725883E-19
  0.2522416882500E+01   0.1048211543536E-19
  0.2529654135868E+01   0.1062424147758E-19
  0.2536912154175E+01   0.1076921240783E-19
  0.2544190997002E+01   0.1091006360432E-19
  0.2551490724096E+01   0.1105636260736E-19
  0.2558811395379E+01   0.1120446687469E-19
  0.2566153070942E+01   0.1135300878965E-19
  0.2573515811052E+01   0.1150906171717E-19
  0.2580899676145E+01   0.1166142665064E-19
  0.2588304726834E+01   0.1181518157244E-19
  0.2595731023902E+01   0.1198546966768E-19
  0.2603178628310E+01   0.1213849616433E-19
  0.2610647601193E+01   0.1230539120742E-19
  0.2618138003859E+01   0.1247703882789E-19
  0.2625649897795E+01   0.1264631681387E-19
  0.2633183344664E+01   0.1281821411270E-19
  0.2640738406303E+01   0.1299841846771E-19
  0.2648315144731E+01   0.1317839450205E-19
  0.2655913622140E+01   0.1336411576227E-19
  0.2663533900905E+01   0.1356495844525E-19
  0.2671176043576E+01   0.1380723169594E-19
  0.2678840112886E+01   0.1406810776619E-19
  0.2686526171746E+01   0.1436019420207E-19
  0.2694234283247E+01   0.1464890934434E-19
  0.2701964510663E+01   0.1486434918356E-19
  0.2709716917447E+01   0.1503225722078E-19
  0.2717491567237E+01   0.1537653931055E-19
  0.2725288523851E+01   0.1576226443494E-19
  0.2733107851292E+01   0.1611563936113E-19
  0.2740949613745E+01   0.1637545765167E-19
  0.2748813875580E+01   0.1663533492754E-19
  0.2756700701352E+01   0.1705195164362E-19
  0.2764610155801E+01   0.1761255249148E-19
  0.2772542303853E+01   0.1828617385154E-19
  0.2780497210618E+01   0.1894303498887E-19
  0.2788474941397E+01   0.1963398732329E-19
  0.2796475561675E+01   0.2042588177565E-19
  0.2804499137126E+01   0.1745190134969E-19
  0.2812545733612E+01   0.1225445182251E-19
  0.2820615417185E+01   0.7800410114479E-20
  0.2828708254086E+01   0.4352647055580E-20
  0.2836824310746E+01   0.2138779488319E-20
  0.2844963653785E+01   0.9007151890994E-21
  0.2853126350018E+01   0.3237206992915E-21
  0.2861312466447E+01   0.1052286216475E-21
  0.2869522070270E+01   0.3067856013805E-22
  0.2877755228877E+01   0.8849197086652E-23
  0.2886012009850E+01   0.2674661642838E-23
  0.2894292480965E+01   0.8846611653202E-24
  0.2902596710194E+01   0.3326342820165E-24
  0.2910924765703E+01   0.1495286713282E-24
  0.2919276715854E+01   0.7466566873731E-25
  0.2927652629205E+01   0.4566068227165E-25
  0.2936052574510E+01   0.3009974102781E-25
  0.2944476620721E+01   0.2286505746437E-25
  0.2952924836988E+01   0.1875504904361E-25
  0.2961397292658E+01   0.1587854994174E-25
  0.2969894057280E+01   0.1409546037896E-25
  0.2978415200599E+01   0.1309372990590E-25
  0.2986960792563E+01   0.1300801035418E-25
  0.2995530903318E+01   0.1184900311070E-25
  0.3004125603214E+01   0.1197738771720E-25
  0.3012744962800E+01   0.1237832724987E-25
  0.3021389052831E+01   0.1278982390284E-25
  0.3030057944261E+01   0.1409854063156E-25
  0.3038751708251E+01   0.1575361060833E-25
  0.3047470416164E+01   0.1883209970934E-25
  0.3056214139568E+01   0.2396726673176E-25
  0.3064982950238E+01   0.3126345933976E-25
  0.3073776920153E+01   0.4120615686308E-25
  0.3082596121499E+01   0.5734973351436E-25
  0.3091440626670E+01   0.8261905324519E-25
  0.3100310508267E+01   0.1187505538422E-24
  0.3109205839099E+01   0.1755884416371E-24
  0.3118126692184E+01   0.2786169742971E-24
  0.3127073140750E+01   0.4440438805121E-24
  0.3136045258236E+01   0.7161215166674E-24
  0.3145043118290E+01   0.1180757205201E-23
  0.3154066794771E+01   0.1963671969339E-23
  0.3163116361751E+01   0.3336580376829E-23
  0.3172191893516E+01   0.5712129699924E-23
  0.3181293464562E+01   0.9809154740208E-23
  0.3190421149600E+01   0.1694583095308E-22
  0.3199575023556E+01   0.2905765574491E-22
  0.3208755161572E+01   0.4963719754741E-22
  0.3217961639002E+01   0.8436557668052E-22
  0.3227194531419E+01   0.1413057427366E-21
  0.3236453914613E+01   0.2319180449596E-21
  0.3245739864590E+01   0.3705164520899E-21
  0.3255052457574E+01   0.5711181062539E-21
  0.3264391770010E+01   0.8452447607400E-21
  0.3273757878560E+01   0.1194831050132E-20
  0.3283150860107E+01   0.1613462306584E-20
  0.3292570791754E+01   0.2087725300441E-20
  0.3302017750825E+01   0.2603266352202E-20
  0.3311491814867E+01   0.3136464130114E-20
  0.3320993061649E+01   0.3670510011423E-20
  0.3330521569163E+01   0.4199161567956E-20
  0.3340077415625E+01   0.4716955382200E-20
  0.3349660679474E+01   0.5224441263884E-20
  0.3359271439377E+01   0.5699196944152E-20
  0.3368909774224E+01   0.6143446748462E-20
  0.3378575763132E+01   0.6564349614622E-20
  0.3388269485445E+01   0.6989879643162E-20
  0.3397991020737E+01   0.7372556695295E-20
  0.3407740448806E+01   0.7717855318911E-20
  0.3417517849683E+01   0.8077126553079E-20
  0.3427323303625E+01   0.8378587220148E-20
  0.3437156891123E+01   0.8684934667413E-20
  0.3447018692896E+01   0.8981174189839E-20
  0.3456908789896E+01   0.9255520843377E-20
  0.3466827263307E+01   0.9498560469294E-20
  0.3476774194546E+01   0.9745582219574E-20
  0.3486749665263E+01   0.9966099951866E-20
  0.3496753757342E+01   0.1019647256985E-19
  0.3506786552905E+01   0.1042080238600E-19
  0.3516848134305E+01   0.1065075296618E-19
  0.3526938584134E+01   0.1083166351861E-19
  0.3537057985222E+01   0.1106654778506E-19
  0.3547206420634E+01   0.1133802412952E-19
  0.3557383973675E+01   0.1159017057644E-19
  0.3567590727888E+01   0.1183183774422E-19
  0.3577826767056E+01   0.1205445723261E-19
  0.3588092175204E+01   0.1231065290301E-19
  0.3598387036595E+01   0.1257810418206E-19
  0.3608711435738E+01   0.1271813642995E-19
  0.3619065457379E+01   0.1293532988389E-19
  0.3629449186512E+01   0.1313783452572E-19
  0.3639862708372E+01   0.1333726713861E-19
  0.3650306108440E+01   0.1353488434155E-19
  0.3660779472442E+01   0.1371633672017E-19
  0.3671282886350E+01   0.1392959405063E-19
  0.3681816436381E+01   0.1410691734489E-19
  0.3692380209002E+01   0.1428832940511E-19
  0.3702974290926E+01   0.1448225440921E-19
  0.3713598769117E+01   0.1466060464088E-19
  0.3724253730786E+01   0.1485031993125E-19
  0.3734939263396E+01   0.1502549224643E-19
  0.3745655454660E+01   0.1520743465653E-19
  0.3756402392544E+01   0.1538383361069E-19
  0.3767180165264E+01   0.1556408564857E-19
  0.3777988861291E+01   0.1571944330041E-19
  0.3788828569349E+01   0.1586947117384E-19
  0.3799699378418E+01   0.1602515341275E-19
  0.3810601377731E+01   0.1617036342725E-19
  0.3821534656780E+01   0.1629990379693E-19
  0.3832499305310E+01   0.1642993751048E-19
  0.3843495413326E+01   0.1657167717550E-19
  0.3854523071092E+01   0.1670442861586E-19
  0.3865582369128E+01   0.1684804268008E-19
  0.3876673398217E+01   0.1699659762642E-19
  0.3887796249400E+01   0.1715735989034E-19
  0.3898951013980E+01   0.1730280659035E-19
  0.3910137783523E+01   0.1746663100629E-19
  0.3921356649856E+01   0.1762111662699E-19
  0.3932607705070E+01   0.1775637775719E-19
  0.3943891041521E+01   0.1791706267326E-19
  0.3955206751830E+01   0.1807991651459E-19
  0.3966554928883E+01   0.1821614809163E-19
  0.3977935665832E+01   0.1833615567090E-19
  0.3989349056097E+01   0.1846493300519E-19
  0.4000795193368E+01   0.1853680318596E-19
  0.4012274171599E+01   0.1862618753275E-19
  0.4023786085019E+01   0.1867956937466E-19
  0.4035331028123E+01   0.1874644578376E-19
  0.4046909095679E+01   0.1879727363307E-19
  0.4058520382728E+01   0.1884318070700E-19
  0.4070164984582E+01   0.1887636991291E-19
  0.4081842996827E+01   0.1901318814063E-19
  0.4093554515323E+01   0.1915938415310E-19
  0.4105299636205E+01   0.1934772750480E-19
  0.4117078455885E+01   0.1958782615128E-19
  0.4128891071050E+01   0.1987762015068E-19
  0.4140737578665E+01   0.2027511724628E-19
  0.4152618075974E+01   0.2066953543044E-19
  0.4164532660498E+01   0.2111538653139E-19
  0.4176481430042E+01   0.2182369263456E-19
  0.4188464482686E+01   0.2278580242579E-19
  0.4200481916795E+01   0.2398612270757E-19
  0.4212533831015E+01   0.2531186610786E-19
  0.4224620324277E+01   0.2642008011012E-19
  0.4236741495793E+01   0.1154581655787E-19
  0.4248897445061E+01   0.9850962718083E-23
  0.4261088271865E+01   0.9860498319549E-25
  0.4273314076274E+01   0.8323829823707E-24
  0.4285574958646E+01   0.1627986572687E-20
  0.4297871019624E+01   0.9543339134040E-20
  0.4310202360143E+01   0.1171191545031E-19
  0.4322569081426E+01   0.1279068439799E-19
  0.4334971284986E+01   0.1349105524590E-19
  0.4347409072628E+01   0.1405026784772E-19
  0.4359882546449E+01   0.1440586748479E-19
  0.4372391808839E+01   0.1434604752622E-19
  0.4384936962482E+01   0.1214696414494E-19
  0.4397518110355E+01   0.1306117587103E-19
  0.4410135355733E+01   0.1477498763045E-19
  0.4422788802186E+01   0.1485541113288E-19
  0.4435478553580E+01   0.1488864391299E-19
  0.4448204714081E+01   0.1487194572628E-19
  0.4460967388154E+01   0.1486561300594E-19
  0.4473766680561E+01   0.1482470781173E-19
  0.4486602696367E+01   0.1479247447885E-19
  0.4499475540938E+01   0.1479450002938E-19
  0.4512385319942E+01   0.1478763874577E-19
  0.4525332139351E+01   0.1479185214367E-19
  0.4538316105440E+01   0.1483976143815E-19
  0.4551337324788E+01   0.1490752292943E-19
  0.4564395904283E+01   0.1503012033871E-19
  0.4577491951117E+01   0.1515715261845E-19
  0.4590625572791E+01   0.1531889976480E-19
  0.4603796877112E+01   0.1551209366676E-19
  0.4617005972199E+01   0.1572215863981E-19
  0.4630252966481E+01   0.1596767324025E-19
  0.4643537968697E+01   0.1622299942893E-19
  0.4656861087898E+01   0.1625214234472E-19
  0.4670222433449E+01   0.1517398431885E-19
  0.4683622115027E+01   0.1654790841714E-19
  0.4697060242625E+01   0.1737913000848E-19
  0.4710536926552E+01   0.1770389007031E-19
  0.4724052277433E+01   0.1802205749012E-19
  0.4737606406209E+01   0.1834219152999E-19
  0.4751199424141E+01   0.1864505442142E-19
  0.4764831442809E+01   0.1896849070475E-19
  0.4778502574113E+01   0.1924002743588E-19
  0.4792212930274E+01   0.1960246011043E-19
  0.4805962623834E+01   0.1990740850542E-19
  0.4819751767661E+01   0.2023097599586E-19
  0.4833580474942E+01   0.2055110067550E-19
  0.4847448859194E+01   0.2084783748245E-19
  0.4861357034255E+01   0.2114794624300E-19
  0.4875305114293E+01   0.2145032128806E-19
  0.4889293213801E+01   0.2175862325666E-19
  0.4903321447604E+01   0.2207505619091E-19
  0.4917389930853E+01   0.2235760097174E-19
  0.4931498779030E+01   0.2267261388196E-19
  0.4945648107950E+01   0.2295347389683E-19
  0.4959838033760E+01   0.2322454132176E-19
  0.4974068672938E+01   0.2348671691522E-19
  0.4988340142298E+01   0.2376730180591E-19
  0.5002652558990E+01   0.2402019094081E-19
  0.5017006040497E+01   0.2428242659926E-19
  0.5031400704644E+01   0.2450327376458E-19
  0.5045836669588E+01   0.2473258972277E-19
  0.5060314053831E+01   0.2495844312496E-19
  0.5074832976211E+01   0.2514060687389E-19
  0.5089393555907E+01   0.2530610606529E-19
  0.5103995912443E+01   0.2546705018439E-19
  0.5118640165683E+01   0.2561498868538E-19
  0.5133326435836E+01   0.2576714976177E-19
  0.5148054843456E+01   0.2588873775810E-19
  0.5162825509443E+01   0.2598894557822E-19
  0.5177638555043E+01   0.2610779401409E-19
  0.5192494101851E+01   0.2620542320251E-19
  0.5207392271810E+01   0.2629153258170E-19
  0.5222333187214E+01   0.2637613355832E-19
  0.5237316970706E+01   0.2646277481312E-19
  0.5252343745283E+01   0.2652507657234E-19
  0.5267413634293E+01   0.2659804555160E-19
  0.5282526761440E+01   0.2668925415804E-19
  0.5297683250780E+01   0.2675177051328E-19
  0.5312883226729E+01   0.2678795930820E-19
  0.5328126814055E+01   0.2682286644299E-19
  0.5343414137889E+01   0.2687297765919E-19
  0.5358745323718E+01   0.2687833696891E-19
  0.5374120497388E+01   0.2685897769507E-19
  0.5389539785110E+01   0.2687235663102E-19
  0.5405003313454E+01   0.2683745085000E-19
  0.5420511209355E+01   0.2684469170836E-19
  0.5436063600109E+01   0.2678713789809E-19
  0.5451660613382E+01   0.2671063051069E-19
  0.5467302377202E+01   0.2665316619191E-19
  0.5482989019966E+01   0.2658538781244E-19
  0.5498720670441E+01   0.2648136120965E-19
  0.5514497457762E+01   0.2641049711532E-19
  0.5530319511432E+01   0.2629495815251E-19
  0.5546186961331E+01   0.2616816691273E-19
  0.5562099937707E+01   0.2601859498200E-19
  0.5578058571184E+01   0.2582612931928E-19
  0.5594062992760E+01   0.2556985544477E-19
  0.5610113333808E+01   0.2529995313598E-19
  0.5626209726081E+01   0.2498126612581E-19
  0.5642352301707E+01   0.2456094130283E-19
  0.5658541193194E+01   0.2409003810374E-19
  0.5674776533430E+01   0.2351429007345E-19
  0.5691058455685E+01   0.2287135537148E-19
  0.5707387093610E+01   0.2212217990360E-19
  0.5723762581242E+01   0.2123896117673E-19
  0.5740185053000E+01   0.2023007166312E-19
  0.5756654643690E+01   0.1907436739053E-19
  0.5773171488504E+01   0.1784281298188E-19
  0.5789735723023E+01   0.1647344373764E-19
  0.5806347483215E+01   0.1510489976335E-19
  0.5823006905441E+01   0.1376720201138E-19
  0.5839714126450E+01   0.1242023197310E-19
  0.5856469283387E+01   0.1127611722041E-19
  0.5873272513787E+01   0.1027181518978E-19
  0.5890123955582E+01   0.9403562030155E-20
  0.5907023747098E+01   0.8704870088086E-20
  0.5923972027060E+01   0.8145622301670E-20
  0.5940968934588E+01   0.7727003925015E-20
  0.5958014609205E+01   0.7370535815605E-20
  0.5975109190831E+01   0.7125590374857E-20
  0.5992252819789E+01   0.6928966181453E-20
  0.6009445636805E+01   0.6780127440874E-20
  0.6026687783007E+01   0.6677682640215E-20
  0.6043979399930E+01   0.6642420847799E-20
  0.6061320629513E+01   0.6649040035302E-20
  0.6078711614104E+01   0.6768826272971E-20
  0.6096152496459E+01   0.6997177110854E-20
  0.6113643419744E+01   0.7385366751675E-20
  0.6131184527533E+01   0.7864993138014E-20
  0.6148775963816E+01   0.8414141055862E-20
  0.6166417872994E+01   0.8998240915715E-20
  0.6184110399881E+01   0.9563528587377E-20
  0.6201853689710E+01   0.1002964487886E-19
  0.6219647888128E+01   0.1043927581176E-19
  0.6237493141200E+01   0.1081330180959E-19
  0.6255389595412E+01   0.1115548441968E-19
  0.6273337397667E+01   0.1145043431211E-19
  0.6291336695293E+01   0.1175273657501E-19
  0.6309387636040E+01   0.1202534882374E-19
  0.6327490368079E+01   0.1231865484087E-19
  0.6345645040009E+01   0.1262331045463E-19
  0.6363851800855E+01   0.1289337401721E-19
  0.6382110800069E+01   0.1320272275883E-19
  0.6400422187532E+01   0.1348817286623E-19
  0.6418786113555E+01   0.1379459074684E-19
  0.6437202728880E+01   0.1403627118110E-19
  0.6455672184682E+01   0.1429070829674E-19
  0.6474194632569E+01   0.1452648215863E-19
  0.6492770224586E+01   0.1480842310084E-19
  0.6511399113211E+01   0.1500330763217E-19
  0.6530081451363E+01   0.1522230239403E-19
  0.6548817392397E+01   0.1544510913239E-19
  0.6567607090108E+01   0.1566213957899E-19
  0.6586450698735E+01   0.1588592583654E-19
  0.6605348372958E+01   0.1612359174098E-19
  0.6624300267898E+01   0.1637294061110E-19
  0.6643306539127E+01   0.1666869950603E-19
  0.6662367342658E+01   0.1689242497286E-19
  0.6681482834954E+01   0.1718105138739E-19
  0.6700653172927E+01   0.1743044221938E-19
  0.6719878513938E+01   0.1765871984229E-19
  0.6739159015801E+01   0.1784182818451E-19
  0.6758494836783E+01   0.1801962065912E-19
  0.6777886135602E+01   0.1827329668651E-19
  0.6797333071435E+01   0.1856718657360E-19
  0.6816835803914E+01   0.1874057450109E-19
  0.6836394493129E+01   0.1893350888788E-19
  0.6856009299631E+01   0.1923712370695E-19
  0.6875680384428E+01   0.1941934941311E-19
  0.6895407908994E+01   0.1962695669743E-19
  0.6915192035264E+01   0.1988905645874E-19
  0.6935032925638E+01   0.2015081113190E-19
  0.6954930742982E+01   0.2037926509965E-19
  0.6974885650629E+01   0.2059839117940E-19
  0.6994897812383E+01   0.2085197750687E-19
  0.7014967392513E+01   0.2106709293354E-19
  0.7035094555765E+01   0.2134383699657E-19
  0.7055279467354E+01   0.2166039067989E-19
  0.7075522292970E+01   0.2194052485150E-19
  0.7095823198778E+01   0.2223750728282E-19
  0.7116182351420E+01   0.2256693850077E-19
  0.7136599918018E+01   0.2286062466413E-19
  0.7157076066170E+01   0.2318008478088E-19
  0.7177610963958E+01   0.2350551077405E-19
  0.7198204779944E+01   0.2378351404064E-19
  0.7218857683175E+01   0.2402137432148E-19
  0.7239569843182E+01   0.2424717433556E-19
  0.7260341429984E+01   0.2466148900294E-19
  0.7281172614086E+01   0.2506965715712E-19
  0.7302063566484E+01   0.2545865009609E-19
  0.7323014458663E+01   0.2585283668207E-19
  0.7344025462600E+01   0.2624449696712E-19
  0.7365096750767E+01   0.2664938477292E-19
  0.7386228496130E+01   0.2706125021454E-19
  0.7407420872151E+01   0.2748194165332E-19
  0.7428674052790E+01   0.2789729612694E-19
  0.7449988212505E+01   0.2834831614236E-19
  0.7471363526258E+01   0.2883100285716E-19
  0.7492800169508E+01   0.2933079808118E-19
  0.7514298318222E+01   0.2975037695116E-19
  0.7535858148868E+01   0.3018481476310E-19
  0.7557479838424E+01   0.3071950586038E-19
  0.7579163564373E+01   0.3126742429210E-19
  0.7600909504708E+01   0.3181370373854E-19
  0.7622717837934E+01   0.3231652486904E-19
  0.7644588743066E+01   0.3280783659275E-19
  0.7666522399634E+01   0.3330736557450E-19
  0.7688518987683E+01   0.3377457162493E-19
  0.7710578687774E+01   0.3422195438627E-19
  0.7732701680988E+01   0.3464075926702E-19
  0.7754888148921E+01   0.3501119139009E-19
  0.7777138273696E+01   0.3526954029800E-19
  0.7799452237954E+01   0.3547108955046E-19
  0.7821830224861E+01   0.3560600791001E-19
  0.7844272418111E+01   0.3568634573938E-19
  0.7866779001922E+01   0.3558737565650E-19
  0.7889350161042E+01   0.3539922507983E-19
  0.7911986080749E+01   0.3513658915789E-19
  0.7934686946851E+01   0.3474826898993E-19
  0.7957452945693E+01   0.3424428412582E-19
  0.7980284264150E+01   0.3367654382047E-19
  0.8003181089637E+01   0.3360113428954E-19
  0.8026143610103E+01   0.3326450279909E-19
  0.8049172014041E+01   0.3269970498162E-19
  0.8072266490480E+01   0.3190127699392E-19
  0.8095427228995E+01   0.3125727431711E-19
  0.8118654419702E+01   0.3023717287822E-19
  0.8141948253265E+01   0.2898170295656E-19
  0.8165308920893E+01   0.2741538354019E-19
  0.8188736614346E+01   0.2640109270008E-19
  0.8212231525931E+01   0.2578507907184E-19
  0.8235793848510E+01   0.2565172389004E-19
  0.8259423775497E+01   0.2532604825917E-19
  0.8283121500859E+01   0.2572836054868E-19
  0.8306887219123E+01   0.2580371850924E-19
  0.8330721125372E+01   0.2552024193196E-19
  0.8354623415250E+01   0.2493682950352E-19
  0.8378594284960E+01   0.2456582050653E-19
  0.8402633931270E+01   0.2392655102552E-19
  0.8426742551512E+01   0.2361286798094E-19
  0.8450920343585E+01   0.2299923176750E-19
  0.8475167505955E+01   0.2256210281367E-19
  0.8499484237656E+01   0.2191070140409E-19
  0.8523870738296E+01   0.2107537689380E-19
  0.8548327208054E+01   0.2004479954521E-19
  0.8572853847683E+01   0.1909424493275E-19
  0.8597450858513E+01   0.1806125581957E-19
  0.8622118442451E+01   0.1723698532513E-19
  0.8646856801984E+01   0.1640885003483E-19
  0.8671666140179E+01   0.1556068860244E-19
  0.8696546660687E+01   0.1468102493054E-19
  0.8721498567741E+01   0.1372167771753E-19
  0.8746522066162E+01   0.1272711116310E-19
  0.8771617361359E+01   0.1182155735965E-19
  0.8796784659329E+01   0.1090880664895E-19
  0.8822024166659E+01   0.1017897080397E-19
  0.8847336090533E+01   0.9485847192274E-20
  0.8872720638724E+01   0.8873539891745E-20
  0.8898178019606E+01   0.8259169392903E-20
  0.8923708442147E+01   0.7654461097033E-20
  0.8949312115917E+01   0.7039518034426E-20
  0.8974989251087E+01   0.6461844512307E-20
  0.9000740058430E+01   0.5924289824273E-20
  0.9026564749324E+01   0.5706733637162E-20
  0.9052463535754E+01   0.5490903721523E-20
  0.9078436630313E+01   0.5279107962640E-20
  0.9104484246204E+01   0.5071780224467E-20
  0.9130606597242E+01   0.4863277214333E-20
  0.9156803897854E+01   0.4659171908771E-20
  0.9183076363086E+01   0.4446707462635E-20
  0.9209424208595E+01   0.4313506590384E-20
  0.9235847650663E+01   0.4311184647551E-20
  0.9262346906188E+01   0.4306051856150E-20
  0.9288922192692E+01   0.4307058117948E-20
  0.9315573728322E+01   0.4308767674717E-20
  0.9342301731850E+01   0.4331935923962E-20
  0.9369106422675E+01   0.4360853916316E-20
  0.9395988020826E+01   0.4378862065422E-20
  0.9422946746965E+01   0.4593515297894E-20
  0.9449982822385E+01   0.4867326883313E-20
  0.9477096469013E+01   0.5170864046262E-20
  0.9504287909417E+01   0.5447463756513E-20
  0.9531557366798E+01   0.5775142949392E-20
  0.9558905065003E+01   0.6130516446852E-20
  0.9586331228517E+01   0.6521720652701E-20
  0.9613836082471E+01   0.6968258762623E-20
  0.9641419852641E+01   0.7504829459589E-20
  0.9669082765452E+01   0.8082122937693E-20
  0.9696825047978E+01   0.8691199794752E-20
  0.9724646927945E+01   0.9308886156874E-20
  0.9752548633731E+01   0.9937016267933E-20
  0.9780530394371E+01   0.1056350866959E-19
  0.9808592439555E+01   0.1127692225236E-19
  0.9836734999635E+01   0.1211635752729E-19
  0.9864958305621E+01   0.1312098532906E-19
  0.9893262589188E+01   0.1428325129033E-19
  0.9921648082674E+01   0.1559657469335E-19
  0.9950115019085E+01   0.1698279081524E-19
  0.9978663632094E+01   0.1841109687039E-19
  0.1000729415605E+02   0.1987546660108E-19
  0.1003600682596E+02   0.2134936045403E-19
  0.1006480187752E+02   0.2291264269962E-19
  0.1009367954710E+02   0.2442544429986E-19
  0.1012264007175E+02   0.2607150907148E-19
  0.1015168368918E+02   0.2765932557661E-19
  0.1018081063781E+02   0.2929489419719E-19
  0.1021002115673E+02   0.3085954843447E-19
  0.1023931548572E+02   0.3246174509351E-19
  0.1026869386524E+02   0.3402321780900E-19
  0.1029815653645E+02   0.3534796647312E-19
  0.1032770374119E+02   0.3660398719308E-19
  0.1035733572201E+02   0.3769948898130E-19
  0.1038705272214E+02   0.3862196321139E-19
  0.1041685498552E+02   0.3970690534039E-19
  0.1044674275678E+02   0.4058926054035E-19
  0.1047671628127E+02   0.4155679258148E-19
  0.1050677580502E+02   0.4196253807491E-19
  0.1053692157478E+02   0.4236300433834E-19
  0.1056715383800E+02   0.4233716831566E-19
  0.1059747284285E+02   0.4208501300183E-19
  0.1062787883821E+02   0.4175081082447E-19
  0.1065837207366E+02   0.4138226976247E-19
  0.1068895279952E+02   0.4063563951963E-19
  0.1071962126681E+02   0.3990035162119E-19
  0.1075037772726E+02   0.3911441826643E-19
  0.1078122243337E+02   0.3808935630437E-19
  0.1081215563830E+02   0.3724704782921E-19
  0.1084317759599E+02   0.3643108951436E-19
  0.1087428856108E+02   0.3565767087242E-19
  0.1090548878894E+02   0.3471664242987E-19
  0.1093677853570E+02   0.3381012249782E-19
  0.1096815805818E+02   0.3296981868524E-19
  0.1099962761399E+02   0.3219345887560E-19
  0.1103118746143E+02   0.3155771442618E-19
  0.1106283785956E+02   0.3083863129605E-19
  0.1109457906821E+02   0.3023129566600E-19
  0.1112641134790E+02   0.2972128833139E-19
  0.1115833495996E+02   0.2926104501352E-19
  0.1119035016641E+02   0.2877632577782E-19
  0.1122245723007E+02   0.2852824886500E-19
  0.1125465641449E+02   0.2834476788928E-19
  0.1128694798398E+02   0.2819417320852E-19
  0.1131933220360E+02   0.2806785898538E-19
  0.1135180933919E+02   0.2792336598697E-19
  0.1138437965734E+02   0.2792332509528E-19
  0.1141704342540E+02   0.2808128794660E-19
  0.1144980091151E+02   0.2843082492201E-19
  0.1148265238454E+02   0.2880993772668E-19
  0.1151559811418E+02   0.2923313701314E-19
  0.1154863837085E+02   0.2967393063850E-19
  0.1158177342577E+02   0.3030606236236E-19
  0.1161500355093E+02   0.3097551488747E-19
  0.1164832901912E+02   0.3193543934533E-19
  0.1168175010387E+02   0.3311701848189E-19
  0.1171526707954E+02   0.3433567506706E-19
  0.1174888022125E+02   0.3524092292671E-19
  0.1178258980492E+02   0.3653746371797E-19
  0.1181639610725E+02   0.3779612199365E-19
  0.1185029940575E+02   0.3912753894751E-19
  0.1188429997872E+02   0.4052435082729E-19
  0.1191839810526E+02   0.4213891604799E-19
  0.1195259406526E+02   0.4368989043938E-19
  0.1198688813943E+02   0.4524896900960E-19
  0.1202128060927E+02   0.4655032321021E-19
  0.1205577175709E+02   0.4750309333545E-19
  0.1209036186603E+02   0.4875214293009E-19
  0.1212505122001E+02   0.4999521664773E-19
  0.1215984010379E+02   0.5143862681148E-19
  0.1219472880294E+02   0.5294574850923E-19
  0.1222971760384E+02   0.5444072482198E-19
  0.1226480679370E+02   0.5622796058659E-19
  0.1229999666056E+02   0.5801573575414E-19
  0.1233528749328E+02   0.5984892596986E-19
  0.1237067958155E+02   0.6185545823346E-19
  0.1240617321588E+02   0.6438096503736E-19
  0.1244176868763E+02   0.6675969503452E-19
  0.1247746628899E+02   0.6955647235932E-19
  0.1251326631298E+02   0.7154223670962E-19
  0.1254916905348E+02   0.7393066293409E-19
  0.1258517480519E+02   0.7635056568174E-19
  0.1262128386368E+02   0.7865005048703E-19
  0.1265749652534E+02   0.8175492902342E-19
  0.1269381308744E+02   0.8459638575881E-19
  0.1273023384808E+02   0.8759323124940E-19
  0.1276675910623E+02   0.9053327374944E-19
  0.1280338916170E+02   0.9369250675393E-19
  0.1284012431518E+02   0.9686465264119E-19
  0.1287696486822E+02   0.1001619137839E-18
  0.1291391112322E+02   0.1036863845239E-18
  0.1295096338345E+02   0.1076566741755E-18
  0.1298812195308E+02   0.1120511916235E-18
  0.1302538713712E+02   0.1161840094032E-18
  0.1306275924146E+02   0.1206993762152E-18
  0.1310023857287E+02   0.1251093244978E-18
  0.1313782543902E+02   0.1296315867234E-18
  0.1317552014843E+02   0.1347046242254E-18
  0.1321332301052E+02   0.1402149943494E-18
  0.1325123433562E+02   0.1457612096401E-18
  0.1328925443490E+02   0.1520644337722E-18
  0.1332738362048E+02   0.1584133327559E-18
  0.1336562220533E+02   0.1648334191895E-18
  0.1340397050333E+02   0.1716814909515E-18
  0.1344242882929E+02   0.1785129940636E-18
  0.1348099749888E+02   0.1857214859083E-18
  0.1351967682870E+02   0.1936714558859E-18
  0.1355846713625E+02   0.2015674531360E-18
  0.1359736873996E+02   0.2099488833506E-18
  0.1363638195914E+02   0.2188830338492E-18
  0.1367550711404E+02   0.2277966023505E-18
  0.1371474452582E+02   0.2368924920256E-18
  0.1375409451658E+02   0.2465515894158E-18
  0.1379355740931E+02   0.2566675097794E-18
  0.1383313352795E+02   0.2667342071547E-18
  0.1387282319737E+02   0.2771948643773E-18
  0.1391262674336E+02   0.2878607358026E-18
  0.1395254449266E+02   0.2987086839107E-18
  0.1399257677294E+02   0.3103047528371E-18
  0.1403272391280E+02   0.3224851351491E-18
  0.1407298624180E+02   0.3341723366372E-18
  0.1411336409043E+02   0.3477314100878E-18
  0.1415385779014E+02   0.3590965737750E-18
  0.1419446767333E+02   0.3720747678499E-18
  0.1423519407334E+02   0.3878109493572E-18
  0.1427603732450E+02   0.4005404946301E-18
  0.1431699776205E+02   0.4158294155785E-18
  0.1435807572223E+02   0.4303115802433E-18
  0.1439927154224E+02   0.4453090353835E-18
  0.1444058556023E+02   0.4605680538909E-18
  0.1448201811533E+02   0.4762777262292E-18
  0.1452356954764E+02   0.4948440226652E-18
  0.1456524019826E+02   0.5065571605460E-18
  0.1460703040923E+02   0.5244708263360E-18
  0.1464894052359E+02   0.5412818726464E-18
  0.1469097088537E+02   0.5565440140092E-18
  0.1473312183958E+02   0.5723559335919E-18
  0.1477539373222E+02   0.5833317956291E-18
  0.1481778691028E+02   0.5917730112288E-18
  0.1486030172175E+02   0.5905740532457E-18
  0.1490293851562E+02   0.5734438284976E-18
  0.1494569764188E+02   0.5370809955381E-18
  0.1498857945152E+02   0.4876304116365E-18
  0.1503158429654E+02   0.4312158205278E-18
  0.1507471252995E+02   0.3796585178876E-18
  0.1511796450577E+02   0.3392436498951E-18
  0.1516134057904E+02   0.3165932142079E-18
  0.1520484110583E+02   0.3120907514284E-18
  0.1524846644320E+02   0.3235854061732E-18
  0.1529221694927E+02   0.3515098043612E-18
  0.1533609298315E+02   0.3872051833356E-18
  0.1538009490502E+02   0.4292587232406E-18
  0.1542422307607E+02   0.4780820604421E-18
  0.1546847785852E+02   0.5311419158925E-18
  0.1551285961565E+02   0.5859115292818E-18
  0.1555736871178E+02   0.6392755562423E-18
  0.1560200551225E+02   0.6879703166567E-18
  0.1564677038348E+02   0.7317445105240E-18
  0.1569166369292E+02   0.7717122222775E-18
  0.1573668580909E+02   0.8055381765182E-18
  0.1578183710155E+02   0.8329671478594E-18
  0.1582711794093E+02   0.8611407315705E-18
  0.1587252869892E+02   0.8921894519006E-18
  0.1591806974829E+02   0.9085097753622E-18
  0.1596374146286E+02   0.9248687736533E-18
  0.1600954421753E+02   0.9370588987442E-18
  0.1605547838829E+02   0.9461953376124E-18
  0.1610154435218E+02   0.9514625362564E-18
  0.1614774248735E+02   0.9555699104152E-18
  0.1619407317301E+02   0.9587989070387E-18
  0.1624053678948E+02   0.9598855582952E-18
  0.1628713371815E+02   0.9572864763979E-18
  0.1633386434154E+02   0.9546236319206E-18
  0.1638072904321E+02   0.9488722384476E-18
  0.1642772820788E+02   0.9403106276136E-18
  0.1647486222134E+02   0.9325911068494E-18
  0.1652213147050E+02   0.9276521306482E-18
  0.1656953634336E+02   0.9277473536031E-18
  0.1661707722906E+02   0.9243821184339E-18
  0.1666475451784E+02   0.9198744525535E-18
  0.1671256860106E+02   0.9149152499418E-18
  0.1676051987122E+02   0.9109022809187E-18
  0.1680860872193E+02   0.9030194453600E-18
  0.1685683554792E+02   0.8964524973342E-18
  0.1690520074507E+02   0.8879501199592E-18
  0.1695370471040E+02   0.8823818505982E-18
  0.1700234784206E+02   0.8705872721914E-18
  0.1705113053933E+02   0.8689755663535E-18
  0.1710005320266E+02   0.8675602869436E-18
  0.1714911623363E+02   0.8638934138097E-18
  0.1719832003498E+02   0.8605390812835E-18
  0.1724766501060E+02   0.8585355489066E-18
  0.1729715156556E+02   0.8561512537269E-18
  0.1734678010606E+02   0.8546669334673E-18
  0.1739655103949E+02   0.8461090879250E-18
  0.1744646477439E+02   0.8428214472693E-18
  0.1749652172049E+02   0.8394981008353E-18
  0.1754672228869E+02   0.8424257927298E-18
  0.1759706689107E+02   0.8461663452425E-18
  0.1764755594087E+02   0.8507859671777E-18
  0.1769818985256E+02   0.8547894351604E-18
  0.1774896904175E+02   0.8593379081630E-18
  0.1779989392528E+02   0.8623828563035E-18
  0.1785096492118E+02   0.8656934787289E-18
  0.1790218244865E+02   0.8691790317935E-18
  0.1795354692814E+02   0.8729784825959E-18
  0.1800505878126E+02   0.8719252059678E-18
  0.1805671843086E+02   0.8967349165657E-18
  0.1810852630099E+02   0.9141493591213E-18
  0.1816048281692E+02   0.9296421142422E-18
  0.1821258840515E+02   0.9475625885120E-18
  0.1826484349339E+02   0.9644679132749E-18
  0.1831724851057E+02   0.9804957331061E-18
  0.1836980388688E+02   0.9983671659190E-18
  0.1842251005372E+02   0.1018100596554E-17
  0.1847536744372E+02   0.1038478988766E-17
  0.1852837649079E+02   0.1061186080384E-17
  0.1858153763004E+02   0.1085978207032E-17
  0.1863485129787E+02   0.1111280233253E-17
  0.1868831793189E+02   0.1135757809451E-17
  0.1874193797099E+02   0.1162688614432E-17
  0.1879571185533E+02   0.1196774097539E-17
  0.1884964002631E+02   0.1223061006343E-17
  0.1890372292660E+02   0.1252717928980E-17
  0.1895796100015E+02   0.1281836638664E-17
  0.1901235469219E+02   0.1315267756761E-17
  0.1906690444920E+02   0.1351051674971E-17
  0.1912161071896E+02   0.1387964866875E-17
  0.1917647395054E+02   0.1425950524037E-17
  0.1923149459429E+02   0.1465532397580E-17
  0.1928667310184E+02   0.1501532270879E-17
  0.1934200992615E+02   0.1538310113655E-17
  0.1939750552144E+02   0.1582215170833E-17
  0.1945316034326E+02   0.1623561709996E-17
  0.1950897484846E+02   0.1672690635406E-17
  0.1956494949519E+02   0.1707362410285E-17
  0.1962108474294E+02   0.1759058816058E-17
  0.1967738105249E+02   0.1810005631209E-17
  0.1973383888595E+02   0.1856373562041E-17
  0.1979045870677E+02   0.1913973741286E-17
  0.1984724097972E+02   0.1965102339853E-17
  0.1990418617090E+02   0.2014120028560E-17
  0.1996129474776E+02   0.2070052164017E-17
  0.2001856717906E+02   0.2067108642823E-17
  0.2007600393495E+02   0.2161390696026E-17
  0.2013360548689E+02   0.2228262435802E-17
  0.2019137230772E+02   0.2281975092330E-17
  0.2024930487162E+02   0.2335172241207E-17
  0.2030740365414E+02   0.2388995648714E-17
  0.2036566913218E+02   0.2444402543943E-17
  0.2042410178402E+02   0.2499819102258E-17
  0.2048270208932E+02   0.2556218671755E-17
  0.2054147052911E+02   0.2613127136813E-17
  0.2060040758578E+02   0.2670881923335E-17
  0.2065951374313E+02   0.2729925325915E-17
  0.2071878948635E+02   0.2789572217476E-17
  0.2077823530199E+02   0.2850619332358E-17
  0.2083785167804E+02   0.2913106943747E-17
  0.2089763910385E+02   0.2971616560946E-17
  0.2095759807019E+02   0.3043858907883E-17
  0.2101772906926E+02   0.3120185681452E-17
  0.2107803259463E+02   0.3202419530751E-17
  0.2113850914133E+02   0.3287747187222E-17
  0.2119915920576E+02   0.3373977501592E-17
  0.2125998328580E+02   0.3464242797505E-17
  0.2132098188072E+02   0.3555262637085E-17
  0.2138215549123E+02   0.3646804076799E-17
  0.2144350461948E+02   0.3740239374069E-17
  0.2150502976906E+02   0.3835634770484E-17
  0.2156673144502E+02   0.3933229807367E-17
  0.2162861015383E+02   0.4030578397448E-17
  0.2169066640344E+02   0.4128324900183E-17
  0.2175290070323E+02   0.4227537647890E-17
  0.2181531356407E+02   0.4328155568259E-17
  0.2187790549827E+02   0.4431040432172E-17
  0.2194067701964E+02   0.4532556205616E-17
  0.2200362864344E+02   0.4635032268911E-17
  0.2206676088640E+02   0.4729440297249E-17
  0.2213007426677E+02   0.4824681967906E-17
  0.2219356930426E+02   0.4920865171915E-17
  0.2225724652006E+02   0.5015372760161E-17
  0.2232110643689E+02   0.5115145701289E-17
  0.2238514957895E+02   0.5213886952781E-17
  0.2244937647193E+02   0.5310619040526E-17
  0.2251378764305E+02   0.5407821065612E-17
  0.2257838362104E+02   0.5508465620465E-17
  0.2264316493615E+02   0.5618858269743E-17
  0.2270813212013E+02   0.5722105396798E-17
  0.2277328570628E+02   0.5825606877262E-17
  0.2283862622941E+02   0.5928966051457E-17
  0.2290415422588E+02   0.6036209437773E-17
  0.2296987023359E+02   0.6133692852409E-17
  0.2303577479197E+02   0.6230176075255E-17
  0.2310186844201E+02   0.6331109806034E-17
  0.2316815172624E+02   0.6429316027288E-17
  0.2323462518876E+02   0.6525787347809E-17
  0.2330128937522E+02   0.6624866085811E-17
  0.2336814483285E+02   0.6724651784166E-17
  0.2343519211042E+02   0.6824890478367E-17
  0.2350243175831E+02   0.6926195274615E-17
  0.2356986432846E+02   0.7030890625617E-17
  0.2363749037440E+02   0.7139484897188E-17
  0.2370531045125E+02   0.7253038970923E-17
  0.2377332511571E+02   0.7314785760587E-17
  0.2384153492608E+02   0.7422829263271E-17
  0.2390994044229E+02   0.7535051573323E-17
  0.2397854222583E+02   0.7643424891272E-17
  0.2404734083984E+02   0.7745980493908E-17
  0.2411633684905E+02   0.7843985021235E-17
  0.2418553081984E+02   0.7945106831038E-17
  0.2425492332017E+02   0.8051775194331E-17
  0.2432451491968E+02   0.8148370875039E-17
  0.2439430618960E+02   0.8247466392425E-17
  0.2446429770284E+02   0.8360941263805E-17
  0.2453449003391E+02   0.8490210684265E-17
  0.2460488375901E+02   0.8618947629458E-17
  0.2467547945597E+02   0.8734883236746E-17
  0.2474627770428E+02   0.8927632912612E-17
  0.2481727908509E+02   0.9185783619228E-17
  0.2488848418123E+02   0.9279262999660E-17
  0.2495989357720E+02   0.9372993982673E-17
  0.2503150785915E+02   0.9465559071766E-17
  0.2510332761496E+02   0.9556507179253E-17
  0.2517535343416E+02   0.9647919809924E-17
  0.2524758590797E+02   0.9739754957938E-17
  0.2532002562933E+02   0.9832060561546E-17
  0.2539267319287E+02   0.9924788987686E-17
  0.2546552919493E+02   0.1001792938543E-16
  0.2553859423354E+02   0.1011145128148E-16
  0.2561186890847E+02   0.1020547591485E-16
  0.2568535382121E+02   0.1029993290304E-16
  0.2575904957496E+02   0.1039476919848E-16
  0.2583295677467E+02   0.1048999611401E-16
  0.2590707602700E+02   0.1058566876151E-16
  0.2598140794038E+02   0.1068174520478E-16
  0.2605595312497E+02   0.1077873873356E-16
  0.2613071219267E+02   0.1087628008570E-16
  0.2620568575716E+02   0.1097421528840E-16
  0.2628087443386E+02   0.1107246942466E-16
  0.2635627883997E+02   0.1117108792581E-16
  0.2643189959446E+02   0.1127008382964E-16
  0.2650773731806E+02   0.1136964877939E-16
  0.2658379263330E+02   0.1146959571427E-16
  0.2666006616449E+02   0.1156988680998E-16
  0.2673655853772E+02   0.1167050490197E-16
  0.2681327038089E+02   0.1177143257161E-16
  0.2689020232370E+02   0.1187266975648E-16
  0.2696735499766E+02   0.1197430036337E-16
  0.2704472903607E+02   0.1207621434325E-16
  0.2712232507408E+02   0.1217813080272E-16
  0.2720014374864E+02   0.1228024890828E-16
  0.2727818569852E+02   0.1238266606053E-16
  0.2735645156436E+02   0.1248532723729E-16
  0.2743494198859E+02   0.1258834246864E-16
  0.2751365761552E+02   0.1269164205757E-16
  0.2759259909130E+02   0.1279518395954E-16
  0.2767176706391E+02   0.1289896540282E-16
  0.2775116218324E+02   0.1300308337652E-16
  0.2783078510098E+02   0.1310747709795E-16
  0.2791063647075E+02   0.1321207874287E-16
  0.2799071694800E+02   0.1331693871763E-16
  0.2807102719009E+02   0.1342383463708E-16
  0.2815156785625E+02   0.1353125803044E-16
  0.2823233960761E+02   0.1363876431437E-16
  0.2831334310720E+02   0.1374635042446E-16
  0.2839457901993E+02   0.1385411675147E-16
  0.2847604801265E+02   0.1396200036892E-16
  0.2855775075409E+02   0.1406994034430E-16
  0.2863968791493E+02   0.1417790016875E-16
  0.2872186016776E+02   0.1428596977031E-16
  0.2880426818709E+02   0.1439412224036E-16
  0.2888691264938E+02   0.1450229410491E-16
  0.2896979423303E+02   0.1461048746681E-16
  0.2905291361838E+02   0.1471950226817E-16
  0.2913627148772E+02   0.1482873902641E-16
  0.2921986852530E+02   0.1493768203289E-16
  0.2930370541735E+02   0.1504629254875E-16
  0.2938778285205E+02   0.1515462274065E-16
  0.2947210151954E+02   0.1526265441934E-16
  0.2955666211198E+02   0.1537031049079E-16
  0.2964146532349E+02   0.1547757369510E-16
  0.2972651185018E+02   0.1558454608446E-16
  0.2981180239017E+02   0.1569117508850E-16
  0.2989733764357E+02   0.1579735656912E-16
  0.2998311831252E+02   0.1590307670054E-16
  0.3006914510114E+02   0.1600883601112E-16
  0.3015541871560E+02   0.1611457188341E-16
  0.3024193986409E+02   0.1621982327316E-16
  0.3032870925683E+02   0.1632457608606E-16
  0.3041572760606E+02   0.1642887157169E-16
  0.3050299562609E+02   0.1653270033225E-16
  0.3059051403328E+02   0.1663600825603E-16
  0.3067828354601E+02   0.1673879642673E-16
  0.3076630488477E+02   0.1684109114526E-16
  0.3085457877208E+02   0.1694286913987E-16
  0.3094310593254E+02   0.1704411542008E-16
  0.3103188709285E+02   0.1714483607585E-16
  0.3112092298177E+02   0.1724502930512E-16
  0.3121021433016E+02   0.1734470558910E-16
  0.3129976187098E+02   0.1744381977852E-16
  0.3138956633929E+02   0.1754233616477E-16
  0.3147962847227E+02   0.1764029062012E-16
  0.3156994900919E+02   0.1773764077005E-16
  0.3166052869146E+02   0.1783432604273E-16
  0.3175136826261E+02   0.1793032008481E-16
  0.3184246846832E+02   0.1802580414524E-16
  0.3193383005639E+02   0.1812095644670E-16
  0.3202545377676E+02   0.1821566943804E-16
  0.3211734038154E+02   0.1831035791438E-16
  0.3220949062500E+02   0.1840466324365E-16
  0.3230190526356E+02   0.1849878570596E-16
  0.3239458505581E+02   0.1859229780963E-16
  0.3248753076253E+02   0.1868518820789E-16
  0.3258074314666E+02   0.1877748344068E-16
  0.3267422297337E+02   0.1886918881608E-16
  0.3276797100997E+02   0.1896027289488E-16
  0.3286198802603E+02   0.1905076918336E-16
  0.3295627479327E+02   0.1914069001250E-16
  0.3305083208568E+02   0.1923002690717E-16
  0.3314566067942E+02   0.1931878490897E-16
  0.3324076135292E+02   0.1940704178710E-16
  0.3333613488681E+02   0.1949465242163E-16
  0.3343178206398E+02   0.1958163929442E-16
  0.3352770366956E+02   0.1966796168323E-16
  0.3362390049094E+02   0.1975358852777E-16
  0.3372037331775E+02   0.1983859872683E-16
  0.3381712294190E+02   0.1992312244020E-16
  0.3391415015758E+02   0.2000678355714E-16
  0.3401145576124E+02   0.2008991060438E-16
  0.3410904055162E+02   0.2017285419617E-16
  0.3420690532976E+02   0.2025565598252E-16
  0.3430505089900E+02   0.2033784951397E-16
  0.3440347806497E+02   0.2041944024360E-16
  0.3450218763562E+02   0.2050045174938E-16
  0.3460118042122E+02   0.2058104823902E-16
  0.3470045723436E+02   0.2066104976673E-16
  0.3480001888998E+02   0.2074053811297E-16
  0.3489986620532E+02   0.2081942257764E-16
  0.3500000000000E+02   0.2089771223623E-16
