           1
        1000
  
  0.2000000000000E+01   0.6538643503477E-25
  0.2005738348342E+01   0.5038181070381E-25
  0.2011493161004E+01   0.5478072458622E-25
  0.2017264485226E+01   0.8801718249548E-25
  0.2023052368383E+01   0.9424492466437E-25
  0.2028856857985E+01   0.9543606629713E-25
  0.2034678001678E+01   0.5842503464584E-25
  0.2040515847246E+01   0.7794226033878E-25
  0.2046370442610E+01   0.8550406324993E-25
  0.2052241835828E+01   0.1201213315274E-24
  0.2058130075096E+01   0.1057472227587E-24
  0.2064035208748E+01   0.1279964898755E-24
  0.2069957285256E+01   0.1449569826150E-24
  0.2075896353234E+01   0.1439116266836E-24
  0.2081852461432E+01   0.1498268731167E-24
  0.2087825658742E+01   0.1435644208005E-24
  0.2093815994195E+01   0.2133647304930E-24
  0.2099823516964E+01   0.2478980108953E-24
  0.2105848276362E+01   0.2767980543460E-24
  0.2111890321844E+01   0.2184560720098E-24
  0.2117949703007E+01   0.2988499668894E-24
  0.2124026469590E+01   0.2788855805937E-24
  0.2130120671475E+01   0.3042871668202E-24
  0.2136232358686E+01   0.3934675427174E-24
  0.2142361581393E+01   0.3876649673250E-24
  0.2148508389907E+01   0.4285854955479E-24
  0.2154672834685E+01   0.5163536188467E-24
  0.2160854966329E+01   0.4290866876892E-24
  0.2167054835585E+01   0.5982843148729E-24
  0.2173272493346E+01   0.5105215049528E-24
  0.2179507990650E+01   0.5739961763330E-24
  0.2185761378682E+01   0.7930531833967E-24
  0.2192032708773E+01   0.6737455550635E-24
  0.2198322032403E+01   0.6372992807584E-24
  0.2204629401197E+01   0.8131703742278E-24
  0.2210954866931E+01   0.8264736276196E-24
  0.2217298481528E+01   0.1013211841174E-23
  0.2223660297061E+01   0.1125416099468E-23
  0.2230040365750E+01   0.1173896848004E-23
  0.2236438739967E+01   0.1131729972980E-23
  0.2242855472234E+01   0.1205380043480E-23
  0.2249290615224E+01   0.1042949295508E-23
  0.2255744221760E+01   0.1110801280759E-23
  0.2262216344817E+01   0.1690871878631E-23
  0.2268707037522E+01   0.1628054054654E-23
  0.2275216353156E+01   0.1667010622504E-23
  0.2281744345149E+01   0.1789947992770E-23
  0.2288291067089E+01   0.2379365244647E-23
  0.2294856572714E+01   0.2340452655952E-23
  0.2301440915918E+01   0.3166542032479E-23
  0.2308044150750E+01   0.2976250913968E-23
  0.2314666331412E+01   0.2987729955585E-23
  0.2321307512264E+01   0.3591413292495E-23
  0.2327967747821E+01   0.2947010817955E-23
  0.2334647092753E+01   0.3937213472774E-23
  0.2341345601890E+01   0.3981945891127E-23
  0.2348063330216E+01   0.3996517065290E-23
  0.2354800332874E+01   0.5179364219733E-23
  0.2361556665167E+01   0.5115218720682E-23
  0.2368332382554E+01   0.5750877086252E-23
  0.2375127540653E+01   0.6529610194224E-23
  0.2381942195246E+01   0.6282829285295E-23
  0.2388776402269E+01   0.7323122574487E-23
  0.2395630217822E+01   0.8586530386668E-23
  0.2402503698166E+01   0.7383786324775E-23
  0.2409396899722E+01   0.9356396910662E-23
  0.2416309879074E+01   0.1010368021681E-22
  0.2423242692967E+01   0.1043071181988E-22
  0.2430195398312E+01   0.1008615637086E-22
  0.2437168052179E+01   0.1020109206201E-22
  0.2444160711804E+01   0.1069370774247E-22
  0.2451173434587E+01   0.1290700969048E-22
  0.2458206278094E+01   0.1441951505156E-22
  0.2465259300054E+01   0.1552556266039E-22
  0.2472332558362E+01   0.1730497368001E-22
  0.2479426111080E+01   0.2045008827277E-22
  0.2486540016437E+01   0.2034417912231E-22
  0.2493674332826E+01   0.2633332267224E-22
  0.2500829118813E+01   0.1876717854231E-22
  0.2508004433126E+01   0.2052068919173E-22
  0.2515200334666E+01   0.2254843912442E-22
  0.2522416882500E+01   0.2352446076830E-22
  0.2529654135868E+01   0.2631761917787E-22
  0.2536912154175E+01   0.3075170694932E-22
  0.2544190997002E+01   0.3408009196987E-22
  0.2551490724096E+01   0.3638769757711E-22
  0.2558811395379E+01   0.4352099507414E-22
  0.2566153070942E+01   0.4923134265068E-22
  0.2573515811052E+01   0.5773660649467E-22
  0.2580899676145E+01   0.5687147079423E-22
  0.2588304726834E+01   0.6631400226924E-22
  0.2595731023902E+01   0.7038438979904E-22
  0.2603178628310E+01   0.7553204950692E-22
  0.2610647601193E+01   0.8512179508498E-22
  0.2618138003859E+01   0.9493471679726E-22
  0.2625649897795E+01   0.9374983109549E-22
  0.2633183344664E+01   0.1099263661983E-21
  0.2640738406303E+01   0.1258858854355E-21
  0.2648315144731E+01   0.1344762120620E-21
  0.2655913622140E+01   0.1580225288724E-21
  0.2663533900905E+01   0.1740243404231E-21
  0.2671176043576E+01   0.2020688544438E-21
  0.2678840112886E+01   0.2254975259031E-21
  0.2686526171746E+01   0.2411458783645E-21
  0.2694234283247E+01   0.2468311688529E-21
  0.2701964510663E+01   0.2791102805250E-21
  0.2709716917447E+01   0.3017838223999E-21
  0.2717491567237E+01   0.3361092749381E-21
  0.2725288523851E+01   0.4039910554121E-21
  0.2733107851292E+01   0.4260775593494E-21
  0.2740949613745E+01   0.4782190746774E-21
  0.2748813875580E+01   0.4988320679435E-21
  0.2756700701352E+01   0.5830381175371E-21
  0.2764610155801E+01   0.6582090069236E-21
  0.2772542303853E+01   0.7171785882306E-21
  0.2780497210618E+01   0.8383023046604E-21
  0.2788474941397E+01   0.9435470858734E-21
  0.2796475561675E+01   0.1083162483521E-20
  0.2804499137126E+01   0.9769597253656E-21
  0.2812545733612E+01   0.6180848985526E-21
  0.2820615417185E+01   0.3547927077639E-21
  0.2828708254086E+01   0.1634141473586E-21
  0.2836824310746E+01   0.5664498496383E-22
  0.2844963653785E+01   0.1747338630488E-22
  0.2853126350018E+01   0.5182828153157E-23
  0.2861312466447E+01   0.1416937745434E-23
  0.2869522070270E+01   0.3561849417741E-24
  0.2877755228877E+01   0.9215028682784E-25
  0.2886012009850E+01   0.2412383710209E-25
  0.2894292480965E+01   0.6895578502093E-26
  0.2902596710194E+01   0.2263449496802E-26
  0.2910924765703E+01   0.8852305302150E-27
  0.2919276715854E+01   0.3906964927196E-27
  0.2927652629205E+01   0.2108389536715E-27
  0.2936052574510E+01   0.1233102435502E-27
  0.2944476620721E+01   0.8479084687093E-28
  0.2952924836988E+01   0.6304396288737E-28
  0.2961397292658E+01   0.4988820411156E-28
  0.2969894057280E+01   0.4136894478464E-28
  0.2978415200599E+01   0.3519786956914E-28
  0.2986960792563E+01   0.3206479134354E-28
  0.2995530903318E+01   0.2812852412168E-28
  0.3004125603214E+01   0.2611404640858E-28
  0.3012744962800E+01   0.2480410889387E-28
  0.3021389052831E+01   0.2392906028269E-28
  0.3030057944261E+01   0.2400983573133E-28
  0.3038751708251E+01   0.2616775181393E-28
  0.3047470416164E+01   0.2853530955540E-28
  0.3056214139568E+01   0.3304084350986E-28
  0.3064982950238E+01   0.4040201696565E-28
  0.3073776920153E+01   0.5147105789182E-28
  0.3082596121499E+01   0.6714527422986E-28
  0.3091440626670E+01   0.8871266787965E-28
  0.3100310508267E+01   0.1265113835653E-27
  0.3109205839099E+01   0.1823869608074E-27
  0.3118126692184E+01   0.2736360972016E-27
  0.3127073140750E+01   0.4144022674476E-27
  0.3136045258236E+01   0.6697504052987E-27
  0.3145043118290E+01   0.1100645521014E-26
  0.3154066794771E+01   0.1869268379937E-26
  0.3163116361751E+01   0.3226557526457E-26
  0.3172191893516E+01   0.5791196723359E-26
  0.3181293464562E+01   0.1031779893621E-25
  0.3190421149600E+01   0.1898695211396E-25
  0.3199575023556E+01   0.3659606578507E-25
  0.3208755161572E+01   0.7067220162318E-25
  0.3217961639002E+01   0.1388838270369E-24
  0.3227194531419E+01   0.2856400151428E-24
  0.3236453914613E+01   0.5455216832269E-24
  0.3245739864590E+01   0.1099590173568E-23
  0.3255052457574E+01   0.2142680608186E-23
  0.3264391770010E+01   0.4330429189798E-23
  0.3273757878560E+01   0.8134386487717E-23
  0.3283150860107E+01   0.1495466415554E-22
  0.3292570791754E+01   0.2389194011508E-22
  0.3302017750825E+01   0.4036260898542E-22
  0.3311491814867E+01   0.6055382309842E-22
  0.3320993061649E+01   0.8517326526775E-22
  0.3330521569163E+01   0.1156336022956E-21
  0.3340077415625E+01   0.1479630502527E-21
  0.3349660679474E+01   0.1836848489779E-21
  0.3359271439377E+01   0.2233713234779E-21
  0.3368909774224E+01   0.2614406564911E-21
  0.3378575763132E+01   0.3076308935729E-21
  0.3388269485445E+01   0.3566658771491E-21
  0.3397991020737E+01   0.4047197013507E-21
  0.3407740448806E+01   0.4537241181011E-21
  0.3417517849683E+01   0.5058056807924E-21
  0.3427323303625E+01   0.5516849968545E-21
  0.3437156891123E+01   0.6118741997328E-21
  0.3447018692896E+01   0.6534470974639E-21
  0.3456908789896E+01   0.6997197585510E-21
  0.3466827263307E+01   0.7750236377500E-21
  0.3476774194546E+01   0.8179736373881E-21
  0.3486749665263E+01   0.8754591405866E-21
  0.3496753757342E+01   0.9437236774720E-21
  0.3506786552905E+01   0.1005038049825E-20
  0.3516848134305E+01   0.1073684606858E-20
  0.3526938584134E+01   0.1106573792317E-20
  0.3537057985222E+01   0.1187442252226E-20
  0.3547206420634E+01   0.1266124493992E-20
  0.3557383973675E+01   0.1332444373437E-20
  0.3567590727888E+01   0.1435985547825E-20
  0.3577826767056E+01   0.1483910053043E-20
  0.3588092175204E+01   0.1552937521417E-20
  0.3598387036595E+01   0.1634217897292E-20
  0.3608711435738E+01   0.1716340151022E-20
  0.3619065457379E+01   0.1791149729258E-20
  0.3629449186512E+01   0.1884835557745E-20
  0.3639862708372E+01   0.1944872707084E-20
  0.3650306108440E+01   0.2014338187532E-20
  0.3660779472442E+01   0.2070362410703E-20
  0.3671282886350E+01   0.2176102109072E-20
  0.3681816436381E+01   0.2258530431625E-20
  0.3692380209002E+01   0.2319432273890E-20
  0.3702974290926E+01   0.2426699974191E-20
  0.3713598769117E+01   0.2535081088488E-20
  0.3724253730786E+01   0.2629918504404E-20
  0.3734939263396E+01   0.2702273031243E-20
  0.3745655454660E+01   0.2794867061108E-20
  0.3756402392544E+01   0.2899526540652E-20
  0.3767180165264E+01   0.3014976926140E-20
  0.3777988861291E+01   0.3119877728466E-20
  0.3788828569349E+01   0.3192524292373E-20
  0.3799699378418E+01   0.3261962130468E-20
  0.3810601377731E+01   0.3367094057895E-20
  0.3821534656780E+01   0.3472915609117E-20
  0.3832499305310E+01   0.3546264661293E-20
  0.3843495413326E+01   0.3685927565624E-20
  0.3854523071092E+01   0.3797949529926E-20
  0.3865582369128E+01   0.3876006441965E-20
  0.3876673398217E+01   0.3975420037476E-20
  0.3887796249400E+01   0.4085658612209E-20
  0.3898951013980E+01   0.4234408468796E-20
  0.3910137783523E+01   0.4292071421917E-20
  0.3921356649856E+01   0.4409145426220E-20
  0.3932607705070E+01   0.4547342228119E-20
  0.3943891041521E+01   0.4689556752537E-20
  0.3955206751830E+01   0.4842042938892E-20
  0.3966554928883E+01   0.4957007381523E-20
  0.3977935665832E+01   0.5082326991904E-20
  0.3989349056097E+01   0.5143098040297E-20
  0.4000795193368E+01   0.5260797024209E-20
  0.4012274171599E+01   0.5368013476336E-20
  0.4023786085019E+01   0.5476214691866E-20
  0.4035331028123E+01   0.5564461416131E-20
  0.4046909095679E+01   0.5735358307130E-20
  0.4058520382728E+01   0.5835454768150E-20
  0.4070164984582E+01   0.5940963496819E-20
  0.4081842996827E+01   0.6085139443885E-20
  0.4093554515323E+01   0.6246091143744E-20
  0.4105299636205E+01   0.6395676941181E-20
  0.4117078455885E+01   0.6649954051187E-20
  0.4128891071050E+01   0.6957341930360E-20
  0.4140737578665E+01   0.7352805631258E-20
  0.4152618075974E+01   0.7705693053491E-20
  0.4164532660498E+01   0.8093436071060E-20
  0.4176481430042E+01   0.8714519583360E-20
  0.4188464482686E+01   0.9657566601664E-20
  0.4200481916795E+01   0.8611149203078E-20
  0.4212533831015E+01   0.4470519010348E-20
  0.4224620324277E+01   0.3199367980905E-20
  0.4236741495793E+01   0.7221046311389E-21
  0.4248897445061E+01   0.1674021382098E-24
  0.4261088271865E+01   0.3770499781647E-27
  0.4273314076274E+01   0.3600554149913E-26
  0.4285574958646E+01   0.7790025558331E-22
  0.4297871019624E+01   0.1627745957859E-20
  0.4310202360143E+01   0.2881487751184E-20
  0.4322569081426E+01   0.3496383433220E-20
  0.4334971284986E+01   0.4007646172711E-20
  0.4347409072628E+01   0.4359354941100E-20
  0.4359882546449E+01   0.4672495416641E-20
  0.4372391808839E+01   0.4799479929946E-20
  0.4384936962482E+01   0.3831341608423E-20
  0.4397518110355E+01   0.4425357576562E-20
  0.4410135355733E+01   0.5198663883189E-20
  0.4422788802186E+01   0.5366173751757E-20
  0.4435478553580E+01   0.5426599315207E-20
  0.4448204714081E+01   0.5511052641522E-20
  0.4460967388154E+01   0.5610284199968E-20
  0.4473766680561E+01   0.5651789854271E-20
  0.4486602696367E+01   0.5697714891312E-20
  0.4499475540938E+01   0.5770212294855E-20
  0.4512385319942E+01   0.5822105715657E-20
  0.4525332139351E+01   0.5896084457436E-20
  0.4538316105440E+01   0.5969360411062E-20
  0.4551337324788E+01   0.6067525883205E-20
  0.4564395904283E+01   0.6213949766915E-20
  0.4577491951117E+01   0.6309127956857E-20
  0.4590625572791E+01   0.6453578752426E-20
  0.4603796877112E+01   0.6594687172572E-20
  0.4617005972199E+01   0.6745567784210E-20
  0.4630252966481E+01   0.6911571367882E-20
  0.4643537968697E+01   0.7098829468812E-20
  0.4656861087898E+01   0.7162976398975E-20
  0.4670222433449E+01   0.6728080066864E-20
  0.4683622115027E+01   0.7425051061877E-20
  0.4697060242625E+01   0.7892382242280E-20
  0.4710536926552E+01   0.8126902975774E-20
  0.4724052277433E+01   0.8359265490545E-20
  0.4737606406209E+01   0.8607397905171E-20
  0.4751199424141E+01   0.8826186472907E-20
  0.4764831442809E+01   0.9103211807936E-20
  0.4778502574113E+01   0.9313531429091E-20
  0.4792212930274E+01   0.9600912173090E-20
  0.4805962623834E+01   0.9833769531567E-20
  0.4819751767661E+01   0.1010740196861E-19
  0.4833580474942E+01   0.1034554300975E-19
  0.4847448859194E+01   0.1060090141384E-19
  0.4861357034255E+01   0.1081910189154E-19
  0.4875305114293E+01   0.1109841360206E-19
  0.4889293213801E+01   0.1136135558556E-19
  0.4903321447604E+01   0.1160953491581E-19
  0.4917389930853E+01   0.1182437628916E-19
  0.4931498779030E+01   0.1213403213749E-19
  0.4945648107950E+01   0.1238989910468E-19
  0.4959838033760E+01   0.1262532080565E-19
  0.4974068672938E+01   0.1288896901944E-19
  0.4988340142298E+01   0.1316724446160E-19
  0.5002652558990E+01   0.1344520242662E-19
  0.5017006040497E+01   0.1371679920515E-19
  0.5031400704644E+01   0.1394451971279E-19
  0.5045836669588E+01   0.1417458784105E-19
  0.5060314053831E+01   0.1443652722738E-19
  0.5074832976211E+01   0.1463539518708E-19
  0.5089393555907E+01   0.1485622100084E-19
  0.5103995912443E+01   0.1507064286500E-19
  0.5118640165683E+01   0.1527275500973E-19
  0.5133326435836E+01   0.1545692263712E-19
  0.5148054843456E+01   0.1565299944877E-19
  0.5162825509443E+01   0.1581341533957E-19
  0.5177638555043E+01   0.1598540083224E-19
  0.5192494101851E+01   0.1616902410176E-19
  0.5207392271810E+01   0.1634243048093E-19
  0.5222333187214E+01   0.1645772260130E-19
  0.5237316970706E+01   0.1663449195983E-19
  0.5252343745283E+01   0.1675899892750E-19
  0.5267413634293E+01   0.1692431936734E-19
  0.5282526761440E+01   0.1709939298488E-19
  0.5297683250780E+01   0.1725025505247E-19
  0.5312883226729E+01   0.1735408051478E-19
  0.5328126814055E+01   0.1750030100901E-19
  0.5343414137889E+01   0.1763808608858E-19
  0.5358745323718E+01   0.1775183944014E-19
  0.5374120497388E+01   0.1783863506204E-19
  0.5389539785110E+01   0.1793745660123E-19
  0.5405003313454E+01   0.1800262386631E-19
  0.5420511209355E+01   0.1810090524677E-19
  0.5436063600109E+01   0.1816187508573E-19
  0.5451660613382E+01   0.1819868289908E-19
  0.5467302377202E+01   0.1826753651384E-19
  0.5482989019966E+01   0.1830726530730E-19
  0.5498720670441E+01   0.1832878146659E-19
  0.5514497457762E+01   0.1836784505905E-19
  0.5530319511432E+01   0.1839099851083E-19
  0.5546186961331E+01   0.1839346583159E-19
  0.5562099937707E+01   0.1838725414797E-19
  0.5578058571184E+01   0.1833502969619E-19
  0.5594062992760E+01   0.1823549749913E-19
  0.5610113333808E+01   0.1813300784924E-19
  0.5626209726081E+01   0.1797822898880E-19
  0.5642352301707E+01   0.1776727220857E-19
  0.5658541193194E+01   0.1749248951889E-19
  0.5674776533430E+01   0.1714004582876E-19
  0.5691058455685E+01   0.1672409698633E-19
  0.5707387093610E+01   0.1623537815701E-19
  0.5723762581242E+01   0.1560578345861E-19
  0.5740185053000E+01   0.1494740059759E-19
  0.5756654643690E+01   0.1412128433650E-19
  0.5773171488504E+01   0.1325249743377E-19
  0.5789735723023E+01   0.1224986594294E-19
  0.5806347483215E+01   0.1124897004564E-19
  0.5823006905441E+01   0.1026876715555E-19
  0.5839714126450E+01   0.9263490049719E-20
  0.5856469283387E+01   0.8416456255136E-20
  0.5873272513787E+01   0.7681958547682E-20
  0.5890123955582E+01   0.7038074906145E-20
  0.5907023747098E+01   0.6518384299256E-20
  0.5923972027060E+01   0.6112028880780E-20
  0.5940968934588E+01   0.5809178173792E-20
  0.5958014609205E+01   0.5552341692155E-20
  0.5975109190831E+01   0.5373114894440E-20
  0.5992252819789E+01   0.5241837737838E-20
  0.6009445636805E+01   0.5135487542919E-20
  0.6026687783007E+01   0.5060839984603E-20
  0.6043979399930E+01   0.5040418985208E-20
  0.6061320629513E+01   0.5034600849657E-20
  0.6078711614104E+01   0.5140483416008E-20
  0.6096152496459E+01   0.5282144464717E-20
  0.6113643419744E+01   0.5620909853780E-20
  0.6131184527533E+01   0.5999769020738E-20
  0.6148775963816E+01   0.6435184708427E-20
  0.6166417872994E+01   0.6883735531917E-20
  0.6184110399881E+01   0.7349508739875E-20
  0.6201853689710E+01   0.7737137304518E-20
  0.6219647888128E+01   0.8073869109604E-20
  0.6237493141200E+01   0.8380294531684E-20
  0.6255389595412E+01   0.8666692522318E-20
  0.6273337397667E+01   0.8937178227643E-20
  0.6291336695293E+01   0.9149263658448E-20
  0.6309387636040E+01   0.9453993062696E-20
  0.6327490368079E+01   0.9722797002547E-20
  0.6345645040009E+01   0.1001561424141E-19
  0.6363851800855E+01   0.1027534260223E-19
  0.6382110800069E+01   0.1057297088527E-19
  0.6400422187532E+01   0.1084829790128E-19
  0.6418786113555E+01   0.1114286483231E-19
  0.6437202728880E+01   0.1138315541280E-19
  0.6455672184682E+01   0.1163178535652E-19
  0.6474194632569E+01   0.1186790893538E-19
  0.6492770224586E+01   0.1213217275706E-19
  0.6511399113211E+01   0.1233220270086E-19
  0.6530081451363E+01   0.1255321744543E-19
  0.6548817392397E+01   0.1277515539747E-19
  0.6567607090108E+01   0.1299304912899E-19
  0.6586450698735E+01   0.1322689710993E-19
  0.6605348372958E+01   0.1346080832116E-19
  0.6624300267898E+01   0.1373583591739E-19
  0.6643306539127E+01   0.1403326781272E-19
  0.6662367342658E+01   0.1427968517125E-19
  0.6681482834954E+01   0.1458365227539E-19
  0.6700653172927E+01   0.1485482350488E-19
  0.6719878513938E+01   0.1502910165879E-19
  0.6739159015801E+01   0.1531133551296E-19
  0.6758494836783E+01   0.1551332481776E-19
  0.6777886135602E+01   0.1577267740121E-19
  0.6797333071435E+01   0.1608489967858E-19
  0.6816835803914E+01   0.1619590043664E-19
  0.6836394493129E+01   0.1648275545238E-19
  0.6856009299631E+01   0.1679602583028E-19
  0.6875680384428E+01   0.1699528485685E-19
  0.6895407908994E+01   0.1722816078370E-19
  0.6915192035264E+01   0.1749277717137E-19
  0.6935032925638E+01   0.1777292908008E-19
  0.6954930742982E+01   0.1802047905618E-19
  0.6974885650629E+01   0.1825338660961E-19
  0.6994897812383E+01   0.1853447865891E-19
  0.7014967392513E+01   0.1876928544912E-19
  0.7035094555765E+01   0.1906354572830E-19
  0.7055279467354E+01   0.1939189452709E-19
  0.7075522292970E+01   0.1968466469246E-19
  0.7095823198778E+01   0.2001043805724E-19
  0.7116182351420E+01   0.2036118308113E-19
  0.7136599918018E+01   0.2056824234923E-19
  0.7157076066170E+01   0.2101651667226E-19
  0.7177610963958E+01   0.2133295852443E-19
  0.7198204779944E+01   0.2163624801102E-19
  0.7218857683175E+01   0.2190832689340E-19
  0.7239569843182E+01   0.2217097509176E-19
  0.7260341429984E+01   0.2260251607832E-19
  0.7281172614086E+01   0.2303539718696E-19
  0.7302063566484E+01   0.2344631897174E-19
  0.7323014458663E+01   0.2386239371925E-19
  0.7344025462600E+01   0.2428459654196E-19
  0.7365096750767E+01   0.2471784310627E-19
  0.7386228496130E+01   0.2515702294219E-19
  0.7407420872151E+01   0.2556690137963E-19
  0.7428674052790E+01   0.2604201605620E-19
  0.7449988212505E+01   0.2653135467994E-19
  0.7471363526258E+01   0.2704023730153E-19
  0.7492800169508E+01   0.2757999537806E-19
  0.7514298318222E+01   0.2802749091695E-19
  0.7535858148868E+01   0.2847286204660E-19
  0.7557479838424E+01   0.2903591466068E-19
  0.7579163564373E+01   0.2959207603794E-19
  0.7600909504708E+01   0.3014437675764E-19
  0.7622717837934E+01   0.3064619688377E-19
  0.7644588743066E+01   0.3106195664676E-19
  0.7666522399634E+01   0.3154630077528E-19
  0.7688518987683E+01   0.3199280728432E-19
  0.7710578687774E+01   0.3239448345960E-19
  0.7732701680988E+01   0.3266828983907E-19
  0.7754888148921E+01   0.3299348561238E-19
  0.7777138273696E+01   0.3313925953714E-19
  0.7799452237954E+01   0.3319639528518E-19
  0.7821830224861E+01   0.3312594540902E-19
  0.7844272418111E+01   0.3302304612875E-19
  0.7866779001922E+01   0.3269465026447E-19
  0.7889350161042E+01   0.3225068610371E-19
  0.7911986080749E+01   0.3171368778768E-19
  0.7934686946851E+01   0.3085226907328E-19
  0.7957452945693E+01   0.3019583854306E-19
  0.7980284264150E+01   0.2920260638235E-19
  0.8003181089637E+01   0.2885627030685E-19
  0.8026143610103E+01   0.2814359678792E-19
  0.8049172014041E+01   0.2718455066249E-19
  0.8072266490480E+01   0.2598998405558E-19
  0.8095427228995E+01   0.2487221275543E-19
  0.8118654419702E+01   0.2348579177294E-19
  0.8141948253265E+01   0.2187306544237E-19
  0.8165308920893E+01   0.2003093514632E-19
  0.8188736614346E+01   0.1864704795464E-19
  0.8212231525931E+01   0.1769669397369E-19
  0.8235793848510E+01   0.1721965952801E-19
  0.8259423775497E+01   0.1662774301688E-19
  0.8283121500859E+01   0.1650506288269E-19
  0.8306887219123E+01   0.1613817295280E-19
  0.8330721125372E+01   0.1552697155962E-19
  0.8354623415250E+01   0.1469660155713E-19
  0.8378594284960E+01   0.1403589911329E-19
  0.8402633931270E+01   0.1321991636662E-19
  0.8426742551512E+01   0.1268718516562E-19
  0.8450920343585E+01   0.1199763020897E-19
  0.8475167505955E+01   0.1136431859027E-19
  0.8499484237656E+01   0.1071851477646E-19
  0.8523870738296E+01   0.9964530137329E-20
  0.8548327208054E+01   0.9136800346602E-20
  0.8572853847683E+01   0.8379229238628E-20
  0.8597450858513E+01   0.7602332989072E-20
  0.8622118442451E+01   0.6998157511685E-20
  0.8646856801984E+01   0.6424340894078E-20
  0.8671666140179E+01   0.5846894762079E-20
  0.8696546660687E+01   0.5297148790897E-20
  0.8721498567741E+01   0.4776918468042E-20
  0.8746522066162E+01   0.4248765133547E-20
  0.8771617361359E+01   0.3780501306835E-20
  0.8796784659329E+01   0.3336369647582E-20
  0.8822024166659E+01   0.2989085969002E-20
  0.8847336090533E+01   0.2674306302059E-20
  0.8872720638724E+01   0.2399703029452E-20
  0.8898178019606E+01   0.2138644260931E-20
  0.8923708442147E+01   0.1895238468777E-20
  0.8949312115917E+01   0.1665078897132E-20
  0.8974989251087E+01   0.1457481243131E-20
  0.9000740058430E+01   0.1274075092858E-20
  0.9026564749324E+01   0.1189292579429E-20
  0.9052463535754E+01   0.1109888904395E-20
  0.9078436630313E+01   0.1027335830251E-20
  0.9104484246204E+01   0.9600975935837E-21
  0.9130606597242E+01   0.8918872594509E-21
  0.9156803897854E+01   0.8255983744522E-21
  0.9183076363086E+01   0.7618194399012E-21
  0.9209424208595E+01   0.7162929576238E-21
  0.9235847650663E+01   0.7018884934346E-21
  0.9262346906188E+01   0.6865235366416E-21
  0.9288922192692E+01   0.6694403931991E-21
  0.9315573728322E+01   0.6566295386942E-21
  0.9342301731850E+01   0.6474218517029E-21
  0.9369106422675E+01   0.6375555911809E-21
  0.9395988020826E+01   0.6282550536363E-21
  0.9422946746965E+01   0.6560219972951E-21
  0.9449982822385E+01   0.6910747963747E-21
  0.9477096469013E+01   0.7353958656622E-21
  0.9504287909417E+01   0.7732085534423E-21
  0.9531557366798E+01   0.8154512813720E-21
  0.9558905065003E+01   0.8642432522776E-21
  0.9586331228517E+01   0.9197505976179E-21
  0.9613836082471E+01   0.9816344507234E-21
  0.9641419852641E+01   0.1065983557353E-20
  0.9669082765452E+01   0.1161861815291E-20
  0.9696825047978E+01   0.1255316472582E-20
  0.9724646927945E+01   0.1363422641076E-20
  0.9752548633731E+01   0.1461849950742E-20
  0.9780530394371E+01   0.1574833076820E-20
  0.9808592439555E+01   0.1694092263126E-20
  0.9836734999635E+01   0.1853099771757E-20
  0.9864958305621E+01   0.2011404861594E-20
  0.9893262589188E+01   0.2232124892921E-20
  0.9921648082674E+01   0.2475563945125E-20
  0.9950115019085E+01   0.2739732944502E-20
  0.9978663632094E+01   0.3011124012043E-20
  0.1000729415605E+02   0.3302271816094E-20
  0.1003600682596E+02   0.3613336139049E-20
  0.1006480187752E+02   0.3928377432025E-20
  0.1009367954710E+02   0.4223542047681E-20
  0.1012264007175E+02   0.4636828356727E-20
  0.1015168368918E+02   0.5029816610367E-20
  0.1018081063781E+02   0.5350797744179E-20
  0.1021002115673E+02   0.5790640341416E-20
  0.1023931548572E+02   0.6183826078571E-20
  0.1026869386524E+02   0.6584341336508E-20
  0.1029815653645E+02   0.6952249031859E-20
  0.1032770374119E+02   0.7346522691502E-20
  0.1035733572201E+02   0.7714947021536E-20
  0.1038705272214E+02   0.8051942000927E-20
  0.1041685498552E+02   0.8463048890319E-20
  0.1044674275678E+02   0.8839694374711E-20
  0.1047671628127E+02   0.9291538524566E-20
  0.1050677580502E+02   0.9600038720655E-20
  0.1053692157478E+02   0.9901058041875E-20
  0.1056715383800E+02   0.1013464057086E-19
  0.1059747284285E+02   0.1029320566927E-19
  0.1062787883821E+02   0.1049729564883E-19
  0.1065837207366E+02   0.1058687156196E-19
  0.1068895279952E+02   0.1059896762015E-19
  0.1071962126681E+02   0.1071325959866E-19
  0.1075037772726E+02   0.1074583508149E-19
  0.1078122243337E+02   0.1067754886278E-19
  0.1081215563830E+02   0.1072779674573E-19
  0.1084317759599E+02   0.1071009658079E-19
  0.1087428856108E+02   0.1080231360375E-19
  0.1090548878894E+02   0.1075251409280E-19
  0.1093677853570E+02   0.1075981806482E-19
  0.1096815805818E+02   0.1061942118219E-19
  0.1099962761399E+02   0.1065164947265E-19
  0.1103118746143E+02   0.1072248150444E-19
  0.1106283785956E+02   0.1079289642692E-19
  0.1109457906821E+02   0.1077822814971E-19
  0.1112641134790E+02   0.1082849666408E-19
  0.1115833495996E+02   0.1090515566849E-19
  0.1119035016641E+02   0.1096446411096E-19
  0.1122245723007E+02   0.1119448141488E-19
  0.1125465641449E+02   0.1103387759503E-19
  0.1128694798398E+02   0.1154356591385E-19
  0.1131933220360E+02   0.1161827103035E-19
  0.1135180933919E+02   0.1191522666885E-19
  0.1138437965734E+02   0.1198315751232E-19
  0.1141704342540E+02   0.1244428976285E-19
  0.1144980091151E+02   0.1299073543611E-19
  0.1148265238454E+02   0.1353587716213E-19
  0.1151559811418E+02   0.1396324388108E-19
  0.1154863837085E+02   0.1412324757371E-19
  0.1158177342577E+02   0.1512705309028E-19
  0.1161500355093E+02   0.1582591960347E-19
  0.1164832901912E+02   0.1663211473541E-19
  0.1168175010387E+02   0.1779591044839E-19
  0.1171526707954E+02   0.1893705609422E-19
  0.1174888022125E+02   0.1986432717526E-19
  0.1178258980492E+02   0.2079471815872E-19
  0.1181639610725E+02   0.2198457880903E-19
  0.1185029940575E+02   0.2343664305818E-19
  0.1188429997872E+02   0.2446736530451E-19
  0.1191839810526E+02   0.2573802586179E-19
  0.1195259406526E+02   0.2724916347248E-19
  0.1198688813943E+02   0.2873075829012E-19
  0.1202128060927E+02   0.3004816781148E-19
  0.1205577175709E+02   0.3078097779488E-19
  0.1209036186603E+02   0.3173450535575E-19
  0.1212505122001E+02   0.3284954375435E-19
  0.1215984010379E+02   0.3402673695346E-19
  0.1219472880294E+02   0.3517055498512E-19
  0.1222971760384E+02   0.3640250865282E-19
  0.1226480679370E+02   0.3751302362091E-19
  0.1229999666056E+02   0.3913118461255E-19
  0.1233528749328E+02   0.4060999465867E-19
  0.1237067958155E+02   0.4176412560973E-19
  0.1240617321588E+02   0.4362232754073E-19
  0.1244176868763E+02   0.4568752134360E-19
  0.1247746628899E+02   0.4810586979358E-19
  0.1251326631298E+02   0.4930617095705E-19
  0.1254916905348E+02   0.5054933636464E-19
  0.1258517480519E+02   0.5284205554521E-19
  0.1262128386368E+02   0.5452821574490E-19
  0.1265749652534E+02   0.5669881284554E-19
  0.1269381308744E+02   0.5838249858322E-19
  0.1273023384808E+02   0.6047161322209E-19
  0.1276675910623E+02   0.6252399738666E-19
  0.1280338916170E+02   0.6498754909942E-19
  0.1284012431518E+02   0.6673723281977E-19
  0.1287696486822E+02   0.6878600538269E-19
  0.1291391112322E+02   0.7126747744702E-19
  0.1295096338345E+02   0.7463089817985E-19
  0.1298812195308E+02   0.7755301139859E-19
  0.1302538713712E+02   0.8019503780544E-19
  0.1306275924146E+02   0.8338591821046E-19
  0.1310023857287E+02   0.8631328875716E-19
  0.1313782543902E+02   0.8953179210267E-19
  0.1317552014843E+02   0.9306906302446E-19
  0.1321332301052E+02   0.9651358550678E-19
  0.1325123433562E+02   0.9988794007484E-19
  0.1328925443490E+02   0.1048948239294E-18
  0.1332738362048E+02   0.1093456229924E-18
  0.1336562220533E+02   0.1133026045817E-18
  0.1340397050333E+02   0.1184784659136E-18
  0.1344242882929E+02   0.1231409059665E-18
  0.1348099749888E+02   0.1281440738081E-18
  0.1351967682870E+02   0.1336759903528E-18
  0.1355846713625E+02   0.1372758985583E-18
  0.1359736873996E+02   0.1447395317982E-18
  0.1363638195914E+02   0.1511362848614E-18
  0.1367550711404E+02   0.1564576591520E-18
  0.1371474452582E+02   0.1634680619118E-18
  0.1375409451658E+02   0.1696202773570E-18
  0.1379355740931E+02   0.1753019976186E-18
  0.1383313352795E+02   0.1835052740342E-18
  0.1387282319737E+02   0.1908797643673E-18
  0.1391262674336E+02   0.1981840815352E-18
  0.1395254449266E+02   0.2045377142908E-18
  0.1399257677294E+02   0.2087378830788E-18
  0.1403272391280E+02   0.2210762330921E-18
  0.1407298624180E+02   0.2297221353953E-18
  0.1411336409043E+02   0.2382571467771E-18
  0.1415385779014E+02   0.2455960112349E-18
  0.1419446767333E+02   0.2550156961913E-18
  0.1423519407334E+02   0.2646685427702E-18
  0.1427603732450E+02   0.2717625388914E-18
  0.1431699776205E+02   0.2848244503610E-18
  0.1435807572223E+02   0.2934790956314E-18
  0.1439927154224E+02   0.3052630050576E-18
  0.1444058556023E+02   0.3152825466423E-18
  0.1448201811533E+02   0.3268600271553E-18
  0.1452356954764E+02   0.3387667007141E-18
  0.1456524019826E+02   0.3485505519739E-18
  0.1460703040923E+02   0.3633511433809E-18
  0.1464894052359E+02   0.3724980989228E-18
  0.1469097088537E+02   0.3713180294190E-18
  0.1473312183958E+02   0.3826577999885E-18
  0.1477539373222E+02   0.3926320633605E-18
  0.1481778691028E+02   0.4100313465675E-18
  0.1486030172175E+02   0.4145784755785E-18
  0.1490293851562E+02   0.2799220419017E-18
  0.1494569764188E+02   0.1692633159117E-18
  0.1498857945152E+02   0.1842924244184E-18
  0.1503158429654E+02   0.1451478010588E-18
  0.1507471252995E+02   0.1250076365047E-18
  0.1511796450577E+02   0.1064756476116E-18
  0.1516134057904E+02   0.1172392625888E-18
  0.1520484110583E+02   0.1648856757494E-18
  0.1524846644320E+02   0.1140004559892E-18
  0.1529221694927E+02   0.1784446137681E-18
  0.1533609298315E+02   0.2436558533711E-18
  0.1538009490502E+02   0.2693473426552E-18
  0.1542422307607E+02   0.2986830566687E-18
  0.1546847785852E+02   0.3306905321694E-18
  0.1551285961565E+02   0.3563147434856E-18
  0.1555736871178E+02   0.3882414326564E-18
  0.1560200551225E+02   0.4212660377264E-18
  0.1564677038348E+02   0.4354936647394E-18
  0.1569166369292E+02   0.4654757797518E-18
  0.1573668580909E+02   0.4823425118289E-18
  0.1578183710155E+02   0.4949133944625E-18
  0.1582711794093E+02   0.5078329758755E-18
  0.1587252869892E+02   0.5217500335111E-18
  0.1591806974829E+02   0.5267649547848E-18
  0.1596374146286E+02   0.5244083202660E-18
  0.1600954421753E+02   0.5311477095237E-18
  0.1605547838829E+02   0.5302568323405E-18
  0.1610154435218E+02   0.5236843257792E-18
  0.1614774248735E+02   0.5184336899289E-18
  0.1619407317301E+02   0.5169109432163E-18
  0.1624053678948E+02   0.5111789914595E-18
  0.1628713371815E+02   0.5005067293662E-18
  0.1633386434154E+02   0.4900267837938E-18
  0.1638072904321E+02   0.4834962944401E-18
  0.1642772820788E+02   0.4720945277918E-18
  0.1647486222134E+02   0.4609156900789E-18
  0.1652213147050E+02   0.4516799609207E-18
  0.1656953634336E+02   0.4460418414294E-18
  0.1661707722906E+02   0.4398357315104E-18
  0.1666475451784E+02   0.4322902450172E-18
  0.1671256860106E+02   0.4231333485564E-18
  0.1676051987122E+02   0.4168965938157E-18
  0.1680860872193E+02   0.4069102781607E-18
  0.1685683554792E+02   0.3991882252990E-18
  0.1690520074507E+02   0.3903301168148E-18
  0.1695370471040E+02   0.3827768202816E-18
  0.1700234784206E+02   0.3709028937760E-18
  0.1705113053933E+02   0.3677189032725E-18
  0.1710005320266E+02   0.3606442240137E-18
  0.1714911623363E+02   0.3543048467523E-18
  0.1719832003498E+02   0.3519937707917E-18
  0.1724766501060E+02   0.3481138271701E-18
  0.1729715156556E+02   0.3426823776766E-18
  0.1734678010606E+02   0.3386535764261E-18
  0.1739655103949E+02   0.3314480246161E-18
  0.1744646477439E+02   0.3268072114195E-18
  0.1749652172049E+02   0.3188033079314E-18
  0.1754672228869E+02   0.3197612076201E-18
  0.1759706689107E+02   0.3197396939644E-18
  0.1764755594087E+02   0.3189164925742E-18
  0.1769818985256E+02   0.3180709202868E-18
  0.1774896904175E+02   0.3170892019152E-18
  0.1779989392528E+02   0.3161659060526E-18
  0.1785096492118E+02   0.3153441498689E-18
  0.1790218244865E+02   0.3129806678584E-18
  0.1795354692814E+02   0.3131039034521E-18
  0.1800505878126E+02   0.3105818560297E-18
  0.1805671843086E+02   0.3187512039779E-18
  0.1810852630099E+02   0.3239958965320E-18
  0.1816048281692E+02   0.3303794592063E-18
  0.1821258840515E+02   0.3363568285003E-18
  0.1826484349339E+02   0.3367426788051E-18
  0.1831724851057E+02   0.3449288659706E-18
  0.1836980388688E+02   0.3521035276302E-18
  0.1842251005372E+02   0.3586136610220E-18
  0.1847536744372E+02   0.3646596833796E-18
  0.1852837649079E+02   0.3697538068432E-18
  0.1858153763004E+02   0.3773173976155E-18
  0.1863485129787E+02   0.3940480565803E-18
  0.1868831793189E+02   0.4019199021553E-18
  0.1874193797099E+02   0.4100398121068E-18
  0.1879571185533E+02   0.4234280617372E-18
  0.1884964002631E+02   0.4277987325389E-18
  0.1890372292660E+02   0.4399797874026E-18
  0.1895796100015E+02   0.4557329793017E-18
  0.1901235469219E+02   0.4686278856154E-18
  0.1906690444920E+02   0.4843576730318E-18
  0.1912161071896E+02   0.4998476601166E-18
  0.1917647395054E+02   0.5126780179405E-18
  0.1923149459429E+02   0.5332947444329E-18
  0.1928667310184E+02   0.5400748065792E-18
  0.1934200992615E+02   0.5590740069082E-18
  0.1939750552144E+02   0.5785175716432E-18
  0.1945316034326E+02   0.5949589956545E-18
  0.1950897484846E+02   0.6110005111810E-18
  0.1956494949519E+02   0.6264474964303E-18
  0.1962108474294E+02   0.6538354324595E-18
  0.1967738105249E+02   0.6687161567624E-18
  0.1973383888595E+02   0.6826832998971E-18
  0.1979045870677E+02   0.7136995070823E-18
  0.1984724097972E+02   0.7345022207814E-18
  0.1990418617090E+02   0.7647940254927E-18
  0.1996129474776E+02   0.7849368035815E-18
  0.2001856717906E+02   0.7870717856770E-18
  0.2007600393495E+02   0.8273578523351E-18
  0.2013360548689E+02   0.8570928802700E-18
  0.2019137230772E+02   0.8819473293156E-18
  0.2024930487162E+02   0.9067645629714E-18
  0.2030740365414E+02   0.9320507067826E-18
  0.2036566913218E+02   0.9581796834738E-18
  0.2042410178402E+02   0.9845155808151E-18
  0.2048270208932E+02   0.1011414592440E-17
  0.2054147052911E+02   0.1038781881328E-17
  0.2060040758578E+02   0.1066670556804E-17
  0.2065951374313E+02   0.1095361897364E-17
  0.2071878948635E+02   0.1124427159010E-17
  0.2077823530199E+02   0.1154377888147E-17
  0.2083785167804E+02   0.1185201505414E-17
  0.2089763910385E+02   0.1214440410764E-17
  0.2095759807019E+02   0.1249972210435E-17
  0.2101772906926E+02   0.1287570272109E-17
  0.2107803259463E+02   0.1328065620799E-17
  0.2113850914133E+02   0.1370272941098E-17
  0.2119915920576E+02   0.1413306393634E-17
  0.2125998328580E+02   0.1458421280735E-17
  0.2132098188072E+02   0.1504366794298E-17
  0.2138215549123E+02   0.1550954835035E-17
  0.2144350461948E+02   0.1598703090662E-17
  0.2150502976906E+02   0.1647826250116E-17
  0.2156673144502E+02   0.1698401653620E-17
  0.2162861015383E+02   0.1749313136859E-17
  0.2169066640344E+02   0.1800806958604E-17
  0.2175290070323E+02   0.1853524019842E-17
  0.2181531356407E+02   0.1907263314949E-17
  0.2187790549827E+02   0.1962627033935E-17
  0.2194067701964E+02   0.2017752936526E-17
  0.2200362864344E+02   0.2073912291953E-17
  0.2206676088640E+02   0.2126415594544E-17
  0.2213007426677E+02   0.2179749556164E-17
  0.2219356930426E+02   0.2234069227442E-17
  0.2225724652006E+02   0.2287804829422E-17
  0.2232110643689E+02   0.2344757975546E-17
  0.2238514957895E+02   0.2401605871406E-17
  0.2244937647193E+02   0.2457839446485E-17
  0.2251378764305E+02   0.2514640801815E-17
  0.2257838362104E+02   0.2573789516320E-17
  0.2264316493615E+02   0.2638791369277E-17
  0.2270813212013E+02   0.2700303574643E-17
  0.2277328570628E+02   0.2762471133214E-17
  0.2283862622941E+02   0.2825020052591E-17
  0.2290415422588E+02   0.2890175292571E-17
  0.2296987023359E+02   0.2950230865086E-17
  0.2303577479197E+02   0.3010211005889E-17
  0.2310186844201E+02   0.3073258189924E-17
  0.2316815172624E+02   0.3135077039142E-17
  0.2323462518876E+02   0.3196407024307E-17
  0.2330128937522E+02   0.3259600216450E-17
  0.2336814483285E+02   0.3323534029094E-17
  0.2343519211042E+02   0.3388310035833E-17
  0.2350243175831E+02   0.3454153277598E-17
  0.2356986432846E+02   0.3522596534627E-17
  0.2363749037440E+02   0.3593838064481E-17
  0.2370531045125E+02   0.3668855922811E-17
  0.2377332511571E+02   0.3710829159031E-17
  0.2384153492608E+02   0.3783063717656E-17
  0.2390994044229E+02   0.3858655209385E-17
  0.2397854222583E+02   0.3932216119070E-17
  0.2404734083984E+02   0.4002559145477E-17
  0.2411633684905E+02   0.4070199493714E-17
  0.2418553081984E+02   0.4140296380496E-17
  0.2425492332017E+02   0.4215017212766E-17
  0.2432451491968E+02   0.4283060244015E-17
  0.2439430618960E+02   0.4353102369138E-17
  0.2446429770284E+02   0.4433934505408E-17
  0.2453449003391E+02   0.4526913130165E-17
  0.2460488375901E+02   0.4620592501821E-17
  0.2467547945597E+02   0.4705590779218E-17
  0.2474627770428E+02   0.4851246350750E-17
  0.2481727908509E+02   0.5056353059887E-17
  0.2488848418123E+02   0.5127684602600E-17
  0.2495989357720E+02   0.5199555534092E-17
  0.2503150785915E+02   0.5270524821611E-17
  0.2510332761496E+02   0.5340104774744E-17
  0.2517535343416E+02   0.5410262075446E-17
  0.2524758590797E+02   0.5481109370072E-17
  0.2532002562933E+02   0.5552494065988E-17
  0.2539267319287E+02   0.5624623191957E-17
  0.2546552919493E+02   0.5697276062600E-17
  0.2553859423354E+02   0.5770553067692E-17
  0.2561186890847E+02   0.5844493544151E-17
  0.2568535382121E+02   0.5919019339713E-17
  0.2575904957496E+02   0.5994204626939E-17
  0.2583295677467E+02   0.6069940412347E-17
  0.2590707602700E+02   0.6146396555344E-17
  0.2598140794038E+02   0.6223515750124E-17
  0.2605595312497E+02   0.6301710848147E-17
  0.2613071219267E+02   0.6380686347060E-17
  0.2620568575716E+02   0.6460385654641E-17
  0.2628087443386E+02   0.6540560772138E-17
  0.2635627883997E+02   0.6621428685097E-17
  0.2643189959446E+02   0.6702935465368E-17
  0.2650773731806E+02   0.6785282863022E-17
  0.2658379263330E+02   0.6868273558542E-17
  0.2666006616449E+02   0.6951913146610E-17
  0.2673655853772E+02   0.7036207939766E-17
  0.2681327038089E+02   0.7120935989216E-17
  0.2689020232370E+02   0.7206401350458E-17
  0.2696735499766E+02   0.7292522893006E-17
  0.2704472903607E+02   0.7379352774144E-17
  0.2712232507408E+02   0.7466561078184E-17
  0.2720014374864E+02   0.7554291650541E-17
  0.2727818569852E+02   0.7642762648912E-17
  0.2735645156436E+02   0.7731732016819E-17
  0.2743494198859E+02   0.7821376910205E-17
  0.2751365761552E+02   0.7911622445661E-17
  0.2759259909130E+02   0.8002476653093E-17
  0.2767176706391E+02   0.8093817944605E-17
  0.2775116218324E+02   0.8185778237845E-17
  0.2783078510098E+02   0.8278349855545E-17
  0.2791063647075E+02   0.8371469293077E-17
  0.2799071694800E+02   0.8465176408199E-17
  0.2807102719009E+02   0.8562123516709E-17
  0.2815156785625E+02   0.8660094911551E-17
  0.2823233960761E+02   0.8758589356909E-17
  0.2831334310720E+02   0.8857635911004E-17
  0.2839457901993E+02   0.8957371359664E-17
  0.2847604801265E+02   0.9057707887136E-17
  0.2855775075409E+02   0.9158440475113E-17
  0.2863968791493E+02   0.9259793229189E-17
  0.2872186016776E+02   0.9361518314785E-17
  0.2880426818709E+02   0.9463997828728E-17
  0.2888691264938E+02   0.9566931272709E-17
  0.2896979423303E+02   0.9670416047248E-17
  0.2905291361838E+02   0.9777074702818E-17
  0.2913627148772E+02   0.9885972321576E-17
  0.2921986852530E+02   0.9995267613729E-17
  0.2930370541735E+02   0.1010507391571E-16
  0.2938778285205E+02   0.1021507433319E-16
  0.2947210151954E+02   0.1032579104617E-16
  0.2955666211198E+02   0.1043663964133E-16
  0.2964146532349E+02   0.1054801911242E-16
  0.2972651185018E+02   0.1065988855528E-16
  0.2981180239017E+02   0.1077204604736E-16
  0.2989733764357E+02   0.1088460219550E-16
  0.2998311831252E+02   0.1099750571293E-16
  0.3006914510114E+02   0.1111084252613E-16
  0.3015541871560E+02   0.1122483046056E-16
  0.3024193986409E+02   0.1133910235049E-16
  0.3032870925683E+02   0.1145358497844E-16
  0.3041572760606E+02   0.1156835825307E-16
  0.3050299562609E+02   0.1168339929517E-16
  0.3059051403328E+02   0.1179860168996E-16
  0.3067828354601E+02   0.1191408979910E-16
  0.3076630488477E+02   0.1202926762517E-16
  0.3085457877208E+02   0.1214371933015E-16
  0.3094310593254E+02   0.1225831843920E-16
  0.3103188709285E+02   0.1237312047794E-16
  0.3112092298177E+02   0.1248808442179E-16
  0.3121021433016E+02   0.1260322098673E-16
  0.3129976187098E+02   0.1271843442264E-16
  0.3138956633929E+02   0.1283388678368E-16
  0.3147962847227E+02   0.1294943577891E-16
  0.3156994900919E+02   0.1306519879799E-16
  0.3166052869146E+02   0.1318099656728E-16
  0.3175136826261E+02   0.1329708982380E-16
  0.3184246846832E+02   0.1341341245406E-16
  0.3193383005639E+02   0.1352999388495E-16
  0.3202545377676E+02   0.1364652502695E-16
  0.3211734038154E+02   0.1376283615169E-16
  0.3220949062500E+02   0.1387934989829E-16
  0.3230190526356E+02   0.1399613927115E-16
  0.3239458505581E+02   0.1411306104403E-16
  0.3248753076253E+02   0.1423000019977E-16
  0.3258074314666E+02   0.1434692689248E-16
  0.3267422297337E+02   0.1446396266742E-16
  0.3276797100997E+02   0.1458096960604E-16
  0.3286198802603E+02   0.1469791413456E-16
  0.3295627479327E+02   0.1481500208438E-16
  0.3305083208568E+02   0.1493189282333E-16
  0.3314566067942E+02   0.1504886080523E-16
  0.3324076135292E+02   0.1516575418817E-16
  0.3333613488681E+02   0.1528257170425E-16
  0.3343178206398E+02   0.1539944229074E-16
  0.3352770366956E+02   0.1551624128496E-16
  0.3362390049094E+02   0.1563301892632E-16
  0.3372037331775E+02   0.1574984128972E-16
  0.3381712294190E+02   0.1586648020241E-16
  0.3391415015758E+02   0.1598318111256E-16
  0.3401145576124E+02   0.1609975079473E-16
  0.3410904055162E+02   0.1621627742569E-16
  0.3420690532976E+02   0.1633298863810E-16
  0.3430505089900E+02   0.1644960322969E-16
  0.3440347806497E+02   0.1656616539991E-16
  0.3450218763562E+02   0.1668261857993E-16
  0.3460118042122E+02   0.1679893426484E-16
  0.3470045723436E+02   0.1691494294397E-16
  0.3480001888998E+02   0.1703100854194E-16
  0.3489986620532E+02   0.1714682857620E-16
  0.3500000000000E+02   0.1726253641717E-16
