  0.1450000000000E+02   0.5324508171167E-18
  0.1451576351247E+02   0.5408127711409E-18
  0.1453154416207E+02   0.5465717005623E-18
  0.1454734196743E+02   0.5501102352075E-18
  0.1456315694719E+02   0.5555204397220E-18
  0.1457898912003E+02   0.5629841725013E-18
  0.1459483850464E+02   0.5703093304927E-18
  0.1461070511973E+02   0.5775827461659E-18
  0.1462658898403E+02   0.5847767893087E-18
  0.1464249011630E+02   0.5914847215815E-18
  0.1465840853530E+02   0.5978876570478E-18
  0.1467434425984E+02   0.6041147662538E-18
  0.1469029730872E+02   0.6103763535951E-18
  0.1470626770078E+02   0.6168184403145E-18
  0.1472225545487E+02   0.6234962344617E-18
  0.1473826058987E+02   0.6291447271106E-18
  0.1475428312467E+02   0.6337431621270E-18
  0.1477032307819E+02   0.6379775022381E-18
  0.1478638046937E+02   0.6419206852346E-18
  0.1480245531716E+02   0.6452300730337E-18
  0.1481854764054E+02   0.6482664685435E-18
  0.1483465745851E+02   0.6493297126419E-18
  0.1485078479008E+02   0.6479078144193E-18
  0.1486692965431E+02   0.6451984090504E-18
  0.1488309207024E+02   0.6391200114201E-18
  0.1489927205696E+02   0.6293316102402E-18
  0.1491546963358E+02   0.6169891245998E-18
  0.1493168481921E+02   0.6014598271391E-18
  0.1494791763299E+02   0.5835446753959E-18
  0.1496416809410E+02   0.5635719766126E-18
  0.1498043622171E+02   0.5421040527729E-18
  0.1499672203504E+02   0.5189266843060E-18
  0.1501302555330E+02   0.4950468150613E-18
  0.1502934679575E+02   0.4714005825633E-18
  0.1504568578166E+02   0.4484024976874E-18
  0.1506204253032E+02   0.4266018882851E-18
  0.1507841706103E+02   0.4067235707027E-18
  0.1509480939312E+02   0.3884252833602E-18
  0.1511121954596E+02   0.3720708713045E-18
  0.1512764753891E+02   0.3582240172042E-18
  0.1514409339137E+02   0.3481459443303E-18
  0.1516055712275E+02   0.3411357559705E-18
  0.1517703875250E+02   0.3366598185729E-18
  0.1519353830006E+02   0.3352578663835E-18
  0.1521005578492E+02   0.3357123511656E-18
  0.1522659122658E+02   0.3394120126546E-18
  0.1524314464456E+02   0.3453835990747E-18
  0.1525971605841E+02   0.3537139107641E-18
  0.1527630548768E+02   0.3647823875934E-18
  0.1529291295196E+02   0.3780041963931E-18
  0.1530953847086E+02   0.3918924629323E-18
  0.1532618206401E+02   0.4067543229791E-18
  0.1534284375105E+02   0.4224561206065E-18
  0.1535952355166E+02   0.4393108349741E-18
  0.1537622148553E+02   0.4571198285276E-18
  0.1539293757236E+02   0.4754568513777E-18
  0.1540967183191E+02   0.4957520538841E-18
  0.1542642428392E+02   0.5167158482639E-18
  0.1544319494817E+02   0.5371922241012E-18
  0.1545998384446E+02   0.5598709512745E-18
  0.1547679099260E+02   0.5830328931900E-18
  0.1549361641246E+02   0.6051432872654E-18
  0.1551046012387E+02   0.6276339040127E-18
  0.1552732214674E+02   0.6499587647073E-18
  0.1554420250097E+02   0.6720751340593E-18
  0.1556110120649E+02   0.6932647704025E-18
  0.1557801828325E+02   0.7136905783862E-18
  0.1559495375121E+02   0.7332671144111E-18
  0.1561190763038E+02   0.7518525639134E-18
  0.1562887994077E+02   0.7699554020369E-18
  0.1564587070242E+02   0.7877671599252E-18
  0.1566287993538E+02   0.8042886291161E-18
  0.1567990765974E+02   0.8202738802681E-18
  0.1569695389560E+02   0.8364934757735E-18
  0.1571401866308E+02   0.8513081480650E-18
  0.1573110198234E+02   0.8640751359067E-18
  0.1574820387353E+02   0.8763070743861E-18
  0.1576532435685E+02   0.8882471095215E-18
  0.1578246345252E+02   0.8977692155493E-18
  0.1579962118076E+02   0.9045977229112E-18
  0.1581679756183E+02   0.9169408337813E-18
  0.1583399261601E+02   0.9352550801821E-18
  0.1585120636360E+02   0.9500650670727E-18
  0.1586843882493E+02   0.9589940469409E-18
  0.1588569002033E+02   0.9660206127713E-18
  0.1590295997018E+02   0.9724211262024E-18
  0.1592024869486E+02   0.9786086148819E-18
  0.1593755621478E+02   0.9849204914892E-18
  0.1595488255038E+02   0.9916168413621E-18
  0.1597222772211E+02   0.9975132863822E-18
  0.1598959175045E+02   0.1002159138380E-17
  0.1600697465589E+02   0.1006765782108E-17
  0.1602437645897E+02   0.1011008059575E-17
  0.1604179718022E+02   0.1014117999408E-17
  0.1605923684022E+02   0.1017270390601E-17
  0.1607669545955E+02   0.1018994169213E-17
  0.1609417305881E+02   0.1020642158803E-17
  0.1611166965866E+02   0.1023018793838E-17
  0.1612918527974E+02   0.1024820242130E-17
  0.1614671994272E+02   0.1025243685991E-17
  0.1616427366832E+02   0.1025998794857E-17
  0.1618184647726E+02   0.1027164488956E-17
  0.1619943839028E+02   0.1028218293645E-17
  0.1621704942815E+02   0.1028660273631E-17
  0.1623467961166E+02   0.1028552169549E-17
  0.1625232896163E+02   0.1027879654636E-17
  0.1626999749889E+02   0.1026666996170E-17
  0.1628768524431E+02   0.1024681855682E-17
  0.1630539221875E+02   0.1022886852811E-17
  0.1632311844314E+02   0.1021403422982E-17
  0.1634086393839E+02   0.1020825045620E-17
  0.1635862872546E+02   0.1019698547412E-17
  0.1637641282532E+02   0.1015400368332E-17
  0.1639421625897E+02   0.1010006297369E-17
  0.1641203904741E+02   0.1006348844921E-17
  0.1642988121170E+02   0.1003676559350E-17
  0.1644774277290E+02   0.1000386459028E-17
  0.1646562375210E+02   0.9966754234846E-18
  0.1648352417040E+02   0.9934015310826E-18
  0.1650144404894E+02   0.9905200461414E-18
  0.1651938340888E+02   0.9888888557965E-18
  0.1653734227139E+02   0.9882491582048E-18
  0.1655532065768E+02   0.9880924738854E-18
  0.1657331858896E+02   0.9879175752019E-18
  0.1659133608650E+02   0.9867516071385E-18
  0.1660937317156E+02   0.9844967261671E-18
  0.1662742986543E+02   0.9824610214083E-18
  0.1664550618944E+02   0.9803252130488E-18
  0.1666360216491E+02   0.9781339429465E-18
  0.1668171781323E+02   0.9756554188816E-18
  0.1669985315577E+02   0.9733489739795E-18
  0.1671800821394E+02   0.9711719067298E-18
  0.1673618300918E+02   0.9691737631361E-18
  0.1675437756295E+02   0.9674347483549E-18
  0.1677259189672E+02   0.9647638485357E-18
  0.1679082603200E+02   0.9609648133964E-18
  0.1680907999031E+02   0.9573666615154E-18
  0.1682735379322E+02   0.9543582215319E-18
  0.1684564746228E+02   0.9515363252320E-18
  0.1686396101910E+02   0.9483167201159E-18
  0.1688229448530E+02   0.9446859522500E-18
  0.1690064788251E+02   0.9406638466048E-18
  0.1691902123242E+02   0.9371763885019E-18
  0.1693741455672E+02   0.9346846387135E-18
  0.1695582787710E+02   0.9325417455071E-18
  0.1697426121532E+02   0.9282749469843E-18
  0.1699271459314E+02   0.9218363925534E-18
  0.1701118803235E+02   0.9176201852587E-18
  0.1702968155474E+02   0.9170777118641E-18
  0.1704819518216E+02   0.9171139860436E-18
  0.1706672893646E+02   0.9166431348268E-18
  0.1708528283953E+02   0.9157411883950E-18
  0.1710385691326E+02   0.9145796093158E-18
  0.1712245117959E+02   0.9127905187568E-18
  0.1714106566047E+02   0.9110031314522E-18
  0.1715970037787E+02   0.9091871788781E-18
  0.1717835535380E+02   0.9075760453726E-18
  0.1719703061027E+02   0.9058922834772E-18
  0.1721572616934E+02   0.9045248207357E-18
  0.1723444205308E+02   0.9034914439277E-18
  0.1725317828358E+02   0.9026277893160E-18
  0.1727193488296E+02   0.9013914736321E-18
  0.1729071187337E+02   0.8999592530767E-18
  0.1730950927698E+02   0.8989564402771E-18
  0.1732832711597E+02   0.8985460263944E-18
  0.1734716541257E+02   0.8972250192359E-18
  0.1736602418900E+02   0.8938853591960E-18
  0.1738490346755E+02   0.8894103362349E-18
  0.1740380327049E+02   0.8862920340231E-18
  0.1742272362014E+02   0.8843773825022E-18
  0.1744166453884E+02   0.8833990102452E-18
  0.1746062604894E+02   0.8822305984421E-18
  0.1747960817284E+02   0.8804761891653E-18
  0.1749861093293E+02   0.8787254646968E-18
  0.1751763435167E+02   0.8788770193123E-18
  0.1753667845151E+02   0.8803689580361E-18
  0.1755574325492E+02   0.8817849972994E-18
  0.1757482878442E+02   0.8828206302166E-18
  0.1759393506254E+02   0.8842079614267E-18
  0.1761306211184E+02   0.8859865093525E-18
  0.1763220995489E+02   0.8877594326140E-18
  0.1765137861431E+02   0.8888156829395E-18
  0.1767056811272E+02   0.8899495027844E-18
  0.1768977847278E+02   0.8913478526959E-18
  0.1770900971716E+02   0.8930783365467E-18
  0.1772826186858E+02   0.8945770114793E-18
  0.1774753494976E+02   0.8960841107355E-18
  0.1776682898345E+02   0.8972337162449E-18
  0.1778614399243E+02   0.8981339849137E-18
  0.1780547999951E+02   0.8988171556384E-18
  0.1782483702752E+02   0.8998120208005E-18
  0.1784421509930E+02   0.9009388056485E-18
  0.1786361423773E+02   0.9021669328787E-18
  0.1788303446572E+02   0.9032381393860E-18
  0.1790247580619E+02   0.9043214130547E-18
  0.1792193828210E+02   0.9052481621539E-18
  0.1794142191642E+02   0.9065247167916E-18
  0.1796092673215E+02   0.9077393553386E-18
  0.1798045275233E+02   0.9070619783473E-18
  0.1800000000000E+02   0.9046621566554E-18
