           1
        1000
  
  0.2000000000000E+01   0.1685233731818E-52
  0.2005738348342E+01   0.2209483129137E-52
  0.2011493161004E+01   0.3082577790938E-52
  0.2017264485226E+01   0.4330106832546E-52
  0.2023052368383E+01   0.6158429970132E-52
  0.2028856857985E+01   0.8729499670832E-52
  0.2034678001678E+01   0.1239966397399E-51
  0.2040515847246E+01   0.1758961466416E-51
  0.2046370442610E+01   0.2500454171084E-51
  0.2052241835828E+01   0.3574607454671E-51
  0.2058130075096E+01   0.5055163816636E-51
  0.2064035208748E+01   0.7172885090905E-51
  0.2069957285256E+01   0.1005987427401E-50
  0.2075896353234E+01   0.1410588284692E-50
  0.2081852461432E+01   0.1972782922416E-50
  0.2087825658742E+01   0.2748296416496E-50
  0.2093815994195E+01   0.3858795543088E-50
  0.2099823516964E+01   0.5383712578097E-50
  0.2105848276362E+01   0.7520256705160E-50
  0.2111890321844E+01   0.1053807647904E-49
  0.2117949703007E+01   0.1482001990653E-49
  0.2124026469590E+01   0.2066410683862E-49
  0.2130120671475E+01   0.2812470805269E-49
  0.2136232358686E+01   0.3773956942459E-49
  0.2142361581393E+01   0.5225613399700E-49
  0.2148508389907E+01   0.7332851074500E-49
  0.2154672834685E+01   0.1019626785810E-48
  0.2160854966329E+01   0.1408199103280E-48
  0.2167054835585E+01   0.1950413721050E-48
  0.2173272493346E+01   0.2694682425625E-48
  0.2179507990650E+01   0.3749037940307E-48
  0.2185761378682E+01   0.5159292420366E-48
  0.2192032708773E+01   0.7069440686550E-48
  0.2198322032403E+01   0.9653833129399E-48
  0.2204629401197E+01   0.1322465208458E-47
  0.2210954866931E+01   0.1806090138028E-47
  0.2217298481528E+01   0.2458629667447E-47
  0.2223660297061E+01   0.3332017059727E-47
  0.2230040365750E+01   0.4519956224496E-47
  0.2236438739967E+01   0.6138455748866E-47
  0.2242855472234E+01   0.8325246544692E-47
  0.2249290615224E+01   0.1129604043867E-46
  0.2255744221760E+01   0.1567618005283E-46
  0.2262216344817E+01   0.2061611346964E-46
  0.2268707037522E+01   0.2742028805441E-46
  0.2275216353156E+01   0.3685764875312E-46
  0.2281744345149E+01   0.4986554296063E-46
  0.2288291067089E+01   0.6706372613330E-46
  0.2294856572714E+01   0.8991601779927E-46
  0.2301440915918E+01   0.1205247241139E-45
  0.2308044150750E+01   0.1615291467777E-45
  0.2314666331412E+01   0.2157746308727E-45
  0.2321307512264E+01   0.2877608841280E-45
  0.2327967747821E+01   0.3870128815512E-45
  0.2334647092753E+01   0.5131463865815E-45
  0.2341345601890E+01   0.6847083667555E-45
  0.2348063330216E+01   0.9074372851828E-45
  0.2354800332874E+01   0.1203779938118E-44
  0.2361556665167E+01   0.1608514189529E-44
  0.2368332382554E+01   0.2132541606525E-44
  0.2375127540653E+01   0.2842344191554E-44
  0.2381942195246E+01   0.3739588524162E-44
  0.2388776402269E+01   0.4977613005701E-44
  0.2395630217822E+01   0.6553912480543E-44
  0.2402503698166E+01   0.8665379753013E-44
  0.2409396899722E+01   0.1135581968400E-43
  0.2416309879074E+01   0.1498958169029E-43
  0.2423242692967E+01   0.2045596253753E-43
  0.2430195398312E+01   0.2908104773637E-43
  0.2437168052179E+01   0.4148514708019E-43
  0.2444160711804E+01   0.5911562110570E-43
  0.2451173434587E+01   0.8470395609292E-43
  0.2458206278094E+01   0.1232685765508E-42
  0.2465259300054E+01   0.1762373709470E-42
  0.2472332558362E+01   0.2574940937500E-42
  0.2479426111080E+01   0.3643280487549E-42
  0.2486540016437E+01   0.5044109089353E-42
  0.2493674332826E+01   0.7174268033347E-42
  0.2500829118813E+01   0.4160208612306E-42
  0.2508004433126E+01   0.5824964098330E-42
  0.2515200334666E+01   0.9438550541079E-42
  0.2522416882500E+01   0.1349151292746E-41
  0.2529654135868E+01   0.2030979479391E-41
  0.2536912154175E+01   0.3042488571331E-41
  0.2544190997002E+01   0.4992493273686E-41
  0.2551490724096E+01   0.6402664444590E-41
  0.2558811395379E+01   0.9329035226271E-41
  0.2566153070942E+01   0.1596619805260E-40
  0.2573515811052E+01   0.2379382747796E-40
  0.2580899676145E+01   0.3090314413537E-40
  0.2588304726834E+01   0.4810265924638E-40
  0.2595731023902E+01   0.6574219307011E-40
  0.2603178628310E+01   0.1045289403244E-39
  0.2610647601193E+01   0.1762648685227E-39
  0.2618138003859E+01   0.2355382873175E-39
  0.2625649897795E+01   0.3200515676772E-39
  0.2633183344664E+01   0.4812451159812E-39
  0.2640738406303E+01   0.7764504312627E-39
  0.2648315144731E+01   0.1141559516342E-38
  0.2655913622140E+01   0.1725842206891E-38
  0.2663533900905E+01   0.4521074385356E-38
  0.2671176043576E+01   0.5406377873993E-38
  0.2678840112886E+01   0.1345839899285E-37
  0.2686526171746E+01   0.1880931565016E-37
  0.2694234283247E+01   0.2090736562780E-37
  0.2701964510663E+01   0.2154281993128E-37
  0.2709716917447E+01   0.3385547835647E-37
  0.2717491567237E+01   0.5899163561672E-37
  0.2725288523851E+01   0.9624528872736E-37
  0.2733107851292E+01   0.1293610586669E-36
  0.2740949613745E+01   0.4143648169941E-36
  0.2748813875580E+01   0.3240788517248E-36
  0.2756700701352E+01   0.1124827532502E-35
  0.2764610155801E+01   0.2685038633323E-35
  0.2772542303853E+01   0.5370331738977E-35
  0.2780497210618E+01   0.5548607138273E-35
  0.2788474941397E+01   0.9656991755557E-35
  0.2796475561675E+01   0.1690585523991E-34
  0.2804499137126E+01   0.2902220055859E-34
  0.2812545733612E+01   0.1130330921323E-34
  0.2820615417185E+01   0.5448304470614E-35
  0.2828708254086E+01   0.7932699741860E-35
  0.2836824310746E+01   0.1262038665665E-35
  0.2844963653785E+01   0.3441278003584E-36
  0.2853126350018E+01   0.8156846793322E-37
  0.2861312466447E+01   0.1481797166499E-37
  0.2869522070270E+01   0.2222933271159E-38
  0.2877755228877E+01   0.3465632389639E-39
  0.2886012009850E+01   0.5632409512370E-40
  0.2894292480965E+01   0.1061796571445E-40
  0.2902596710194E+01   0.2511134480360E-41
  0.2910924765703E+01   0.7672271640856E-42
  0.2919276715854E+01   0.2857389098211E-42
  0.2927652629205E+01   0.1390404937996E-42
  0.2936052574510E+01   0.7804706645335E-43
  0.2944476620721E+01   0.5361124397996E-43
  0.2952924836988E+01   0.4102338415760E-43
  0.2961397292658E+01   0.3432642974428E-43
  0.2969894057280E+01   0.3050578202900E-43
  0.2978415200599E+01   0.2812688755113E-43
  0.2986960792563E+01   0.2832565124381E-43
  0.2995530903318E+01   0.2763037906861E-43
  0.3004125603214E+01   0.2856847718751E-43
  0.3012744962800E+01   0.3019282759517E-43
  0.3021389052831E+01   0.3239859079752E-43
  0.3030057944261E+01   0.3673490567423E-43
  0.3038751708251E+01   0.4672642564218E-43
  0.3047470416164E+01   0.5947434729275E-43
  0.3056214139568E+01   0.8080315386898E-43
  0.3064982950238E+01   0.1184996125198E-42
  0.3073776920153E+01   0.1806888554715E-42
  0.3082596121499E+01   0.2881816818642E-42
  0.3091440626670E+01   0.4601371182809E-42
  0.3100310508267E+01   0.8106472102786E-42
  0.3109205839099E+01   0.1477142580620E-41
  0.3118126692184E+01   0.2726228893409E-41
  0.3127073140750E+01   0.5210803458212E-41
  0.3136045258236E+01   0.1089418762003E-40
  0.3145043118290E+01   0.2294334771968E-40
  0.3154066794771E+01   0.5109997934606E-40
  0.3163116361751E+01   0.1172477418664E-39
  0.3172191893516E+01   0.2760020999579E-39
  0.3181293464562E+01   0.6594321879900E-39
  0.3190421149600E+01   0.1525901915734E-38
  0.3199575023556E+01   0.3888045182456E-38
  0.3208755161572E+01   0.1019685018614E-37
  0.3217961639002E+01   0.2749925182295E-37
  0.3227194531419E+01   0.8203214327884E-37
  0.3236453914613E+01   0.1849220545047E-36
  0.3245739864590E+01   0.4988200860270E-36
  0.3255052457574E+01   0.2033832173543E-35
  0.3264391770010E+01   0.3734532705928E-35
  0.3273757878560E+01   0.7567939868147E-35
  0.3283150860107E+01   0.3320713519253E-34
  0.3292570791754E+01   0.3878869043639E-34
  0.3302017750825E+01   0.9930331453888E-34
  0.3311491814867E+01   0.1924652051185E-33
  0.3320993061649E+01   0.3753088751144E-33
  0.3330521569163E+01   0.4553201539005E-33
  0.3340077415625E+01   0.7689476300167E-33
  0.3349660679474E+01   0.1418101123308E-32
  0.3359271439377E+01   0.2784639000419E-32
  0.3368909774224E+01   0.1343415444336E-31
  0.3378575763132E+01   0.6789357685926E-32
  0.3388269485445E+01   0.9978729490285E-32
  0.3397991020737E+01   0.1291559393380E-31
  0.3407740448806E+01   0.2101933500626E-31
  0.3417517849683E+01   0.2597301307954E-31
  0.3427323303625E+01   0.3358143669211E-31
  0.3437156891123E+01   0.1091319451444E-30
  0.3447018692896E+01   0.1390997558393E-30
  0.3456908789896E+01   0.1185826790840E-30
  0.3466827263307E+01   0.1383020887337E-30
  0.3476774194546E+01   0.2598055971451E-30
  0.3486749665263E+01   0.4327248399408E-30
  0.3496753757342E+01   0.4349474744177E-30
  0.3506786552905E+01   0.6554835568371E-30
  0.3516848134305E+01   0.8428933231869E-30
  0.3526938584134E+01   0.1538601446902E-29
  0.3537057985222E+01   0.1133734059123E-29
  0.3547206420634E+01   0.1800021653845E-29
  0.3557383973675E+01   0.1580197121937E-29
  0.3567590727888E+01   0.1854948210188E-29
  0.3577826767056E+01   0.2145938775760E-29
  0.3588092175204E+01   0.2472257044821E-29
  0.3598387036595E+01   0.6897412403179E-29
  0.3608711435738E+01   0.1812094873903E-28
  0.3619065457379E+01   0.1891838182475E-28
  0.3629449186512E+01   0.2087195049018E-28
  0.3639862708372E+01   0.4688505728409E-28
  0.3650306108440E+01   0.3949514897300E-28
  0.3660779472442E+01   0.4407255028431E-28
  0.3671282886350E+01   0.5343390483923E-28
  0.3681816436381E+01   0.3541332020721E-28
  0.3692380209002E+01   0.5052692266837E-28
  0.3702974290926E+01   0.7393789259475E-28
  0.3713598769117E+01   0.7134750245171E-28
  0.3724253730786E+01   0.1132796680802E-27
  0.3734939263396E+01   0.1855120714451E-27
  0.3745655454660E+01   0.2873114544934E-27
  0.3756402392544E+01   0.3166432186475E-27
  0.3767180165264E+01   0.3689929783108E-27
  0.3777988861291E+01   0.3137222259621E-27
  0.3788828569349E+01   0.4218270165952E-27
  0.3799699378418E+01   0.3963888687117E-27
  0.3810601377731E+01   0.5744890789416E-27
  0.3821534656780E+01   0.5912515919854E-27
  0.3832499305310E+01   0.8715259338451E-27
  0.3843495413326E+01   0.7639724422267E-27
  0.3854523071092E+01   0.8600429425418E-27
  0.3865582369128E+01   0.1054677759917E-26
  0.3876673398217E+01   0.8785029188466E-27
  0.3887796249400E+01   0.1730750047514E-26
  0.3898951013980E+01   0.2363790217111E-26
  0.3910137783523E+01   0.1828636552773E-26
  0.3921356649856E+01   0.2807002078865E-26
  0.3932607705070E+01   0.2437251120479E-26
  0.3943891041521E+01   0.2623235123397E-26
  0.3955206751830E+01   0.3974790572022E-26
  0.3966554928883E+01   0.6608414171323E-26
  0.3977935665832E+01   0.5919319245084E-26
  0.3989349056097E+01   0.9626080240992E-26
  0.4000795193368E+01   0.9808906209359E-26
  0.4012274171599E+01   0.1961146115619E-25
  0.4023786085019E+01   0.1683443799484E-25
  0.4035331028123E+01   0.1879730910365E-25
  0.4046909095679E+01   0.2894647828380E-25
  0.4058520382728E+01   0.2016549526334E-25
  0.4070164984582E+01   0.3350802757886E-25
  0.4081842996827E+01   0.3701562340191E-25
  0.4093554515323E+01   0.4132301442762E-25
  0.4105299636205E+01   0.5078730074438E-25
  0.4117078455885E+01   0.4901868456864E-25
  0.4128891071050E+01   0.6508586337057E-25
  0.4140737578665E+01   0.1137904834332E-24
  0.4152618075974E+01   0.8886742055257E-25
  0.4164532660498E+01   0.1275131427210E-24
  0.4176481430042E+01   0.2011123267558E-24
  0.4188464482686E+01   0.2789909980102E-24
  0.4200481916795E+01   0.2976797065392E-24
  0.4212533831015E+01   0.9641843219267E-25
  0.4224620324277E+01   0.4708834580639E-25
  0.4236741495793E+01   0.2094542785512E-26
  0.4248897445061E+01   0.1211562879424E-32
  0.4261088271865E+01   0.9581241431322E-37
  0.4273314076274E+01   0.3144706267526E-36
  0.4285574958646E+01   0.1350848018009E-29
  0.4297871019624E+01   0.2511425868030E-26
  0.4310202360143E+01   0.2020835422794E-25
  0.4322569081426E+01   0.2280135801112E-25
  0.4334971284986E+01   0.5549695637507E-25
  0.4347409072628E+01   0.4234799440610E-25
  0.4359882546449E+01   0.8361056769925E-25
  0.4372391808839E+01   0.6861764304038E-25
  0.4384936962482E+01   0.3397038812113E-25
  0.4397518110355E+01   0.6680238946583E-25
  0.4410135355733E+01   0.1515518707369E-24
  0.4422788802186E+01   0.1590837263829E-24
  0.4435478553580E+01   0.1725662683069E-24
  0.4448204714081E+01   0.1822713487773E-24
  0.4460967388154E+01   0.1921930950969E-24
  0.4473766680561E+01   0.1928314082701E-24
  0.4486602696367E+01   0.2104132420061E-24
  0.4499475540938E+01   0.2813934848033E-24
  0.4512385319942E+01   0.3228060745152E-24
  0.4525332139351E+01   0.3116400779105E-24
  0.4538316105440E+01   0.4713444032802E-24
  0.4551337324788E+01   0.6006612081452E-24
  0.4564395904283E+01   0.6448417363586E-24
  0.4577491951117E+01   0.7091148534715E-24
  0.4590625572791E+01   0.7296728246204E-24
  0.4603796877112E+01   0.8866086961523E-24
  0.4617005972199E+01   0.1029835789709E-23
  0.4630252966481E+01   0.2164087429297E-23
  0.4643537968697E+01   0.1325822952078E-23
  0.4656861087898E+01   0.1226021516223E-23
  0.4670222433449E+01   0.4190555209013E-25
  0.4683622115027E+01   0.5204725545669E-24
  0.4697060242625E+01   0.2810451411584E-23
  0.4710536926552E+01   0.3684569873869E-23
  0.4724052277433E+01   0.3328518494350E-23
  0.4737606406209E+01   0.3447740691895E-23
  0.4751199424141E+01   0.3892938628545E-23
  0.4764831442809E+01   0.4700924657767E-23
  0.4778502574113E+01   0.4510416052117E-23
  0.4792212930274E+01   0.5797697090581E-23
  0.4805962623834E+01   0.7699661713917E-23
  0.4819751767661E+01   0.8306749949770E-23
  0.4833580474942E+01   0.9767908680824E-23
  0.4847448859194E+01   0.1056223910281E-22
  0.4861357034255E+01   0.1191432681257E-22
  0.4875305114293E+01   0.1289154093274E-22
  0.4889293213801E+01   0.1548106548819E-22
  0.4903321447604E+01   0.1900912092594E-22
  0.4917389930853E+01   0.2037891012316E-22
  0.4931498779030E+01   0.2185158487591E-22
  0.4945648107950E+01   0.2609219162661E-22
  0.4959838033760E+01   0.2739379668448E-22
  0.4974068672938E+01   0.3022066972832E-22
  0.4988340142298E+01   0.3758553843077E-22
  0.5002652558990E+01   0.5526082435909E-22
  0.5017006040497E+01   0.6512935303928E-22
  0.5031400704644E+01   0.6484001494088E-22
  0.5045836669588E+01   0.5991023345660E-22
  0.5060314053831E+01   0.7494811188419E-22
  0.5074832976211E+01   0.7803817267315E-22
  0.5089393555907E+01   0.8601021602352E-22
  0.5103995912443E+01   0.9865654909431E-22
  0.5118640165683E+01   0.1196609755257E-21
  0.5133326435836E+01   0.1259296468226E-21
  0.5148054843456E+01   0.1379131870641E-21
  0.5162825509443E+01   0.1457901372802E-21
  0.5177638555043E+01   0.1533330746802E-21
  0.5192494101851E+01   0.1733103317045E-21
  0.5207392271810E+01   0.1882326227362E-21
  0.5222333187214E+01   0.1996484378114E-21
  0.5237316970706E+01   0.2289101078379E-21
  0.5252343745283E+01   0.2477581960835E-21
  0.5267413634293E+01   0.2686123413747E-21
  0.5282526761440E+01   0.2702349478147E-21
  0.5297683250780E+01   0.2801821234332E-21
  0.5312883226729E+01   0.3160042300171E-21
  0.5328126814055E+01   0.3591797460146E-21
  0.5343414137889E+01   0.3691287481152E-21
  0.5358745323718E+01   0.4338718484747E-21
  0.5374120497388E+01   0.4297602419595E-21
  0.5389539785110E+01   0.4523995067370E-21
  0.5405003313454E+01   0.4749053766313E-21
  0.5420511209355E+01   0.4850838367935E-21
  0.5436063600109E+01   0.6215911319520E-21
  0.5451660613382E+01   0.6382184853271E-21
  0.5467302377202E+01   0.6876396608176E-21
  0.5482989019966E+01   0.6804447174714E-21
  0.5498720670441E+01   0.7598191390660E-21
  0.5514497457762E+01   0.8147119386641E-21
  0.5530319511432E+01   0.8876405867286E-21
  0.5546186961331E+01   0.8749232493739E-21
  0.5562099937707E+01   0.9454223400651E-21
  0.5578058571184E+01   0.9585401183078E-21
  0.5594062992760E+01   0.9817087486229E-21
  0.5610113333808E+01   0.1052284847749E-20
  0.5626209726081E+01   0.1049497316130E-20
  0.5642352301707E+01   0.1102104118978E-20
  0.5658541193194E+01   0.1054710849073E-20
  0.5674776533430E+01   0.1100566914265E-20
  0.5691058455685E+01   0.1025235616157E-20
  0.5707387093610E+01   0.9814857954927E-21
  0.5723762581242E+01   0.9037694866740E-21
  0.5740185053000E+01   0.9018840707275E-21
  0.5756654643690E+01   0.8737955583781E-21
  0.5773171488504E+01   0.7493347042442E-21
  0.5789735723023E+01   0.6450887688816E-21
  0.5806347483215E+01   0.5851467529530E-21
  0.5823006905441E+01   0.4814586799578E-21
  0.5839714126450E+01   0.3750711087866E-21
  0.5856469283387E+01   0.3371783490482E-21
  0.5873272513787E+01   0.2591843999287E-21
  0.5890123955582E+01   0.2295431472420E-21
  0.5907023747098E+01   0.1988663833568E-21
  0.5923972027060E+01   0.1820665965034E-21
  0.5940968934588E+01   0.1637726862416E-21
  0.5958014609205E+01   0.1552499173689E-21
  0.5975109190831E+01   0.1489592741034E-21
  0.5992252819789E+01   0.1491827055478E-21
  0.6009445636805E+01   0.1432248191783E-21
  0.6026687783007E+01   0.1417022337933E-21
  0.6043979399930E+01   0.1467371202015E-21
  0.6061320629513E+01   0.1500730754150E-21
  0.6078711614104E+01   0.1608980277432E-21
  0.6096152496459E+01   0.1754591242404E-21
  0.6113643419744E+01   0.2024248474598E-21
  0.6131184527533E+01   0.2353794081491E-21
  0.6148775963816E+01   0.3076139036254E-21
  0.6166417872994E+01   0.3638790965998E-21
  0.6184110399881E+01   0.4082844907689E-21
  0.6201853689710E+01   0.4675603617786E-21
  0.6219647888128E+01   0.5347502283344E-21
  0.6237493141200E+01   0.6438388116190E-21
  0.6255389595412E+01   0.6909249958198E-21
  0.6273337397667E+01   0.7587346712392E-21
  0.6291336695293E+01   0.8369158928289E-21
  0.6309387636040E+01   0.9330907370900E-21
  0.6327490368079E+01   0.9745639172413E-21
  0.6345645040009E+01   0.1135980370514E-20
  0.6363851800855E+01   0.1241364998584E-20
  0.6382110800069E+01   0.1307246770002E-20
  0.6400422187532E+01   0.1490113406855E-20
  0.6418786113555E+01   0.1607688114656E-20
  0.6437202728880E+01   0.1721460289355E-20
  0.6455672184682E+01   0.1893119841880E-20
  0.6474194632569E+01   0.2039090702719E-20
  0.6492770224586E+01   0.2247365170883E-20
  0.6511399113211E+01   0.2389458823867E-20
  0.6530081451363E+01   0.2565573660826E-20
  0.6548817392397E+01   0.2711128868176E-20
  0.6567607090108E+01   0.2929392930167E-20
  0.6586450698735E+01   0.3082484554048E-20
  0.6605348372958E+01   0.3378590180169E-20
  0.6624300267898E+01   0.3550808972682E-20
  0.6643306539127E+01   0.3804242022357E-20
  0.6662367342658E+01   0.4094536641776E-20
  0.6681482834954E+01   0.4409476178444E-20
  0.6700653172927E+01   0.4689148290154E-20
  0.6719878513938E+01   0.5107178423380E-20
  0.6739159015801E+01   0.5441279226776E-20
  0.6758494836783E+01   0.5653238051628E-20
  0.6777886135602E+01   0.6019759918129E-20
  0.6797333071435E+01   0.6433237983873E-20
  0.6816835803914E+01   0.6638454623793E-20
  0.6836394493129E+01   0.7028815160285E-20
  0.6856009299631E+01   0.7619346568797E-20
  0.6875680384428E+01   0.7915807872356E-20
  0.6895407908994E+01   0.8393199148773E-20
  0.6915192035264E+01   0.9022106639500E-20
  0.6935032925638E+01   0.9525460230628E-20
  0.6954930742982E+01   0.9997390069580E-20
  0.6974885650629E+01   0.1050453554106E-19
  0.6994897812383E+01   0.1110430082991E-19
  0.7014967392513E+01   0.1150930211653E-19
  0.7035094555765E+01   0.1205691610931E-19
  0.7055279467354E+01   0.1271220705862E-19
  0.7075522292970E+01   0.1341530981975E-19
  0.7095823198778E+01   0.1411048323340E-19
  0.7116182351420E+01   0.1491477736628E-19
  0.7136599918018E+01   0.1533690170299E-19
  0.7157076066170E+01   0.1642645373773E-19
  0.7177610963958E+01   0.1711987555310E-19
  0.7198204779944E+01   0.1786338349103E-19
  0.7218857683175E+01   0.1867419162633E-19
  0.7239569843182E+01   0.1950315625969E-19
  0.7260341429984E+01   0.2073168029142E-19
  0.7281172614086E+01   0.2186504233433E-19
  0.7302063566484E+01   0.2270853359915E-19
  0.7323014458663E+01   0.2408992790618E-19
  0.7344025462600E+01   0.2503637216337E-19
  0.7365096750767E+01   0.2666791433317E-19
  0.7386228496130E+01   0.2817703936450E-19
  0.7407420872151E+01   0.2985203249459E-19
  0.7428674052790E+01   0.3104735271071E-19
  0.7449988212505E+01   0.3253871341972E-19
  0.7471363526258E+01   0.3435679053950E-19
  0.7492800169508E+01   0.3579323707975E-19
  0.7514298318222E+01   0.3695394128121E-19
  0.7535858148868E+01   0.3765817399661E-19
  0.7557479838424E+01   0.3851776697146E-19
  0.7579163564373E+01   0.3968669673324E-19
  0.7600909504708E+01   0.4040701593830E-19
  0.7622717837934E+01   0.4116533138741E-19
  0.7644588743066E+01   0.4131414088619E-19
  0.7666522399634E+01   0.4130557423702E-19
  0.7688518987683E+01   0.4099994391153E-19
  0.7710578687774E+01   0.4087249537160E-19
  0.7732701680988E+01   0.3999730962267E-19
  0.7754888148921E+01   0.3912746525110E-19
  0.7777138273696E+01   0.3790104021320E-19
  0.7799452237954E+01   0.3624036395896E-19
  0.7821830224861E+01   0.3429806513854E-19
  0.7844272418111E+01   0.3224122989656E-19
  0.7866779001922E+01   0.2959295936701E-19
  0.7889350161042E+01   0.2672303872153E-19
  0.7911986080749E+01   0.2368418522331E-19
  0.7934686946851E+01   0.2053039298585E-19
  0.7957452945693E+01   0.1797755641676E-19
  0.7980284264150E+01   0.1538607299043E-19
  0.8003181089637E+01   0.1295251226772E-19
  0.8026143610103E+01   0.1062397899097E-19
  0.8049172014041E+01   0.8540670180149E-20
  0.8072266490480E+01   0.6652662365034E-20
  0.8095427228995E+01   0.5056239431394E-20
  0.8118654419702E+01   0.3680829691496E-20
  0.8141948253265E+01   0.2635126909373E-20
  0.8165308920893E+01   0.1824271098855E-20
  0.8188736614346E+01   0.1218047103829E-20
  0.8212231525931E+01   0.8791308268132E-21
  0.8235793848510E+01   0.6907978725821E-21
  0.8259423775497E+01   0.5382519674240E-21
  0.8283121500859E+01   0.4130413460047E-21
  0.8306887219123E+01   0.3152935764345E-21
  0.8330721125372E+01   0.2372548690502E-21
  0.8354623415250E+01   0.1748632628269E-21
  0.8378594284960E+01   0.1280589157667E-21
  0.8402633931270E+01   0.9259417037392E-22
  0.8426742551512E+01   0.7202223680506E-22
  0.8450920343585E+01   0.5480263449480E-22
  0.8475167505955E+01   0.4136120109834E-22
  0.8499484237656E+01   0.3134536342159E-22
  0.8523870738296E+01   0.2342995362519E-22
  0.8548327208054E+01   0.1733467470932E-22
  0.8572853847683E+01   0.1271955798670E-22
  0.8597450858513E+01   0.9292949264539E-23
  0.8622118442451E+01   0.7093439510656E-23
  0.8646856801984E+01   0.5449090930479E-23
  0.8671666140179E+01   0.4137168752457E-23
  0.8696546660687E+01   0.3138386349661E-23
  0.8721498567741E+01   0.2379282102464E-23
  0.8746522066162E+01   0.1781007720190E-23
  0.8771617361359E+01   0.1325771772565E-23
  0.8796784659329E+01   0.9825696385564E-24
  0.8822024166659E+01   0.7577094415929E-24
  0.8847336090533E+01   0.5887219663791E-24
  0.8872720638724E+01   0.4562769970132E-24
  0.8898178019606E+01   0.3528044010003E-24
  0.8923708442147E+01   0.2723372830863E-24
  0.8949312115917E+01   0.2091982325280E-24
  0.8974989251087E+01   0.1603354349848E-24
  0.9000740058430E+01   0.1235767424646E-24
  0.9026564749324E+01   0.1069310990902E-24
  0.9052463535754E+01   0.9287532561550E-25
  0.9078436630313E+01   0.8012727788216E-25
  0.9104484246204E+01   0.7006049948518E-25
  0.9130606597242E+01   0.6108933996542E-25
  0.9156803897854E+01   0.5330237781057E-25
  0.9183076363086E+01   0.4656853301804E-25
  0.9209424208595E+01   0.4202360853363E-25
  0.9235847650663E+01   0.4040048616581E-25
  0.9262346906188E+01   0.3884477104740E-25
  0.9288922192692E+01   0.3737383906904E-25
  0.9315573728322E+01   0.3626570699879E-25
  0.9342301731850E+01   0.3544318817644E-25
  0.9369106422675E+01   0.3473178493474E-25
  0.9395988020826E+01   0.3426857921089E-25
  0.9422946746965E+01   0.3687309780846E-25
  0.9449982822385E+01   0.4025578051207E-25
  0.9477096469013E+01   0.4442964800291E-25
  0.9504287909417E+01   0.4857696268070E-25
  0.9531557366798E+01   0.5325951423602E-25
  0.9558905065003E+01   0.5883107783082E-25
  0.9586331228517E+01   0.6531057800346E-25
  0.9613836082471E+01   0.7359016503469E-25
  0.9641419852641E+01   0.8498411265754E-25
  0.9669082765452E+01   0.9840876840390E-25
  0.9696825047978E+01   0.1133509761694E-24
  0.9724646927945E+01   0.1312195831644E-24
  0.9752548633731E+01   0.1499132329806E-24
  0.9780530394371E+01   0.1720192061196E-24
  0.9808592439555E+01   0.1976603367822E-24
  0.9836734999635E+01   0.2332333646764E-24
  0.9864958305621E+01   0.2731105821941E-24
  0.9893262589188E+01   0.3278939336635E-24
  0.9921648082674E+01   0.3926052687361E-24
  0.9950115019085E+01   0.4698989469693E-24
  0.9978663632094E+01   0.5579048521716E-24
  0.1000729415605E+02   0.6623743314000E-24
  0.1003600682596E+02   0.7861054449681E-24
  0.1006480187752E+02   0.9288364263948E-24
  0.1009367954710E+02   0.1086166877529E-23
  0.1012264007175E+02   0.1295523030889E-23
  0.1015168368918E+02   0.1529295077083E-23
  0.1018081063781E+02   0.1775524602823E-23
  0.1021002115673E+02   0.2087164316893E-23
  0.1023931548572E+02   0.2439471453359E-23
  0.1026869386524E+02   0.2812577490478E-23
  0.1029815653645E+02   0.3228805055554E-23
  0.1032770374119E+02   0.3730653684874E-23
  0.1035733572201E+02   0.4248728972438E-23
  0.1038705272214E+02   0.4837644423233E-23
  0.1041685498552E+02   0.5587173915247E-23
  0.1044674275678E+02   0.6406089982741E-23
  0.1047671628127E+02   0.7447662606614E-23
  0.1050677580502E+02   0.8430438566767E-23
  0.1053692157478E+02   0.9539781428835E-23
  0.1056715383800E+02   0.1069276166734E-22
  0.1059747284285E+02   0.1192832908872E-22
  0.1062787883821E+02   0.1334377782502E-22
  0.1065837207366E+02   0.1465688208291E-22
  0.1068895279952E+02   0.1607831567779E-22
  0.1071962126681E+02   0.1776713804373E-22
  0.1075037772726E+02   0.1950366038379E-22
  0.1078122243337E+02   0.2123891989058E-22
  0.1081215563830E+02   0.2332525359246E-22
  0.1084317759599E+02   0.2551786552381E-22
  0.1087428856108E+02   0.2829421523549E-22
  0.1090548878894E+02   0.3064663443236E-22
  0.1093677853570E+02   0.3362613810643E-22
  0.1096815805818E+02   0.3600457546413E-22
  0.1099962761399E+02   0.3930510218319E-22
  0.1103118746143E+02   0.4320192478217E-22
  0.1106283785956E+02   0.4739874253526E-22
  0.1109457906821E+02   0.5147758614923E-22
  0.1112641134790E+02   0.5652495164930E-22
  0.1115833495996E+02   0.6163814320571E-22
  0.1119035016641E+02   0.6730535275703E-22
  0.1122245723007E+02   0.7513326647078E-22
  0.1125465641449E+02   0.8057354765391E-22
  0.1128694798398E+02   0.9200490454896E-22
  0.1131933220360E+02   0.1005668883994E-21
  0.1135180933919E+02   0.1119692913455E-21
  0.1138437965734E+02   0.1220053820575E-21
  0.1141704342540E+02   0.1381659504024E-21
  0.1144980091151E+02   0.1584031142489E-21
  0.1148265238454E+02   0.1811393383065E-21
  0.1151559811418E+02   0.2034080844230E-21
  0.1154863837085E+02   0.2241603543212E-21
  0.1158177342577E+02   0.2626948989234E-21
  0.1161500355093E+02   0.3011412001206E-21
  0.1164832901912E+02   0.3504596454118E-21
  0.1168175010387E+02   0.4131670446654E-21
  0.1171526707954E+02   0.4834780485239E-21
  0.1174888022125E+02   0.5539315218453E-21
  0.1178258980492E+02   0.6313911531033E-21
  0.1181639610725E+02   0.7277621447373E-21
  0.1185029940575E+02   0.8449592090254E-21
  0.1188429997872E+02   0.9562435824034E-21
  0.1191839810526E+02   0.1091578785794E-20
  0.1195259406526E+02   0.1249722809259E-20
  0.1198688813943E+02   0.1420486283766E-20
  0.1202128060927E+02   0.1580970314733E-20
  0.1205577175709E+02   0.1699494085536E-20
  0.1209036186603E+02   0.1842161152504E-20
  0.1212505122001E+02   0.2001246114060E-20
  0.1215984010379E+02   0.2180656577570E-20
  0.1219472880294E+02   0.2374864118089E-20
  0.1222971760384E+02   0.2563538222874E-20
  0.1226480679370E+02   0.2766265094259E-20
  0.1229999666056E+02   0.3029903034926E-20
  0.1233528749328E+02   0.3290316347103E-20
  0.1237067958155E+02   0.3537027116966E-20
  0.1240617321588E+02   0.3882622326692E-20
  0.1244176868763E+02   0.4271373255406E-20
  0.1247746628899E+02   0.4718708093257E-20
  0.1251326631298E+02   0.4995398198815E-20
  0.1254916905348E+02   0.5219526045477E-20
  0.1258517480519E+02   0.5587410248139E-20
  0.1262128386368E+02   0.5877280968534E-20
  0.1265749652534E+02   0.6250942241572E-20
  0.1269381308744E+02   0.6566014517201E-20
  0.1273023384808E+02   0.6946118987867E-20
  0.1276675910623E+02   0.7321299809951E-20
  0.1280338916170E+02   0.7764353762155E-20
  0.1284012431518E+02   0.8099483815250E-20
  0.1287696486822E+02   0.8517655978816E-20
  0.1291391112322E+02   0.8995891124781E-20
  0.1295096338345E+02   0.9633705711596E-20
  0.1298812195308E+02   0.1018274861523E-19
  0.1302538713712E+02   0.1062361575482E-19
  0.1306275924146E+02   0.1116947769667E-19
  0.1310023857287E+02   0.1166189806984E-19
  0.1313782543902E+02   0.1218501518563E-19
  0.1317552014843E+02   0.1271045620519E-19
  0.1321332301052E+02   0.1329727265172E-19
  0.1325123433562E+02   0.1387643392548E-19
  0.1328925443490E+02   0.1477935640903E-19
  0.1332738362048E+02   0.1553451700371E-19
  0.1336562220533E+02   0.1621327618319E-19
  0.1340397050333E+02   0.1710079974607E-19
  0.1344242882929E+02   0.1794040779630E-19
  0.1348099749888E+02   0.1881323239182E-19
  0.1351967682870E+02   0.1988425528701E-19
  0.1355846713625E+02   0.2054710757782E-19
  0.1359736873996E+02   0.2192601285415E-19
  0.1363638195914E+02   0.2309494348559E-19
  0.1367550711404E+02   0.2404523272920E-19
  0.1371474452582E+02   0.2539851928415E-19
  0.1375409451658E+02   0.2653205252266E-19
  0.1379355740931E+02   0.2756700420773E-19
  0.1383313352795E+02   0.2905966586161E-19
  0.1387282319737E+02   0.3049885915696E-19
  0.1391262674336E+02   0.3187536814834E-19
  0.1395254449266E+02   0.3303073351600E-19
  0.1399257677294E+02   0.3376270025382E-19
  0.1403272391280E+02   0.3617402170115E-19
  0.1407298624180E+02   0.3786149403198E-19
  0.1411336409043E+02   0.3963328874062E-19
  0.1415385779014E+02   0.4104153732468E-19
  0.1419446767333E+02   0.4292225954478E-19
  0.1423519407334E+02   0.4488357449377E-19
  0.1427603732450E+02   0.4625912632955E-19
  0.1431699776205E+02   0.4912058647419E-19
  0.1435807572223E+02   0.5093144158033E-19
  0.1439927154224E+02   0.5343300366595E-19
  0.1444058556023E+02   0.5550618365447E-19
  0.1448201811533E+02   0.5799287102212E-19
  0.1452356954764E+02   0.6066819284198E-19
  0.1456524019826E+02   0.6266815983902E-19
  0.1460703040923E+02   0.6607069302561E-19
  0.1464894052359E+02   0.6792729480142E-19
  0.1469097088537E+02   0.6748056708644E-19
  0.1473312183958E+02   0.6997767168334E-19
  0.1477539373222E+02   0.7206868335238E-19
  0.1481778691028E+02   0.7582787551662E-19
  0.1486030172175E+02   0.7626503975761E-19
  0.1490293851562E+02   0.4557974805300E-19
  0.1494569764188E+02   0.2297674370662E-19
  0.1498857945152E+02   0.2296766488537E-19
  0.1503158429654E+02   0.1506292980521E-19
  0.1507471252995E+02   0.1089631333771E-19
  0.1511796450577E+02   0.7973078399040E-20
  0.1516134057904E+02   0.7833750791131E-20
  0.1520484110583E+02   0.1037391180940E-19
  0.1524846644320E+02   0.7517490238394E-20
  0.1529221694927E+02   0.1572980500977E-19
  0.1533609298315E+02   0.2667438191535E-19
  0.1538009490502E+02   0.3103315707527E-19
  0.1542422307607E+02   0.3520705131701E-19
  0.1546847785852E+02   0.3954216340202E-19
  0.1551285961565E+02   0.4267860057327E-19
  0.1555736871178E+02   0.4644753230122E-19
  0.1560200551225E+02   0.5016684804581E-19
  0.1564677038348E+02   0.5111240544266E-19
  0.1569166369292E+02   0.5432298816962E-19
  0.1573668580909E+02   0.5550915279280E-19
  0.1578183710155E+02   0.5575245958565E-19
  0.1582711794093E+02   0.5594978992166E-19
  0.1587252869892E+02   0.5612834678336E-19
  0.1591806974829E+02   0.5498893730769E-19
  0.1596374146286E+02   0.5312324776750E-19
  0.1600954421753E+02   0.5205373134784E-19
  0.1605547838829E+02   0.5025777892265E-19
  0.1610154435218E+02   0.4785127861259E-19
  0.1614774248735E+02   0.4574905694193E-19
  0.1619407317301E+02   0.4400029846266E-19
  0.1624053678948E+02   0.4204417482939E-19
  0.1628713371815E+02   0.3961708255611E-19
  0.1633386434154E+02   0.3735603486754E-19
  0.1638072904321E+02   0.3549636454282E-19
  0.1642772820788E+02   0.3337094543258E-19
  0.1647486222134E+02   0.3137343651211E-19
  0.1652213147050E+02   0.2978456120465E-19
  0.1656953634336E+02   0.2874207371240E-19
  0.1661707722906E+02   0.2770170032232E-19
  0.1666475451784E+02   0.2656368562937E-19
  0.1671256860106E+02   0.2539781373855E-19
  0.1676051987122E+02   0.2444906103710E-19
  0.1680860872193E+02   0.2331952278782E-19
  0.1685683554792E+02   0.2231273241915E-19
  0.1690520074507E+02   0.2133180687112E-19
  0.1695370471040E+02   0.2045441735514E-19
  0.1700234784206E+02   0.1937302487170E-19
  0.1705113053933E+02   0.1898620845469E-19
  0.1710005320266E+02   0.1838920933023E-19
  0.1714911623363E+02   0.1788133373141E-19
  0.1719832003498E+02   0.1756556752832E-19
  0.1724766501060E+02   0.1717492220636E-19
  0.1729715156556E+02   0.1672750171527E-19
  0.1734678010606E+02   0.1636435726733E-19
  0.1739655103949E+02   0.1586782085243E-19
  0.1744646477439E+02   0.1548042770969E-19
  0.1749652172049E+02   0.1498424080965E-19
  0.1754672228869E+02   0.1501399329566E-19
  0.1759706689107E+02   0.1501758297537E-19
  0.1764755594087E+02   0.1499615241735E-19
  0.1769818985256E+02   0.1497082261911E-19
  0.1774896904175E+02   0.1494297712893E-19
  0.1779989392528E+02   0.1491440690414E-19
  0.1785096492118E+02   0.1489776457176E-19
  0.1790218244865E+02   0.1481169550057E-19
  0.1795354692814E+02   0.1487161408760E-19
  0.1800505878126E+02   0.1479597216082E-19
  0.1805671843086E+02   0.1534251902015E-19
  0.1810852630099E+02   0.1578460338337E-19
  0.1816048281692E+02   0.1632570174686E-19
  0.1821258840515E+02   0.1682053573876E-19
  0.1826484349339E+02   0.1707571121054E-19
  0.1831724851057E+02   0.1770132009829E-19
  0.1836980388688E+02   0.1834194313666E-19
  0.1842251005372E+02   0.1890223326206E-19
  0.1847536744372E+02   0.1947637090941E-19
  0.1852837649079E+02   0.2007040614744E-19
  0.1858153763004E+02   0.2084137413312E-19
  0.1863485129787E+02   0.2212348533560E-19
  0.1868831793189E+02   0.2292976684784E-19
  0.1874193797099E+02   0.2380757131838E-19
  0.1879571185533E+02   0.2498883895366E-19
  0.1884964002631E+02   0.2566294183428E-19
  0.1890372292660E+02   0.2683812528724E-19
  0.1895796100015E+02   0.2817890760834E-19
  0.1901235469219E+02   0.2954440022363E-19
  0.1906690444920E+02   0.3106741567278E-19
  0.1912161071896E+02   0.3273357537551E-19
  0.1917647395054E+02   0.3421428691823E-19
  0.1923149459429E+02   0.3622600883028E-19
  0.1928667310184E+02   0.3741604604006E-19
  0.1934200992615E+02   0.3942827411052E-19
  0.1939750552144E+02   0.4156735935862E-19
  0.1945316034326E+02   0.4349932895600E-19
  0.1950897484846E+02   0.4558936987798E-19
  0.1956494949519E+02   0.4766221054536E-19
  0.1962108474294E+02   0.5073577293820E-19
  0.1967738105249E+02   0.5302332883231E-19
  0.1973383888595E+02   0.5505974231869E-19
  0.1979045870677E+02   0.5884750834130E-19
  0.1984724097972E+02   0.6164743996417E-19
  0.1990418617090E+02   0.6553168354324E-19
  0.1996129474776E+02   0.6866360669434E-19
  0.2001856717906E+02   0.6997571892215E-19
  0.2007600393495E+02   0.7517157593452E-19
  0.2013360548689E+02   0.7949626421285E-19
  0.2019137230772E+02   0.8341448449947E-19
  0.2024930487162E+02   0.8744492010399E-19
  0.2030740365414E+02   0.9157040802944E-19
  0.2036566913218E+02   0.9594567294064E-19
  0.2042410178402E+02   0.1003945006406E-18
  0.2048270208932E+02   0.1050365374990E-18
  0.2054147052911E+02   0.1099514856094E-18
  0.2060040758578E+02   0.1149655277443E-18
  0.2065951374313E+02   0.1202166875533E-18
  0.2071878948635E+02   0.1257307274165E-18
  0.2077823530199E+02   0.1314915479706E-18
  0.2083785167804E+02   0.1373917209923E-18
  0.2089763910385E+02   0.1433530005827E-18
  0.2095759807019E+02   0.1503335680270E-18
  0.2101772906926E+02   0.1580075772829E-18
  0.2107803259463E+02   0.1667899061058E-18
  0.2113850914133E+02   0.1761307014313E-18
  0.2119915920576E+02   0.1859804520357E-18
  0.2125998328580E+02   0.1964350224189E-18
  0.2132098188072E+02   0.2072860329831E-18
  0.2138215549123E+02   0.2186734728408E-18
  0.2144350461948E+02   0.2306336990378E-18
  0.2150502976906E+02   0.2432398495109E-18
  0.2156673144502E+02   0.2563970203723E-18
  0.2162861015383E+02   0.2701674847058E-18
  0.2169066640344E+02   0.2844107033065E-18
  0.2175290070323E+02   0.2993482958993E-18
  0.2181531356407E+02   0.3148440309776E-18
  0.2187790549827E+02   0.3312552342348E-18
  0.2194067701964E+02   0.3479402949118E-18
  0.2200362864344E+02   0.3653091181293E-18
  0.2206676088640E+02   0.3814860461265E-18
  0.2213007426677E+02   0.3982318604359E-18
  0.2219356930426E+02   0.4156462524041E-18
  0.2225724652006E+02   0.4332371704674E-18
  0.2232110643689E+02   0.4520622799647E-18
  0.2238514957895E+02   0.4712722199469E-18
  0.2244937647193E+02   0.4906608636646E-18
  0.2251378764305E+02   0.5108022976620E-18
  0.2257838362104E+02   0.5318392131115E-18
  0.2264316493615E+02   0.5551849207165E-18
  0.2270813212013E+02   0.5779413436443E-18
  0.2277328570628E+02   0.6014425600237E-18
  0.2283862622941E+02   0.6254648952756E-18
  0.2290415422588E+02   0.6510160811916E-18
  0.2296987023359E+02   0.6752578844989E-18
  0.2303577479197E+02   0.6990939683393E-18
  0.2310186844201E+02   0.7238135723990E-18
  0.2316815172624E+02   0.7485111394046E-18
  0.2323462518876E+02   0.7733685488858E-18
  0.2330128937522E+02   0.7992870187936E-18
  0.2336814483285E+02   0.8259105285351E-18
  0.2343519211042E+02   0.8532659756044E-18
  0.2350243175831E+02   0.8813080050738E-18
  0.2356986432846E+02   0.9110730447167E-18
  0.2363749037440E+02   0.9424491397316E-18
  0.2370531045125E+02   0.9756663114091E-18
  0.2377332511571E+02   0.9958767990504E-18
  0.2384153492608E+02   0.1028780838903E-17
  0.2390994044229E+02   0.1063685553769E-17
  0.2397854222583E+02   0.1098427278272E-17
  0.2404734083984E+02   0.1130848485126E-17
  0.2411633684905E+02   0.1162187141617E-17
  0.2418553081984E+02   0.1195379086513E-17
  0.2425492332017E+02   0.1230677342587E-17
  0.2432451491968E+02   0.1263465176211E-17
  0.2439430618960E+02   0.1297349716121E-17
  0.2446429770284E+02   0.1336975825772E-17
  0.2453449003391E+02   0.1383258908145E-17
  0.2460488375901E+02   0.1430783811540E-17
  0.2467547945597E+02   0.1474392451469E-17
  0.2474627770428E+02   0.1551332061734E-17
  0.2481727908509E+02   0.1664726687407E-17
  0.2488848418123E+02   0.1704183218907E-17
  0.2495989357720E+02   0.1744334448666E-17
  0.2503150785915E+02   0.1783783805360E-17
  0.2510332761496E+02   0.1821738526641E-17
  0.2517535343416E+02   0.1860543994868E-17
  0.2524758590797E+02   0.1899891617196E-17
  0.2532002562933E+02   0.1939852719197E-17
  0.2539267319287E+02   0.1980575845421E-17
  0.2546552919493E+02   0.2021798940528E-17
  0.2553859423354E+02   0.2063574343035E-17
  0.2561186890847E+02   0.2106031641130E-17
  0.2568535382121E+02   0.2149432980839E-17
  0.2575904957496E+02   0.2193471982057E-17
  0.2583295677467E+02   0.2237982552185E-17
  0.2590707602700E+02   0.2283219769207E-17
  0.2598140794038E+02   0.2329194975400E-17
  0.2605595312497E+02   0.2376191023100E-17
  0.2613071219267E+02   0.2424473214681E-17
  0.2620568575716E+02   0.2473303798876E-17
  0.2628087443386E+02   0.2522823185735E-17
  0.2635627883997E+02   0.2573129501278E-17
  0.2643189959446E+02   0.2624160318319E-17
  0.2650773731806E+02   0.2676281696125E-17
  0.2658379263330E+02   0.2729154207563E-17
  0.2666006616449E+02   0.2782857789614E-17
  0.2673655853772E+02   0.2837060584741E-17
  0.2681327038089E+02   0.2892328828745E-17
  0.2689020232370E+02   0.2948421684252E-17
  0.2696735499766E+02   0.3005433587186E-17
  0.2704472903607E+02   0.3063126325922E-17
  0.2712232507408E+02   0.3121667654217E-17
  0.2720014374864E+02   0.3181214321270E-17
  0.2727818569852E+02   0.3241380376852E-17
  0.2735645156436E+02   0.3302347062779E-17
  0.2743494198859E+02   0.3364193742182E-17
  0.2751365761552E+02   0.3427051860384E-17
  0.2759259909130E+02   0.3490568825333E-17
  0.2767176706391E+02   0.3555054243312E-17
  0.2775116218324E+02   0.3620105403124E-17
  0.2783078510098E+02   0.3686223209450E-17
  0.2791063647075E+02   0.3752827482609E-17
  0.2799071694800E+02   0.3820433775871E-17
  0.2807102719009E+02   0.3893556175776E-17
  0.2815156785625E+02   0.3967926313908E-17
  0.2823233960761E+02   0.4043115798646E-17
  0.2831334310720E+02   0.4119598128901E-17
  0.2839457901993E+02   0.4196857332962E-17
  0.2847604801265E+02   0.4275344348375E-17
  0.2855775075409E+02   0.4354914778898E-17
  0.2863968791493E+02   0.4435330978499E-17
  0.2872186016776E+02   0.4516557262661E-17
  0.2880426818709E+02   0.4599256140844E-17
  0.2888691264938E+02   0.4682753575167E-17
  0.2896979423303E+02   0.4767160504589E-17
  0.2905291361838E+02   0.4858932084247E-17
  0.2913627148772E+02   0.4955602872304E-17
  0.2921986852530E+02   0.5053968882281E-17
  0.2930370541735E+02   0.5153573290576E-17
  0.2938778285205E+02   0.5254225796092E-17
  0.2947210151954E+02   0.5356425148043E-17
  0.2955666211198E+02   0.5459780505710E-17
  0.2964146532349E+02   0.5564723981963E-17
  0.2972651185018E+02   0.5671133326865E-17
  0.2981180239017E+02   0.5778714821582E-17
  0.2989733764357E+02   0.5887577910705E-17
  0.2998311831252E+02   0.5997953047104E-17
  0.3006914510114E+02   0.6109648157092E-17
  0.3015541871560E+02   0.6222278726223E-17
  0.3024193986409E+02   0.6336159016646E-17
  0.3032870925683E+02   0.6451780523873E-17
  0.3041572760606E+02   0.6568460410202E-17
  0.3050299562609E+02   0.6686200024182E-17
  0.3059051403328E+02   0.6805285533292E-17
  0.3067828354601E+02   0.6925525593847E-17
  0.3076630488477E+02   0.7046384930610E-17
  0.3085457877208E+02   0.7167492612964E-17
  0.3094310593254E+02   0.7289701548318E-17
  0.3103188709285E+02   0.7412772052270E-17
  0.3112092298177E+02   0.7536693867523E-17
  0.3121021433016E+02   0.7662015428614E-17
  0.3129976187098E+02   0.7788287420909E-17
  0.3138956633929E+02   0.7915523952956E-17
  0.3147962847227E+02   0.8044185245244E-17
  0.3156994900919E+02   0.8174087452734E-17
  0.3166052869146E+02   0.8304856344218E-17
  0.3175136826261E+02   0.8437054764323E-17
  0.3184246846832E+02   0.8570604818003E-17
  0.3193383005639E+02   0.8705248789432E-17
  0.3202545377676E+02   0.8840294128118E-17
  0.3211734038154E+02   0.8974864060996E-17
  0.3220949062500E+02   0.9110621696252E-17
  0.3230190526356E+02   0.9247025351562E-17
  0.3239458505581E+02   0.9384644129323E-17
  0.3248753076253E+02   0.9523181050211E-17
  0.3258074314666E+02   0.9662429945658E-17
  0.3267422297337E+02   0.9802898412867E-17
  0.3276797100997E+02   0.9944132173849E-17
  0.3286198802603E+02   0.1008590613661E-16
  0.3295627479327E+02   0.1022896989290E-16
  0.3305083208568E+02   0.1037228644515E-16
  0.3314566067942E+02   0.1051668899513E-16
  0.3324076135292E+02   0.1066162725653E-16
  0.3333613488681E+02   0.1080710419334E-16
  0.3343178206398E+02   0.1095360839329E-16
  0.3352770366956E+02   0.1110104482916E-16
  0.3362390049094E+02   0.1124929045368E-16
  0.3372037331775E+02   0.1139825423757E-16
  0.3381712294190E+02   0.1154810441600E-16
  0.3391415015758E+02   0.1169871663178E-16
  0.3401145576124E+02   0.1184988373414E-16
  0.3410904055162E+02   0.1200178551913E-16
  0.3420690532976E+02   0.1215393600004E-16
  0.3430505089900E+02   0.1230692059895E-16
  0.3440347806497E+02   0.1246036136761E-16
  0.3450218763562E+02   0.1261406669027E-16
  0.3460118042122E+02   0.1276944641554E-16
  0.3470045723436E+02   0.1292366304754E-16
  0.3480001888998E+02   0.1307931958089E-16
  0.3489986620532E+02   0.1323496058645E-16
  0.3500000000000E+02   0.1339118166212E-16
