           1
        1000
  
  0.2000000000000E+01   0.2052992663512E-22
  0.2005738348342E+01   0.2174447382083E-22
  0.2011493161004E+01   0.2217284688713E-22
  0.2017264485226E+01   0.2537018360186E-22
  0.2023052368383E+01   0.2791066943618E-22
  0.2028856857985E+01   0.2941546053207E-22
  0.2034678001678E+01   0.3134782039002E-22
  0.2040515847246E+01   0.3552022619473E-22
  0.2046370442610E+01   0.3775674121234E-22
  0.2052241835828E+01   0.4485595142578E-22
  0.2058130075096E+01   0.4768306849886E-22
  0.2064035208748E+01   0.5037427874651E-22
  0.2069957285256E+01   0.5606978823533E-22
  0.2075896353234E+01   0.5308811379593E-22
  0.2081852461432E+01   0.5953210137763E-22
  0.2087825658742E+01   0.6584664389402E-22
  0.2093815994195E+01   0.7002350034784E-22
  0.2099823516964E+01   0.7375991779828E-22
  0.2105848276362E+01   0.8029141381978E-22
  0.2111890321844E+01   0.8331198718137E-22
  0.2117949703007E+01   0.8977973729746E-22
  0.2124026469590E+01   0.9676529645464E-22
  0.2130120671475E+01   0.1066356178586E-21
  0.2136232358686E+01   0.1102335450681E-21
  0.2142361581393E+01   0.1176778974280E-21
  0.2148508389907E+01   0.1242525326212E-21
  0.2154672834685E+01   0.1281423018249E-21
  0.2160854966329E+01   0.1449258593667E-21
  0.2167054835585E+01   0.1485344234352E-21
  0.2173272493346E+01   0.1604789196828E-21
  0.2179507990650E+01   0.1738043573910E-21
  0.2185761378682E+01   0.1897530838135E-21
  0.2192032708773E+01   0.2009401091434E-21
  0.2198322032403E+01   0.2129545699628E-21
  0.2204629401197E+01   0.2208035055987E-21
  0.2210954866931E+01   0.2459952087375E-21
  0.2217298481528E+01   0.2588249475953E-21
  0.2223660297061E+01   0.2692492052239E-21
  0.2230040365750E+01   0.2758857338172E-21
  0.2236438739967E+01   0.2923572557807E-21
  0.2242855472234E+01   0.3228822574370E-21
  0.2249290615224E+01   0.3409605363143E-21
  0.2255744221760E+01   0.3759199496767E-21
  0.2262216344817E+01   0.3836282270477E-21
  0.2268707037522E+01   0.3921930122586E-21
  0.2275216353156E+01   0.4151162623725E-21
  0.2281744345149E+01   0.4387914445852E-21
  0.2288291067089E+01   0.4681170732296E-21
  0.2294856572714E+01   0.4846277908273E-21
  0.2301440915918E+01   0.5124882724998E-21
  0.2308044150750E+01   0.5291825468229E-21
  0.2314666331412E+01   0.5502018067178E-21
  0.2321307512264E+01   0.5669863085434E-21
  0.2327967747821E+01   0.6128390093444E-21
  0.2334647092753E+01   0.6374232233187E-21
  0.2341345601890E+01   0.6595397080145E-21
  0.2348063330216E+01   0.6925105659179E-21
  0.2354800332874E+01   0.7558208224971E-21
  0.2361556665167E+01   0.7684368526690E-21
  0.2368332382554E+01   0.7999124244417E-21
  0.2375127540653E+01   0.8279899537969E-21
  0.2381942195246E+01   0.8268224798430E-21
  0.2388776402269E+01   0.8900611715369E-21
  0.2395630217822E+01   0.9407704403096E-21
  0.2402503698166E+01   0.9635412705949E-21
  0.2409396899722E+01   0.1018471752152E-20
  0.2416309879074E+01   0.1077076227390E-20
  0.2423242692967E+01   0.1099896055950E-20
  0.2430195398312E+01   0.1159880055905E-20
  0.2437168052179E+01   0.1205265165263E-20
  0.2444160711804E+01   0.1245006808548E-20
  0.2451173434587E+01   0.1333125920863E-20
  0.2458206278094E+01   0.1354058814330E-20
  0.2465259300054E+01   0.1427006218859E-20
  0.2472332558362E+01   0.1484851265601E-20
  0.2479426111080E+01   0.1573969524771E-20
  0.2486540016437E+01   0.1631480019662E-20
  0.2493674332826E+01   0.1698546770060E-20
  0.2500829118813E+01   0.1734586373727E-20
  0.2508004433126E+01   0.1802863631772E-20
  0.2515200334666E+01   0.1860712731093E-20
  0.2522416882500E+01   0.1974927405207E-20
  0.2529654135868E+01   0.2057479620351E-20
  0.2536912154175E+01   0.2141552011670E-20
  0.2544190997002E+01   0.2253525349705E-20
  0.2551490724096E+01   0.2302689538973E-20
  0.2558811395379E+01   0.2404088518700E-20
  0.2566153070942E+01   0.2513139790506E-20
  0.2573515811052E+01   0.2642774710124E-20
  0.2580899676145E+01   0.2740610575383E-20
  0.2588304726834E+01   0.2850206721916E-20
  0.2595731023902E+01   0.2966369059549E-20
  0.2603178628310E+01   0.3064830322735E-20
  0.2610647601193E+01   0.3228925188595E-20
  0.2618138003859E+01   0.3414047296441E-20
  0.2625649897795E+01   0.3529054830561E-20
  0.2633183344664E+01   0.3716815432421E-20
  0.2640738406303E+01   0.3863428234828E-20
  0.2648315144731E+01   0.4034483891685E-20
  0.2655913622140E+01   0.4249406977959E-20
  0.2663533900905E+01   0.4425886159077E-20
  0.2671176043576E+01   0.4711774711472E-20
  0.2678840112886E+01   0.4957198042906E-20
  0.2686526171746E+01   0.5271960209892E-20
  0.2694234283247E+01   0.5602799662341E-20
  0.2701964510663E+01   0.5832645984386E-20
  0.2709716917447E+01   0.6030972131519E-20
  0.2717491567237E+01   0.6458513392519E-20
  0.2725288523851E+01   0.6913135549073E-20
  0.2733107851292E+01   0.7282956486644E-20
  0.2740949613745E+01   0.7615577439260E-20
  0.2748813875580E+01   0.8021388061807E-20
  0.2756700701352E+01   0.8470756340849E-20
  0.2764610155801E+01   0.9192795528447E-20
  0.2772542303853E+01   0.1017429955612E-19
  0.2780497210618E+01   0.1096314595645E-19
  0.2788474941397E+01   0.1185003209193E-19
  0.2796475561675E+01   0.1283908377620E-19
  0.2804499137126E+01   0.1129099181527E-19
  0.2812545733612E+01   0.8034184592883E-20
  0.2820615417185E+01   0.5170092640195E-20
  0.2828708254086E+01   0.2889177890148E-20
  0.2836824310746E+01   0.1395636924962E-20
  0.2844963653785E+01   0.4795105540740E-21
  0.2853126350018E+01   0.1602311695113E-21
  0.2861312466447E+01   0.4863079871357E-22
  0.2869522070270E+01   0.1275970641288E-22
  0.2877755228877E+01   0.3261158458283E-23
  0.2886012009850E+01   0.8436619507027E-24
  0.2894292480965E+01   0.2357305982774E-24
  0.2902596710194E+01   0.7483791397873E-25
  0.2910924765703E+01   0.2779966547975E-25
  0.2919276715854E+01   0.1179885350979E-25
  0.2927652629205E+01   0.6036953043246E-26
  0.2936052574510E+01   0.3434099200837E-26
  0.2944476620721E+01   0.2232321884773E-26
  0.2952924836988E+01   0.1596020151328E-26
  0.2961397292658E+01   0.1199410331845E-26
  0.2969894057280E+01   0.9531867257134E-27
  0.2978415200599E+01   0.7895061764754E-27
  0.2986960792563E+01   0.6878461959954E-27
  0.2995530903318E+01   0.5776781934909E-27
  0.3004125603214E+01   0.5179698298843E-27
  0.3012744962800E+01   0.4746325594833E-27
  0.3021389052831E+01   0.4425438180359E-27
  0.3030057944261E+01   0.4352197313236E-27
  0.3038751708251E+01   0.4425178471044E-27
  0.3047470416164E+01   0.4780220102720E-27
  0.3056214139568E+01   0.5387946791249E-27
  0.3064982950238E+01   0.6388366632520E-27
  0.3073776920153E+01   0.7813073737929E-27
  0.3082596121499E+01   0.9865512494806E-27
  0.3091440626670E+01   0.1286669423160E-26
  0.3100310508267E+01   0.1757255779624E-26
  0.3109205839099E+01   0.2520658446632E-26
  0.3118126692184E+01   0.3618287175106E-26
  0.3127073140750E+01   0.5428314795442E-26
  0.3136045258236E+01   0.8568527582485E-26
  0.3145043118290E+01   0.1378961114200E-25
  0.3154066794771E+01   0.2313367119684E-25
  0.3163116361751E+01   0.3846804793963E-25
  0.3172191893516E+01   0.6686025994598E-25
  0.3181293464562E+01   0.1172770502580E-24
  0.3190421149600E+01   0.2133269030874E-24
  0.3199575023556E+01   0.3968844141511E-24
  0.3208755161572E+01   0.7433374704846E-24
  0.3217961639002E+01   0.1437082803203E-23
  0.3227194531419E+01   0.2775302299575E-23
  0.3236453914613E+01   0.5451912525468E-23
  0.3245739864590E+01   0.1054369913074E-22
  0.3255052457574E+01   0.2109096387158E-22
  0.3264391770010E+01   0.4092249344022E-22
  0.3273757878560E+01   0.7843199825117E-22
  0.3283150860107E+01   0.1347393019826E-21
  0.3292570791754E+01   0.2133817843022E-21
  0.3302017750825E+01   0.3103861688308E-21
  0.3311491814867E+01   0.4403195492220E-21
  0.3320993061649E+01   0.5705384134034E-21
  0.3330521569163E+01   0.7127850005248E-21
  0.3340077415625E+01   0.8843911169947E-21
  0.3349660679474E+01   0.1050341007331E-20
  0.3359271439377E+01   0.1238722428672E-20
  0.3368909774224E+01   0.1392310814589E-20
  0.3378575763132E+01   0.1550392223464E-20
  0.3388269485445E+01   0.1724652503208E-20
  0.3397991020737E+01   0.1916954912843E-20
  0.3407740448806E+01   0.2113512570042E-20
  0.3417517849683E+01   0.2287741865496E-20
  0.3427323303625E+01   0.2439635620733E-20
  0.3437156891123E+01   0.2618317598846E-20
  0.3447018692896E+01   0.2801552542734E-20
  0.3456908789896E+01   0.2960915761215E-20
  0.3466827263307E+01   0.3106026606240E-20
  0.3476774194546E+01   0.3272947644805E-20
  0.3486749665263E+01   0.3459503167432E-20
  0.3496753757342E+01   0.3637144397512E-20
  0.3506786552905E+01   0.3799818317995E-20
  0.3516848134305E+01   0.3970849353036E-20
  0.3526938584134E+01   0.4131779366961E-20
  0.3537057985222E+01   0.4278782668848E-20
  0.3547206420634E+01   0.4461255428980E-20
  0.3557383973675E+01   0.4648027826068E-20
  0.3567590727888E+01   0.4862862406565E-20
  0.3577826767056E+01   0.5025716525573E-20
  0.3588092175204E+01   0.5220317614079E-20
  0.3598387036595E+01   0.5440212427131E-20
  0.3608711435738E+01   0.5611421505891E-20
  0.3619065457379E+01   0.5726237075661E-20
  0.3629449186512E+01   0.5948464035245E-20
  0.3639862708372E+01   0.6119625071523E-20
  0.3650306108440E+01   0.6334195149701E-20
  0.3660779472442E+01   0.6487944100794E-20
  0.3671282886350E+01   0.6701411917487E-20
  0.3681816436381E+01   0.6893101072153E-20
  0.3692380209002E+01   0.7062140613060E-20
  0.3702974290926E+01   0.7253009171194E-20
  0.3713598769117E+01   0.7424603763799E-20
  0.3724253730786E+01   0.7603028771081E-20
  0.3734939263396E+01   0.7811621713289E-20
  0.3745655454660E+01   0.8012097949973E-20
  0.3756402392544E+01   0.8154989542947E-20
  0.3767180165264E+01   0.8356745198915E-20
  0.3777988861291E+01   0.8559190886163E-20
  0.3788828569349E+01   0.8760887635317E-20
  0.3799699378418E+01   0.8985719673509E-20
  0.3810601377731E+01   0.9244844155339E-20
  0.3821534656780E+01   0.9381008802681E-20
  0.3832499305310E+01   0.9497248462371E-20
  0.3843495413326E+01   0.9713949765015E-20
  0.3854523071092E+01   0.9902770197416E-20
  0.3865582369128E+01   0.1006335672642E-19
  0.3876673398217E+01   0.1026007410779E-19
  0.3887796249400E+01   0.1044940733545E-19
  0.3898951013980E+01   0.1059528564340E-19
  0.3910137783523E+01   0.1075462161352E-19
  0.3921356649856E+01   0.1095111855104E-19
  0.3932607705070E+01   0.1109411028982E-19
  0.3943891041521E+01   0.1129980600577E-19
  0.3955206751830E+01   0.1159844216455E-19
  0.3966554928883E+01   0.1176617921667E-19
  0.3977935665832E+01   0.1196557030237E-19
  0.3989349056097E+01   0.1215841216531E-19
  0.4000795193368E+01   0.1227858279035E-19
  0.4012274171599E+01   0.1246972668424E-19
  0.4023786085019E+01   0.1254556855133E-19
  0.4035331028123E+01   0.1273508965042E-19
  0.4046909095679E+01   0.1279747233395E-19
  0.4058520382728E+01   0.1293927054103E-19
  0.4070164984582E+01   0.1306459204767E-19
  0.4081842996827E+01   0.1329998566424E-19
  0.4093554515323E+01   0.1353865269924E-19
  0.4105299636205E+01   0.1383002157074E-19
  0.4117078455885E+01   0.1411859573205E-19
  0.4128891071050E+01   0.1452516396524E-19
  0.4140737578665E+01   0.1499369842825E-19
  0.4152618075974E+01   0.1549323340044E-19
  0.4164532660498E+01   0.1601248343625E-19
  0.4176481430042E+01   0.1683350690255E-19
  0.4188464482686E+01   0.1810670101085E-19
  0.4200481916795E+01   0.1951479185257E-19
  0.4212533831015E+01   0.2136619626169E-19
  0.4224620324277E+01   0.2349850491383E-19
  0.4236741495793E+01   0.1079828928589E-19
  0.4248897445061E+01   0.6147799458810E-23
  0.4261088271865E+01   0.2334874235592E-25
  0.4273314076274E+01   0.7410796276275E-25
  0.4285574958646E+01   0.4664181176936E-21
  0.4297871019624E+01   0.5112593092282E-20
  0.4310202360143E+01   0.7051618702174E-20
  0.4322569081426E+01   0.8168554379849E-20
  0.4334971284986E+01   0.8876183894671E-20
  0.4347409072628E+01   0.9465753397948E-20
  0.4359882546449E+01   0.9939592670786E-20
  0.4372391808839E+01   0.1006462551839E-19
  0.4384936962482E+01   0.8461316699673E-20
  0.4397518110355E+01   0.9139302281029E-20
  0.4410135355733E+01   0.1065651390128E-19
  0.4422788802186E+01   0.1082064040799E-19
  0.4435478553580E+01   0.1095932075012E-19
  0.4448204714081E+01   0.1100489792032E-19
  0.4460967388154E+01   0.1103831742483E-19
  0.4473766680561E+01   0.1109027532473E-19
  0.4486602696367E+01   0.1112424217758E-19
  0.4499475540938E+01   0.1120552352378E-19
  0.4512385319942E+01   0.1125501633512E-19
  0.4525332139351E+01   0.1136365658350E-19
  0.4538316105440E+01   0.1147625827925E-19
  0.4551337324788E+01   0.1160672040277E-19
  0.4564395904283E+01   0.1178219082926E-19
  0.4577491951117E+01   0.1193642260389E-19
  0.4590625572791E+01   0.1213600743565E-19
  0.4603796877112E+01   0.1235383133854E-19
  0.4617005972199E+01   0.1258120569464E-19
  0.4630252966481E+01   0.1288819292920E-19
  0.4643537968697E+01   0.1317845070971E-19
  0.4656861087898E+01   0.1328354159998E-19
  0.4670222433449E+01   0.1243030503004E-19
  0.4683622115027E+01   0.1366685314520E-19
  0.4697060242625E+01   0.1448517130139E-19
  0.4710536926552E+01   0.1483891052678E-19
  0.4724052277433E+01   0.1520676242384E-19
  0.4737606406209E+01   0.1559358233300E-19
  0.4751199424141E+01   0.1593293199509E-19
  0.4764831442809E+01   0.1634475982644E-19
  0.4778502574113E+01   0.1663844496638E-19
  0.4792212930274E+01   0.1704440511588E-19
  0.4805962623834E+01   0.1741795172472E-19
  0.4819751767661E+01   0.1783280629536E-19
  0.4833580474942E+01   0.1820424505224E-19
  0.4847448859194E+01   0.1856254349437E-19
  0.4861357034255E+01   0.1896040263720E-19
  0.4875305114293E+01   0.1931921805340E-19
  0.4889293213801E+01   0.1969190853382E-19
  0.4903321447604E+01   0.2009360671928E-19
  0.4917389930853E+01   0.2046114349731E-19
  0.4931498779030E+01   0.2087730080289E-19
  0.4945648107950E+01   0.2125251931861E-19
  0.4959838033760E+01   0.2160279353431E-19
  0.4974068672938E+01   0.2194016520248E-19
  0.4988340142298E+01   0.2232395240520E-19
  0.5002652558990E+01   0.2266786899199E-19
  0.5017006040497E+01   0.2300001936434E-19
  0.5031400704644E+01   0.2335410143403E-19
  0.5045836669588E+01   0.2368632030676E-19
  0.5060314053831E+01   0.2401797429354E-19
  0.5074832976211E+01   0.2430513493584E-19
  0.5089393555907E+01   0.2456132169530E-19
  0.5103995912443E+01   0.2479089714958E-19
  0.5118640165683E+01   0.2504376517885E-19
  0.5133326435836E+01   0.2529592136240E-19
  0.5148054843456E+01   0.2551777203630E-19
  0.5162825509443E+01   0.2571268104658E-19
  0.5177638555043E+01   0.2590630701778E-19
  0.5192494101851E+01   0.2608770532187E-19
  0.5207392271810E+01   0.2628459393846E-19
  0.5222333187214E+01   0.2644383723892E-19
  0.5237316970706E+01   0.2664717254971E-19
  0.5252343745283E+01   0.2678451173170E-19
  0.5267413634293E+01   0.2696359635472E-19
  0.5282526761440E+01   0.2715459476520E-19
  0.5297683250780E+01   0.2730876641076E-19
  0.5312883226729E+01   0.2743649619336E-19
  0.5328126814055E+01   0.2754832050812E-19
  0.5343414137889E+01   0.2768570776858E-19
  0.5358745323718E+01   0.2778522816651E-19
  0.5374120497388E+01   0.2784067100913E-19
  0.5389539785110E+01   0.2793691693394E-19
  0.5405003313454E+01   0.2798665082691E-19
  0.5420511209355E+01   0.2806781573885E-19
  0.5436063600109E+01   0.2810187610983E-19
  0.5451660613382E+01   0.2809744826474E-19
  0.5467302377202E+01   0.2811324759403E-19
  0.5482989019966E+01   0.2811329491070E-19
  0.5498720670441E+01   0.2808875554571E-19
  0.5514497457762E+01   0.2809592594569E-19
  0.5530319511432E+01   0.2804515247755E-19
  0.5546186961331E+01   0.2798458022777E-19
  0.5562099937707E+01   0.2790914600565E-19
  0.5578058571184E+01   0.2776596997830E-19
  0.5594062992760E+01   0.2754905923565E-19
  0.5610113333808E+01   0.2732231410112E-19
  0.5626209726081E+01   0.2704233074966E-19
  0.5642352301707E+01   0.2665282964534E-19
  0.5658541193194E+01   0.2619160624350E-19
  0.5674776533430E+01   0.2560485996811E-19
  0.5691058455685E+01   0.2494566777625E-19
  0.5707387093610E+01   0.2416597622696E-19
  0.5723762581242E+01   0.2322974923390E-19
  0.5740185053000E+01   0.2214241031902E-19
  0.5756654643690E+01   0.2087900266762E-19
  0.5773171488504E+01   0.1953059926401E-19
  0.5789735723023E+01   0.1802329004623E-19
  0.5806347483215E+01   0.1651154178844E-19
  0.5823006905441E+01   0.1503323721441E-19
  0.5839714126450E+01   0.1353538974476E-19
  0.5856469283387E+01   0.1226904706983E-19
  0.5873272513787E+01   0.1115724243190E-19
  0.5890123955582E+01   0.1019633231169E-19
  0.5907023747098E+01   0.9421101863763E-20
  0.5923972027060E+01   0.8804675920091E-20
  0.5940968934588E+01   0.8345122158851E-20
  0.5958014609205E+01   0.7948292531312E-20
  0.5975109190831E+01   0.7681554918849E-20
  0.5992252819789E+01   0.7468190055465E-20
  0.6009445636805E+01   0.7305238542352E-20
  0.6026687783007E+01   0.7193211042872E-20
  0.6043979399930E+01   0.7157352823122E-20
  0.6061320629513E+01   0.7165778400307E-20
  0.6078711614104E+01   0.7298890566910E-20
  0.6096152496459E+01   0.7556186139007E-20
  0.6113643419744E+01   0.7993589457459E-20
  0.6131184527533E+01   0.8534382255292E-20
  0.6148775963816E+01   0.9163599073011E-20
  0.6166417872994E+01   0.9835283964387E-20
  0.6184110399881E+01   0.1049352099836E-19
  0.6201853689710E+01   0.1104668906970E-19
  0.6219647888128E+01   0.1152834879461E-19
  0.6237493141200E+01   0.1198313718162E-19
  0.6255389595412E+01   0.1240063649288E-19
  0.6273337397667E+01   0.1276128679599E-19
  0.6291336695293E+01   0.1313836432854E-19
  0.6309387636040E+01   0.1347258587575E-19
  0.6327490368079E+01   0.1384048398031E-19
  0.6345645040009E+01   0.1421956849637E-19
  0.6363851800855E+01   0.1455985579360E-19
  0.6382110800069E+01   0.1494988745180E-19
  0.6400422187532E+01   0.1530739100058E-19
  0.6418786113555E+01   0.1569723575969E-19
  0.6437202728880E+01   0.1600638721418E-19
  0.6455672184682E+01   0.1633594334554E-19
  0.6474194632569E+01   0.1663886386939E-19
  0.6492770224586E+01   0.1700636351750E-19
  0.6511399113211E+01   0.1727000611973E-19
  0.6530081451363E+01   0.1756864491053E-19
  0.6548817392397E+01   0.1786813675139E-19
  0.6567607090108E+01   0.1816433190831E-19
  0.6586450698735E+01   0.1846984672354E-19
  0.6605348372958E+01   0.1879147461922E-19
  0.6624300267898E+01   0.1912910804715E-19
  0.6643306539127E+01   0.1952350215082E-19
  0.6662367342658E+01   0.1982949250389E-19
  0.6681482834954E+01   0.2021989719580E-19
  0.6700653172927E+01   0.2055932336344E-19
  0.6719878513938E+01   0.2087809413978E-19
  0.6739159015801E+01   0.2113816709653E-19
  0.6758494836783E+01   0.2139455328999E-19
  0.6777886135602E+01   0.2173989541049E-19
  0.6797333071435E+01   0.2214025840959E-19
  0.6816835803914E+01   0.2239045978824E-19
  0.6836394493129E+01   0.2266467095569E-19
  0.6856009299631E+01   0.2307685475291E-19
  0.6875680384428E+01   0.2334096561153E-19
  0.6895407908994E+01   0.2363798470538E-19
  0.6915192035264E+01   0.2399736286334E-19
  0.6935032925638E+01   0.2436149888649E-19
  0.6954930742982E+01   0.2468492299945E-19
  0.6974885650629E+01   0.2499735202764E-19
  0.6994897812383E+01   0.2535743337732E-19
  0.7014967392513E+01   0.2566579036038E-19
  0.7035094555765E+01   0.2605693827987E-19
  0.7055279467354E+01   0.2650025823404E-19
  0.7075522292970E+01   0.2689407205338E-19
  0.7095823198778E+01   0.2731479192117E-19
  0.7116182351420E+01   0.2777640136194E-19
  0.7136599918018E+01   0.2819148382102E-19
  0.7157076066170E+01   0.2864444693867E-19
  0.7177610963958E+01   0.2909936311089E-19
  0.7198204779944E+01   0.2949650503588E-19
  0.7218857683175E+01   0.2984873465217E-19
  0.7239569843182E+01   0.3017802768895E-19
  0.7260341429984E+01   0.3074390908034E-19
  0.7281172614086E+01   0.3131223511458E-19
  0.7302063566484E+01   0.3185045073738E-19
  0.7323014458663E+01   0.3240090606031E-19
  0.7344025462600E+01   0.3294619829156E-19
  0.7365096750767E+01   0.3351036597763E-19
  0.7386228496130E+01   0.3408033981924E-19
  0.7407420872151E+01   0.3465962773653E-19
  0.7428674052790E+01   0.3524098123594E-19
  0.7449988212505E+01   0.3586795060254E-19
  0.7471363526258E+01   0.3654183506407E-19
  0.7492800169508E+01   0.3724217421542E-19
  0.7514298318222E+01   0.3784852521680E-19
  0.7535858148868E+01   0.3848026785728E-19
  0.7557479838424E+01   0.3925711552085E-19
  0.7579163564373E+01   0.4004699211522E-19
  0.7600909504708E+01   0.4084355164427E-19
  0.7622717837934E+01   0.4157938810193E-19
  0.7644588743066E+01   0.4230420144931E-19
  0.7666522399634E+01   0.4304762779873E-19
  0.7688518987683E+01   0.4373540901181E-19
  0.7710578687774E+01   0.4440272835920E-19
  0.7732701680988E+01   0.4503391284652E-19
  0.7754888148921E+01   0.4560233197330E-19
  0.7777138273696E+01   0.4601787043673E-19
  0.7799452237954E+01   0.4635745593733E-19
  0.7821830224861E+01   0.4660790634357E-19
  0.7844272418111E+01   0.4679404531248E-19
  0.7866779001922E+01   0.4673026112051E-19
  0.7889350161042E+01   0.4655042452923E-19
  0.7911986080749E+01   0.4627137307715E-19
  0.7934686946851E+01   0.4582322733699E-19
  0.7957452945693E+01   0.4521652253648E-19
  0.7980284264150E+01   0.4452936100180E-19
  0.8003181089637E+01   0.4453736128401E-19
  0.8026143610103E+01   0.4419235016395E-19
  0.8049172014041E+01   0.4353109127881E-19
  0.8072266490480E+01   0.4255249221059E-19
  0.8095427228995E+01   0.4178921561323E-19
  0.8118654419702E+01   0.4050320714510E-19
  0.8141948253265E+01   0.3888216333108E-19
  0.8165308920893E+01   0.3683283478751E-19
  0.8188736614346E+01   0.3554380359864E-19
  0.8212231525931E+01   0.3476765590882E-19
  0.8235793848510E+01   0.3462774435367E-19
  0.8259423775497E+01   0.3421438716248E-19
  0.8283121500859E+01   0.3480211474881E-19
  0.8306887219123E+01   0.3492892362777E-19
  0.8330721125372E+01   0.3455727958112E-19
  0.8354623415250E+01   0.3376511997861E-19
  0.8378594284960E+01   0.3325708920040E-19
  0.8402633931270E+01   0.3237670499279E-19
  0.8426742551512E+01   0.3192799740652E-19
  0.8450920343585E+01   0.3107063749318E-19
  0.8475167505955E+01   0.3044953707414E-19
  0.8499484237656E+01   0.2953384884058E-19
  0.8523870738296E+01   0.2836666618842E-19
  0.8548327208054E+01   0.2693818108421E-19
  0.8572853847683E+01   0.2561666713939E-19
  0.8597450858513E+01   0.2418579814401E-19
  0.8622118442451E+01   0.2303968845746E-19
  0.8646856801984E+01   0.2188907299613E-19
  0.8671666140179E+01   0.2071397968780E-19
  0.8696546660687E+01   0.1950090343037E-19
  0.8721498567741E+01   0.1818430795201E-19
  0.8746522066162E+01   0.1682698355777E-19
  0.8771617361359E+01   0.1558676472496E-19
  0.8796784659329E+01   0.1433298254576E-19
  0.8822024166659E+01   0.1331709832844E-19
  0.8847336090533E+01   0.1236017257745E-19
  0.8872720638724E+01   0.1151368615475E-19
  0.8898178019606E+01   0.1066958567729E-19
  0.8923708442147E+01   0.9844727646660E-20
  0.8949312115917E+01   0.9012662362464E-20
  0.8974989251087E+01   0.8234571423601E-20
  0.9000740058430E+01   0.7513814297142E-20
  0.9026564749324E+01   0.7211023532844E-20
  0.9052463535754E+01   0.6911192665546E-20
  0.9078436630313E+01   0.6618684940261E-20
  0.9104484246204E+01   0.6334153743358E-20
  0.9130606597242E+01   0.6049420685018E-20
  0.9156803897854E+01   0.5772731933644E-20
  0.9183076363086E+01   0.5486950313696E-20
  0.9209424208595E+01   0.5302112016709E-20
  0.9235847650663E+01   0.5282154686969E-20
  0.9262346906188E+01   0.5258146745782E-20
  0.9288922192692E+01   0.5242083941038E-20
  0.9315573728322E+01   0.5226673215836E-20
  0.9342301731850E+01   0.5237781611952E-20
  0.9369106422675E+01   0.5255859656761E-20
  0.9395988020826E+01   0.5261148639350E-20
  0.9422946746965E+01   0.5508852564936E-20
  0.9449982822385E+01   0.5827410141474E-20
  0.9477096469013E+01   0.6181505779761E-20
  0.9504287909417E+01   0.6501877368385E-20
  0.9531557366798E+01   0.6882263006784E-20
  0.9558905065003E+01   0.7294456333522E-20
  0.9586331228517E+01   0.7749586336470E-20
  0.9613836082471E+01   0.8273194391081E-20
  0.9641419852641E+01   0.8905523402692E-20
  0.9669082765452E+01   0.9587176013473E-20
  0.9696825047978E+01   0.1030568010161E-19
  0.9724646927945E+01   0.1103387790670E-19
  0.9752548633731E+01   0.1177373329205E-19
  0.9780530394371E+01   0.1250896646672E-19
  0.9808592439555E+01   0.1334892138492E-19
  0.9836734999635E+01   0.1434324648841E-19
  0.9864958305621E+01   0.1553511984728E-19
  0.9893262589188E+01   0.1692020261272E-19
  0.9921648082674E+01   0.1848832862647E-19
  0.9950115019085E+01   0.2014722665148E-19
  0.9978663632094E+01   0.2185687401243E-19
  0.1000729415605E+02   0.2361554918287E-19
  0.1003600682596E+02   0.2538718510991E-19
  0.1006480187752E+02   0.2726936586216E-19
  0.1009367954710E+02   0.2909374108746E-19
  0.1012264007175E+02   0.3107802433819E-19
  0.1015168368918E+02   0.3299463643714E-19
  0.1018081063781E+02   0.3496671955231E-19
  0.1021002115673E+02   0.3685750901284E-19
  0.1023931548572E+02   0.3879129421766E-19
  0.1026869386524E+02   0.4068389575477E-19
  0.1029815653645E+02   0.4227512796802E-19
  0.1032770374119E+02   0.4379271093825E-19
  0.1035733572201E+02   0.4511320290169E-19
  0.1038705272214E+02   0.4621094280920E-19
  0.1041685498552E+02   0.4752178796078E-19
  0.1044674275678E+02   0.4858820073210E-19
  0.1047671628127E+02   0.4973867896008E-19
  0.1050677580502E+02   0.5021435151184E-19
  0.1053692157478E+02   0.5067835085481E-19
  0.1056715383800E+02   0.5061741337485E-19
  0.1059747284285E+02   0.5028072659898E-19
  0.1062787883821E+02   0.4984583792846E-19
  0.1065837207366E+02   0.4936888420031E-19
  0.1068895279952E+02   0.4843679141968E-19
  0.1071962126681E+02   0.4750843797222E-19
  0.1075037772726E+02   0.4652767945356E-19
  0.1078122243337E+02   0.4524367755451E-19
  0.1081215563830E+02   0.4418697064172E-19
  0.1084317759599E+02   0.4316711897117E-19
  0.1087428856108E+02   0.4219709515730E-19
  0.1090548878894E+02   0.4102429490934E-19
  0.1093677853570E+02   0.3989235887978E-19
  0.1096815805818E+02   0.3883816513425E-19
  0.1099962761399E+02   0.3786911538249E-19
  0.1103118746143E+02   0.3706431742980E-19
  0.1106283785956E+02   0.3616824579786E-19
  0.1109457906821E+02   0.3541421803113E-19
  0.1112641134790E+02   0.3475219286779E-19
  0.1115833495996E+02   0.3416390430956E-19
  0.1119035016641E+02   0.3354498559304E-19
  0.1122245723007E+02   0.3321051689104E-19
  0.1125465641449E+02   0.3295573650930E-19
  0.1128694798398E+02   0.3273718063202E-19
  0.1131933220360E+02   0.3254624460101E-19
  0.1135180933919E+02   0.3233268974330E-19
  0.1138437965734E+02   0.3228857564207E-19
  0.1141704342540E+02   0.3243667989901E-19
  0.1144980091151E+02   0.3281031915388E-19
  0.1148265238454E+02   0.3321489619005E-19
  0.1151559811418E+02   0.3367488344352E-19
  0.1154863837085E+02   0.3415271251005E-19
  0.1158177342577E+02   0.3485831583881E-19
  0.1161500355093E+02   0.3559736689667E-19
  0.1164832901912E+02   0.3669023465075E-19
  0.1168175010387E+02   0.3803363523921E-19
  0.1171526707954E+02   0.3941265848804E-19
  0.1174888022125E+02   0.4041588815738E-19
  0.1178258980492E+02   0.4187384889050E-19
  0.1181639610725E+02   0.4329051449770E-19
  0.1185029940575E+02   0.4479334420814E-19
  0.1188429997872E+02   0.4636476887951E-19
  0.1191839810526E+02   0.4818594795155E-19
  0.1195259406526E+02   0.4993010494726E-19
  0.1198688813943E+02   0.5168260450235E-19
  0.1202128060927E+02   0.5313485543723E-19
  0.1205577175709E+02   0.5417497775405E-19
  0.1209036186603E+02   0.5556262772252E-19
  0.1212505122001E+02   0.5693660937224E-19
  0.1215984010379E+02   0.5853918053397E-19
  0.1219472880294E+02   0.6020769019054E-19
  0.1222971760384E+02   0.6186561799271E-19
  0.1226480679370E+02   0.6385729272939E-19
  0.1229999666056E+02   0.6584258507730E-19
  0.1233528749328E+02   0.6788417382357E-19
  0.1237067958155E+02   0.7011011719040E-19
  0.1240617321588E+02   0.7293892373974E-19
  0.1244176868763E+02   0.7558990887054E-19
  0.1247746628899E+02   0.7871770397382E-19
  0.1251326631298E+02   0.8090861813535E-19
  0.1254916905348E+02   0.8354650140257E-19
  0.1258517480519E+02   0.8621742803331E-19
  0.1262128386368E+02   0.8875061662710E-19
  0.1265749652534E+02   0.9218517029073E-19
  0.1269381308744E+02   0.9532422044640E-19
  0.1273023384808E+02   0.9864858198620E-19
  0.1276675910623E+02   0.1018917590390E-18
  0.1280338916170E+02   0.1053652251089E-18
  0.1284012431518E+02   0.1088666191144E-18
  0.1287696486822E+02   0.1125084485317E-18
  0.1291391112322E+02   0.1163795299269E-18
  0.1295096338345E+02   0.1207673908795E-18
  0.1298812195308E+02   0.1256252187325E-18
  0.1302538713712E+02   0.1301720638279E-18
  0.1306275924146E+02   0.1351551723553E-18
  0.1310023857287E+02   0.1400058805886E-18
  0.1313782543902E+02   0.1449721426919E-18
  0.1317552014843E+02   0.1505589116972E-18
  0.1321332301052E+02   0.1566319988524E-18
  0.1325123433562E+02   0.1627259146052E-18
  0.1328925443490E+02   0.1696728275940E-18
  0.1332738362048E+02   0.1766633718366E-18
  0.1336562220533E+02   0.1837349985612E-18
  0.1340397050333E+02   0.1912446001697E-18
  0.1344242882929E+02   0.1987752854584E-18
  0.1348099749888E+02   0.2066869478426E-18
  0.1351967682870E+02   0.2154277086402E-18
  0.1355846713625E+02   0.2240905404669E-18
  0.1359736873996E+02   0.2332906194498E-18
  0.1363638195914E+02   0.2431050382302E-18
  0.1367550711404E+02   0.2528510877627E-18
  0.1371474452582E+02   0.2628375308425E-18
  0.1375409451658E+02   0.2734050601727E-18
  0.1379355740931E+02   0.2844984714798E-18
  0.1383313352795E+02   0.2955003751794E-18
  0.1387282319737E+02   0.3069444944314E-18
  0.1391262674336E+02   0.3186007266579E-18
  0.1395254449266E+02   0.3304271286650E-18
  0.1399257677294E+02   0.3430926831648E-18
  0.1403272391280E+02   0.3563795230826E-18
  0.1407298624180E+02   0.3691050674206E-18
  0.1411336409043E+02   0.3839205711620E-18
  0.1415385779014E+02   0.3962696312679E-18
  0.1419446767333E+02   0.4103982970984E-18
  0.1423519407334E+02   0.4275839046501E-18
  0.1427603732450E+02   0.4413991296991E-18
  0.1431699776205E+02   0.4580550485886E-18
  0.1435807572223E+02   0.4738190603835E-18
  0.1439927154224E+02   0.4900814421770E-18
  0.1444058556023E+02   0.5066644396445E-18
  0.1448201811533E+02   0.5236833283062E-18
  0.1452356954764E+02   0.5439246947485E-18
  0.1456524019826E+02   0.5564553565990E-18
  0.1460703040923E+02   0.5758714200390E-18
  0.1464894052359E+02   0.5941019719695E-18
  0.1469097088537E+02   0.6105708144574E-18
  0.1473312183958E+02   0.6276296701764E-18
  0.1477539373222E+02   0.6392884676693E-18
  0.1481778691028E+02   0.6481469061973E-18
  0.1486030172175E+02   0.6463040955900E-18
  0.1490293851562E+02   0.6268319782080E-18
  0.1494569764188E+02   0.5860948336490E-18
  0.1498857945152E+02   0.5309310272043E-18
  0.1503158429654E+02   0.4681967506792E-18
  0.1507471252995E+02   0.4109974430489E-18
  0.1511796450577E+02   0.3661580133859E-18
  0.1516134057904E+02   0.3408683775141E-18
  0.1520484110583E+02   0.3354605417493E-18
  0.1524846644320E+02   0.3475224485748E-18
  0.1529221694927E+02   0.3774373379777E-18
  0.1533609298315E+02   0.4158312671333E-18
  0.1538009490502E+02   0.4612189569176E-18
  0.1542422307607E+02   0.5140365739797E-18
  0.1546847785852E+02   0.5714879248405E-18
  0.1551285961565E+02   0.6308073239566E-18
  0.1555736871178E+02   0.6886396711731E-18
  0.1560200551225E+02   0.7413130071965E-18
  0.1564677038348E+02   0.7885936981239E-18
  0.1569166369292E+02   0.8317056824357E-18
  0.1573668580909E+02   0.8680474087492E-18
  0.1578183710155E+02   0.8973428660621E-18
  0.1582711794093E+02   0.9274429135365E-18
  0.1587252869892E+02   0.9606354752406E-18
  0.1591806974829E+02   0.9777859270162E-18
  0.1596374146286E+02   0.9949119877839E-18
  0.1600954421753E+02   0.1007447715387E-17
  0.1605547838829E+02   0.1016639592214E-17
  0.1610154435218E+02   0.1021576956207E-17
  0.1614774248735E+02   0.1025266381091E-17
  0.1619407317301E+02   0.1027972827890E-17
  0.1624053678948E+02   0.1028354370975E-17
  0.1628713371815E+02   0.1024747369305E-17
  0.1633386434154E+02   0.1021055023465E-17
  0.1638072904321E+02   0.1014000929388E-17
  0.1642772820788E+02   0.1003982688584E-17
  0.1647486222134E+02   0.9948176189152E-18
  0.1652213147050E+02   0.9887227673451E-18
  0.1656953634336E+02   0.9880369391807E-18
  0.1661707722906E+02   0.9836128981962E-18
  0.1666475451784E+02   0.9779511126533E-18
  0.1671256860106E+02   0.9718068875511E-18
  0.1676051987122E+02   0.9667135596764E-18
  0.1680860872193E+02   0.9574476614617E-18
  0.1685683554792E+02   0.9496201356690E-18
  0.1690520074507E+02   0.9396931808364E-18
  0.1695370471040E+02   0.9329697931388E-18
  0.1700234784206E+02   0.9195801510593E-18
  0.1705113053933E+02   0.9170787777519E-18
  0.1710005320266E+02   0.9148194933520E-18
  0.1714911623363E+02   0.9101220411117E-18
  0.1719832003498E+02   0.9057840068904E-18
  0.1724766501060E+02   0.9028826715952E-18
  0.1729715156556E+02   0.8995786279604E-18
  0.1734678010606E+02   0.8972567108356E-18
  0.1739655103949E+02   0.8873862927740E-18
  0.1744646477439E+02   0.8831440564141E-18
  0.1749652172049E+02   0.8789024565442E-18
  0.1754672228869E+02   0.8812194619570E-18
  0.1759706689107E+02   0.8844402834423E-18
  0.1764755594087E+02   0.8886092999911E-18
  0.1769818985256E+02   0.8920771562252E-18
  0.1774896904175E+02   0.8961517503602E-18
  0.1779989392528E+02   0.8986305783017E-18
  0.1785096492118E+02   0.9014070580501E-18
  0.1790218244865E+02   0.9043160827251E-18
  0.1795354692814E+02   0.9075291352987E-18
  0.1800505878126E+02   0.9056378737236E-18
  0.1805671843086E+02   0.9310122082656E-18
  0.1810852630099E+02   0.9486223273953E-18
  0.1816048281692E+02   0.9641374321436E-18
  0.1821258840515E+02   0.9822185616208E-18
  0.1826484349339E+02   0.9991885994875E-18
  0.1831724851057E+02   0.1015216461812E-17
  0.1836980388688E+02   0.1033153840792E-17
  0.1842251005372E+02   0.1053043359408E-17
  0.1847536744372E+02   0.1073571271417E-17
  0.1852837649079E+02   0.1096614699248E-17
  0.1858153763004E+02   0.1121675910044E-17
  0.1863485129787E+02   0.1147362175346E-17
  0.1868831793189E+02   0.1172149304693E-17
  0.1874193797099E+02   0.1199401017603E-17
  0.1879571185533E+02   0.1234185597923E-17
  0.1884964002631E+02   0.1260789658431E-17
  0.1890372292660E+02   0.1290883371178E-17
  0.1895796100015E+02   0.1320341521456E-17
  0.1901235469219E+02   0.1354297671460E-17
  0.1906690444920E+02   0.1390710095269E-17
  0.1912161071896E+02   0.1428241644576E-17
  0.1917647395054E+02   0.1466871406892E-17
  0.1923149459429E+02   0.1507149011447E-17
  0.1928667310184E+02   0.1543639121065E-17
  0.1934200992615E+02   0.1580902668045E-17
  0.1939750552144E+02   0.1625551343045E-17
  0.1945316034326E+02   0.1667494524773E-17
  0.1950897484846E+02   0.1717549040422E-17
  0.1956494949519E+02   0.1752527404687E-17
  0.1962108474294E+02   0.1805112693515E-17
  0.1967738105249E+02   0.1856955419774E-17
  0.1973383888595E+02   0.1904000425576E-17
  0.1979045870677E+02   0.1962662142866E-17
  0.1984724097972E+02   0.2014632107253E-17
  0.1990418617090E+02   0.2064256764593E-17
  0.1996129474776E+02   0.2121062383357E-17
  0.2001856717906E+02   0.2116560779315E-17
  0.2007600393495E+02   0.2213031329892E-17
  0.2013360548689E+02   0.2281167478549E-17
  0.2019137230772E+02   0.2335583408924E-17
  0.2024930487162E+02   0.2389313695032E-17
  0.2030740365414E+02   0.2443736976167E-17
  0.2036566913218E+02   0.2499734168807E-17
  0.2042410178402E+02   0.2555724843944E-17
  0.2048270208932E+02   0.2612632921289E-17
  0.2054147052911E+02   0.2670079712675E-17
  0.2060040758578E+02   0.2728321925276E-17
  0.2065951374313E+02   0.2787832559791E-17
  0.2071878948635E+02   0.2848024726365E-17
  0.2077823530199E+02   0.2909533386186E-17
  0.2083785167804E+02   0.2972661225543E-17
  0.2089763910385E+02   0.3031304629346E-17
  0.2095759807019E+02   0.3104421849779E-17
  0.2101772906926E+02   0.3181732610577E-17
  0.2107803259463E+02   0.3265027572652E-17
  0.2113850914133E+02   0.3351419748064E-17
  0.2119915920576E+02   0.3438798400910E-17
  0.2125998328580E+02   0.3530235281349E-17
  0.2132098188072E+02   0.3622550528414E-17
  0.2138215549123E+02   0.3715181328759E-17
  0.2144350461948E+02   0.3809807992240E-17
  0.2150502976906E+02   0.3906217082830E-17
  0.2156673144502E+02   0.4005163044842E-17
  0.2162861015383E+02   0.4103664928529E-17
  0.2169066640344E+02   0.4202524265063E-17
  0.2175290070323E+02   0.4302810789920E-17
  0.2181531356407E+02   0.4404578149204E-17
  0.2187790549827E+02   0.4508507710532E-17
  0.2194067701964E+02   0.4611050921705E-17
  0.2200362864344E+02   0.4714655427800E-17
  0.2206676088640E+02   0.4809749092816E-17
  0.2213007426677E+02   0.4905671202336E-17
  0.2219356930426E+02   0.5002607649805E-17
  0.2225724652006E+02   0.5097587408058E-17
  0.2232110643689E+02   0.5198092927119E-17
  0.2238514957895E+02   0.5297422755504E-17
  0.2244937647193E+02   0.5394657098640E-17
  0.2251378764305E+02   0.5492275318485E-17
  0.2257838362104E+02   0.5593394337476E-17
  0.2264316493615E+02   0.5704694213809E-17
  0.2270813212013E+02   0.5808452764184E-17
  0.2277328570628E+02   0.5912369806545E-17
  0.2283862622941E+02   0.6016113891637E-17
  0.2290415422588E+02   0.6123935752756E-17
  0.2296987023359E+02   0.6221402076402E-17
  0.2303577479197E+02   0.6317946117421E-17
  0.2310186844201E+02   0.6419096383400E-17
  0.2316815172624E+02   0.6517372288532E-17
  0.2323462518876E+02   0.6613766087887E-17
  0.2330128937522E+02   0.6712811261515E-17
  0.2336814483285E+02   0.6812581417749E-17
  0.2343519211042E+02   0.6912732869717E-17
  0.2350243175831E+02   0.7013950875315E-17
  0.2356986432846E+02   0.7118764787198E-17
  0.2363749037440E+02   0.7227387279077E-17
  0.2370531045125E+02   0.7341388923332E-17
  0.2377332511571E+02   0.7401083443212E-17
  0.2384153492608E+02   0.7508863067467E-17
  0.2390994044229E+02   0.7621427102682E-17
  0.2397854222583E+02   0.7729717942269E-17
  0.2404734083984E+02   0.7831913680218E-17
  0.2411633684905E+02   0.7929427671718E-17
  0.2418553081984E+02   0.8030017316407E-17
  0.2425492332017E+02   0.8136365560495E-17
  0.2432451491968E+02   0.8232163582437E-17
  0.2439430618960E+02   0.8330547436608E-17
  0.2446429770284E+02   0.8443846516239E-17
  0.2453449003391E+02   0.8573584228353E-17
  0.2460488375901E+02   0.8702684062356E-17
  0.2467547945597E+02   0.8818396495535E-17
  0.2474627770428E+02   0.9014179989615E-17
  0.2481727908509E+02   0.9278079604319E-17
  0.2488848418123E+02   0.9370456643864E-17
  0.2495989357720E+02   0.9462928284903E-17
  0.2503150785915E+02   0.9554192133763E-17
  0.2510332761496E+02   0.9643727501725E-17
  0.2517535343416E+02   0.9733778535845E-17
  0.2524758590797E+02   0.9824067213938E-17
  0.2532002562933E+02   0.9914881318514E-17
  0.2539267319287E+02   0.1000616491632E-16
  0.2546552919493E+02   0.1009773237605E-16
  0.2553859423354E+02   0.1018976078127E-16
  0.2561186890847E+02   0.1028214337988E-16
  0.2568535382121E+02   0.1037519390688E-16
  0.2575904957496E+02   0.1046846957610E-16
  0.2583295677467E+02   0.1056212218414E-16
  0.2590707602700E+02   0.1065617333285E-16
  0.2598140794038E+02   0.1075065556038E-16
  0.2605595312497E+02   0.1084604502003E-16
  0.2613071219267E+02   0.1094195271245E-16
  0.2620568575716E+02   0.1103828564577E-16
  0.2628087443386E+02   0.1113487180382E-16
  0.2635627883997E+02   0.1123183204960E-16
  0.2643189959446E+02   0.1132917033702E-16
  0.2650773731806E+02   0.1142704551842E-16
  0.2658379263330E+02   0.1152528036108E-16
  0.2666006616449E+02   0.1162392078707E-16
  0.2673655853772E+02   0.1172279181889E-16
  0.2681327038089E+02   0.1182198246506E-16
  0.2689020232370E+02   0.1192155056141E-16
  0.2696735499766E+02   0.1202136853189E-16
  0.2704472903607E+02   0.1212154184100E-16
  0.2712232507408E+02   0.1222163246214E-16
  0.2720014374864E+02   0.1232191590431E-16
  0.2727818569852E+02   0.1242252341115E-16
  0.2735645156436E+02   0.1252338724512E-16
  0.2743494198859E+02   0.1262451675240E-16
  0.2751365761552E+02   0.1272601425888E-16
  0.2759259909130E+02   0.1282765389105E-16
  0.2767176706391E+02   0.1292957027005E-16
  0.2775116218324E+02   0.1303177377102E-16
  0.2783078510098E+02   0.1313428079266E-16
  0.2791063647075E+02   0.1323698740964E-16
  0.2799071694800E+02   0.1333991019740E-16
  0.2807102719009E+02   0.1344497133424E-16
  0.2815156785625E+02   0.1355057986682E-16
  0.2823233960761E+02   0.1365627011569E-16
  0.2831334310720E+02   0.1376201313219E-16
  0.2839457901993E+02   0.1386790992052E-16
  0.2847604801265E+02   0.1397391608458E-16
  0.2855775075409E+02   0.1408004622288E-16
  0.2863968791493E+02   0.1418606689294E-16
  0.2872186016776E+02   0.1429227518971E-16
  0.2880426818709E+02   0.1439856562196E-16
  0.2888691264938E+02   0.1450483311428E-16
  0.2896979423303E+02   0.1461114224753E-16
  0.2905291361838E+02   0.1471833886023E-16
  0.2913627148772E+02   0.1482583805005E-16
  0.2921986852530E+02   0.1493288819146E-16
  0.2930370541735E+02   0.1503967697149E-16
  0.2938778285205E+02   0.1514619088321E-16
  0.2947210151954E+02   0.1525242762622E-16
  0.2955666211198E+02   0.1535826076860E-16
  0.2964146532349E+02   0.1546369044512E-16
  0.2972651185018E+02   0.1556889036380E-16
  0.2981180239017E+02   0.1567363575719E-16
  0.2989733764357E+02   0.1577800543627E-16
  0.2998311831252E+02   0.1588191562579E-16
  0.3006914510114E+02   0.1598583488307E-16
  0.3015541871560E+02   0.1608977432860E-16
  0.3024193986409E+02   0.1619330276368E-16
  0.3032870925683E+02   0.1629621115102E-16
  0.3041572760606E+02   0.1639875874318E-16
  0.3050299562609E+02   0.1650071511477E-16
  0.3059051403328E+02   0.1660227020290E-16
  0.3067828354601E+02   0.1670327327350E-16
  0.3076630488477E+02   0.1680374465218E-16
  0.3085457877208E+02   0.1690376712934E-16
  0.3094310593254E+02   0.1700321669086E-16
  0.3103188709285E+02   0.1710204709880E-16
  0.3112092298177E+02   0.1720053384512E-16
  0.3121021433016E+02   0.1729844014458E-16
  0.3129976187098E+02   0.1739576170944E-16
  0.3138956633929E+02   0.1749253136828E-16
  0.3147962847227E+02   0.1758867681736E-16
  0.3156994900919E+02   0.1768424767331E-16
  0.3166052869146E+02   0.1777911775043E-16
  0.3175136826261E+02   0.1787343667646E-16
  0.3184246846832E+02   0.1796719697913E-16
  0.3193383005639E+02   0.1806059192976E-16
  0.3202545377676E+02   0.1815360898606E-16
  0.3211734038154E+02   0.1824661911869E-16
  0.3220949062500E+02   0.1833914891771E-16
  0.3230190526356E+02   0.1843157747501E-16
  0.3239458505581E+02   0.1852343762402E-16
  0.3248753076253E+02   0.1861465155261E-16
  0.3258074314666E+02   0.1870525400877E-16
  0.3267422297337E+02   0.1879529371009E-16
  0.3276797100997E+02   0.1888476861827E-16
  0.3286198802603E+02   0.1897357550491E-16
  0.3295627479327E+02   0.1906190257957E-16
  0.3305083208568E+02   0.1914964357379E-16
  0.3314566067942E+02   0.1923669405287E-16
  0.3324076135292E+02   0.1932341634880E-16
  0.3333613488681E+02   0.1940940340492E-16
  0.3343178206398E+02   0.1949477319254E-16
  0.3352770366956E+02   0.1957951549557E-16
  0.3362390049094E+02   0.1966356114895E-16
  0.3372037331775E+02   0.1974702396564E-16
  0.3381712294190E+02   0.1982996353873E-16
  0.3391415015758E+02   0.1991217947814E-16
  0.3401145576124E+02   0.1999370668551E-16
  0.3410904055162E+02   0.2007507217194E-16
  0.3420690532976E+02   0.2015650783371E-16
  0.3430505089900E+02   0.2023721164674E-16
  0.3440347806497E+02   0.2031735015159E-16
  0.3450218763562E+02   0.2039694587544E-16
  0.3460118042122E+02   0.2047610586081E-16
  0.3470045723436E+02   0.2055465884618E-16
  0.3480001888998E+02   0.2063275447245E-16
  0.3489986620532E+02   0.2071020360955E-16
  0.3500000000000E+02   0.2078715100795E-16
