           1
        1000
  
  0.2000000000000E+01   0.1904039376373E-20
  0.2005738348342E+01   0.1928246540130E-20
  0.2011493161004E+01   0.1982648440162E-20
  0.2017264485226E+01   0.2035379419702E-20
  0.2023052368383E+01   0.2107231645671E-20
  0.2028856857985E+01   0.2157794862572E-20
  0.2034678001678E+01   0.2222828097393E-20
  0.2040515847246E+01   0.2293317968776E-20
  0.2046370442610E+01   0.2356375306968E-20
  0.2052241835828E+01   0.2438742479229E-20
  0.2058130075096E+01   0.2504618640259E-20
  0.2064035208748E+01   0.2569043083767E-20
  0.2069957285256E+01   0.2616982162578E-20
  0.2075896353234E+01   0.2664924532248E-20
  0.2081852461432E+01   0.2713324111939E-20
  0.2087825658742E+01   0.2762161255634E-20
  0.2093815994195E+01   0.2813170728303E-20
  0.2099823516964E+01   0.2863601294106E-20
  0.2105848276362E+01   0.2915643256629E-20
  0.2111890321844E+01   0.2967956252407E-20
  0.2117949703007E+01   0.3020869136755E-20
  0.2124026469590E+01   0.3073520976874E-20
  0.2130120671475E+01   0.3121685563018E-20
  0.2136232358686E+01   0.3168468392745E-20
  0.2142361581393E+01   0.3222225832801E-20
  0.2148508389907E+01   0.3282466456584E-20
  0.2154672834685E+01   0.3341444387914E-20
  0.2160854966329E+01   0.3400913817749E-20
  0.2167054835585E+01   0.3461826049467E-20
  0.2173272493346E+01   0.3523657469146E-20
  0.2179507990650E+01   0.3585852900172E-20
  0.2185761378682E+01   0.3645997027019E-20
  0.2192032708773E+01   0.3705650963714E-20
  0.2198322032403E+01   0.3765120960366E-20
  0.2204629401197E+01   0.3828120031049E-20
  0.2210954866931E+01   0.3891307439925E-20
  0.2217298481528E+01   0.3954444629824E-20
  0.2223660297061E+01   0.4016945541719E-20
  0.2230040365750E+01   0.4080179748403E-20
  0.2236438739967E+01   0.4144818758766E-20
  0.2242855472234E+01   0.4212345366202E-20
  0.2249290615224E+01   0.4282732128862E-20
  0.2255744221760E+01   0.4353566711445E-20
  0.2262216344817E+01   0.4422701098250E-20
  0.2268707037522E+01   0.4487860035192E-20
  0.2275216353156E+01   0.4554501908939E-20
  0.2281744345149E+01   0.4625395312128E-20
  0.2288291067089E+01   0.4697726571771E-20
  0.2294856572714E+01   0.4770088478461E-20
  0.2301440915918E+01   0.4844339884781E-20
  0.2308044150750E+01   0.4917905114260E-20
  0.2314666331412E+01   0.4990750787518E-20
  0.2321307512264E+01   0.5063522054783E-20
  0.2327967747821E+01   0.5139301317046E-20
  0.2334647092753E+01   0.5211291315297E-20
  0.2341345601890E+01   0.5286933146565E-20
  0.2348063330216E+01   0.5363312403248E-20
  0.2354800332874E+01   0.5442141123430E-20
  0.2361556665167E+01   0.5523341800213E-20
  0.2368332382554E+01   0.5603310766233E-20
  0.2375127540653E+01   0.5688713157721E-20
  0.2381942195246E+01   0.5767784559458E-20
  0.2388776402269E+01   0.5853759284611E-20
  0.2395630217822E+01   0.5936066680987E-20
  0.2402503698166E+01   0.6022021693999E-20
  0.2409396899722E+01   0.6104346471590E-20
  0.2416309879074E+01   0.6189951995646E-20
  0.2423242692967E+01   0.6274151423874E-20
  0.2430195398312E+01   0.6360375373669E-20
  0.2437168052179E+01   0.6445931002215E-20
  0.2444160711804E+01   0.6532273311061E-20
  0.2451173434587E+01   0.6629119332744E-20
  0.2458206278094E+01   0.6719531165232E-20
  0.2465259300054E+01   0.6816403870045E-20
  0.2472332558362E+01   0.6911555714017E-20
  0.2479426111080E+01   0.7002594621536E-20
  0.2486540016437E+01   0.7098494615733E-20
  0.2493674332826E+01   0.7200529368142E-20
  0.2500829118813E+01   0.7303962985873E-20
  0.2508004433126E+01   0.7408434127863E-20
  0.2515200334666E+01   0.7518990409209E-20
  0.2522416882500E+01   0.7632058889861E-20
  0.2529654135868E+01   0.7743922471586E-20
  0.2536912154175E+01   0.7857911215814E-20
  0.2544190997002E+01   0.7968996374954E-20
  0.2551490724096E+01   0.8083819836805E-20
  0.2558811395379E+01   0.8199957952148E-20
  0.2566153070942E+01   0.8316440640537E-20
  0.2573515811052E+01   0.8438603030817E-20
  0.2580899676145E+01   0.8558425124422E-20
  0.2588304726834E+01   0.8679243418176E-20
  0.2595731023902E+01   0.8811666241104E-20
  0.2603178628310E+01   0.8931535270344E-20
  0.2610647601193E+01   0.9061090490529E-20
  0.2618138003859E+01   0.9194668313791E-20
  0.2625649897795E+01   0.9325491750688E-20
  0.2633183344664E+01   0.9458575283751E-20
  0.2640738406303E+01   0.9597988643190E-20
  0.2648315144731E+01   0.9735903772291E-20
  0.2655913622140E+01   0.9875849282345E-20
  0.2663533900905E+01   0.1002436442498E-19
  0.2671176043576E+01   0.1020453833874E-19
  0.2678840112886E+01   0.1039825900651E-19
  0.2686526171746E+01   0.1060427487896E-19
  0.2694234283247E+01   0.1051802277607E-19
  0.2701964510663E+01   0.1100587429357E-19
  0.2709716917447E+01   0.1114782157583E-19
  0.2717491567237E+01   0.1141075704734E-19
  0.2725288523851E+01   0.1169744721118E-19
  0.2733107851292E+01   0.1196373229024E-19
  0.2740949613745E+01   0.1216247621119E-19
  0.2748813875580E+01   0.1236112329709E-19
  0.2756700701352E+01   0.1267224821025E-19
  0.2764610155801E+01   0.1308621072514E-19
  0.2772542303853E+01   0.1355058130004E-19
  0.2780497210618E+01   0.1405397415713E-19
  0.2788474941397E+01   0.1461061228540E-19
  0.2796475561675E+01   0.1519909435969E-19
  0.2804499137126E+01   0.1305854891820E-19
  0.2812545733612E+01   0.9273581124556E-20
  0.2820615417185E+01   0.5986598817816E-20
  0.2828708254086E+01   0.3400452236606E-20
  0.2836824310746E+01   0.1707059875423E-20
  0.2844963653785E+01   0.7376111594368E-21
  0.2853126350018E+01   0.2732975672393E-21
  0.2861312466447E+01   0.9183696423526E-22
  0.2869522070270E+01   0.2776407798934E-22
  0.2877755228877E+01   0.8306925077133E-23
  0.2886012009850E+01   0.2600872457400E-23
  0.2894292480965E+01   0.8888079765553E-24
  0.2902596710194E+01   0.3440048969979E-24
  0.2910924765703E+01   0.1583748184085E-24
  0.2919276715854E+01   0.8074826836000E-25
  0.2927652629205E+01   0.5012978327934E-25
  0.2936052574510E+01   0.3347238694209E-25
  0.2944476620721E+01   0.2565108447592E-25
  0.2952924836988E+01   0.2117706391422E-25
  0.2961397292658E+01   0.1803012881178E-25
  0.2969894057280E+01   0.1607487730863E-25
  0.2978415200599E+01   0.1497734692824E-25
  0.2986960792563E+01   0.1489550441422E-25
  0.2995530903318E+01   0.1361658853713E-25
  0.3004125603214E+01   0.1377247710727E-25
  0.3012744962800E+01   0.1423263293061E-25
  0.3021389052831E+01   0.1470471288190E-25
  0.3030057944261E+01   0.1617995977400E-25
  0.3038751708251E+01   0.1803517335594E-25
  0.3047470416164E+01   0.2146723253431E-25
  0.3056214139568E+01   0.2715560975136E-25
  0.3064982950238E+01   0.3518146948230E-25
  0.3073776920153E+01   0.4604671745241E-25
  0.3082596121499E+01   0.6353384100009E-25
  0.3091440626670E+01   0.9065586701509E-25
  0.3100310508267E+01   0.1290430692104E-24
  0.3109205839099E+01   0.1888351124987E-24
  0.3118126692184E+01   0.2958973292621E-24
  0.3127073140750E+01   0.4657346188643E-24
  0.3136045258236E+01   0.7415661253499E-24
  0.3145043118290E+01   0.1206328125747E-23
  0.3154066794771E+01   0.1978867146323E-23
  0.3163116361751E+01   0.3314654842512E-23
  0.3172191893516E+01   0.5592683106098E-23
  0.3181293464562E+01   0.9465076290345E-23
  0.3190421149600E+01   0.1611107978091E-22
  0.3199575023556E+01   0.2722534030436E-22
  0.3208755161572E+01   0.4584071959651E-22
  0.3217961639002E+01   0.7680688346974E-22
  0.3227194531419E+01   0.1268813824709E-21
  0.3236453914613E+01   0.2055090568211E-21
  0.3245739864590E+01   0.3242679526076E-21
  0.3255052457574E+01   0.4941725402176E-21
  0.3264391770010E+01   0.7239597901388E-21
  0.3273757878560E+01   0.1014376343897E-20
  0.3283150860107E+01   0.1359597561236E-20
  0.3292570791754E+01   0.1748392750085E-20
  0.3302017750825E+01   0.2168805641999E-20
  0.3311491814867E+01   0.2602217418050E-20
  0.3320993061649E+01   0.3035366786310E-20
  0.3330521569163E+01   0.3463611691514E-20
  0.3340077415625E+01   0.3882773698422E-20
  0.3349660679474E+01   0.4292783602357E-20
  0.3359271439377E+01   0.4676257769755E-20
  0.3368909774224E+01   0.5035341248219E-20
  0.3378575763132E+01   0.5375571830508E-20
  0.3388269485445E+01   0.5719302061118E-20
  0.3397991020737E+01   0.6028776180582E-20
  0.3407740448806E+01   0.6307853607093E-20
  0.3417517849683E+01   0.6597613887378E-20
  0.3427323303625E+01   0.6841397175468E-20
  0.3437156891123E+01   0.7088770000008E-20
  0.3447018692896E+01   0.7327841614722E-20
  0.3456908789896E+01   0.7549475294752E-20
  0.3466827263307E+01   0.7746307821704E-20
  0.3476774194546E+01   0.7946347567987E-20
  0.3486749665263E+01   0.8126049504953E-20
  0.3496753757342E+01   0.8314260872894E-20
  0.3506786552905E+01   0.8498237268934E-20
  0.3516848134305E+01   0.8686858168025E-20
  0.3526938584134E+01   0.8837429306886E-20
  0.3537057985222E+01   0.9030349253985E-20
  0.3547206420634E+01   0.9252480253440E-20
  0.3557383973675E+01   0.9459704279989E-20
  0.3567590727888E+01   0.9658767596584E-20
  0.3577826767056E+01   0.9843214233119E-20
  0.3588092175204E+01   0.1005372703122E-19
  0.3598387036595E+01   0.1027388816902E-19
  0.3608711435738E+01   0.1039260538685E-19
  0.3619065457379E+01   0.1057214267722E-19
  0.3629449186512E+01   0.1074009549774E-19
  0.3639862708372E+01   0.1090598501366E-19
  0.3650306108440E+01   0.1107002942292E-19
  0.3660779472442E+01   0.1122165813630E-19
  0.3671282886350E+01   0.1139959979087E-19
  0.3681816436381E+01   0.1154810242302E-19
  0.3692380209002E+01   0.1170077172707E-19
  0.3702974290926E+01   0.1186328516501E-19
  0.3713598769117E+01   0.1201386218733E-19
  0.3724253730786E+01   0.1217328319327E-19
  0.3734939263396E+01   0.1232128380569E-19
  0.3745655454660E+01   0.1247527296713E-19
  0.3756402392544E+01   0.1262546509676E-19
  0.3767180165264E+01   0.1277918053259E-19
  0.3777988861291E+01   0.1291260639528E-19
  0.3788828569349E+01   0.1304101805851E-19
  0.3799699378418E+01   0.1317398567918E-19
  0.3810601377731E+01   0.1329907385666E-19
  0.3821534656780E+01   0.1341164604426E-19
  0.3832499305310E+01   0.1352491535080E-19
  0.3843495413326E+01   0.1364765942545E-19
  0.3854523071092E+01   0.1376359362019E-19
  0.3865582369128E+01   0.1388876858638E-19
  0.3876673398217E+01   0.1401844943187E-19
  0.3887796249400E+01   0.1415996169700E-19
  0.3898951013980E+01   0.1428929487461E-19
  0.3910137783523E+01   0.1443352111995E-19
  0.3921356649856E+01   0.1457084939061E-19
  0.3932607705070E+01   0.1469244165923E-19
  0.3943891041521E+01   0.1483404319290E-19
  0.3955206751830E+01   0.1497707035048E-19
  0.3966554928883E+01   0.1509752602549E-19
  0.3977935665832E+01   0.1520279601510E-19
  0.3989349056097E+01   0.1531330623538E-19
  0.4000795193368E+01   0.1537727342329E-19
  0.4012274171599E+01   0.1545264641243E-19
  0.4023786085019E+01   0.1549754445122E-19
  0.4035331028123E+01   0.1554708938639E-19
  0.4046909095679E+01   0.1558165689548E-19
  0.4058520382728E+01   0.1561321300547E-19
  0.4070164984582E+01   0.1564283758414E-19
  0.4081842996827E+01   0.1576728017655E-19
  0.4093554515323E+01   0.1590164251171E-19
  0.4105299636205E+01   0.1606657335365E-19
  0.4117078455885E+01   0.1627196699769E-19
  0.4128891071050E+01   0.1651855514307E-19
  0.4140737578665E+01   0.1684754524583E-19
  0.4152618075974E+01   0.1716581621625E-19
  0.4164532660498E+01   0.1751879151841E-19
  0.4176481430042E+01   0.1806822710773E-19
  0.4188464482686E+01   0.1878447499730E-19
  0.4200481916795E+01   0.1913802292433E-19
  0.4212533831015E+01   0.1952943952838E-19
  0.4224620324277E+01   0.1933640267343E-19
  0.4236741495793E+01   0.8003047474248E-20
  0.4248897445061E+01   0.7009571796502E-23
  0.4261088271865E+01   0.5111202124290E-25
  0.4273314076274E+01   0.5582568910326E-24
  0.4285574958646E+01   0.1243459710315E-20
  0.4297871019624E+01   0.7591861072727E-20
  0.4310202360143E+01   0.9738400592147E-20
  0.4322569081426E+01   0.1073661259096E-19
  0.4334971284986E+01   0.1137621250408E-19
  0.4347409072628E+01   0.1188365445166E-19
  0.4359882546449E+01   0.1221457862383E-19
  0.4372391808839E+01   0.1214774137088E-19
  0.4384936962482E+01   0.1020119026594E-19
  0.4397518110355E+01   0.1114682953074E-19
  0.4410135355733E+01   0.1258657203555E-19
  0.4422788802186E+01   0.1266847032991E-19
  0.4435478553580E+01   0.1270622930303E-19
  0.4448204714081E+01   0.1270234078107E-19
  0.4460967388154E+01   0.1270495042505E-19
  0.4473766680561E+01   0.1267886954540E-19
  0.4486602696367E+01   0.1265882189747E-19
  0.4499475540938E+01   0.1266741774297E-19
  0.4512385319942E+01   0.1266907318337E-19
  0.4525332139351E+01   0.1267909282404E-19
  0.4538316105440E+01   0.1272814593675E-19
  0.4551337324788E+01   0.1279179939529E-19
  0.4564395904283E+01   0.1290285746170E-19
  0.4577491951117E+01   0.1302097562746E-19
  0.4590625572791E+01   0.1316220286213E-19
  0.4603796877112E+01   0.1333236261246E-19
  0.4617005972199E+01   0.1351478162970E-19
  0.4630252966481E+01   0.1372988190044E-19
  0.4643537968697E+01   0.1395203692039E-19
  0.4656861087898E+01   0.1398922833386E-19
  0.4670222433449E+01   0.1312420602247E-19
  0.4683622115027E+01   0.1425724095590E-19
  0.4697060242625E+01   0.1494748645612E-19
  0.4710536926552E+01   0.1522520005461E-19
  0.4724052277433E+01   0.1549834075492E-19
  0.4737606406209E+01   0.1577303874298E-19
  0.4751199424141E+01   0.1603304170420E-19
  0.4764831442809E+01   0.1631044722404E-19
  0.4778502574113E+01   0.1654671732737E-19
  0.4792212930274E+01   0.1685820356562E-19
  0.4805962623834E+01   0.1712309177204E-19
  0.4819751767661E+01   0.1740255048204E-19
  0.4833580474942E+01   0.1767977974966E-19
  0.4847448859194E+01   0.1793715532602E-19
  0.4861357034255E+01   0.1819899187294E-19
  0.4875305114293E+01   0.1846291071070E-19
  0.4889293213801E+01   0.1872946849311E-19
  0.4903321447604E+01   0.1900641011878E-19
  0.4917389930853E+01   0.1925739490695E-19
  0.4931498779030E+01   0.1953182092535E-19
  0.4945648107950E+01   0.1977835856563E-19
  0.4959838033760E+01   0.2001568031950E-19
  0.4974068672938E+01   0.2024585945853E-19
  0.4988340142298E+01   0.2049228756635E-19
  0.5002652558990E+01   0.2071671291715E-19
  0.5017006040497E+01   0.2094937744344E-19
  0.5031400704644E+01   0.2114782919402E-19
  0.5045836669588E+01   0.2135318038841E-19
  0.5060314053831E+01   0.2155557658758E-19
  0.5074832976211E+01   0.2172124154214E-19
  0.5089393555907E+01   0.2187161003929E-19
  0.5103995912443E+01   0.2201815085003E-19
  0.5118640165683E+01   0.2215290441526E-19
  0.5133326435836E+01   0.2229050571466E-19
  0.5148054843456E+01   0.2240118818261E-19
  0.5162825509443E+01   0.2249478742924E-19
  0.5177638555043E+01   0.2260488624066E-19
  0.5192494101851E+01   0.2269850620612E-19
  0.5207392271810E+01   0.2278146586832E-19
  0.5222333187214E+01   0.2286135253194E-19
  0.5237316970706E+01   0.2294442438435E-19
  0.5252343745283E+01   0.2300808520985E-19
  0.5267413634293E+01   0.2308145526808E-19
  0.5282526761440E+01   0.2317076301497E-19
  0.5297683250780E+01   0.2323540651654E-19
  0.5312883226729E+01   0.2327665914829E-19
  0.5328126814055E+01   0.2331782820485E-19
  0.5343414137889E+01   0.2337138915984E-19
  0.5358745323718E+01   0.2338458715746E-19
  0.5374120497388E+01   0.2337710849332E-19
  0.5389539785110E+01   0.2339711581728E-19
  0.5405003313454E+01   0.2337592687402E-19
  0.5420511209355E+01   0.2338993701854E-19
  0.5436063600109E+01   0.2334848701693E-19
  0.5451660613382E+01   0.2329209320451E-19
  0.5467302377202E+01   0.2325120402229E-19
  0.5482989019966E+01   0.2320210013269E-19
  0.5498720670441E+01   0.2312390724400E-19
  0.5514497457762E+01   0.2307495812413E-19
  0.5530319511432E+01   0.2299035328336E-19
  0.5546186961331E+01   0.2289461861215E-19
  0.5562099937707E+01   0.2277990340267E-19
  0.5578058571184E+01   0.2262777099624E-19
  0.5594062992760E+01   0.2242052202423E-19
  0.5610113333808E+01   0.2220005463287E-19
  0.5626209726081E+01   0.2193892898590E-19
  0.5642352301707E+01   0.2158681424940E-19
  0.5658541193194E+01   0.2119184287709E-19
  0.5674776533430E+01   0.2070659917882E-19
  0.5691058455685E+01   0.2016286230418E-19
  0.5707387093610E+01   0.1952702782433E-19
  0.5723762581242E+01   0.1877534900924E-19
  0.5740185053000E+01   0.1791176309388E-19
  0.5756654643690E+01   0.1692092493089E-19
  0.5773171488504E+01   0.1585976325414E-19
  0.5789735723023E+01   0.1467529024869E-19
  0.5806347483215E+01   0.1348725138193E-19
  0.5823006905441E+01   0.1232265935315E-19
  0.5839714126450E+01   0.1114693397438E-19
  0.5856469283387E+01   0.1014578287320E-19
  0.5873272513787E+01   0.9265785619020E-20
  0.5890123955582E+01   0.8503498102185E-20
  0.5907023747098E+01   0.7890647122259E-20
  0.5923972027060E+01   0.7399951408900E-20
  0.5940968934588E+01   0.7032599984649E-20
  0.5958014609205E+01   0.6719899660401E-20
  0.5975109190831E+01   0.6505297691818E-20
  0.5992252819789E+01   0.6331489128764E-20
  0.6009445636805E+01   0.6199635162730E-20
  0.6026687783007E+01   0.6108055097446E-20
  0.6043979399930E+01   0.6074683626851E-20
  0.6061320629513E+01   0.6078546028608E-20
  0.6078711614104E+01   0.6182259984219E-20
  0.6096152496459E+01   0.6382836818645E-20
  0.6113643419744E+01   0.6724084528362E-20
  0.6131184527533E+01   0.7145582036729E-20
  0.6148775963816E+01   0.7627092205961E-20
  0.6166417872994E+01   0.8137785627288E-20
  0.6184110399881E+01   0.8629254949806E-20
  0.6201853689710E+01   0.9033607279385E-20
  0.6219647888128E+01   0.9392515034400E-20
  0.6237493141200E+01   0.9718528943145E-20
  0.6255389595412E+01   0.1001644251874E-19
  0.6273337397667E+01   0.1027385026697E-19
  0.6291336695293E+01   0.1053905015706E-19
  0.6309387636040E+01   0.1077876832074E-19
  0.6327490368079E+01   0.1104041146814E-19
  0.6345645040009E+01   0.1131152056482E-19
  0.6363851800855E+01   0.1155386714538E-19
  0.6382110800069E+01   0.1183116500143E-19
  0.6400422187532E+01   0.1208800803862E-19
  0.6418786113555E+01   0.1236158435411E-19
  0.6437202728880E+01   0.1257856364959E-19
  0.6455672184682E+01   0.1280601949220E-19
  0.6474194632569E+01   0.1301398877937E-19
  0.6492770224586E+01   0.1326135242483E-19
  0.6511399113211E+01   0.1343212392692E-19
  0.6530081451363E+01   0.1362282739950E-19
  0.6548817392397E+01   0.1381677274089E-19
  0.6567607090108E+01   0.1400498611419E-19
  0.6586450698735E+01   0.1420202416996E-19
  0.6605348372958E+01   0.1441239825866E-19
  0.6624300267898E+01   0.1463351644706E-19
  0.6643306539127E+01   0.1489673864681E-19
  0.6662367342658E+01   0.1509938835785E-19
  0.6681482834954E+01   0.1535826125315E-19
  0.6700653172927E+01   0.1558195287268E-19
  0.6719878513938E+01   0.1578647789701E-19
  0.6739159015801E+01   0.1594876988491E-19
  0.6758494836783E+01   0.1610744189834E-19
  0.6777886135602E+01   0.1633056543466E-19
  0.6797333071435E+01   0.1658653471592E-19
  0.6816835803914E+01   0.1673867773621E-19
  0.6836394493129E+01   0.1690674122118E-19
  0.6856009299631E+01   0.1717075926168E-19
  0.6875680384428E+01   0.1732967422969E-19
  0.6895407908994E+01   0.1751087992220E-19
  0.6915192035264E+01   0.1773951757735E-19
  0.6935032925638E+01   0.1796717680482E-19
  0.6954930742982E+01   0.1816555593204E-19
  0.6974885650629E+01   0.1835592035354E-19
  0.6994897812383E+01   0.1857489988157E-19
  0.7014967392513E+01   0.1876134692197E-19
  0.7035094555765E+01   0.1899999376186E-19
  0.7055279467354E+01   0.1927513859966E-19
  0.7075522292970E+01   0.1951669010870E-19
  0.7095823198778E+01   0.1977068260458E-19
  0.7116182351420E+01   0.2005487254111E-19
  0.7136599918018E+01   0.2030938485382E-19
  0.7157076066170E+01   0.2058359307669E-19
  0.7177610963958E+01   0.2086445602097E-19
  0.7198204779944E+01   0.2110092720749E-19
  0.7218857683175E+01   0.2129018146264E-19
  0.7239569843182E+01   0.2148454537811E-19
  0.7260341429984E+01   0.2184479183071E-19
  0.7281172614086E+01   0.2220454939709E-19
  0.7302063566484E+01   0.2254559587051E-19
  0.7323014458663E+01   0.2289092011708E-19
  0.7344025462600E+01   0.2323588523222E-19
  0.7365096750767E+01   0.2359010401525E-19
  0.7386228496130E+01   0.2394266621450E-19
  0.7407420872151E+01   0.2430800426012E-19
  0.7428674052790E+01   0.2464945969178E-19
  0.7449988212505E+01   0.2505308520393E-19
  0.7471363526258E+01   0.2546662062968E-19
  0.7492800169508E+01   0.2589956354713E-19
  0.7514298318222E+01   0.2626244161965E-19
  0.7535858148868E+01   0.2662864214929E-19
  0.7557479838424E+01   0.2707887411397E-19
  0.7579163564373E+01   0.2753653206879E-19
  0.7600909504708E+01   0.2799049820644E-19
  0.7622717837934E+01   0.2840002529192E-19
  0.7644588743066E+01   0.2879855870394E-19
  0.7666522399634E+01   0.2919769505397E-19
  0.7688518987683E+01   0.2955925121594E-19
  0.7710578687774E+01   0.2990087607769E-19
  0.7732701680988E+01   0.3020955237500E-19
  0.7754888148921E+01   0.3046956252944E-19
  0.7777138273696E+01   0.3062085221118E-19
  0.7799452237954E+01   0.3071253624947E-19
  0.7821830224861E+01   0.3073308663176E-19
  0.7844272418111E+01   0.3069833282940E-19
  0.7866779001922E+01   0.3049531553788E-19
  0.7889350161042E+01   0.3020408069805E-19
  0.7911986080749E+01   0.2983869151942E-19
  0.7934686946851E+01   0.2935251454101E-19
  0.7957452945693E+01   0.2875966781025E-19
  0.7980284264150E+01   0.2810776020557E-19
  0.8003181089637E+01   0.2786758863032E-19
  0.8026143610103E+01   0.2739154833544E-19
  0.8049172014041E+01   0.2671170477806E-19
  0.8072266490480E+01   0.2582694765233E-19
  0.8095427228995E+01   0.2506300905521E-19
  0.8118654419702E+01   0.2398187931432E-19
  0.8141948253265E+01   0.2270728830646E-19
  0.8165308920893E+01   0.2119032390775E-19
  0.8188736614346E+01   0.2012254479420E-19
  0.8212231525931E+01   0.1942372451683E-19
  0.8235793848510E+01   0.1915433769104E-19
  0.8259423775497E+01   0.1873435947847E-19
  0.8283121500859E+01   0.1886136658841E-19
  0.8306887219123E+01   0.1872803880343E-19
  0.8330721125372E+01   0.1832221758028E-19
  0.8354623415250E+01   0.1769266321244E-19
  0.8378594284960E+01   0.1721705128627E-19
  0.8402633931270E+01   0.1655490231264E-19
  0.8426742551512E+01   0.1616267324717E-19
  0.8450920343585E+01   0.1556763097822E-19
  0.8475167505955E+01   0.1509575021150E-19
  0.8499484237656E+01   0.1448060225397E-19
  0.8523870738296E+01   0.1374942714743E-19
  0.8548327208054E+01   0.1289816245301E-19
  0.8572853847683E+01   0.1211379973695E-19
  0.8597450858513E+01   0.1128990269797E-19
  0.8622118442451E+01   0.1063544040845E-19
  0.8646856801984E+01   0.9992674834253E-20
  0.8671666140179E+01   0.9349904250569E-20
  0.8696546660687E+01   0.8697746686853E-20
  0.8721498567741E+01   0.8011149872966E-20
  0.8746522066162E+01   0.7317820439942E-20
  0.8771617361359E+01   0.6691502113537E-20
  0.8796784659329E+01   0.6075681350674E-20
  0.8822024166659E+01   0.5589137152232E-20
  0.8847336090533E+01   0.5135932482657E-20
  0.8872720638724E+01   0.4735194960634E-20
  0.8898178019606E+01   0.4342294637291E-20
  0.8923708442147E+01   0.3962108878688E-20
  0.8949312115917E+01   0.3586070206581E-20
  0.8974989251087E+01   0.3238291008224E-20
  0.9000740058430E+01   0.2920564173749E-20
  0.9026564749324E+01   0.2784940032738E-20
  0.9052463535754E+01   0.2653099881352E-20
  0.9078436630313E+01   0.2525488212827E-20
  0.9104484246204E+01   0.2401693755825E-20
  0.9130606597242E+01   0.2279463762025E-20
  0.9156803897854E+01   0.2161206448789E-20
  0.9183076363086E+01   0.2041054753092E-20
  0.9209424208595E+01   0.1962662974539E-20
  0.9235847650663E+01   0.1951515741292E-20
  0.9262346906188E+01   0.1939246946944E-20
  0.9288922192692E+01   0.1930077894087E-20
  0.9315573728322E+01   0.1921600404800E-20
  0.9342301731850E+01   0.1923059044333E-20
  0.9369106422675E+01   0.1927244350535E-20
  0.9395988020826E+01   0.1927700657012E-20
  0.9422946746965E+01   0.2024379641751E-20
  0.9449982822385E+01   0.2150590031545E-20
  0.9477096469013E+01   0.2289681558588E-20
  0.9504287909417E+01   0.2419637324500E-20
  0.9531557366798E+01   0.2571168540881E-20
  0.9558905065003E+01   0.2736696018577E-20
  0.9586331228517E+01   0.2920226763154E-20
  0.9613836082471E+01   0.3134033368990E-20
  0.9641419852641E+01   0.3394171245862E-20
  0.9669082765452E+01   0.3675837012834E-20
  0.9696825047978E+01   0.3976347844584E-20
  0.9724646927945E+01   0.4283642522999E-20
  0.9752548633731E+01   0.4599809361472E-20
  0.9780530394371E+01   0.4917798070061E-20
  0.9808592439555E+01   0.5282707321549E-20
  0.9836734999635E+01   0.5717618271660E-20
  0.9864958305621E+01   0.6236555884520E-20
  0.9893262589188E+01   0.6835165600880E-20
  0.9921648082674E+01   0.7515746464617E-20
  0.9950115019085E+01   0.8239988244714E-20
  0.9978663632094E+01   0.8994248026833E-20
  0.1000729415605E+02   0.9777738491903E-20
  0.1003600682596E+02   0.1058074215517E-19
  0.1006480187752E+02   0.1144052207968E-19
  0.1009367954710E+02   0.1228918626595E-19
  0.1012264007175E+02   0.1321457057873E-19
  0.1015168368918E+02   0.1412612646729E-19
  0.1018081063781E+02   0.1507511303855E-19
  0.1021002115673E+02   0.1600704439911E-19
  0.1023931548572E+02   0.1697384981225E-19
  0.1026869386524E+02   0.1793486223141E-19
  0.1029815653645E+02   0.1878530586914E-19
  0.1032770374119E+02   0.1959971362776E-19
  0.1035733572201E+02   0.2035684569340E-19
  0.1038705272214E+02   0.2102430512935E-19
  0.1041685498552E+02   0.2181345668291E-19
  0.1044674275678E+02   0.2253165736202E-19
  0.1047671628127E+02   0.2330277427611E-19
  0.1050677580502E+02   0.2377679944872E-19
  0.1053692157478E+02   0.2424383275934E-19
  0.1056715383800E+02   0.2446758104185E-19
  0.1059747284285E+02   0.2456303339974E-19
  0.1062787883821E+02   0.2461574810382E-19
  0.1065837207366E+02   0.2464127432833E-19
  0.1068895279952E+02   0.2444004448732E-19
  0.1071962126681E+02   0.2423467754582E-19
  0.1075037772726E+02   0.2399400706861E-19
  0.1078122243337E+02   0.2359803537885E-19
  0.1081215563830E+02   0.2330821356430E-19
  0.1084317759599E+02   0.2304174997776E-19
  0.1087428856108E+02   0.2278578821031E-19
  0.1090548878894E+02   0.2241451995124E-19
  0.1093677853570E+02   0.2204895810410E-19
  0.1096815805818E+02   0.2171039814735E-19
  0.1099962761399E+02   0.2140245242488E-19
  0.1103118746143E+02   0.2118826838275E-19
  0.1106283785956E+02   0.2090990040298E-19
  0.1109457906821E+02   0.2069418418141E-19
  0.1112641134790E+02   0.2052323499273E-19
  0.1115833495996E+02   0.2039366175529E-19
  0.1119035016641E+02   0.2023298807631E-19
  0.1122245723007E+02   0.2024155163849E-19
  0.1125465641449E+02   0.2030155636166E-19
  0.1128694798398E+02   0.2037067179467E-19
  0.1131933220360E+02   0.2044830158588E-19
  0.1135180933919E+02   0.2050996256732E-19
  0.1138437965734E+02   0.2067209562169E-19
  0.1141704342540E+02   0.2096654568019E-19
  0.1144980091151E+02   0.2141208569353E-19
  0.1148265238454E+02   0.2187545012248E-19
  0.1151559811418E+02   0.2237769917365E-19
  0.1154863837085E+02   0.2289186101394E-19
  0.1158177342577E+02   0.2354462178186E-19
  0.1161500355093E+02   0.2424624795606E-19
  0.1164832901912E+02   0.2521918539223E-19
  0.1168175010387E+02   0.2635820468292E-19
  0.1171526707954E+02   0.2753360902843E-19
  0.1174888022125E+02   0.2846492949723E-19
  0.1178258980492E+02   0.2971108759751E-19
  0.1181639610725E+02   0.3092442898847E-19
  0.1185029940575E+02   0.3219538708351E-19
  0.1188429997872E+02   0.3351997438276E-19
  0.1191839810526E+02   0.3502418145771E-19
  0.1195259406526E+02   0.3647274536788E-19
  0.1198688813943E+02   0.3794664934551E-19
  0.1202128060927E+02   0.3913399178278E-19
  0.1205577175709E+02   0.3998500017935E-19
  0.1209036186603E+02   0.4108459537382E-19
  0.1212505122001E+02   0.4218479320714E-19
  0.1215984010379E+02   0.4345368556653E-19
  0.1219472880294E+02   0.4477688416982E-19
  0.1222971760384E+02   0.4609163662812E-19
  0.1226480679370E+02   0.4765550130400E-19
  0.1229999666056E+02   0.4922086628948E-19
  0.1233528749328E+02   0.5082829384280E-19
  0.1237067958155E+02   0.5258573216709E-19
  0.1240617321588E+02   0.5478324643536E-19
  0.1244176868763E+02   0.5686413129537E-19
  0.1247746628899E+02   0.5929799196915E-19
  0.1251326631298E+02   0.6102810888879E-19
  0.1254916905348E+02   0.6304902353860E-19
  0.1258517480519E+02   0.6507673904524E-19
  0.1262128386368E+02   0.6701843368302E-19
  0.1265749652534E+02   0.6963129417603E-19
  0.1269381308744E+02   0.7203731790248E-19
  0.1273023384808E+02   0.7456194489025E-19
  0.1276675910623E+02   0.7703458043381E-19
  0.1280338916170E+02   0.7967257418252E-19
  0.1284012431518E+02   0.8232809797403E-19
  0.1287696486822E+02   0.8508986071259E-19
  0.1291391112322E+02   0.8804118614661E-19
  0.1295096338345E+02   0.9137209314937E-19
  0.1298812195308E+02   0.9510595653136E-19
  0.1302538713712E+02   0.9857117697090E-19
  0.1306275924146E+02   0.1023223367244E-18
  0.1310023857287E+02   0.1059885945018E-18
  0.1313782543902E+02   0.1097705288423E-18
  0.1317552014843E+02   0.1140077314963E-18
  0.1321332301052E+02   0.1186274191314E-18
  0.1325123433562E+02   0.1232866157588E-18
  0.1328925443490E+02   0.1285659123096E-18
  0.1332738362048E+02   0.1338908089634E-18
  0.1336562220533E+02   0.1392727821945E-18
  0.1340397050333E+02   0.1450036765847E-18
  0.1344242882929E+02   0.1507453887153E-18
  0.1348099749888E+02   0.1567915956695E-18
  0.1351967682870E+02   0.1634537054575E-18
  0.1355846713625E+02   0.1700808812191E-18
  0.1359736873996E+02   0.1770982810362E-18
  0.1363638195914E+02   0.1845719424826E-18
  0.1367550711404E+02   0.1920269317120E-18
  0.1371474452582E+02   0.1995891947353E-18
  0.1375409451658E+02   0.2076314735532E-18
  0.1379355740931E+02   0.2160524411194E-18
  0.1383313352795E+02   0.2244215943360E-18
  0.1387282319737E+02   0.2331106609913E-18
  0.1391262674336E+02   0.2419386983113E-18
  0.1395254449266E+02   0.2509109171742E-18
  0.1399257677294E+02   0.2604854527031E-18
  0.1403272391280E+02   0.2705173670712E-18
  0.1407298624180E+02   0.2801578653388E-18
  0.1411336409043E+02   0.2913323629595E-18
  0.1415385779014E+02   0.3006967254491E-18
  0.1419446767333E+02   0.3113626754394E-18
  0.1423519407334E+02   0.3234657354334E-18
  0.1427603732450E+02   0.3347247428562E-18
  0.1431699776205E+02   0.3473176210618E-18
  0.1435807572223E+02   0.3592697800834E-18
  0.1439927154224E+02   0.3716343936583E-18
  0.1444058556023E+02   0.3842218507239E-18
  0.1448201811533E+02   0.3971633329708E-18
  0.1452356954764E+02   0.4125287777805E-18
  0.1456524019826E+02   0.4224042924645E-18
  0.1460703040923E+02   0.4373459564786E-18
  0.1464894052359E+02   0.4514690230961E-18
  0.1469097088537E+02   0.4644822650004E-18
  0.1473312183958E+02   0.4780146740182E-18
  0.1477539373222E+02   0.4869072539788E-18
  0.1481778691028E+02   0.4940050621807E-18
  0.1486030172175E+02   0.4910589883086E-18
  0.1490293851562E+02   0.4751617060301E-18
  0.1494569764188E+02   0.4418537983931E-18
  0.1498857945152E+02   0.3946703138379E-18
  0.1503158429654E+02   0.3403787509244E-18
  0.1507471252995E+02   0.2866997626345E-18
  0.1511796450577E+02   0.2354359248792E-18
  0.1516134057904E+02   0.2045420488444E-18
  0.1520484110583E+02   0.2334113289871E-18
  0.1524846644320E+02   0.2321273259165E-18
  0.1529221694927E+02   0.2389901422295E-18
  0.1533609298315E+02   0.3030133573013E-18
  0.1538009490502E+02   0.3445447973549E-18
  0.1542422307607E+02   0.3857582727095E-18
  0.1546847785852E+02   0.4285003081911E-18
  0.1551285961565E+02   0.4714401969912E-18
  0.1555736871178E+02   0.5124708579207E-18
  0.1560200551225E+02   0.5491802466570E-18
  0.1564677038348E+02   0.5790535833602E-18
  0.1569166369292E+02   0.6103374644512E-18
  0.1573668580909E+02   0.6359674535398E-18
  0.1578183710155E+02   0.6552316485986E-18
  0.1582711794093E+02   0.6748159526311E-18
  0.1587252869892E+02   0.6960964942456E-18
  0.1591806974829E+02   0.7059763215715E-18
  0.1596374146286E+02   0.7156327889613E-18
  0.1600954421753E+02   0.7218299071123E-18
  0.1605547838829E+02   0.7252465277866E-18
  0.1610154435218E+02   0.7257028575870E-18
  0.1614774248735E+02   0.7250115593199E-18
  0.1619407317301E+02   0.7236499186081E-18
  0.1624053678948E+02   0.7204506807457E-18
  0.1628713371815E+02   0.7144482204373E-18
  0.1633386434154E+02   0.7082987989619E-18
  0.1638072904321E+02   0.6996416131217E-18
  0.1642772820788E+02   0.6891900525034E-18
  0.1647486222134E+02   0.6792970820204E-18
  0.1652213147050E+02   0.6718855350238E-18
  0.1656953634336E+02   0.6685501087314E-18
  0.1661707722906E+02   0.6629760343720E-18
  0.1666475451784E+02   0.6565682362810E-18
  0.1671256860106E+02   0.6497215259410E-18
  0.1676051987122E+02   0.6435733961375E-18
  0.1680860872193E+02   0.6346648857833E-18
  0.1685683554792E+02   0.6267780793304E-18
  0.1690520074507E+02   0.6173498802108E-18
  0.1695370471040E+02   0.6104925054124E-18
  0.1700234784206E+02   0.5985999630361E-18
  0.1705113053933E+02   0.5950728264055E-18
  0.1710005320266E+02   0.5918197917176E-18
  0.1714911623363E+02   0.5869820536002E-18
  0.1719832003498E+02   0.5821783091837E-18
  0.1724766501060E+02   0.5783970223301E-18
  0.1729715156556E+02   0.5743530298797E-18
  0.1734678010606E+02   0.5708150807961E-18
  0.1739655103949E+02   0.5631011058781E-18
  0.1744646477439E+02   0.5584982243103E-18
  0.1749652172049E+02   0.5540147140101E-18
  0.1754672228869E+02   0.5544990426250E-18
  0.1759706689107E+02   0.5555012896949E-18
  0.1764755594087E+02   0.5572368812203E-18
  0.1769818985256E+02   0.5584925418323E-18
  0.1774896904175E+02   0.5601001160012E-18
  0.1779989392528E+02   0.5607383740475E-18
  0.1785096492118E+02   0.5615555011759E-18
  0.1790218244865E+02   0.5625308774768E-18
  0.1795354692814E+02   0.5636609345858E-18
  0.1800505878126E+02   0.5618686197051E-18
  0.1805671843086E+02   0.5777114539170E-18
  0.1810852630099E+02   0.5889204449706E-18
  0.1816048281692E+02   0.5987898956388E-18
  0.1821258840515E+02   0.6103902444943E-18
  0.1826484349339E+02   0.6214527391991E-18
  0.1831724851057E+02   0.6317097743935E-18
  0.1836980388688E+02   0.6434834300109E-18
  0.1842251005372E+02   0.6562631225508E-18
  0.1847536744372E+02   0.6694170708802E-18
  0.1852837649079E+02   0.6847430870338E-18
  0.1858153763004E+02   0.7014626156152E-18
  0.1863485129787E+02   0.7186478900465E-18
  0.1868831793189E+02   0.7352035525425E-18
  0.1874193797099E+02   0.7534751859615E-18
  0.1879571185533E+02   0.7765709333637E-18
  0.1884964002631E+02   0.7946789532398E-18
  0.1890372292660E+02   0.8148036286326E-18
  0.1895796100015E+02   0.8348368651142E-18
  0.1901235469219E+02   0.8576356806081E-18
  0.1906690444920E+02   0.8826908483461E-18
  0.1912161071896E+02   0.9082260152573E-18
  0.1917647395054E+02   0.9346693798547E-18
  0.1923149459429E+02   0.9619470706386E-18
  0.1928667310184E+02   0.9873649305066E-18
  0.1934200992615E+02   0.1013264738682E-17
  0.1939750552144E+02   0.1043902606313E-17
  0.1945316034326E+02   0.1073052813817E-17
  0.1950897484846E+02   0.1107492556512E-17
  0.1956494949519E+02   0.1133222906710E-17
  0.1962108474294E+02   0.1170071785484E-17
  0.1967738105249E+02   0.1206726199368E-17
  0.1973383888595E+02   0.1240422677090E-17
  0.1979045870677E+02   0.1281450812439E-17
  0.1984724097972E+02   0.1318566932654E-17
  0.1990418617090E+02   0.1354499569335E-17
  0.1996129474776E+02   0.1395349772502E-17
  0.2001856717906E+02   0.1397586172130E-17
  0.2007600393495E+02   0.1464160532775E-17
  0.2013360548689E+02   0.1512905106584E-17
  0.2019137230772E+02   0.1553069984323E-17
  0.2024930487162E+02   0.1593037724871E-17
  0.2030740365414E+02   0.1633548528608E-17
  0.2036566913218E+02   0.1675277370275E-17
  0.2042410178402E+02   0.1717188759209E-17
  0.2048270208932E+02   0.1759934232813E-17
  0.2054147052911E+02   0.1803206076948E-17
  0.2060040758578E+02   0.1847236884065E-17
  0.2065951374313E+02   0.1892329004579E-17
  0.2071878948635E+02   0.1938043946899E-17
  0.2077823530199E+02   0.1984946261658E-17
  0.2083785167804E+02   0.2033048193400E-17
  0.2089763910385E+02   0.2078675762882E-17
  0.2095759807019E+02   0.2133975979745E-17
  0.2101772906926E+02   0.2193144645087E-17
  0.2107803259463E+02   0.2258690790865E-17
  0.2113850914133E+02   0.2326832081216E-17
  0.2119915920576E+02   0.2396019114818E-17
  0.2125998328580E+02   0.2468412631642E-17
  0.2132098188072E+02   0.2541793989785E-17
  0.2138215549123E+02   0.2615979134754E-17
  0.2144350461948E+02   0.2691911844867E-17
  0.2150502976906E+02   0.2769639042628E-17
  0.2156673144502E+02   0.2849341002126E-17
  0.2162861015383E+02   0.2929289445473E-17
  0.2169066640344E+02   0.3009940945532E-17
  0.2175290070323E+02   0.3092035419257E-17
  0.2181531356407E+02   0.3175538214882E-17
  0.2187790549827E+02   0.3261068315050E-17
  0.2194067701964E+02   0.3346018597063E-17
  0.2200362864344E+02   0.3431814045893E-17
  0.2206676088640E+02   0.3510704297374E-17
  0.2213007426677E+02   0.3590354219601E-17
  0.2219356930426E+02   0.3670997155707E-17
  0.2225724652006E+02   0.3750715464116E-17
  0.2232110643689E+02   0.3834570417965E-17
  0.2238514957895E+02   0.3917995159098E-17
  0.2244937647193E+02   0.4000256697936E-17
  0.2251378764305E+02   0.4083172097342E-17
  0.2257838362104E+02   0.4168928703704E-17
  0.2264316493615E+02   0.4262162716961E-17
  0.2270813212013E+02   0.4350500731802E-17
  0.2277328570628E+02   0.4439351515371E-17
  0.2283862622941E+02   0.4528457154838E-17
  0.2290415422588E+02   0.4620784958791E-17
  0.2296987023359E+02   0.4706228997678E-17
  0.2303577479197E+02   0.4789689896404E-17
  0.2310186844201E+02   0.4875402125654E-17
  0.2316815172624E+02   0.4959354911744E-17
  0.2323462518876E+02   0.5042277753772E-17
  0.2330128937522E+02   0.5127441076812E-17
  0.2336814483285E+02   0.5213377956562E-17
  0.2343519211042E+02   0.5299893895551E-17
  0.2350243175831E+02   0.5387443937065E-17
  0.2356986432846E+02   0.5477789126486E-17
  0.2363749037440E+02   0.5571334687117E-17
  0.2370531045125E+02   0.5668879042573E-17
  0.2377332511571E+02   0.5727683153104E-17
  0.2384153492608E+02   0.5821567475872E-17
  0.2390994044229E+02   0.5918826875826E-17
  0.2397854222583E+02   0.6013426130057E-17
  0.2404734083984E+02   0.6102175548888E-17
  0.2411633684905E+02   0.6186885925719E-17
  0.2418553081984E+02   0.6274110195956E-17
  0.2425492332017E+02   0.6365691536010E-17
  0.2432451491968E+02   0.6449800310667E-17
  0.2439430618960E+02   0.6535989698198E-17
  0.2446429770284E+02   0.6633327952442E-17
  0.2453449003391E+02   0.6742912918431E-17
  0.2460488375901E+02   0.6852300265700E-17
  0.2467547945597E+02   0.6952157534589E-17
  0.2474627770428E+02   0.7110663908259E-17
  0.2481727908509E+02   0.7318924123290E-17
  0.2488848418123E+02   0.7402404117461E-17
  0.2495989357720E+02   0.7486199029297E-17
  0.2503150785915E+02   0.7568575418527E-17
  0.2510332761496E+02   0.7648974382340E-17
  0.2517535343416E+02   0.7729902139157E-17
  0.2524758590797E+02   0.7811312055641E-17
  0.2532002562933E+02   0.7893228059490E-17
  0.2539267319287E+02   0.7975631100262E-17
  0.2546552919493E+02   0.8058510725354E-17
  0.2553859423354E+02   0.8141831653703E-17
  0.2561186890847E+02   0.8225709098409E-17
  0.2568535382121E+02   0.8310086264090E-17
  0.2575904957496E+02   0.8394905749599E-17
  0.2583295677467E+02   0.8480185043445E-17
  0.2590707602700E+02   0.8565973596321E-17
  0.2598140794038E+02   0.8652239610685E-17
  0.2605595312497E+02   0.8739475616963E-17
  0.2613071219267E+02   0.8827336034917E-17
  0.2620568575716E+02   0.8915661163960E-17
  0.2628087443386E+02   0.9004369935527E-17
  0.2635627883997E+02   0.9093536417564E-17
  0.2643189959446E+02   0.9183182589125E-17
  0.2650773731806E+02   0.9273528816410E-17
  0.2658379263330E+02   0.9364358326614E-17
  0.2666006616449E+02   0.9455637989543E-17
  0.2673655853772E+02   0.9547345286303E-17
  0.2681327038089E+02   0.9639467860517E-17
  0.2689020232370E+02   0.9732007336107E-17
  0.2696735499766E+02   0.9825085937325E-17
  0.2704472903607E+02   0.9918507164868E-17
  0.2712232507408E+02   0.1001203920349E-16
  0.2720014374864E+02   0.1010591978712E-16
  0.2727818569852E+02   0.1020023448781E-16
  0.2735645156436E+02   0.1029490005539E-16
  0.2743494198859E+02   0.1039002079929E-16
  0.2751365761552E+02   0.1048553194804E-16
  0.2759259909130E+02   0.1058140271496E-16
  0.2767176706391E+02   0.1067763343672E-16
  0.2775116218324E+02   0.1077429972885E-16
  0.2783078510098E+02   0.1087134758800E-16
  0.2791063647075E+02   0.1096871250908E-16
  0.2799071694800E+02   0.1106648051945E-16
  0.2807102719009E+02   0.1116737021320E-16
  0.2815156785625E+02   0.1126909004596E-16
  0.2823233960761E+02   0.1137105877666E-16
  0.2831334310720E+02   0.1147327809915E-16
  0.2839457901993E+02   0.1157585553405E-16
  0.2847604801265E+02   0.1167872623975E-16
  0.2855775075409E+02   0.1178183494645E-16
  0.2863968791493E+02   0.1188511988377E-16
  0.2872186016776E+02   0.1198868051321E-16
  0.2880426818709E+02   0.1209250037952E-16
  0.2888691264938E+02   0.1219651202193E-16
  0.2896979423303E+02   0.1230071838523E-16
  0.2905291361838E+02   0.1240782120671E-16
  0.2913627148772E+02   0.1251650480523E-16
  0.2921986852530E+02   0.1262520440174E-16
  0.2930370541735E+02   0.1273382715186E-16
  0.2938778285205E+02   0.1284242400630E-16
  0.2947210151954E+02   0.1295099965443E-16
  0.2955666211198E+02   0.1305948015891E-16
  0.2964146532349E+02   0.1316784854529E-16
  0.2972651185018E+02   0.1327621804959E-16
  0.2981180239017E+02   0.1338452469339E-16
  0.2989733764357E+02   0.1349269330582E-16
  0.2998311831252E+02   0.1360069627168E-16
  0.3006914510114E+02   0.1370911071832E-16
  0.3015541871560E+02   0.1381781256276E-16
  0.3024193986409E+02   0.1392630623641E-16
  0.3032870925683E+02   0.1403457270889E-16
  0.3041572760606E+02   0.1414262905691E-16
  0.3050299562609E+02   0.1425046524626E-16
  0.3059051403328E+02   0.1435802178478E-16
  0.3067828354601E+02   0.1446528481597E-16
  0.3076630488477E+02   0.1457229373970E-16
  0.3085457877208E+02   0.1467905336599E-16
  0.3094310593254E+02   0.1478549078490E-16
  0.3103188709285E+02   0.1489160023328E-16
  0.3112092298177E+02   0.1499742443528E-16
  0.3121021433016E+02   0.1510296065441E-16
  0.3129976187098E+02   0.1520813496411E-16
  0.3138956633929E+02   0.1531295397503E-16
  0.3147962847227E+02   0.1541745083506E-16
  0.3156994900919E+02   0.1552162653154E-16
  0.3166052869146E+02   0.1562541027592E-16
  0.3175136826261E+02   0.1572878554850E-16
  0.3184246846832E+02   0.1583195112662E-16
  0.3193383005639E+02   0.1593501397470E-16
  0.3202545377676E+02   0.1603775481218E-16
  0.3211734038154E+02   0.1614038352453E-16
  0.3220949062500E+02   0.1624283828056E-16
  0.3230190526356E+02   0.1634527289644E-16
  0.3239458505581E+02   0.1644730780835E-16
  0.3248753076253E+02   0.1654893342571E-16
  0.3258074314666E+02   0.1665017822240E-16
  0.3267422297337E+02   0.1675104519544E-16
  0.3276797100997E+02   0.1685149161901E-16
  0.3286198802603E+02   0.1695152448655E-16
  0.3295627479327E+02   0.1705115873263E-16
  0.3305083208568E+02   0.1715039967614E-16
  0.3314566067942E+02   0.1724922189786E-16
  0.3324076135292E+02   0.1734765877991E-16
  0.3333613488681E+02   0.1744565537024E-16
  0.3343178206398E+02   0.1754323032721E-16
  0.3352770366956E+02   0.1764032879537E-16
  0.3362390049094E+02   0.1773694144929E-16
  0.3372037331775E+02   0.1783313589216E-16
  0.3381712294190E+02   0.1792902202259E-16
  0.3391415015758E+02   0.1802427757583E-16
  0.3401145576124E+02   0.1811917349308E-16
  0.3410904055162E+02   0.1821398152003E-16
  0.3420690532976E+02   0.1830880945949E-16
  0.3430505089900E+02   0.1840318425677E-16
  0.3440347806497E+02   0.1849710612445E-16
  0.3450218763562E+02   0.1859059267311E-16
  0.3460118042122E+02   0.1868374694762E-16
  0.3470045723436E+02   0.1877645170237E-16
  0.3480001888998E+02   0.1886876054699E-16
  0.3489986620532E+02   0.1896061032320E-16
  0.3500000000000E+02   0.1905201780316E-16
