           1
        1000
  
  0.2000000000000E+01   0.6233923696310E-23
  0.2005738348342E+01   0.6416106333945E-23
  0.2011493161004E+01   0.6485812212406E-23
  0.2017264485226E+01   0.7776679877978E-23
  0.2023052368383E+01   0.7716649955783E-23
  0.2028856857985E+01   0.8702978397694E-23
  0.2034678001678E+01   0.9476725204318E-23
  0.2040515847246E+01   0.1079433541757E-22
  0.2046370442610E+01   0.1043811863166E-22
  0.2052241835828E+01   0.1261158100145E-22
  0.2058130075096E+01   0.1480848756327E-22
  0.2064035208748E+01   0.1589407029398E-22
  0.2069957285256E+01   0.1631879050728E-22
  0.2075896353234E+01   0.1602390510838E-22
  0.2081852461432E+01   0.2058945133298E-22
  0.2087825658742E+01   0.2250784260743E-22
  0.2093815994195E+01   0.2452303019898E-22
  0.2099823516964E+01   0.2216166318524E-22
  0.2105848276362E+01   0.2400222329082E-22
  0.2111890321844E+01   0.2663291115686E-22
  0.2117949703007E+01   0.3057217955747E-22
  0.2124026469590E+01   0.3179496417953E-22
  0.2130120671475E+01   0.3522695913191E-22
  0.2136232358686E+01   0.3461948568783E-22
  0.2142361581393E+01   0.4020329873965E-22
  0.2148508389907E+01   0.4136635901056E-22
  0.2154672834685E+01   0.4602359900493E-22
  0.2160854966329E+01   0.5268605137487E-22
  0.2167054835585E+01   0.5503230899835E-22
  0.2173272493346E+01   0.5793154161199E-22
  0.2179507990650E+01   0.6363224195844E-22
  0.2185761378682E+01   0.7126910531691E-22
  0.2192032708773E+01   0.7666975275017E-22
  0.2198322032403E+01   0.7496667586224E-22
  0.2204629401197E+01   0.7937107758848E-22
  0.2210954866931E+01   0.8963795288549E-22
  0.2217298481528E+01   0.9466288372882E-22
  0.2223660297061E+01   0.9574833974069E-22
  0.2230040365750E+01   0.1024616194587E-21
  0.2236438739967E+01   0.1017436822068E-21
  0.2242855472234E+01   0.1167470004601E-21
  0.2249290615224E+01   0.1321563007463E-21
  0.2255744221760E+01   0.1455661904347E-21
  0.2262216344817E+01   0.1480731447521E-21
  0.2268707037522E+01   0.1531101865971E-21
  0.2275216353156E+01   0.1671120103600E-21
  0.2281744345149E+01   0.1608172293172E-21
  0.2288291067089E+01   0.1769106155230E-21
  0.2294856572714E+01   0.1930862057213E-21
  0.2301440915918E+01   0.2089375824226E-21
  0.2308044150750E+01   0.2108630311320E-21
  0.2314666331412E+01   0.2250849350160E-21
  0.2321307512264E+01   0.2300609650021E-21
  0.2327967747821E+01   0.2423370943855E-21
  0.2334647092753E+01   0.2618862967226E-21
  0.2341345601890E+01   0.2701269481340E-21
  0.2348063330216E+01   0.2794620970355E-21
  0.2354800332874E+01   0.3022795080849E-21
  0.2361556665167E+01   0.3099969127310E-21
  0.2368332382554E+01   0.3234527932040E-21
  0.2375127540653E+01   0.3504493284947E-21
  0.2381942195246E+01   0.3654268450253E-21
  0.2388776402269E+01   0.3815362188198E-21
  0.2395630217822E+01   0.3978024439205E-21
  0.2402503698166E+01   0.4262597613183E-21
  0.2409396899722E+01   0.4521535833244E-21
  0.2416309879074E+01   0.4788440262459E-21
  0.2423242692967E+01   0.4963252912046E-21
  0.2430195398312E+01   0.5444746801630E-21
  0.2437168052179E+01   0.5616783071671E-21
  0.2444160711804E+01   0.5589059198026E-21
  0.2451173434587E+01   0.5905259189111E-21
  0.2458206278094E+01   0.6208519279541E-21
  0.2465259300054E+01   0.6759977952367E-21
  0.2472332558362E+01   0.6986137928685E-21
  0.2479426111080E+01   0.7524825120327E-21
  0.2486540016437E+01   0.7891235748311E-21
  0.2493674332826E+01   0.8366995265875E-21
  0.2500829118813E+01   0.8238980666808E-21
  0.2508004433126E+01   0.8496332042899E-21
  0.2515200334666E+01   0.9159808090670E-21
  0.2522416882500E+01   0.9659042990794E-21
  0.2529654135868E+01   0.1007861172829E-20
  0.2536912154175E+01   0.1075204606783E-20
  0.2544190997002E+01   0.1142788248738E-20
  0.2551490724096E+01   0.1195919959333E-20
  0.2558811395379E+01   0.1263175191027E-20
  0.2566153070942E+01   0.1336763389327E-20
  0.2573515811052E+01   0.1377988672384E-20
  0.2580899676145E+01   0.1453960451540E-20
  0.2588304726834E+01   0.1516517655743E-20
  0.2595731023902E+01   0.1612058045687E-20
  0.2603178628310E+01   0.1725980318622E-20
  0.2610647601193E+01   0.1838952290221E-20
  0.2618138003859E+01   0.1916575994982E-20
  0.2625649897795E+01   0.2005559030061E-20
  0.2633183344664E+01   0.2085459925764E-20
  0.2640738406303E+01   0.2214759201417E-20
  0.2648315144731E+01   0.2337283593095E-20
  0.2655913622140E+01   0.2488855042373E-20
  0.2663533900905E+01   0.2665898169509E-20
  0.2671176043576E+01   0.2829683118667E-20
  0.2678840112886E+01   0.2996158005245E-20
  0.2686526171746E+01   0.3183169429561E-20
  0.2694234283247E+01   0.3443909758028E-20
  0.2701964510663E+01   0.3614084590577E-20
  0.2709716917447E+01   0.3791884874685E-20
  0.2717491567237E+01   0.3968015157607E-20
  0.2725288523851E+01   0.4264782259251E-20
  0.2733107851292E+01   0.4632698285624E-20
  0.2740949613745E+01   0.4852734129303E-20
  0.2748813875580E+01   0.5041016903515E-20
  0.2756700701352E+01   0.5481491518167E-20
  0.2764610155801E+01   0.5835692496264E-20
  0.2772542303853E+01   0.6525245137072E-20
  0.2780497210618E+01   0.7180136897734E-20
  0.2788474941397E+01   0.7915704959329E-20
  0.2796475561675E+01   0.8682570334815E-20
  0.2804499137126E+01   0.7552299103650E-20
  0.2812545733612E+01   0.5327284983438E-20
  0.2820615417185E+01   0.3406697995704E-20
  0.2828708254086E+01   0.1818382548265E-20
  0.2836824310746E+01   0.7975240167034E-21
  0.2844963653785E+01   0.2210719348268E-21
  0.2853126350018E+01   0.6099283444882E-22
  0.2861312466447E+01   0.1849694072261E-22
  0.2869522070270E+01   0.4903945997413E-23
  0.2877755228877E+01   0.1269461836471E-23
  0.2886012009850E+01   0.3313668097662E-24
  0.2894292480965E+01   0.9332121480554E-25
  0.2902596710194E+01   0.2986980065153E-25
  0.2910924765703E+01   0.1119476190468E-25
  0.2919276715854E+01   0.4791925122354E-26
  0.2927652629205E+01   0.2473219208801E-26
  0.2936052574510E+01   0.1416679922577E-26
  0.2944476620721E+01   0.9294298578898E-27
  0.2952924836988E+01   0.6696101165186E-27
  0.2961397292658E+01   0.5086738135577E-27
  0.2969894057280E+01   0.4074916357914E-27
  0.2978415200599E+01   0.3392926612585E-27
  0.2986960792563E+01   0.2985170208608E-27
  0.2995530903318E+01   0.2534509641236E-27
  0.3004125603214E+01   0.2290962795368E-27
  0.3012744962800E+01   0.2113881625725E-27
  0.3021389052831E+01   0.1982126989977E-27
  0.3030057944261E+01   0.1955825375255E-27
  0.3038751708251E+01   0.2020938506235E-27
  0.3047470416164E+01   0.2192412971981E-27
  0.3056214139568E+01   0.2484504568960E-27
  0.3064982950238E+01   0.2975536610016E-27
  0.3073776920153E+01   0.3667591256005E-27
  0.3082596121499E+01   0.4671009727072E-27
  0.3091440626670E+01   0.6128513543109E-27
  0.3100310508267E+01   0.8429137924789E-27
  0.3109205839099E+01   0.1214419798317E-26
  0.3118126692184E+01   0.1757478251627E-26
  0.3127073140750E+01   0.2648675326825E-26
  0.3136045258236E+01   0.4209796796114E-26
  0.3145043118290E+01   0.6825518713871E-26
  0.3154066794771E+01   0.1151611392194E-25
  0.3163116361751E+01   0.1928185842132E-25
  0.3172191893516E+01   0.3381058870875E-25
  0.3181293464562E+01   0.5954069889189E-25
  0.3190421149600E+01   0.1089256457426E-24
  0.3199575023556E+01   0.2039189915207E-24
  0.3208755161572E+01   0.3839324097134E-24
  0.3217961639002E+01   0.7492823631349E-24
  0.3227194531419E+01   0.1448547091688E-23
  0.3236453914613E+01   0.2870377349383E-23
  0.3245739864590E+01   0.5608407085207E-23
  0.3255052457574E+01   0.1146131576269E-22
  0.3264391770010E+01   0.2260413357816E-22
  0.3273757878560E+01   0.4451819460789E-22
  0.3283150860107E+01   0.8101032285075E-22
  0.3292570791754E+01   0.1357237852235E-21
  0.3302017750825E+01   0.2066381874435E-21
  0.3311491814867E+01   0.2885864549669E-21
  0.3320993061649E+01   0.3876934130142E-21
  0.3330521569163E+01   0.4993736934593E-21
  0.3340077415625E+01   0.6203766151129E-21
  0.3349660679474E+01   0.7673602703552E-21
  0.3359271439377E+01   0.9068889543680E-21
  0.3368909774224E+01   0.1049728810380E-20
  0.3378575763132E+01   0.1160443902814E-20
  0.3388269485445E+01   0.1301189038556E-20
  0.3397991020737E+01   0.1451753639966E-20
  0.3407740448806E+01   0.1577882611900E-20
  0.3417517849683E+01   0.1710137256562E-20
  0.3427323303625E+01   0.1853608895015E-20
  0.3437156891123E+01   0.2012277057332E-20
  0.3447018692896E+01   0.2147005568008E-20
  0.3456908789896E+01   0.2291715311873E-20
  0.3466827263307E+01   0.2444843665097E-20
  0.3476774194546E+01   0.2559906866865E-20
  0.3486749665263E+01   0.2706908931354E-20
  0.3496753757342E+01   0.2848201374731E-20
  0.3506786552905E+01   0.2951655728055E-20
  0.3516848134305E+01   0.3104013192384E-20
  0.3526938584134E+01   0.3210688016670E-20
  0.3537057985222E+01   0.3336854051821E-20
  0.3547206420634E+01   0.3483828166529E-20
  0.3557383973675E+01   0.3621964703764E-20
  0.3567590727888E+01   0.3798743881267E-20
  0.3577826767056E+01   0.3981368299062E-20
  0.3588092175204E+01   0.4130796801608E-20
  0.3598387036595E+01   0.4257895776213E-20
  0.3608711435738E+01   0.4418459355638E-20
  0.3619065457379E+01   0.4553865351843E-20
  0.3629449186512E+01   0.4704699326729E-20
  0.3639862708372E+01   0.4861981294853E-20
  0.3650306108440E+01   0.5034873800061E-20
  0.3660779472442E+01   0.5199669684196E-20
  0.3671282886350E+01   0.5371727015929E-20
  0.3681816436381E+01   0.5518399073204E-20
  0.3692380209002E+01   0.5703574145895E-20
  0.3702974290926E+01   0.5893164853177E-20
  0.3713598769117E+01   0.6027275638856E-20
  0.3724253730786E+01   0.6204381241239E-20
  0.3734939263396E+01   0.6391319778240E-20
  0.3745655454660E+01   0.6556722890706E-20
  0.3756402392544E+01   0.6682128659470E-20
  0.3767180165264E+01   0.6817070514772E-20
  0.3777988861291E+01   0.6964416580810E-20
  0.3788828569349E+01   0.7135776538418E-20
  0.3799699378418E+01   0.7321537768173E-20
  0.3810601377731E+01   0.7463212210614E-20
  0.3821534656780E+01   0.7619461881942E-20
  0.3832499305310E+01   0.7723809680508E-20
  0.3843495413326E+01   0.7856233318551E-20
  0.3854523071092E+01   0.8053594500317E-20
  0.3865582369128E+01   0.8228636339767E-20
  0.3876673398217E+01   0.8461468675834E-20
  0.3887796249400E+01   0.8674759785811E-20
  0.3898951013980E+01   0.8813042448317E-20
  0.3910137783523E+01   0.9046343177753E-20
  0.3921356649856E+01   0.9215567051590E-20
  0.3932607705070E+01   0.9362713288443E-20
  0.3943891041521E+01   0.9555784856983E-20
  0.3955206751830E+01   0.9731146034888E-20
  0.3966554928883E+01   0.9890509583434E-20
  0.3977935665832E+01   0.1008341412667E-19
  0.3989349056097E+01   0.1021621979065E-19
  0.4000795193368E+01   0.1035815553084E-19
  0.4012274171599E+01   0.1049041953122E-19
  0.4023786085019E+01   0.1062957289955E-19
  0.4035331028123E+01   0.1080938521183E-19
  0.4046909095679E+01   0.1097790742019E-19
  0.4058520382728E+01   0.1102267027453E-19
  0.4070164984582E+01   0.1110964177969E-19
  0.4081842996827E+01   0.1127087475548E-19
  0.4093554515323E+01   0.1148923091075E-19
  0.4105299636205E+01   0.1172134730069E-19
  0.4117078455885E+01   0.1203601639066E-19
  0.4128891071050E+01   0.1235636236688E-19
  0.4140737578665E+01   0.1279785228600E-19
  0.4152618075974E+01   0.1325715642156E-19
  0.4164532660498E+01   0.1383104587557E-19
  0.4176481430042E+01   0.1458919230932E-19
  0.4188464482686E+01   0.1561158113452E-19
  0.4200481916795E+01   0.1627485607139E-19
  0.4212533831015E+01   0.1515926271136E-19
  0.4224620324277E+01   0.1524297169132E-19
  0.4236741495793E+01   0.5988849751585E-20
  0.4248897445061E+01   0.2558873401497E-23
  0.4261088271865E+01   0.8399148028563E-26
  0.4273314076274E+01   0.3385298138903E-25
  0.4285574958646E+01   0.3188832000303E-21
  0.4297871019624E+01   0.4014370143824E-20
  0.4310202360143E+01   0.5885568680602E-20
  0.4322569081426E+01   0.6872988490706E-20
  0.4334971284986E+01   0.7542491305081E-20
  0.4347409072628E+01   0.8113245656671E-20
  0.4359882546449E+01   0.8453030518907E-20
  0.4372391808839E+01   0.8568366707506E-20
  0.4384936962482E+01   0.7128188544858E-20
  0.4397518110355E+01   0.7810512925379E-20
  0.4410135355733E+01   0.9099627495125E-20
  0.4422788802186E+01   0.9250218695031E-20
  0.4435478553580E+01   0.9385442692466E-20
  0.4448204714081E+01   0.9451371157099E-20
  0.4460967388154E+01   0.9507629713813E-20
  0.4473766680561E+01   0.9565706938433E-20
  0.4486602696367E+01   0.9623424522426E-20
  0.4499475540938E+01   0.9670545549053E-20
  0.4512385319942E+01   0.9752294825173E-20
  0.4525332139351E+01   0.9827085154414E-20
  0.4538316105440E+01   0.9908939287178E-20
  0.4551337324788E+01   0.9983923567305E-20
  0.4564395904283E+01   0.1015495185483E-19
  0.4577491951117E+01   0.1027728507620E-19
  0.4590625572791E+01   0.1048945691496E-19
  0.4603796877112E+01   0.1070336836337E-19
  0.4617005972199E+01   0.1090988395359E-19
  0.4630252966481E+01   0.1116664297094E-19
  0.4643537968697E+01   0.1146484514469E-19
  0.4656861087898E+01   0.1156083247357E-19
  0.4670222433449E+01   0.1079979726197E-19
  0.4683622115027E+01   0.1189835986091E-19
  0.4697060242625E+01   0.1262290160436E-19
  0.4710536926552E+01   0.1293065518597E-19
  0.4724052277433E+01   0.1326198119663E-19
  0.4737606406209E+01   0.1357776158355E-19
  0.4751199424141E+01   0.1391333834115E-19
  0.4764831442809E+01   0.1421237287738E-19
  0.4778502574113E+01   0.1455491142287E-19
  0.4792212930274E+01   0.1496414167333E-19
  0.4805962623834E+01   0.1529077169673E-19
  0.4819751767661E+01   0.1564415253419E-19
  0.4833580474942E+01   0.1598848696466E-19
  0.4847448859194E+01   0.1631672833342E-19
  0.4861357034255E+01   0.1666857062319E-19
  0.4875305114293E+01   0.1696177639752E-19
  0.4889293213801E+01   0.1735773991174E-19
  0.4903321447604E+01   0.1771041295660E-19
  0.4917389930853E+01   0.1807692415478E-19
  0.4931498779030E+01   0.1841460139079E-19
  0.4945648107950E+01   0.1871994066570E-19
  0.4959838033760E+01   0.1905364671550E-19
  0.4974068672938E+01   0.1938536918298E-19
  0.4988340142298E+01   0.1974347346244E-19
  0.5002652558990E+01   0.2004686085395E-19
  0.5017006040497E+01   0.2038505575712E-19
  0.5031400704644E+01   0.2067186671939E-19
  0.5045836669588E+01   0.2097878653264E-19
  0.5060314053831E+01   0.2127467634671E-19
  0.5074832976211E+01   0.2152286557239E-19
  0.5089393555907E+01   0.2175702881826E-19
  0.5103995912443E+01   0.2199563731294E-19
  0.5118640165683E+01   0.2224225404914E-19
  0.5133326435836E+01   0.2247123087466E-19
  0.5148054843456E+01   0.2270577874147E-19
  0.5162825509443E+01   0.2290770590161E-19
  0.5177638555043E+01   0.2311148762236E-19
  0.5192494101851E+01   0.2327531105998E-19
  0.5207392271810E+01   0.2342863530828E-19
  0.5222333187214E+01   0.2359404369207E-19
  0.5237316970706E+01   0.2376975046236E-19
  0.5252343745283E+01   0.2390600006780E-19
  0.5267413634293E+01   0.2407285017734E-19
  0.5282526761440E+01   0.2423698493893E-19
  0.5297683250780E+01   0.2439713646188E-19
  0.5312883226729E+01   0.2451264349881E-19
  0.5328126814055E+01   0.2462600966888E-19
  0.5343414137889E+01   0.2475401573061E-19
  0.5358745323718E+01   0.2485213914449E-19
  0.5374120497388E+01   0.2490357669978E-19
  0.5389539785110E+01   0.2500864321616E-19
  0.5405003313454E+01   0.2504479052720E-19
  0.5420511209355E+01   0.2514727571960E-19
  0.5436063600109E+01   0.2517370215237E-19
  0.5451660613382E+01   0.2517016226080E-19
  0.5467302377202E+01   0.2518615202162E-19
  0.5482989019966E+01   0.2518762032768E-19
  0.5498720670441E+01   0.2515732916005E-19
  0.5514497457762E+01   0.2517752782818E-19
  0.5530319511432E+01   0.2513270689283E-19
  0.5546186961331E+01   0.2509652371555E-19
  0.5562099937707E+01   0.2502837635421E-19
  0.5578058571184E+01   0.2490867846173E-19
  0.5594062992760E+01   0.2473745675275E-19
  0.5610113333808E+01   0.2454877770519E-19
  0.5626209726081E+01   0.2431256485048E-19
  0.5642352301707E+01   0.2395625972364E-19
  0.5658541193194E+01   0.2354756670034E-19
  0.5674776533430E+01   0.2302398705135E-19
  0.5691058455685E+01   0.2243169135560E-19
  0.5707387093610E+01   0.2173776156169E-19
  0.5723762581242E+01   0.2088556658943E-19
  0.5740185053000E+01   0.1992649114853E-19
  0.5756654643690E+01   0.1879670197658E-19
  0.5773171488504E+01   0.1758839418068E-19
  0.5789735723023E+01   0.1622701547586E-19
  0.5806347483215E+01   0.1486790504762E-19
  0.5823006905441E+01   0.1353618949426E-19
  0.5839714126450E+01   0.1218652587823E-19
  0.5856469283387E+01   0.1104584935152E-19
  0.5873272513787E+01   0.1004603174400E-19
  0.5890123955582E+01   0.9179300202773E-20
  0.5907023747098E+01   0.8483496609078E-20
  0.5923972027060E+01   0.7929929360182E-20
  0.5940968934588E+01   0.7518107343478E-20
  0.5958014609205E+01   0.7161759813906E-20
  0.5975109190831E+01   0.6922688920902E-20
  0.5992252819789E+01   0.6734100107188E-20
  0.6009445636805E+01   0.6587728417250E-20
  0.6026687783007E+01   0.6486287604103E-20
  0.6043979399930E+01   0.6454882856656E-20
  0.6061320629513E+01   0.6459733859293E-20
  0.6078711614104E+01   0.6581945480604E-20
  0.6096152496459E+01   0.6803920878809E-20
  0.6113643419744E+01   0.7209135306398E-20
  0.6131184527533E+01   0.7698955278485E-20
  0.6148775963816E+01   0.8266970517623E-20
  0.6166417872994E+01   0.8869210204463E-20
  0.6184110399881E+01   0.9468090565190E-20
  0.6201853689710E+01   0.9968302922924E-20
  0.6219647888128E+01   0.1040497359839E-19
  0.6237493141200E+01   0.1081335955946E-19
  0.6255389595412E+01   0.1119224693334E-19
  0.6273337397667E+01   0.1152470326253E-19
  0.6291336695293E+01   0.1185157063421E-19
  0.6309387636040E+01   0.1217390187115E-19
  0.6327490368079E+01   0.1250965297336E-19
  0.6345645040009E+01   0.1285916208311E-19
  0.6363851800855E+01   0.1317276266541E-19
  0.6382110800069E+01   0.1353356288107E-19
  0.6400422187532E+01   0.1386623928523E-19
  0.6418786113555E+01   0.1422546867707E-19
  0.6437202728880E+01   0.1451364734497E-19
  0.6455672184682E+01   0.1481797956239E-19
  0.6474194632569E+01   0.1509911413086E-19
  0.6492770224586E+01   0.1543498373585E-19
  0.6511399113211E+01   0.1567835436772E-19
  0.6530081451363E+01   0.1595310670300E-19
  0.6548817392397E+01   0.1622900749875E-19
  0.6567607090108E+01   0.1649975200744E-19
  0.6586450698735E+01   0.1678223368972E-19
  0.6605348372958E+01   0.1707653154952E-19
  0.6624300267898E+01   0.1739356570444E-19
  0.6643306539127E+01   0.1775781401736E-19
  0.6662367342658E+01   0.1804404237331E-19
  0.6681482834954E+01   0.1840792936372E-19
  0.6700653172927E+01   0.1872366068691E-19
  0.6719878513938E+01   0.1900058342738E-19
  0.6739159015801E+01   0.1926546125111E-19
  0.6758494836783E+01   0.1950428289828E-19
  0.6777886135602E+01   0.1982473876662E-19
  0.6797333071435E+01   0.2019821684516E-19
  0.6816835803914E+01   0.2040811764671E-19
  0.6836394493129E+01   0.2068541185554E-19
  0.6856009299631E+01   0.2106709171880E-19
  0.6875680384428E+01   0.2131080917397E-19
  0.6895407908994E+01   0.2158748426792E-19
  0.6915192035264E+01   0.2192067689431E-19
  0.6935032925638E+01   0.2225851191088E-19
  0.6954930742982E+01   0.2255827938272E-19
  0.6974885650629E+01   0.2284679818214E-19
  0.6994897812383E+01   0.2318126900689E-19
  0.7014967392513E+01   0.2346836666027E-19
  0.7035094555765E+01   0.2382927990428E-19
  0.7055279467354E+01   0.2423984636125E-19
  0.7075522292970E+01   0.2460353189848E-19
  0.7095823198778E+01   0.2499863922950E-19
  0.7116182351420E+01   0.2542220397404E-19
  0.7136599918018E+01   0.2578144377332E-19
  0.7157076066170E+01   0.2622916180568E-19
  0.7177610963958E+01   0.2664177037142E-19
  0.7198204779944E+01   0.2701244768055E-19
  0.7218857683175E+01   0.2733853033033E-19
  0.7239569843182E+01   0.2764749591872E-19
  0.7260341429984E+01   0.2817782419232E-19
  0.7281172614086E+01   0.2870282915639E-19
  0.7302063566484E+01   0.2920342533524E-19
  0.7323014458663E+01   0.2971700940842E-19
  0.7344025462600E+01   0.3022077007622E-19
  0.7365096750767E+01   0.3074807452877E-19
  0.7386228496130E+01   0.3128095908060E-19
  0.7407420872151E+01   0.3181310188473E-19
  0.7428674052790E+01   0.3236246198146E-19
  0.7449988212505E+01   0.3295153923238E-19
  0.7471363526258E+01   0.3357956626088E-19
  0.7492800169508E+01   0.3423025757773E-19
  0.7514298318222E+01   0.3478818423210E-19
  0.7535858148868E+01   0.3536218024676E-19
  0.7557479838424E+01   0.3607658667870E-19
  0.7579163564373E+01   0.3680184971911E-19
  0.7600909504708E+01   0.3752164383923E-19
  0.7622717837934E+01   0.3818368361479E-19
  0.7644588743066E+01   0.3881349735187E-19
  0.7666522399634E+01   0.3947412968163E-19
  0.7688518987683E+01   0.4009052100748E-19
  0.7710578687774E+01   0.4067747520473E-19
  0.7732701680988E+01   0.4120422215983E-19
  0.7754888148921E+01   0.4169642230798E-19
  0.7777138273696E+01   0.4203625988027E-19
  0.7799452237954E+01   0.4229804444667E-19
  0.7821830224861E+01   0.4246070767127E-19
  0.7844272418111E+01   0.4256299003136E-19
  0.7866779001922E+01   0.4242630499930E-19
  0.7889350161042E+01   0.4216759287652E-19
  0.7911986080749E+01   0.4181650939105E-19
  0.7934686946851E+01   0.4124945644911E-19
  0.7957452945693E+01   0.4063631091940E-19
  0.7980284264150E+01   0.3986092528191E-19
  0.8003181089637E+01   0.3974487463278E-19
  0.8026143610103E+01   0.3927617163550E-19
  0.8049172014041E+01   0.3851222981280E-19
  0.8072266490480E+01   0.3744644585786E-19
  0.8095427228995E+01   0.3654950457383E-19
  0.8118654419702E+01   0.3520299909220E-19
  0.8141948253265E+01   0.3355518281050E-19
  0.8165308920893E+01   0.3153504684386E-19
  0.8188736614346E+01   0.3016118939729E-19
  0.8212231525931E+01   0.2928082262224E-19
  0.8235793848510E+01   0.2899503519521E-19
  0.8259423775497E+01   0.2848207201920E-19
  0.8283121500859E+01   0.2878456690355E-19
  0.8306887219123E+01   0.2869540633858E-19
  0.8330721125372E+01   0.2819002068462E-19
  0.8354623415250E+01   0.2732720182490E-19
  0.8378594284960E+01   0.2670919071549E-19
  0.8402633931270E+01   0.2578750160671E-19
  0.8426742551512E+01   0.2526073457066E-19
  0.8450920343585E+01   0.2440720534775E-19
  0.8475167505955E+01   0.2371990987430E-19
  0.8499484237656E+01   0.2284700802804E-19
  0.8523870738296E+01   0.2177125255047E-19
  0.8548327208054E+01   0.2049918160713E-19
  0.8572853847683E+01   0.1932229114653E-19
  0.8597450858513E+01   0.1807920728602E-19
  0.8622118442451E+01   0.1708652772178E-19
  0.8646856801984E+01   0.1610519285173E-19
  0.8671666140179E+01   0.1510262165882E-19
  0.8696546660687E+01   0.1409106837206E-19
  0.8721498567741E+01   0.1303746232942E-19
  0.8746522066162E+01   0.1193760432084E-19
  0.8771617361359E+01   0.1094102273718E-19
  0.8796784659329E+01   0.9957600925404E-20
  0.8822024166659E+01   0.9172058234342E-20
  0.8847336090533E+01   0.8438093085672E-20
  0.8872720638724E+01   0.7789466337763E-20
  0.8898178019606E+01   0.7151686812205E-20
  0.8923708442147E+01   0.6536280856003E-20
  0.8949312115917E+01   0.5924323530227E-20
  0.8974989251087E+01   0.5358027192578E-20
  0.9000740058430E+01   0.4839818795283E-20
  0.9026564749324E+01   0.4614035080372E-20
  0.9052463535754E+01   0.4394640555559E-20
  0.9078436630313E+01   0.4175325698101E-20
  0.9104484246204E+01   0.3973169650452E-20
  0.9130606597242E+01   0.3770002594074E-20
  0.9156803897854E+01   0.3571845159607E-20
  0.9183076363086E+01   0.3371572968486E-20
  0.9209424208595E+01   0.3237540571400E-20
  0.9235847650663E+01   0.3213443368892E-20
  0.9262346906188E+01   0.3186132099113E-20
  0.9288922192692E+01   0.3160796722403E-20
  0.9315573728322E+01   0.3139742406825E-20
  0.9342301731850E+01   0.3135178593616E-20
  0.9369106422675E+01   0.3133130529018E-20
  0.9395988020826E+01   0.3125422373353E-20
  0.9422946746965E+01   0.3271602326213E-20
  0.9449982822385E+01   0.3458815221661E-20
  0.9477096469013E+01   0.3672829575619E-20
  0.9504287909417E+01   0.3864226666114E-20
  0.9531557366798E+01   0.4088714832751E-20
  0.9558905065003E+01   0.4335199453916E-20
  0.9586331228517E+01   0.4609196100208E-20
  0.9613836082471E+01   0.4922462219315E-20
  0.9641419852641E+01   0.5312307471677E-20
  0.9669082765452E+01   0.5737348528217E-20
  0.9696825047978E+01   0.6177831507080E-20
  0.9724646927945E+01   0.6638399748448E-20
  0.9752548633731E+01   0.7094909828306E-20
  0.9780530394371E+01   0.7564614903172E-20
  0.9808592439555E+01   0.8091817928713E-20
  0.9836734999635E+01   0.8732347537792E-20
  0.9864958305621E+01   0.9469483160585E-20
  0.9893262589188E+01   0.1036323809049E-19
  0.9921648082674E+01   0.1136913819191E-19
  0.9950115019085E+01   0.1243989314105E-19
  0.9978663632094E+01   0.1354410885814E-19
  0.1000729415605E+02   0.1469037721696E-19
  0.1003600682596E+02   0.1586315916079E-19
  0.1006480187752E+02   0.1709576933167E-19
  0.1009367954710E+02   0.1828066758248E-19
  0.1012264007175E+02   0.1965814759504E-19
  0.1015168368918E+02   0.2098194642936E-19
  0.1018081063781E+02   0.2226678601820E-19
  0.1021002115673E+02   0.2362109422705E-19
  0.1023931548572E+02   0.2495333310152E-19
  0.1026869386524E+02   0.2626788895339E-19
  0.1029815653645E+02   0.2740991355290E-19
  0.1032770374119E+02   0.2853332059475E-19
  0.1035733572201E+02   0.2952977788538E-19
  0.1038705272214E+02   0.3038756170013E-19
  0.1041685498552E+02   0.3140875464832E-19
  0.1044674275678E+02   0.3227530069134E-19
  0.1047671628127E+02   0.3325240348712E-19
  0.1050677580502E+02   0.3375432133844E-19
  0.1053692157478E+02   0.3423708257784E-19
  0.1056715383800E+02   0.3439383447567E-19
  0.1059747284285E+02   0.3433656067497E-19
  0.1062787883821E+02   0.3427605123417E-19
  0.1065837207366E+02   0.3407944902635E-19
  0.1068895279952E+02   0.3358542572288E-19
  0.1071962126681E+02   0.3316661730542E-19
  0.1075037772726E+02   0.3265733590765E-19
  0.1078122243337E+02   0.3191439766402E-19
  0.1081215563830E+02   0.3137256999545E-19
  0.1084317759599E+02   0.3080447530807E-19
  0.1087428856108E+02   0.3032261425134E-19
  0.1090548878894E+02   0.2964184363571E-19
  0.1093677853570E+02   0.2901175607676E-19
  0.1096815805818E+02   0.2833733662312E-19
  0.1099962761399E+02   0.2780833137266E-19
  0.1103118746143E+02   0.2739576087261E-19
  0.1106283785956E+02   0.2691894752149E-19
  0.1109457906821E+02   0.2646779095646E-19
  0.1112641134790E+02   0.2612658428796E-19
  0.1115833495996E+02   0.2583274626700E-19
  0.1119035016641E+02   0.2550582696232E-19
  0.1122245723007E+02   0.2543226216743E-19
  0.1125465641449E+02   0.2520928412854E-19
  0.1128694798398E+02   0.2533943320500E-19
  0.1131933220360E+02   0.2527234794081E-19
  0.1135180933919E+02   0.2529561243360E-19
  0.1138437965734E+02   0.2531287101024E-19
  0.1141704342540E+02   0.2563201974989E-19
  0.1144980091151E+02   0.2612409359105E-19
  0.1148265238454E+02   0.2663554586835E-19
  0.1151559811418E+02   0.2712361845631E-19
  0.1154863837085E+02   0.2750941311813E-19
  0.1158177342577E+02   0.2839711853759E-19
  0.1161500355093E+02   0.2918183470225E-19
  0.1164832901912E+02   0.3022574318398E-19
  0.1168175010387E+02   0.3157972441687E-19
  0.1171526707954E+02   0.3294844864599E-19
  0.1174888022125E+02   0.3399507231698E-19
  0.1178258980492E+02   0.3534165403478E-19
  0.1181639610725E+02   0.3675463182463E-19
  0.1185029940575E+02   0.3830390564151E-19
  0.1188429997872E+02   0.3975058826775E-19
  0.1191839810526E+02   0.4145939904847E-19
  0.1195259406526E+02   0.4318685435645E-19
  0.1198688813943E+02   0.4491863211856E-19
  0.1202128060927E+02   0.4637976324546E-19
  0.1205577175709E+02   0.4736883384546E-19
  0.1209036186603E+02   0.4867379871774E-19
  0.1212505122001E+02   0.5001118781309E-19
  0.1215984010379E+02   0.5154236247184E-19
  0.1219472880294E+02   0.5311055303295E-19
  0.1222971760384E+02   0.5469225514457E-19
  0.1226480679370E+02   0.5646563556671E-19
  0.1229999666056E+02   0.5841211589079E-19
  0.1233528749328E+02   0.6034335973728E-19
  0.1237067958155E+02   0.6231553145980E-19
  0.1240617321588E+02   0.6493269470988E-19
  0.1244176868763E+02   0.6748170791730E-19
  0.1247746628899E+02   0.7049365316180E-19
  0.1251326631298E+02   0.7244116460907E-19
  0.1254916905348E+02   0.7471421008800E-19
  0.1258517480519E+02   0.7734139414295E-19
  0.1262128386368E+02   0.7968968181210E-19
  0.1265749652534E+02   0.8281650917586E-19
  0.1269381308744E+02   0.8559194223928E-19
  0.1273023384808E+02   0.8862259939232E-19
  0.1276675910623E+02   0.9157581272969E-19
  0.1280338916170E+02   0.9484413136133E-19
  0.1284012431518E+02   0.9789049723901E-19
  0.1287696486822E+02   0.1011205149017E-18
  0.1291391112322E+02   0.1046811633147E-18
  0.1295096338345E+02   0.1088797574241E-18
  0.1298812195308E+02   0.1132496435989E-18
  0.1302538713712E+02   0.1173166718987E-18
  0.1306275924146E+02   0.1218453286285E-18
  0.1310023857287E+02   0.1262184458481E-18
  0.1313782543902E+02   0.1307433395482E-18
  0.1317552014843E+02   0.1358311967240E-18
  0.1321332301052E+02   0.1411973540659E-18
  0.1325123433562E+02   0.1465655458697E-18
  0.1328925443490E+02   0.1530722654654E-18
  0.1332738362048E+02   0.1594477427797E-18
  0.1336562220533E+02   0.1656883457705E-18
  0.1340397050333E+02   0.1726588269070E-18
  0.1344242882929E+02   0.1794184466555E-18
  0.1348099749888E+02   0.1866084200854E-18
  0.1351967682870E+02   0.1945411477536E-18
  0.1355846713625E+02   0.2017739146691E-18
  0.1359736873996E+02   0.2106619530715E-18
  0.1363638195914E+02   0.2196297351950E-18
  0.1367550711404E+02   0.2282010792781E-18
  0.1371474452582E+02   0.2374505997127E-18
  0.1375409451658E+02   0.2468969457365E-18
  0.1379355740931E+02   0.2564781182236E-18
  0.1383313352795E+02   0.2668701155676E-18
  0.1387282319737E+02   0.2772942868763E-18
  0.1391262674336E+02   0.2878299623097E-18
  0.1395254449266E+02   0.2981933010887E-18
  0.1399257677294E+02   0.3083386094516E-18
  0.1403272391280E+02   0.3217602026838E-18
  0.1407298624180E+02   0.3334792851424E-18
  0.1411336409043E+02   0.3466610079164E-18
  0.1415385779014E+02   0.3576608492828E-18
  0.1419446767333E+02   0.3706493514008E-18
  0.1423519407334E+02   0.3858320082132E-18
  0.1427603732450E+02   0.3978056877515E-18
  0.1431699776205E+02   0.4137605396837E-18
  0.1435807572223E+02   0.4275703243994E-18
  0.1439927154224E+02   0.4428521625238E-18
  0.1444058556023E+02   0.4577003750503E-18
  0.1448201811533E+02   0.4734050306998E-18
  0.1452356954764E+02   0.4914414403626E-18
  0.1456524019826E+02   0.5034432802276E-18
  0.1460703040923E+02   0.5218890644363E-18
  0.1464894052359E+02   0.5375556998278E-18
  0.1469097088537E+02   0.5484736619950E-18
  0.1473312183958E+02   0.5640973850348E-18
  0.1477539373222E+02   0.5755609653628E-18
  0.1481778691028E+02   0.5875889283436E-18
  0.1486030172175E+02   0.5878263427519E-18
  0.1490293851562E+02   0.5233862026947E-18
  0.1494569764188E+02   0.4415443515876E-18
  0.1498857945152E+02   0.4178956446073E-18
  0.1503158429654E+02   0.3588275377699E-18
  0.1507471252995E+02   0.3135811602193E-18
  0.1511796450577E+02   0.2763994998483E-18
  0.1516134057904E+02   0.2677137379181E-18
  0.1520484110583E+02   0.2865694451274E-18
  0.1524846644320E+02   0.2697534931120E-18
  0.1529221694927E+02   0.3193995776733E-18
  0.1533609298315E+02   0.3700689653363E-18
  0.1538009490502E+02   0.4100623832871E-18
  0.1542422307607E+02   0.4563709135193E-18
  0.1546847785852E+02   0.5067723115489E-18
  0.1551285961565E+02   0.5560914198895E-18
  0.1555736871178E+02   0.6066187165492E-18
  0.1560200551225E+02   0.6541042970104E-18
  0.1564677038348E+02   0.6909752724188E-18
  0.1569166369292E+02   0.7308798211056E-18
  0.1573668580909E+02   0.7614086248354E-18
  0.1578183710155E+02   0.7855903986086E-18
  0.1582711794093E+02   0.8103185531073E-18
  0.1587252869892E+02   0.8376042701780E-18
  0.1591806974829E+02   0.8507605991911E-18
  0.1596374146286E+02   0.8610818666792E-18
  0.1600954421753E+02   0.8719078648950E-18
  0.1605547838829E+02   0.8775122298793E-18
  0.1610154435218E+02   0.8780788923608E-18
  0.1614774248735E+02   0.8783076035221E-18
  0.1619407317301E+02   0.8794469406906E-18
  0.1624053678948E+02   0.8773086256322E-18
  0.1628713371815E+02   0.8705098907368E-18
  0.1633386434154E+02   0.8637360546011E-18
  0.1638072904321E+02   0.8564401501399E-18
  0.1642772820788E+02   0.8451132649000E-18
  0.1647486222134E+02   0.8344753483164E-18
  0.1652213147050E+02   0.8265383814272E-18
  0.1656953634336E+02   0.8235709807413E-18
  0.1661707722906E+02   0.8180307678631E-18
  0.1666475451784E+02   0.8111073128958E-18
  0.1671256860106E+02   0.8030505173138E-18
  0.1676051987122E+02   0.7970129206275E-18
  0.1680860872193E+02   0.7866368225213E-18
  0.1685683554792E+02   0.7781438851164E-18
  0.1690520074507E+02   0.7678213839705E-18
  0.1695370471040E+02   0.7600592496841E-18
  0.1700234784206E+02   0.7460885945090E-18
  0.1705113053933E+02   0.7429878009756E-18
  0.1710005320266E+02   0.7381068552245E-18
  0.1714911623363E+02   0.7320910835045E-18
  0.1719832003498E+02   0.7282940114107E-18
  0.1724766501060E+02   0.7245533348320E-18
  0.1729715156556E+02   0.7197800434563E-18
  0.1734678010606E+02   0.7162977626027E-18
  0.1739655103949E+02   0.7066038227205E-18
  0.1744646477439E+02   0.7016186135877E-18
  0.1749652172049E+02   0.6947979327282E-18
  0.1754672228869E+02   0.6966983279790E-18
  0.1759706689107E+02   0.6985967021301E-18
  0.1764755594087E+02   0.7005916810358E-18
  0.1769818985256E+02   0.7021829425028E-18
  0.1774896904175E+02   0.7040106572421E-18
  0.1779989392528E+02   0.7049393040528E-18
  0.1785096492118E+02   0.7060542984886E-18
  0.1790218244865E+02   0.7064179180922E-18
  0.1795354692814E+02   0.7083584524239E-18
  0.1800505878126E+02   0.7057818831175E-18
  0.1805671843086E+02   0.7251917140809E-18
  0.1810852630099E+02   0.7383995398877E-18
  0.1816048281692E+02   0.7509913087702E-18
  0.1821258840515E+02   0.7649079178345E-18
  0.1826484349339E+02   0.7749155821428E-18
  0.1831724851057E+02   0.7888794390079E-18
  0.1836980388688E+02   0.8033417193775E-18
  0.1842251005372E+02   0.8185219538881E-18
  0.1847536744372E+02   0.8338491085618E-18
  0.1852837649079E+02   0.8499926262143E-18
  0.1858153763004E+02   0.8688456849943E-18
  0.1863485129787E+02   0.8932549941102E-18
  0.1868831793189E+02   0.9120406905382E-18
  0.1874193797099E+02   0.9323910890189E-18
  0.1879571185533E+02   0.9601681774868E-18
  0.1884964002631E+02   0.9779254116432E-18
  0.1890372292660E+02   0.1002214823679E-17
  0.1895796100015E+02   0.1028249961439E-17
  0.1901235469219E+02   0.1055172281256E-17
  0.1906690444920E+02   0.1085150086595E-17
  0.1912161071896E+02   0.1115569651521E-17
  0.1917647395054E+02   0.1145108133162E-17
  0.1923149459429E+02   0.1180034940671E-17
  0.1928667310184E+02   0.1204808435738E-17
  0.1934200992615E+02   0.1237097411355E-17
  0.1939750552144E+02   0.1273783804134E-17
  0.1945316034326E+02   0.1307231280257E-17
  0.1950897484846E+02   0.1345077739190E-17
  0.1956494949519E+02   0.1373879169206E-17
  0.1962108474294E+02   0.1419624131469E-17
  0.1967738105249E+02   0.1457760124415E-17
  0.1973383888595E+02   0.1492593215551E-17
  0.1979045870677E+02   0.1543801103424E-17
  0.1984724097972E+02   0.1585293071869E-17
  0.1990418617090E+02   0.1630778642484E-17
  0.1996129474776E+02   0.1674694627668E-17
  0.2001856717906E+02   0.1673191990038E-17
  0.2007600393495E+02   0.1751048330480E-17
  0.2013360548689E+02   0.1806732435128E-17
  0.2019137230772E+02   0.1851701456118E-17
  0.2024930487162E+02   0.1896297965180E-17
  0.2030740365414E+02   0.1941487432159E-17
  0.2036566913218E+02   0.1988051954247E-17
  0.2042410178402E+02   0.2034577331771E-17
  0.2048270208932E+02   0.2082024206515E-17
  0.2054147052911E+02   0.2129877721879E-17
  0.2060040758578E+02   0.2178550173156E-17
  0.2065951374313E+02   0.2228393387695E-17
  0.2071878948635E+02   0.2278622578152E-17
  0.2077823530199E+02   0.2330291778005E-17
  0.2083785167804E+02   0.2383054751027E-17
  0.2089763910385E+02   0.2432546440100E-17
  0.2095759807019E+02   0.2493665891198E-17
  0.2101772906926E+02   0.2558099756042E-17
  0.2107803259463E+02   0.2627730383720E-17
  0.2113850914133E+02   0.2699858474946E-17
  0.2119915920576E+02   0.2772936525796E-17
  0.2125998328580E+02   0.2849470571516E-17
  0.2132098188072E+02   0.2926606793600E-17
  0.2138215549123E+02   0.3004347084745E-17
  0.2144350461948E+02   0.3083725636474E-17
  0.2150502976906E+02   0.3164864698834E-17
  0.2156673144502E+02   0.3247954192529E-17
  0.2162861015383E+02   0.3330952948855E-17
  0.2169066640344E+02   0.3414352834661E-17
  0.2175290070323E+02   0.3499092936247E-17
  0.2181531356407E+02   0.3585038849695E-17
  0.2187790549827E+02   0.3673056093761E-17
  0.2194067701964E+02   0.3760045229942E-17
  0.2200362864344E+02   0.3847884797787E-17
  0.2206676088640E+02   0.3929110723393E-17
  0.2213007426677E+02   0.4011098971807E-17
  0.2219356930426E+02   0.4093930340014E-17
  0.2225724652006E+02   0.4175490164604E-17
  0.2232110643689E+02   0.4261612394077E-17
  0.2238514957895E+02   0.4346938125991E-17
  0.2244937647193E+02   0.4430675321263E-17
  0.2251378764305E+02   0.4514807794054E-17
  0.2257838362104E+02   0.4601948589014E-17
  0.2264316493615E+02   0.4697607350596E-17
  0.2270813212013E+02   0.4787095676627E-17
  0.2277328570628E+02   0.4877183512128E-17
  0.2283862622941E+02   0.4967081910985E-17
  0.2290415422588E+02   0.5060295575315E-17
  0.2296987023359E+02   0.5145263648318E-17
  0.2303577479197E+02   0.5229470596303E-17
  0.2310186844201E+02   0.5317707782929E-17
  0.2316815172624E+02   0.5403742333579E-17
  0.2323462518876E+02   0.5488157334934E-17
  0.2330128937522E+02   0.5574982297226E-17
  0.2336814483285E+02   0.5662630230678E-17
  0.2343519211042E+02   0.5750645383829E-17
  0.2350243175831E+02   0.5839624818179E-17
  0.2356986432846E+02   0.5931698174238E-17
  0.2363749037440E+02   0.6027196361627E-17
  0.2370531045125E+02   0.6127095190115E-17
  0.2377332511571E+02   0.6182182762281E-17
  0.2384153492608E+02   0.6277405154040E-17
  0.2390994044229E+02   0.6376437230606E-17
  0.2397854222583E+02   0.6472063509196E-17
  0.2404734083984E+02   0.6562871395864E-17
  0.2411633684905E+02   0.6649885274160E-17
  0.2418553081984E+02   0.6739664737605E-17
  0.2425492332017E+02   0.6834293336316E-17
  0.2432451491968E+02   0.6920274810064E-17
  0.2439430618960E+02   0.7008471575843E-17
  0.2446429770284E+02   0.7109308508396E-17
  0.2453449003391E+02   0.7224064286234E-17
  0.2460488375901E+02   0.7338517300784E-17
  0.2467547945597E+02   0.7441788192720E-17
  0.2474627770428E+02   0.7612562068215E-17
  0.2481727908509E+02   0.7841324410959E-17
  0.2488848418123E+02   0.7925314090435E-17
  0.2495989357720E+02   0.8009497986602E-17
  0.2503150785915E+02   0.8092747992598E-17
  0.2510332761496E+02   0.8174375268832E-17
  0.2517535343416E+02   0.8256549505169E-17
  0.2524758590797E+02   0.8339135612141E-17
  0.2532002562933E+02   0.8422243433888E-17
  0.2539267319287E+02   0.8505741329847E-17
  0.2546552919493E+02   0.8589670250657E-17
  0.2553859423354E+02   0.8674021206841E-17
  0.2561186890847E+02   0.8758912561090E-17
  0.2568535382121E+02   0.8844261486033E-17
  0.2575904957496E+02   0.8929964431313E-17
  0.2583295677467E+02   0.9016162853289E-17
  0.2590707602700E+02   0.9102801191998E-17
  0.2598140794038E+02   0.9189833022942E-17
  0.2605595312497E+02   0.9277819185225E-17
  0.2613071219267E+02   0.9366229429994E-17
  0.2620568575716E+02   0.9455159942068E-17
  0.2628087443386E+02   0.9544376925639E-17
  0.2635627883997E+02   0.9634158982635E-17
  0.2643189959446E+02   0.9724167001917E-17
  0.2650773731806E+02   0.9814828098869E-17
  0.2658379263330E+02   0.9905968518962E-17
  0.2666006616449E+02   0.9997424291549E-17
  0.2673655853772E+02   0.1008924170789E-16
  0.2681327038089E+02   0.1018150965324E-16
  0.2689020232370E+02   0.1027403968772E-16
  0.2696735499766E+02   0.1036697321529E-16
  0.2704472903607E+02   0.1046024359700E-16
  0.2712232507408E+02   0.1055366616351E-16
  0.2720014374864E+02   0.1064731870263E-16
  0.2727818569852E+02   0.1074132040619E-16
  0.2735645156436E+02   0.1083559270478E-16
  0.2743494198859E+02   0.1093025383524E-16
  0.2751365761552E+02   0.1102530128469E-16
  0.2759259909130E+02   0.1112066477677E-16
  0.2767176706391E+02   0.1121629449537E-16
  0.2775116218324E+02   0.1131227734938E-16
  0.2783078510098E+02   0.1140867551468E-16
  0.2791063647075E+02   0.1150527363145E-16
  0.2799071694800E+02   0.1160219201695E-16
  0.2807102719009E+02   0.1170107331074E-16
  0.2815156785625E+02   0.1180047380829E-16
  0.2823233960761E+02   0.1190009655010E-16
  0.2831334310720E+02   0.1199985618372E-16
  0.2839457901993E+02   0.1209987167524E-16
  0.2847604801265E+02   0.1220013172971E-16
  0.2855775075409E+02   0.1230043988438E-16
  0.2863968791493E+02   0.1240095633629E-16
  0.2872186016776E+02   0.1250147461244E-16
  0.2880426818709E+02   0.1260239331588E-16
  0.2888691264938E+02   0.1270334537159E-16
  0.2896979423303E+02   0.1280442071065E-16
  0.2905291361838E+02   0.1290630431064E-16
  0.2913627148772E+02   0.1300858699283E-16
  0.2921986852530E+02   0.1311062153749E-16
  0.2930370541735E+02   0.1321253085220E-16
  0.2938778285205E+02   0.1331422773516E-16
  0.2947210151954E+02   0.1341576787922E-16
  0.2955666211198E+02   0.1351715353809E-16
  0.2964146532349E+02   0.1361817435068E-16
  0.2972651185018E+02   0.1371901367160E-16
  0.2981180239017E+02   0.1381974556323E-16
  0.2989733764357E+02   0.1392009803141E-16
  0.2998311831252E+02   0.1402026021763E-16
  0.3006914510114E+02   0.1412048730177E-16
  0.3015541871560E+02   0.1422072545545E-16
  0.3024193986409E+02   0.1432076197363E-16
  0.3032870925683E+02   0.1442038625123E-16
  0.3041572760606E+02   0.1451973500975E-16
  0.3050299562609E+02   0.1461875481090E-16
  0.3059051403328E+02   0.1471736234494E-16
  0.3067828354601E+02   0.1481557414795E-16
  0.3076630488477E+02   0.1491313569330E-16
  0.3085457877208E+02   0.1500986084373E-16
  0.3094310593254E+02   0.1510608740022E-16
  0.3103188709285E+02   0.1520194452173E-16
  0.3112092298177E+02   0.1529740347653E-16
  0.3121021433016E+02   0.1539252072234E-16
  0.3129976187098E+02   0.1548715785347E-16
  0.3138956633929E+02   0.1558138234251E-16
  0.3147962847227E+02   0.1567515444450E-16
  0.3156994900919E+02   0.1576848398101E-16
  0.3166052869146E+02   0.1586132095420E-16
  0.3175136826261E+02   0.1595360164446E-16
  0.3184246846832E+02   0.1604548279115E-16
  0.3193383005639E+02   0.1613717108686E-16
  0.3202545377676E+02   0.1622857420789E-16
  0.3211734038154E+02   0.1632002385975E-16
  0.3220949062500E+02   0.1641120418034E-16
  0.3230190526356E+02   0.1650227394191E-16
  0.3239458505581E+02   0.1659288695525E-16
  0.3248753076253E+02   0.1668299859130E-16
  0.3258074314666E+02   0.1677278702224E-16
  0.3267422297337E+02   0.1686188911495E-16
  0.3276797100997E+02   0.1695072963940E-16
  0.3286198802603E+02   0.1703906151163E-16
  0.3295627479327E+02   0.1712688805505E-16
  0.3305083208568E+02   0.1721429186045E-16
  0.3314566067942E+02   0.1730122872605E-16
  0.3324076135292E+02   0.1738776839098E-16
  0.3333613488681E+02   0.1747379873543E-16
  0.3343178206398E+02   0.1755941498429E-16
  0.3352770366956E+02   0.1764446975433E-16
  0.3362390049094E+02   0.1772890280948E-16
  0.3372037331775E+02   0.1781293139041E-16
  0.3381712294190E+02   0.1789659356098E-16
  0.3391415015758E+02   0.1797950079152E-16
  0.3401145576124E+02   0.1806207473908E-16
  0.3410904055162E+02   0.1814444180343E-16
  0.3420690532976E+02   0.1822689610133E-16
  0.3430505089900E+02   0.1830882018108E-16
  0.3440347806497E+02   0.1839021124875E-16
  0.3450218763562E+02   0.1847121121525E-16
  0.3460118042122E+02   0.1855194214763E-16
  0.3470045723436E+02   0.1863209289402E-16
  0.3480001888998E+02   0.1871190414079E-16
  0.3489986620532E+02   0.1879121350411E-16
  0.3500000000000E+02   0.1887012849854E-16
