  0.1450000000000E+02   0.1442757546536E-18
  0.1451576351247E+02   0.1465255906199E-18
  0.1453154416207E+02   0.1479195518599E-18
  0.1454734196743E+02   0.1485779448498E-18
  0.1456315694719E+02   0.1498181340643E-18
  0.1457898912003E+02   0.1517462098109E-18
  0.1459483850464E+02   0.1535935880539E-18
  0.1461070511973E+02   0.1554396235608E-18
  0.1462658898403E+02   0.1572396518755E-18
  0.1464249011630E+02   0.1588379430334E-18
  0.1465840853530E+02   0.1604876413441E-18
  0.1467434425984E+02   0.1620344698733E-18
  0.1469029730872E+02   0.1635254780925E-18
  0.1470626770078E+02   0.1651767028086E-18
  0.1472225545487E+02   0.1668368906516E-18
  0.1473826058987E+02   0.1681738699292E-18
  0.1475428312467E+02   0.1692028787352E-18
  0.1477032307819E+02   0.1698374702105E-18
  0.1478638046937E+02   0.1701246578528E-18
  0.1480245531716E+02   0.1708556856549E-18
  0.1481854764054E+02   0.1711080886471E-18
  0.1483465745851E+02   0.1703989268466E-18
  0.1485078479008E+02   0.1686941229042E-18
  0.1486692965431E+02   0.1666916526457E-18
  0.1488309207024E+02   0.1636996935424E-18
  0.1489927205696E+02   0.1592518243138E-18
  0.1491546963358E+02   0.1522075052308E-18
  0.1493168481921E+02   0.1436531338332E-18
  0.1494791763299E+02   0.1335856233924E-18
  0.1496416809410E+02   0.1230410565502E-18
  0.1498043622171E+02   0.1121625284800E-18
  0.1499672203504E+02   0.1009304625917E-18
  0.1501302555330E+02   0.8961737435970E-19
  0.1502934679575E+02   0.7874521583084E-19
  0.1504568578166E+02   0.6858940670161E-19
  0.1506204253032E+02   0.5923078662588E-19
  0.1507841706103E+02   0.5088751193710E-19
  0.1509480939312E+02   0.4343957324100E-19
  0.1511121954596E+02   0.3676322071769E-19
  0.1512764753891E+02   0.3080830389642E-19
  0.1514409339137E+02   0.2611650799365E-19
  0.1516055712275E+02   0.2413043639445E-19
  0.1517703875250E+02   0.2587181705142E-19
  0.1519353830006E+02   0.2825862238058E-19
  0.1521005578492E+02   0.2976628458982E-19
  0.1522659122658E+02   0.3063962696267E-19
  0.1524314464456E+02   0.2996074323061E-19
  0.1525971605841E+02   0.2761593094245E-19
  0.1527630548768E+02   0.2906810175110E-19
  0.1529291295196E+02   0.3656107394735E-19
  0.1530953847086E+02   0.4715854145538E-19
  0.1532618206401E+02   0.5665294312261E-19
  0.1534284375105E+02   0.6395932892025E-19
  0.1535952355166E+02   0.6905356739620E-19
  0.1537622148553E+02   0.7331218965653E-19
  0.1539293757236E+02   0.7696621428953E-19
  0.1540967183191E+02   0.8054546127988E-19
  0.1542642428392E+02   0.8402556915169E-19
  0.1544319494817E+02   0.8714715639696E-19
  0.1545998384446E+02   0.9050520062998E-19
  0.1547679099260E+02   0.9378371416522E-19
  0.1549361641246E+02   0.9658066517445E-19
  0.1551046012387E+02   0.9924387668203E-19
  0.1552732214674E+02   0.1017392553759E-18
  0.1554420250097E+02   0.1040234561349E-18
  0.1556110120649E+02   0.1061224478753E-18
  0.1557801828325E+02   0.1079335851572E-18
  0.1559495375121E+02   0.1094740850980E-18
  0.1561190763038E+02   0.1107162450704E-18
  0.1562887994077E+02   0.1115710080228E-18
  0.1564587070242E+02   0.1120176757216E-18
  0.1566287993538E+02   0.1125891685089E-18
  0.1567990765974E+02   0.1140619779877E-18
  0.1569695389560E+02   0.1154549741852E-18
  0.1571401866308E+02   0.1161525780952E-18
  0.1573110198234E+02   0.1164650968302E-18
  0.1574820387353E+02   0.1165011563689E-18
  0.1576532435685E+02   0.1161118862332E-18
  0.1578246345252E+02   0.1154256966641E-18
  0.1579962118076E+02   0.1143869945487E-18
  0.1581679756183E+02   0.1141023868479E-18
  0.1583399261601E+02   0.1144996226400E-18
  0.1585120636360E+02   0.1143762815001E-18
  0.1586843882493E+02   0.1134084454022E-18
  0.1588569002033E+02   0.1121607811643E-18
  0.1590295997018E+02   0.1108525982651E-18
  0.1592024869486E+02   0.1095528378909E-18
  0.1593755621478E+02   0.1083519898216E-18
  0.1595488255038E+02   0.1071603405395E-18
  0.1597222772211E+02   0.1057929103393E-18
  0.1598959175045E+02   0.1041658770557E-18
  0.1600697465589E+02   0.1026122775133E-18
  0.1602437645897E+02   0.1010631038054E-18
  0.1604179718022E+02   0.9930140873899E-19
  0.1605923684022E+02   0.9775450975468E-19
  0.1607669545955E+02   0.9590734533552E-19
  0.1609417305881E+02   0.9413799710098E-19
  0.1611166965866E+02   0.9245389371722E-19
  0.1612918527974E+02   0.9078942723966E-19
  0.1614671994272E+02   0.8898924319854E-19
  0.1616427366832E+02   0.8716254540656E-19
  0.1618184647726E+02   0.8550413263805E-19
  0.1619943839028E+02   0.8391710188226E-19
  0.1621704942815E+02   0.8229356513556E-19
  0.1623467961166E+02   0.8061822213644E-19
  0.1625232896163E+02   0.7888061179759E-19
  0.1626999749889E+02   0.7710600887113E-19
  0.1628768524431E+02   0.7530813375091E-19
  0.1630539221875E+02   0.7355744848705E-19
  0.1632311844314E+02   0.7184193529386E-19
  0.1634086393839E+02   0.7034458111502E-19
  0.1635862872546E+02   0.6880201286963E-19
  0.1637641282532E+02   0.6686809980789E-19
  0.1639421625897E+02   0.6500073514482E-19
  0.1641203904741E+02   0.6338814009096E-19
  0.1642988121170E+02   0.6185975596064E-19
  0.1644774277290E+02   0.6030270479792E-19
  0.1646562375210E+02   0.5874829941794E-19
  0.1648352417040E+02   0.5719807922747E-19
  0.1650144404894E+02   0.5592512099588E-19
  0.1651938340888E+02   0.5498071253169E-19
  0.1653734227139E+02   0.5416495947686E-19
  0.1655532065768E+02   0.5336096629412E-19
  0.1657331858896E+02   0.5257548390881E-19
  0.1659133608650E+02   0.5178852301666E-19
  0.1660937317156E+02   0.5091887089401E-19
  0.1662742986543E+02   0.5008943272697E-19
  0.1664550618944E+02   0.4923634311337E-19
  0.1666360216491E+02   0.4837267986390E-19
  0.1668171781323E+02   0.4753950706949E-19
  0.1669985315577E+02   0.4675700258816E-19
  0.1671800821394E+02   0.4598885130809E-19
  0.1673618300918E+02   0.4521455992318E-19
  0.1675437756295E+02   0.4448877226554E-19
  0.1677259189672E+02   0.4371453867686E-19
  0.1679082603200E+02   0.4288965728938E-19
  0.1680907999031E+02   0.4211249915677E-19
  0.1682735379322E+02   0.4135068286891E-19
  0.1684564746228E+02   0.4060673624615E-19
  0.1686396101910E+02   0.3985680943860E-19
  0.1688229448530E+02   0.3911815280144E-19
  0.1690064788251E+02   0.3841960055847E-19
  0.1691902123242E+02   0.3775062771068E-19
  0.1693741455672E+02   0.3713210494001E-19
  0.1695582787710E+02   0.3655083435786E-19
  0.1697426121532E+02   0.3581131151387E-19
  0.1699271459314E+02   0.3502883984623E-19
  0.1701118803235E+02   0.3445779234226E-19
  0.1702968155474E+02   0.3413788212029E-19
  0.1704819518216E+02   0.3384813237634E-19
  0.1706672893646E+02   0.3350491802018E-19
  0.1708528283953E+02   0.3318728114350E-19
  0.1710385691326E+02   0.3287133940677E-19
  0.1712245117959E+02   0.3254581046675E-19
  0.1714106566047E+02   0.3222689099441E-19
  0.1715970037787E+02   0.3190691383330E-19
  0.1717835535380E+02   0.3158124888006E-19
  0.1719703061027E+02   0.3125351575539E-19
  0.1721572616934E+02   0.3094293773388E-19
  0.1723444205308E+02   0.3064856191327E-19
  0.1725317828358E+02   0.3036347484142E-19
  0.1727193488296E+02   0.3008337549643E-19
  0.1729071187337E+02   0.2979630965980E-19
  0.1730950927698E+02   0.2950992379574E-19
  0.1732832711597E+02   0.2925283157261E-19
  0.1734716541257E+02   0.2899956584955E-19
  0.1736602418900E+02   0.2872011373719E-19
  0.1738490346755E+02   0.2837781896792E-19
  0.1740380327049E+02   0.2805069216733E-19
  0.1742272362014E+02   0.2775080436253E-19
  0.1744166453884E+02   0.2750632583098E-19
  0.1746062604894E+02   0.2726750735177E-19
  0.1747960817284E+02   0.2702622239292E-19
  0.1749861093293E+02   0.2682197307306E-19
  0.1751763435167E+02   0.2673448893070E-19
  0.1753667845151E+02   0.2672966007118E-19
  0.1755574325492E+02   0.2672066986225E-19
  0.1757482878442E+02   0.2669254630332E-19
  0.1759393506254E+02   0.2668377234298E-19
  0.1761306211184E+02   0.2671265715889E-19
  0.1763220995489E+02   0.2672828872016E-19
  0.1765137861431E+02   0.2672511919685E-19
  0.1767056811272E+02   0.2670889131042E-19
  0.1768977847278E+02   0.2670990720891E-19
  0.1770900971716E+02   0.2672415655650E-19
  0.1772826186858E+02   0.2673840839816E-19
  0.1774753494976E+02   0.2674232647598E-19
  0.1776682898345E+02   0.2674424324908E-19
  0.1778614399243E+02   0.2672826107309E-19
  0.1780547999951E+02   0.2671319419299E-19
  0.1782483702752E+02   0.2670815649329E-19
  0.1784421509930E+02   0.2670507076407E-19
  0.1786361423773E+02   0.2670410709059E-19
  0.1788303446572E+02   0.2670510254111E-19
  0.1790247580619E+02   0.2671533943405E-19
  0.1792193828210E+02   0.2672897535997E-19
  0.1794142191642E+02   0.2675278355559E-19
  0.1796092673215E+02   0.2679566979456E-19
  0.1798045275233E+02   0.2676916480121E-19
  0.1800000000000E+02   0.2668784450758E-19
