  0.1450000000000E+02   0.4842923318729E-18
  0.1451576351247E+02   0.4919429643757E-18
  0.1453154416207E+02   0.4972245319344E-18
  0.1454734196743E+02   0.5005720537060E-18
  0.1456315694719E+02   0.5055928216210E-18
  0.1457898912003E+02   0.5125205141425E-18
  0.1459483850464E+02   0.5192138130726E-18
  0.1461070511973E+02   0.5259596913505E-18
  0.1462658898403E+02   0.5325344536220E-18
  0.1464249011630E+02   0.5387376504795E-18
  0.1465840853530E+02   0.5448501400084E-18
  0.1467434425984E+02   0.5506705834888E-18
  0.1469029730872E+02   0.5563389963478E-18
  0.1470626770078E+02   0.5624657582514E-18
  0.1472225545487E+02   0.5686138842200E-18
  0.1473826058987E+02   0.5737918085923E-18
  0.1475428312467E+02   0.5780753423540E-18
  0.1477032307819E+02   0.5821135943035E-18
  0.1478638046937E+02   0.5857747843892E-18
  0.1480245531716E+02   0.5889244556920E-18
  0.1481854764054E+02   0.5917516946218E-18
  0.1483465745851E+02   0.5929057650163E-18
  0.1485078479008E+02   0.5917480846107E-18
  0.1486692965431E+02   0.5895534746148E-18
  0.1488309207024E+02   0.5846327395649E-18
  0.1489927205696E+02   0.5766226252508E-18
  0.1491546963358E+02   0.5663740447223E-18
  0.1493168481921E+02   0.5532279410762E-18
  0.1494791763299E+02   0.5371473872698E-18
  0.1496416809410E+02   0.5191982913947E-18
  0.1498043622171E+02   0.4994800513752E-18
  0.1499672203504E+02   0.4784690921633E-18
  0.1501302555330E+02   0.4570973639850E-18
  0.1502934679575E+02   0.4358453476642E-18
  0.1504568578166E+02   0.4150256107840E-18
  0.1506204253032E+02   0.3953111427534E-18
  0.1507841706103E+02   0.3773571953999E-18
  0.1509480939312E+02   0.3608770500587E-18
  0.1511121954596E+02   0.3460390000761E-18
  0.1512764753891E+02   0.3335954201431E-18
  0.1514409339137E+02   0.3244223317710E-18
  0.1516055712275E+02   0.3179157562571E-18
  0.1517703875250E+02   0.3135695594338E-18
  0.1519353830006E+02   0.3122653093700E-18
  0.1521005578492E+02   0.3127568698743E-18
  0.1522659122658E+02   0.3165296106108E-18
  0.1524314464456E+02   0.3226188993093E-18
  0.1525971605841E+02   0.3307561847506E-18
  0.1527630548768E+02   0.3409311422055E-18
  0.1529291295196E+02   0.3525773642958E-18
  0.1530953847086E+02   0.3652913918645E-18
  0.1532618206401E+02   0.3789126530359E-18
  0.1534284375105E+02   0.3934530195732E-18
  0.1535952355166E+02   0.4091229251409E-18
  0.1537622148553E+02   0.4255953713103E-18
  0.1539293757236E+02   0.4425901147922E-18
  0.1540967183191E+02   0.4613299188238E-18
  0.1542642428392E+02   0.4807423114828E-18
  0.1544319494817E+02   0.4996380073728E-18
  0.1545998384446E+02   0.5206246295137E-18
  0.1547679099260E+02   0.5420096965587E-18
  0.1549361641246E+02   0.5625822972018E-18
  0.1551046012387E+02   0.5832187645545E-18
  0.1552732214674E+02   0.6038968347711E-18
  0.1554420250097E+02   0.6242475248059E-18
  0.1556110120649E+02   0.6438473277373E-18
  0.1557801828325E+02   0.6626681240483E-18
  0.1559495375121E+02   0.6808028717018E-18
  0.1561190763038E+02   0.6980619819182E-18
  0.1562887994077E+02   0.7148400089698E-18
  0.1564587070242E+02   0.7313302031033E-18
  0.1566287993538E+02   0.7466962452371E-18
  0.1567990765974E+02   0.7614603031273E-18
  0.1569695389560E+02   0.7765760814802E-18
  0.1571401866308E+02   0.7903019594531E-18
  0.1573110198234E+02   0.8022445582250E-18
  0.1574820387353E+02   0.8136243288464E-18
  0.1576532435685E+02   0.8248454521824E-18
  0.1578246345252E+02   0.8337361764803E-18
  0.1579962118076E+02   0.8402933819521E-18
  0.1581679756183E+02   0.8519629662934E-18
  0.1583399261601E+02   0.8688927327149E-18
  0.1585120636360E+02   0.8826616115616E-18
  0.1586843882493E+02   0.8911496783021E-18
  0.1588569002033E+02   0.8977385702844E-18
  0.1590295997018E+02   0.9039472759751E-18
  0.1592024869486E+02   0.9098270949139E-18
  0.1593755621478E+02   0.9159598964774E-18
  0.1595488255038E+02   0.9223928644253E-18
  0.1597222772211E+02   0.9280941276905E-18
  0.1598959175045E+02   0.9326070936410E-18
  0.1600697465589E+02   0.9371367074551E-18
  0.1602437645897E+02   0.9412562199865E-18
  0.1604179718022E+02   0.9444893812605E-18
  0.1605923684022E+02   0.9476367722910E-18
  0.1607669545955E+02   0.9495120147498E-18
  0.1609417305881E+02   0.9513288486953E-18
  0.1611166965866E+02   0.9538137509496E-18
  0.1612918527974E+02   0.9557919753055E-18
  0.1614671994272E+02   0.9564901596112E-18
  0.1616427366832E+02   0.9574066139599E-18
  0.1618184647726E+02   0.9588247244755E-18
  0.1619943839028E+02   0.9600964617210E-18
  0.1621704942815E+02   0.9608067114106E-18
  0.1623467961166E+02   0.9609608697488E-18
  0.1625232896163E+02   0.9607011135553E-18
  0.1626999749889E+02   0.9598629435454E-18
  0.1628768524431E+02   0.9583747257361E-18
  0.1630539221875E+02   0.9570446181092E-18
  0.1632311844314E+02   0.9560159554767E-18
  0.1634086393839E+02   0.9557086622426E-18
  0.1635862872546E+02   0.9550204488889E-18
  0.1637641282532E+02   0.9512359116574E-18
  0.1639421625897E+02   0.9466212125893E-18
  0.1641203904741E+02   0.9435425715022E-18
  0.1642988121170E+02   0.9413805844682E-18
  0.1644774277290E+02   0.9386245207300E-18
  0.1646562375210E+02   0.9354924913109E-18
  0.1648352417040E+02   0.9327502718488E-18
  0.1650144404894E+02   0.9304237514206E-18
  0.1651938340888E+02   0.9291880103864E-18
  0.1653734227139E+02   0.9289077273468E-18
  0.1655532065768E+02   0.9290675133506E-18
  0.1657331858896E+02   0.9292112052708E-18
  0.1659133608650E+02   0.9284138026982E-18
  0.1660937317156E+02   0.9266477159587E-18
  0.1662742986543E+02   0.9250345833190E-18
  0.1664550618944E+02   0.9234110103725E-18
  0.1666360216491E+02   0.9216329773644E-18
  0.1668171781323E+02   0.9196787278051E-18
  0.1669985315577E+02   0.9177966953663E-18
  0.1671800821394E+02   0.9161276945905E-18
  0.1673618300918E+02   0.9145142226619E-18
  0.1675437756295E+02   0.9132365805426E-18
  0.1677259189672E+02   0.9110146427863E-18
  0.1679082603200E+02   0.9078461520350E-18
  0.1680907999031E+02   0.9047678669290E-18
  0.1682735379322E+02   0.9022704910849E-18
  0.1684564746228E+02   0.8998880009020E-18
  0.1686396101910E+02   0.8972149794672E-18
  0.1688229448530E+02   0.8941011080459E-18
  0.1690064788251E+02   0.8906941034640E-18
  0.1691902123242E+02   0.8877138866167E-18
  0.1693741455672E+02   0.8856998836187E-18
  0.1695582787710E+02   0.8839758736848E-18
  0.1697426121532E+02   0.8803013799351E-18
  0.1699271459314E+02   0.8745499568758E-18
  0.1701118803235E+02   0.8709333027503E-18
  0.1702968155474E+02   0.8706678632706E-18
  0.1704819518216E+02   0.8710196649348E-18
  0.1706672893646E+02   0.8708943793839E-18
  0.1708528283953E+02   0.8704198700612E-18
  0.1710385691326E+02   0.8695145154714E-18
  0.1712245117959E+02   0.8682203653238E-18
  0.1714106566047E+02   0.8667539666135E-18
  0.1715970037787E+02   0.8653842718903E-18
  0.1717835535380E+02   0.8641196979705E-18
  0.1719703061027E+02   0.8628546896662E-18
  0.1721572616934E+02   0.8618146297049E-18
  0.1723444205308E+02   0.8611742278840E-18
  0.1725317828358E+02   0.8606042749394E-18
  0.1727193488296E+02   0.8598095495605E-18
  0.1729071187337E+02   0.8587124044898E-18
  0.1730950927698E+02   0.8580995926864E-18
  0.1732832711597E+02   0.8579398396167E-18
  0.1734716541257E+02   0.8570176772900E-18
  0.1736602418900E+02   0.8541234523394E-18
  0.1738490346755E+02   0.8502636404530E-18
  0.1740380327049E+02   0.8475271320002E-18
  0.1742272362014E+02   0.8460515672986E-18
  0.1744166453884E+02   0.8453902406883E-18
  0.1746062604894E+02   0.8446252347147E-18
  0.1747960817284E+02   0.8432183480921E-18
  0.1749861093293E+02   0.8419315955789E-18
  0.1751763435167E+02   0.8423136452788E-18
  0.1753667845151E+02   0.8440248873785E-18
  0.1755574325492E+02   0.8456164073968E-18
  0.1757482878442E+02   0.8469012611514E-18
  0.1759393506254E+02   0.8484233756077E-18
  0.1761306211184E+02   0.8504574152750E-18
  0.1763220995489E+02   0.8523685453961E-18
  0.1765137861431E+02   0.8536943357157E-18
  0.1767056811272E+02   0.8550151399934E-18
  0.1768977847278E+02   0.8566446639801E-18
  0.1770900971716E+02   0.8585774590672E-18
  0.1772826186858E+02   0.8603121351809E-18
  0.1774753494976E+02   0.8619713183906E-18
  0.1776682898345E+02   0.8634036734058E-18
  0.1778614399243E+02   0.8644861038737E-18
  0.1780547999951E+02   0.8654655762811E-18
  0.1782483702752E+02   0.8666641751688E-18
  0.1784421509930E+02   0.8680438281731E-18
  0.1786361423773E+02   0.8694323441266E-18
  0.1788303446572E+02   0.8708173363104E-18
  0.1790247580619E+02   0.8721127953453E-18
  0.1792193828210E+02   0.8733062775632E-18
  0.1794142191642E+02   0.8747862181232E-18
  0.1796092673215E+02   0.8762356022215E-18
  0.1798045275233E+02   0.8758552554327E-18
  0.1800000000000E+02   0.8739274114177E-18
