           1
        1000
  
  0.2000000000000E+01   0.2912184319619E-20
  0.2005738348342E+01   0.2943810751443E-20
  0.2011493161004E+01   0.3022501554126E-20
  0.2017264485226E+01   0.3098373598266E-20
  0.2023052368383E+01   0.3203965328131E-20
  0.2028856857985E+01   0.3276159298958E-20
  0.2034678001678E+01   0.3370687665032E-20
  0.2040515847246E+01   0.3473368417270E-20
  0.2046370442610E+01   0.3564079748092E-20
  0.2052241835828E+01   0.3684514003334E-20
  0.2058130075096E+01   0.3779127224615E-20
  0.2064035208748E+01   0.3871096151310E-20
  0.2069957285256E+01   0.3937182954890E-20
  0.2075896353234E+01   0.4003211436293E-20
  0.2081852461432E+01   0.4069725250879E-20
  0.2087825658742E+01   0.4136654391735E-20
  0.2093815994195E+01   0.4206794935773E-20
  0.2099823516964E+01   0.4275841941187E-20
  0.2105848276362E+01   0.4347100882692E-20
  0.2111890321844E+01   0.4418856580462E-20
  0.2117949703007E+01   0.4491573288983E-20
  0.2124026469590E+01   0.4563593564592E-20
  0.2130120671475E+01   0.4628488123091E-20
  0.2136232358686E+01   0.4691013828723E-20
  0.2142361581393E+01   0.4763812268340E-20
  0.2148508389907E+01   0.4846048959407E-20
  0.2154672834685E+01   0.4926027697977E-20
  0.2160854966329E+01   0.5006506047590E-20
  0.2167054835585E+01   0.5088931729193E-20
  0.2173272493346E+01   0.5172376489420E-20
  0.2179507990650E+01   0.5256273211438E-20
  0.2185761378682E+01   0.5337297170461E-20
  0.2192032708773E+01   0.5417490885547E-20
  0.2198322032403E+01   0.5497231221516E-20
  0.2204629401197E+01   0.5581852410831E-20
  0.2210954866931E+01   0.5666538633256E-20
  0.2217298481528E+01   0.5750924781583E-20
  0.2223660297061E+01   0.5834372273527E-20
  0.2230040365750E+01   0.5918768314939E-20
  0.2236438739967E+01   0.6005104281619E-20
  0.2242855472234E+01   0.6094961706239E-20
  0.2249290615224E+01   0.6188517440958E-20
  0.2255744221760E+01   0.6282439169049E-20
  0.2262216344817E+01   0.6374149890032E-20
  0.2268707037522E+01   0.6460488339043E-20
  0.2275216353156E+01   0.6548664162203E-20
  0.2281744345149E+01   0.6642725676123E-20
  0.2288291067089E+01   0.6738164475454E-20
  0.2294856572714E+01   0.6833426358802E-20
  0.2301440915918E+01   0.6931275137923E-20
  0.2308044150750E+01   0.7028122851053E-20
  0.2314666331412E+01   0.7123785856774E-20
  0.2321307512264E+01   0.7219250109796E-20
  0.2327967747821E+01   0.7319044602040E-20
  0.2334647092753E+01   0.7413034722332E-20
  0.2341345601890E+01   0.7512141243909E-20
  0.2348063330216E+01   0.7611834067004E-20
  0.2354800332874E+01   0.7714845563111E-20
  0.2361556665167E+01   0.7820980754715E-20
  0.2368332382554E+01   0.7925033208139E-20
  0.2375127540653E+01   0.8036729391196E-20
  0.2381942195246E+01   0.8138975799899E-20
  0.2388776402269E+01   0.8251014954499E-20
  0.2395630217822E+01   0.8357548484343E-20
  0.2402503698166E+01   0.8469205358440E-20
  0.2409396899722E+01   0.8575536708349E-20
  0.2416309879074E+01   0.8686283679584E-20
  0.2423242692967E+01   0.8794808937156E-20
  0.2430195398312E+01   0.8906122063936E-20
  0.2437168052179E+01   0.9016149482402E-20
  0.2444160711804E+01   0.9126916398853E-20
  0.2451173434587E+01   0.9251690215314E-20
  0.2458206278094E+01   0.9366966803177E-20
  0.2465259300054E+01   0.9491320883175E-20
  0.2472332558362E+01   0.9613563016668E-20
  0.2479426111080E+01   0.9729753049251E-20
  0.2486540016437E+01   0.9852564159870E-20
  0.2493674332826E+01   0.9983137901665E-20
  0.2500829118813E+01   0.1011505121460E-19
  0.2508004433126E+01   0.1024803640173E-19
  0.2515200334666E+01   0.1038929495077E-19
  0.2522416882500E+01   0.1053359306000E-19
  0.2529654135868E+01   0.1067620195792E-19
  0.2536912154175E+01   0.1082168946729E-19
  0.2544190997002E+01   0.1096304217492E-19
  0.2551490724096E+01   0.1110984399466E-19
  0.2558811395379E+01   0.1125848499059E-19
  0.2566153070942E+01   0.1140751391236E-19
  0.2573515811052E+01   0.1156413831808E-19
  0.2580899676145E+01   0.1171705025903E-19
  0.2588304726834E+01   0.1187129670383E-19
  0.2595731023902E+01   0.1204224456328E-19
  0.2603178628310E+01   0.1219581745890E-19
  0.2610647601193E+01   0.1236329801405E-19
  0.2618138003859E+01   0.1253558052062E-19
  0.2625649897795E+01   0.1270545372131E-19
  0.2633183344664E+01   0.1287797298448E-19
  0.2640738406303E+01   0.1305879969105E-19
  0.2648315144731E+01   0.1323947861877E-19
  0.2655913622140E+01   0.1342586138209E-19
  0.2663533900905E+01   0.1362748224993E-19
  0.2671176043576E+01   0.1387064223664E-19
  0.2678840112886E+01   0.1413255272857E-19
  0.2686526171746E+01   0.1442570905530E-19
  0.2694234283247E+01   0.1471925392151E-19
  0.2701964510663E+01   0.1493195435377E-19
  0.2709716917447E+01   0.1510035400036E-19
  0.2717491567237E+01   0.1544601121607E-19
  0.2725288523851E+01   0.1583326341141E-19
  0.2733107851292E+01   0.1618799294259E-19
  0.2740949613745E+01   0.1644873133293E-19
  0.2748813875580E+01   0.1670956228888E-19
  0.2756700701352E+01   0.1712779948207E-19
  0.2764610155801E+01   0.1769065496289E-19
  0.2772542303853E+01   0.1836697496367E-19
  0.2780497210618E+01   0.1902657134314E-19
  0.2788474941397E+01   0.1972026980734E-19
  0.2796475561675E+01   0.2051531752995E-19
  0.2804499137126E+01   0.1752804469938E-19
  0.2812545733612E+01   0.1230773970398E-19
  0.2820615417185E+01   0.7834215587687E-20
  0.2828708254086E+01   0.4371436321015E-20
  0.2836824310746E+01   0.2147979077039E-20
  0.2844963653785E+01   0.9045772159983E-21
  0.2853126350018E+01   0.3251028790091E-21
  0.2861312466447E+01   0.1056765720401E-21
  0.2869522070270E+01   0.3080869602107E-22
  0.2877755228877E+01   0.8886588291507E-23
  0.2886012009850E+01   0.2685925464265E-23
  0.2894292480965E+01   0.8883816522266E-24
  0.2902596710194E+01   0.3340264338816E-24
  0.2910924765703E+01   0.1501530168559E-24
  0.2919276715854E+01   0.7497612416691E-25
  0.2927652629205E+01   0.4584994421020E-25
  0.2936052574510E+01   0.3022414573317E-25
  0.2944476620721E+01   0.2295927326485E-25
  0.2952924836988E+01   0.1883217863959E-25
  0.2961397292658E+01   0.1594359339535E-25
  0.2969894057280E+01   0.1415342797080E-25
  0.2978415200599E+01   0.1314707654394E-25
  0.2986960792563E+01   0.1306083433414E-25
  0.2995530903318E+01   0.1189695761523E-25
  0.3004125603214E+01   0.1202574670063E-25
  0.3012744962800E+01   0.1242844445981E-25
  0.3021389052831E+01   0.1284128675063E-25
  0.3030057944261E+01   0.1415669144209E-25
  0.3038751708251E+01   0.1581643379276E-25
  0.3047470416164E+01   0.1890704799061E-25
  0.3056214139568E+01   0.2406323504878E-25
  0.3064982950238E+01   0.3138716770606E-25
  0.3073776920153E+01   0.4136879677580E-25
  0.3082596121499E+01   0.5757527773395E-25
  0.3091440626670E+01   0.8294342140358E-25
  0.3100310508267E+01   0.1192153188918E-24
  0.3109205839099E+01   0.1762803755553E-24
  0.3118126692184E+01   0.2797022538485E-24
  0.3127073140750E+01   0.4457758740721E-24
  0.3136045258236E+01   0.7189275323820E-24
  0.3145043118290E+01   0.1185318378689E-23
  0.3154066794771E+01   0.1971238695864E-23
  0.3163116361751E+01   0.3349431838676E-23
  0.3172191893516E+01   0.5734001878489E-23
  0.3181293464562E+01   0.9846616371147E-23
  0.3190421149600E+01   0.1701039425478E-22
  0.3199575023556E+01   0.2916803566461E-22
  0.3208755161572E+01   0.4982515388771E-22
  0.3217961639002E+01   0.8468413275726E-22
  0.3227194531419E+01   0.1418374403541E-21
  0.3236453914613E+01   0.2327883523352E-21
  0.3245739864590E+01   0.3719029166872E-21
  0.3255052457574E+01   0.5732471122053E-21
  0.3264391770010E+01   0.8483842674503E-21
  0.3273757878560E+01   0.1199253886723E-20
  0.3283150860107E+01   0.1619412398372E-20
  0.3292570791754E+01   0.2095398750049E-20
  0.3302017750825E+01   0.2612791671421E-20
  0.3311491814867E+01   0.3147895684365E-20
  0.3320993061649E+01   0.3683828759270E-20
  0.3330521569163E+01   0.4214339620223E-20
  0.3340077415625E+01   0.4733939061171E-20
  0.3349660679474E+01   0.5243179133741E-20
  0.3359271439377E+01   0.5719544015141E-20
  0.3368909774224E+01   0.6165310526431E-20
  0.3378575763132E+01   0.6587628970530E-20
  0.3388269485445E+01   0.7014577961882E-20
  0.3397991020737E+01   0.7398525384244E-20
  0.3407740448806E+01   0.7744954933414E-20
  0.3417517849683E+01   0.8105404939052E-20
  0.3427323303625E+01   0.8407863852033E-20
  0.3437156891123E+01   0.8715193227854E-20
  0.3447018692896E+01   0.9012379046839E-20
  0.3456908789896E+01   0.9287627486194E-20
  0.3466827263307E+01   0.9531439214380E-20
  0.3476774194546E+01   0.9779242563751E-20
  0.3486749665263E+01   0.1000044571523E-19
  0.3496753757342E+01   0.1023149607395E-19
  0.3506786552905E+01   0.1045649844074E-19
  0.3516848134305E+01   0.1068715190057E-19
  0.3526938584134E+01   0.1086855792481E-19
  0.3537057985222E+01   0.1110413052650E-19
  0.3547206420634E+01   0.1137642322970E-19
  0.3557383973675E+01   0.1162931013502E-19
  0.3567590727888E+01   0.1187165009030E-19
  0.3577826767056E+01   0.1209488930614E-19
  0.3588092175204E+01   0.1235184288009E-19
  0.3598387036595E+01   0.1262005940837E-19
  0.3608711435738E+01   0.1276042383221E-19
  0.3619065457379E+01   0.1297822504331E-19
  0.3629449186512E+01   0.1318129262409E-19
  0.3639862708372E+01   0.1338124413728E-19
  0.3650306108440E+01   0.1357940226641E-19
  0.3660779472442E+01   0.1376132673465E-19
  0.3671282886350E+01   0.1397513181421E-19
  0.3681816436381E+01   0.1415293601164E-19
  0.3692380209002E+01   0.1433476049085E-19
  0.3702974290926E+01   0.1452919349934E-19
  0.3713598769117E+01   0.1470799083527E-19
  0.3724253730786E+01   0.1489817995996E-19
  0.3734939263396E+01   0.1507374815899E-19
  0.3745655454660E+01   0.1525612727433E-19
  0.3756402392544E+01   0.1543293791178E-19
  0.3767180165264E+01   0.1561359645452E-19
  0.3777988861291E+01   0.1576931992536E-19
  0.3788828569349E+01   0.1591963107998E-19
  0.3799699378418E+01   0.1607569521823E-19
  0.3810601377731E+01   0.1622118964049E-19
  0.3821534656780E+01   0.1635098273989E-19
  0.3832499305310E+01   0.1648126070071E-19
  0.3843495413326E+01   0.1662326617111E-19
  0.3854523071092E+01   0.1675623780377E-19
  0.3865582369128E+01   0.1690014184745E-19
  0.3876673398217E+01   0.1704896205550E-19
  0.3887796249400E+01   0.1721000757575E-19
  0.3898951013980E+01   0.1735566337491E-19
  0.3910137783523E+01   0.1751977159042E-19
  0.3921356649856E+01   0.1767449139146E-19
  0.3932607705070E+01   0.1780994395965E-19
  0.3943891041521E+01   0.1797087381270E-19
  0.3955206751830E+01   0.1813397900551E-19
  0.3966554928883E+01   0.1827042944251E-19
  0.3977935665832E+01   0.1839053424461E-19
  0.3989349056097E+01   0.1851956693306E-19
  0.4000795193368E+01   0.1859151429305E-19
  0.4012274171599E+01   0.1868097265958E-19
  0.4023786085019E+01   0.1873441397703E-19
  0.4035331028123E+01   0.1880134912687E-19
  0.4046909095679E+01   0.1885212425384E-19
  0.4058520382728E+01   0.1889804013470E-19
  0.4070164984582E+01   0.1893110196794E-19
  0.4081842996827E+01   0.1906811175993E-19
  0.4093554515323E+01   0.1921437795170E-19
  0.4105299636205E+01   0.1940296751949E-19
  0.4117078455885E+01   0.1964332273569E-19
  0.4128891071050E+01   0.1993351240286E-19
  0.4140737578665E+01   0.2033159342218E-19
  0.4152618075974E+01   0.2072657079742E-19
  0.4164532660498E+01   0.2117304037140E-19
  0.4176481430042E+01   0.2188248016077E-19
  0.4188464482686E+01   0.2284580382390E-19
  0.4200481916795E+01   0.2407480624437E-19
  0.4212533831015E+01   0.2549536726367E-19
  0.4224620324277E+01   0.2666782460507E-19
  0.4236741495793E+01   0.1169567853981E-19
  0.4248897445061E+01   0.1001281946342E-22
  0.4261088271865E+01   0.1003706658602E-24
  0.4273314076274E+01   0.8407000762703E-24
  0.4285574958646E+01   0.1636019004443E-20
  0.4297871019624E+01   0.9579314103811E-20
  0.4310202360143E+01   0.1174639310743E-19
  0.4322569081426E+01   0.1282767566236E-19
  0.4334971284986E+01   0.1352894895375E-19
  0.4347409072628E+01   0.1408943385587E-19
  0.4359882546449E+01   0.1444526921973E-19
  0.4372391808839E+01   0.1438504766458E-19
  0.4384936962482E+01   0.1218232377620E-19
  0.4397518110355E+01   0.1309633673090E-19
  0.4410135355733E+01   0.1481455081816E-19
  0.4422788802186E+01   0.1489502384228E-19
  0.4435478553580E+01   0.1492819011480E-19
  0.4448204714081E+01   0.1491130236404E-19
  0.4460967388154E+01   0.1490481748084E-19
  0.4473766680561E+01   0.1486366160277E-19
  0.4486602696367E+01   0.1483122187140E-19
  0.4499475540938E+01   0.1483310535896E-19
  0.4512385319942E+01   0.1482611097867E-19
  0.4525332139351E+01   0.1483019689909E-19
  0.4538316105440E+01   0.1487806371287E-19
  0.4551337324788E+01   0.1494583544830E-19
  0.4564395904283E+01   0.1506858308174E-19
  0.4577491951117E+01   0.1519577340760E-19
  0.4590625572791E+01   0.1535776181446E-19
  0.4603796877112E+01   0.1555126558586E-19
  0.4617005972199E+01   0.1576167640358E-19
  0.4630252966481E+01   0.1600763573545E-19
  0.4643537968697E+01   0.1626343532099E-19
  0.4656861087898E+01   0.1629248613402E-19
  0.4670222433449E+01   0.1521149314246E-19
  0.4683622115027E+01   0.1658865174070E-19
  0.4697060242625E+01   0.1742176002737E-19
  0.4710536926552E+01   0.1774716634837E-19
  0.4724052277433E+01   0.1806591968114E-19
  0.4737606406209E+01   0.1838666219510E-19
  0.4751199424141E+01   0.1869010294460E-19
  0.4764831442809E+01   0.1901412101643E-19
  0.4778502574113E+01   0.1928610222597E-19
  0.4792212930274E+01   0.1964917380433E-19
  0.4805962623834E+01   0.1995464611081E-19
  0.4819751767661E+01   0.2027874568296E-19
  0.4833580474942E+01   0.2059938835627E-19
  0.4847448859194E+01   0.2089659374215E-19
  0.4861357034255E+01   0.2119717922565E-19
  0.4875305114293E+01   0.2149999635991E-19
  0.4889293213801E+01   0.2180874330896E-19
  0.4903321447604E+01   0.2212561850961E-19
  0.4917389930853E+01   0.2240855700837E-19
  0.4931498779030E+01   0.2272398213534E-19
  0.4945648107950E+01   0.2300521831648E-19
  0.4959838033760E+01   0.2327662799664E-19
  0.4974068672938E+01   0.2353910770264E-19
  0.4988340142298E+01   0.2382003964977E-19
  0.5002652558990E+01   0.2407317298238E-19
  0.5017006040497E+01   0.2433567307619E-19
  0.5031400704644E+01   0.2455667594434E-19
  0.5045836669588E+01   0.2478616714243E-19
  0.5060314053831E+01   0.2501215164758E-19
  0.5074832976211E+01   0.2519439058650E-19
  0.5089393555907E+01   0.2535991258214E-19
  0.5103995912443E+01   0.2552089200562E-19
  0.5118640165683E+01   0.2566884034487E-19
  0.5133326435836E+01   0.2582101097523E-19
  0.5148054843456E+01   0.2594255100509E-19
  0.5162825509443E+01   0.2604263355680E-19
  0.5177638555043E+01   0.2616140645954E-19
  0.5192494101851E+01   0.2625890085189E-19
  0.5207392271810E+01   0.2634483831046E-19
  0.5222333187214E+01   0.2642933015071E-19
  0.5237316970706E+01   0.2651579839681E-19
  0.5252343745283E+01   0.2657787418493E-19
  0.5267413634293E+01   0.2665062533264E-19
  0.5282526761440E+01   0.2674162910132E-19
  0.5297683250780E+01   0.2680387892020E-19
  0.5312883226729E+01   0.2683978896994E-19
  0.5328126814055E+01   0.2687435691437E-19
  0.5343414137889E+01   0.2692421985277E-19
  0.5358745323718E+01   0.2692922493990E-19
  0.5374120497388E+01   0.2690946242283E-19
  0.5389539785110E+01   0.2692250516903E-19
  0.5405003313454E+01   0.2688718633270E-19
  0.5420511209355E+01   0.2689410689026E-19
  0.5436063600109E+01   0.2683606046054E-19
  0.5451660613382E+01   0.2675908453168E-19
  0.5467302377202E+01   0.2670113566399E-19
  0.5482989019966E+01   0.2663289161216E-19
  0.5498720670441E+01   0.2652827737490E-19
  0.5514497457762E+01   0.2645684301187E-19
  0.5530319511432E+01   0.2634067502564E-19
  0.5546186961331E+01   0.2621323708551E-19
  0.5562099937707E+01   0.2606295151936E-19
  0.5578058571184E+01   0.2586973986844E-19
  0.5594062992760E+01   0.2561261457876E-19
  0.5610113333808E+01   0.2534184483345E-19
  0.5626209726081E+01   0.2502223694215E-19
  0.5642352301707E+01   0.2460082560009E-19
  0.5658541193194E+01   0.2412879782585E-19
  0.5674776533430E+01   0.2355176396074E-19
  0.5691058455685E+01   0.2290747605162E-19
  0.5707387093610E+01   0.2215673936021E-19
  0.5723762581242E+01   0.2127208399379E-19
  0.5740185053000E+01   0.2026104397424E-19
  0.5756654643690E+01   0.1910329556480E-19
  0.5773171488504E+01   0.1786958418946E-19
  0.5789735723023E+01   0.1649799235274E-19
  0.5806347483215E+01   0.1512718684728E-19
  0.5823006905441E+01   0.1378732624024E-19
  0.5839714126450E+01   0.1243823916410E-19
  0.5856469283387E+01   0.1129232066478E-19
  0.5873272513787E+01   0.1028640948808E-19
  0.5890123955582E+01   0.9416774213440E-20
  0.5907023747098E+01   0.8716941998539E-20
  0.5923972027060E+01   0.8156760175884E-20
  0.5940968934588E+01   0.7737410490076E-20
  0.5958014609205E+01   0.7380297548727E-20
  0.5975109190831E+01   0.7134919369360E-20
  0.5992252819789E+01   0.6937874666495E-20
  0.6009445636805E+01   0.6788732574192E-20
  0.6026687783007E+01   0.6686065543459E-20
  0.6043979399930E+01   0.6650657818694E-20
  0.6061320629513E+01   0.6657299822067E-20
  0.6078711614104E+01   0.6777055039995E-20
  0.6096152496459E+01   0.7005848332407E-20
  0.6113643419744E+01   0.7394174062784E-20
  0.6131184527533E+01   0.7874262904134E-20
  0.6148775963816E+01   0.8423961027312E-20
  0.6166417872994E+01   0.9008732731359E-20
  0.6184110399881E+01   0.9574487801664E-20
  0.6201853689710E+01   0.1004098037718E-19
  0.6219647888128E+01   0.1045092625373E-19
  0.6237493141200E+01   0.1082527856695E-19
  0.6255389595412E+01   0.1116769147691E-19
  0.6273337397667E+01   0.1146265768099E-19
  0.6291336695293E+01   0.1176544308181E-19
  0.6309387636040E+01   0.1203769560766E-19
  0.6327490368079E+01   0.1233103443465E-19
  0.6345645040009E+01   0.1263562412806E-19
  0.6363851800855E+01   0.1290561165306E-19
  0.6382110800069E+01   0.1321489508925E-19
  0.6400422187532E+01   0.1350023966612E-19
  0.6418786113555E+01   0.1380657406781E-19
  0.6437202728880E+01   0.1404809685155E-19
  0.6455672184682E+01   0.1430239963530E-19
  0.6474194632569E+01   0.1453800963985E-19
  0.6492770224586E+01   0.1481986751458E-19
  0.6511399113211E+01   0.1501454029839E-19
  0.6530081451363E+01   0.1523334741735E-19
  0.6548817392397E+01   0.1545595826786E-19
  0.6567607090108E+01   0.1567279400318E-19
  0.6586450698735E+01   0.1589631073697E-19
  0.6605348372958E+01   0.1613375833608E-19
  0.6624300267898E+01   0.1638273487022E-19
  0.6643306539127E+01   0.1667820912886E-19
  0.6662367342658E+01   0.1690153431696E-19
  0.6681482834954E+01   0.1718979877278E-19
  0.6700653172927E+01   0.1743878112424E-19
  0.6719878513938E+01   0.1766711400103E-19
  0.6739159015801E+01   0.1784933221153E-19
  0.6758494836783E+01   0.1802668362433E-19
  0.6777886135602E+01   0.1827997277137E-19
  0.6797333071435E+01   0.1857343755959E-19
  0.6816835803914E+01   0.1874686292271E-19
  0.6836394493129E+01   0.1893886654522E-19
  0.6856009299631E+01   0.1924203315633E-19
  0.6875680384428E+01   0.1942377117566E-19
  0.6895407908994E+01   0.1963085839417E-19
  0.6915192035264E+01   0.1989247497533E-19
  0.6935032925638E+01   0.2015369203356E-19
  0.6954930742982E+01   0.2038159282275E-19
  0.6974885650629E+01   0.2060015569866E-19
  0.6994897812383E+01   0.2085314118136E-19
  0.7014967392513E+01   0.2106765695496E-19
  0.7035094555765E+01   0.2134379678279E-19
  0.7055279467354E+01   0.2165972228181E-19
  0.7075522292970E+01   0.2193923318652E-19
  0.7095823198778E+01   0.2223549399794E-19
  0.7116182351420E+01   0.2256421145932E-19
  0.7136599918018E+01   0.2285777208403E-19
  0.7157076066170E+01   0.2317587261658E-19
  0.7177610963958E+01   0.2350066484119E-19
  0.7198204779944E+01   0.2377785121416E-19
  0.7218857683175E+01   0.2401487468745E-19
  0.7239569843182E+01   0.2423977117562E-19
  0.7260341429984E+01   0.2465318742819E-19
  0.7281172614086E+01   0.2506040873702E-19
  0.7302063566484E+01   0.2544844382813E-19
  0.7323014458663E+01   0.2584164615155E-19
  0.7344025462600E+01   0.2623227217222E-19
  0.7365096750767E+01   0.2663609664908E-19
  0.7386228496130E+01   0.2704687046893E-19
  0.7407420872151E+01   0.2746668248525E-19
  0.7428674052790E+01   0.2788067440628E-19
  0.7449988212505E+01   0.2833044855374E-19
  0.7471363526258E+01   0.2881187745774E-19
  0.7492800169508E+01   0.2931028267037E-19
  0.7514298318222E+01   0.2972861707748E-19
  0.7535858148868E+01   0.3016191584721E-19
  0.7557479838424E+01   0.3069519673377E-19
  0.7579163564373E+01   0.3124176127486E-19
  0.7600909504708E+01   0.3178672643589E-19
  0.7622717837934E+01   0.3228826553150E-19
  0.7644588743066E+01   0.3277865847794E-19
  0.7666522399634E+01   0.3327688425081E-19
  0.7688518987683E+01   0.3374284321968E-19
  0.7710578687774E+01   0.3418915173969E-19
  0.7732701680988E+01   0.3460738577993E-19
  0.7754888148921E+01   0.3497673189800E-19
  0.7777138273696E+01   0.3523446579210E-19
  0.7799452237954E+01   0.3543563162885E-19
  0.7821830224861E+01   0.3557054153569E-19
  0.7844272418111E+01   0.3565086705182E-19
  0.7866779001922E+01   0.3555235331672E-19
  0.7889350161042E+01   0.3536498055529E-19
  0.7911986080749E+01   0.3510332992952E-19
  0.7934686946851E+01   0.3471735600815E-19
  0.7957452945693E+01   0.3421404210772E-19
  0.7980284264150E+01   0.3364879230272E-19
  0.8003181089637E+01   0.3357424604581E-19
  0.8026143610103E+01   0.3323965682538E-19
  0.8049172014041E+01   0.3267745388354E-19
  0.8072266490480E+01   0.3188215783150E-19
  0.8095427228995E+01   0.3124171304985E-19
  0.8118654419702E+01   0.3022530423202E-19
  0.8141948253265E+01   0.2897407380144E-19
  0.8165308920893E+01   0.2741229025204E-19
  0.8188736614346E+01   0.2640256315626E-19
  0.8212231525931E+01   0.2579016358250E-19
  0.8235793848510E+01   0.2565956118789E-19
  0.8259423775497E+01   0.2533656837013E-19
  0.8283121500859E+01   0.2574220094820E-19
  0.8306887219123E+01   0.2582106166485E-19
  0.8330721125372E+01   0.2554110629021E-19
  0.8354623415250E+01   0.2496136297530E-19
  0.8378594284960E+01   0.2459406459895E-19
  0.8402633931270E+01   0.2395834793015E-19
  0.8426742551512E+01   0.2364770882532E-19
  0.8450920343585E+01   0.2303672762562E-19
  0.8475167505955E+01   0.2260305504688E-19
  0.8499484237656E+01   0.2195383547476E-19
  0.8523870738296E+01   0.2112064972086E-19
  0.8548327208054E+01   0.2009169794337E-19
  0.8572853847683E+01   0.1914272796274E-19
  0.8597450858513E+01   0.1811089483942E-19
  0.8622118442451E+01   0.1728746150407E-19
  0.8646856801984E+01   0.1645987835465E-19
  0.8671666140179E+01   0.1561230170067E-19
  0.8696546660687E+01   0.1473273182846E-19
  0.8721498567741E+01   0.1377246991735E-19
  0.8746522066162E+01   0.1277692857490E-19
  0.8771617361359E+01   0.1187042309964E-19
  0.8796784659329E+01   0.1095638309474E-19
  0.8822024166659E+01   0.1022542377665E-19
  0.8847336090533E+01   0.9531052954789E-20
  0.8872720638724E+01   0.8917660831981E-20
  0.8898178019606E+01   0.8302010236266E-20
  0.8923708442147E+01   0.7695865749130E-20
  0.8949312115917E+01   0.7079193976562E-20
  0.8974989251087E+01   0.6499785502310E-20
  0.9000740058430E+01   0.5960471442297E-20
  0.9026564749324E+01   0.5742423381965E-20
  0.9052463535754E+01   0.5526017179176E-20
  0.9078436630313E+01   0.5313808417476E-20
  0.9104484246204E+01   0.5105745870762E-20
  0.9130606597242E+01   0.4896556418041E-20
  0.9156803897854E+01   0.4691790738075E-20
  0.9183076363086E+01   0.4478531769127E-20
  0.9209424208595E+01   0.4344977610223E-20
  0.9235847650663E+01   0.4342975304618E-20
  0.9262346906188E+01   0.4338156359957E-20
  0.9288922192692E+01   0.4339621341559E-20
  0.9315573728322E+01   0.4341664710562E-20
  0.9342301731850E+01   0.4365328540265E-20
  0.9369106422675E+01   0.4394843886892E-20
  0.9395988020826E+01   0.4413304717178E-20
  0.9422946746965E+01   0.4629620255774E-20
  0.9449982822385E+01   0.4905584737382E-20
  0.9477096469013E+01   0.5211308998568E-20
  0.9504287909417E+01   0.5489971588736E-20
  0.9531557366798E+01   0.5820192862236E-20
  0.9558905065003E+01   0.6178198986574E-20
  0.9586331228517E+01   0.6572243304247E-20
  0.9613836082471E+01   0.7022090668358E-20
  0.9641419852641E+01   0.7562297491292E-20
  0.9669082765452E+01   0.8143301448813E-20
  0.9696825047978E+01   0.8756567939253E-20
  0.9724646927945E+01   0.9378008907831E-20
  0.9752548633731E+01   0.1001033852584E-19
  0.9780530394371E+01   0.1064050156661E-19
  0.9808592439555E+01   0.1135840727666E-19
  0.9836734999635E+01   0.1220253939399E-19
  0.9864958305621E+01   0.1321389144538E-19
  0.9893262589188E+01   0.1438264640096E-19
  0.9921648082674E+01   0.1570354351463E-19
  0.9950115019085E+01   0.1709753304020E-19
  0.9978663632094E+01   0.1853386799212E-19
  0.1000729415605E+02   0.2000607176152E-19
  0.1003600682596E+02   0.2148732186593E-19
  0.1006480187752E+02   0.2305885269138E-19
  0.1009367954710E+02   0.2457995825014E-19
  0.1012264007175E+02   0.2623235060154E-19
  0.1015168368918E+02   0.2782650947437E-19
  0.1018081063781E+02   0.2947095236647E-19
  0.1021002115673E+02   0.3104046612265E-19
  0.1023931548572E+02   0.3264923421342E-19
  0.1026869386524E+02   0.3421668927555E-19
  0.1029815653645E+02   0.3554580157261E-19
  0.1032770374119E+02   0.3680481587545E-19
  0.1035733572201E+02   0.3790232089366E-19
  0.1038705272214E+02   0.3882587149947E-19
  0.1041685498552E+02   0.3991188380611E-19
  0.1044674275678E+02   0.4079416033006E-19
  0.1047671628127E+02   0.4176086704441E-19
  0.1050677580502E+02   0.4216359307602E-19
  0.1053692157478E+02   0.4256134135829E-19
  0.1056715383800E+02   0.4253016967934E-19
  0.1059747284285E+02   0.4227225971474E-19
  0.1062787883821E+02   0.4193075605699E-19
  0.1065837207366E+02   0.4155705760905E-19
  0.1068895279952E+02   0.4080349305258E-19
  0.1071962126681E+02   0.4005935788703E-19
  0.1075037772726E+02   0.3926587673067E-19
  0.1078122243337E+02   0.3823313324924E-19
  0.1081215563830E+02   0.3738266866737E-19
  0.1084317759599E+02   0.3656010305194E-19
  0.1087428856108E+02   0.3577872161504E-19
  0.1090548878894E+02   0.3483078949673E-19
  0.1093677853570E+02   0.3391685999261E-19
  0.1096815805818E+02   0.3307214647437E-19
  0.1099962761399E+02   0.3228911483036E-19
  0.1103118746143E+02   0.3164745045287E-19
  0.1106283785956E+02   0.3092191834531E-19
  0.1109457906821E+02   0.3031030367341E-19
  0.1112641134790E+02   0.2979589834108E-19
  0.1115833495996E+02   0.2933135989953E-19
  0.1119035016641E+02   0.2884245296401E-19
  0.1122245723007E+02   0.2858977953307E-19
  0.1125465641449E+02   0.2840741471880E-19
  0.1128694798398E+02   0.2824930880780E-19
  0.1131933220360E+02   0.2812146833991E-19
  0.1135180933919E+02   0.2797258327454E-19
  0.1138437965734E+02   0.2797201854544E-19
  0.1141704342540E+02   0.2812591352586E-19
  0.1144980091151E+02   0.2847175988946E-19
  0.1148265238454E+02   0.2884760625406E-19
  0.1151559811418E+02   0.2926918521194E-19
  0.1154863837085E+02   0.2971158153569E-19
  0.1158177342577E+02   0.3033724205618E-19
  0.1161500355093E+02   0.3100399514676E-19
  0.1164832901912E+02   0.3196205407092E-19
  0.1168175010387E+02   0.3313959117490E-19
  0.1171526707954E+02   0.3435488794718E-19
  0.1174888022125E+02   0.3525713031012E-19
  0.1178258980492E+02   0.3655297369120E-19
  0.1181639610725E+02   0.3780846565219E-19
  0.1185029940575E+02   0.3913492689263E-19
  0.1188429997872E+02   0.4053105103972E-19
  0.1191839810526E+02   0.4214401218386E-19
  0.1195259406526E+02   0.4369116495170E-19
  0.1198688813943E+02   0.4524679492806E-19
  0.1202128060927E+02   0.4654493468499E-19
  0.1205577175709E+02   0.4749760744178E-19
  0.1209036186603E+02   0.4874624272969E-19
  0.1212505122001E+02   0.4998753310547E-19
  0.1215984010379E+02   0.5142982016892E-19
  0.1219472880294E+02   0.5293645110510E-19
  0.1222971760384E+02   0.5443030049952E-19
  0.1226480679370E+02   0.5621884891110E-19
  0.1229999666056E+02   0.5800389223942E-19
  0.1233528749328E+02   0.5983592363588E-19
  0.1237067958155E+02   0.6184475432955E-19
  0.1240617321588E+02   0.6436965764608E-19
  0.1244176868763E+02   0.6674555301896E-19
  0.1247746628899E+02   0.6953888148030E-19
  0.1251326631298E+02   0.7152668341429E-19
  0.1254916905348E+02   0.7391851382457E-19
  0.1258517480519E+02   0.7633381634229E-19
  0.1262128386368E+02   0.7863287903358E-19
  0.1265749652534E+02   0.8173771353947E-19
  0.1269381308744E+02   0.8458169083178E-19
  0.1273023384808E+02   0.8757867045033E-19
  0.1276675910623E+02   0.9051905175428E-19
  0.1280338916170E+02   0.9367647425954E-19
  0.1284012431518E+02   0.9685261825887E-19
  0.1287696486822E+02   0.1001522839810E-18
  0.1291391112322E+02   0.1036769445691E-18
  0.1295096338345E+02   0.1076427579397E-18
  0.1298812195308E+02   0.1120381370132E-18
  0.1302538713712E+02   0.1161727175278E-18
  0.1306275924146E+02   0.1206874810426E-18
  0.1310023857287E+02   0.1250985044204E-18
  0.1313782543902E+02   0.1296196287382E-18
  0.1317552014843E+02   0.1346919970434E-18
  0.1321332301052E+02   0.1402047915646E-18
  0.1325123433562E+02   0.1457541644132E-18
  0.1328925443490E+02   0.1520515345663E-18
  0.1332738362048E+02   0.1583992258888E-18
  0.1336562220533E+02   0.1648224872150E-18
  0.1340397050333E+02   0.1716663297263E-18
  0.1344242882929E+02   0.1784976268408E-18
  0.1348099749888E+02   0.1857050074049E-18
  0.1351967682870E+02   0.1936537098197E-18
  0.1355846713625E+02   0.2015638393029E-18
  0.1359736873996E+02   0.2099303585166E-18
  0.1363638195914E+02   0.2188614186760E-18
  0.1367550711404E+02   0.2277802936985E-18
  0.1371474452582E+02   0.2368691526829E-18
  0.1375409451658E+02   0.2465307984517E-18
  0.1379355740931E+02   0.2566556834911E-18
  0.1383313352795E+02   0.2667104544607E-18
  0.1387282319737E+02   0.2771681332185E-18
  0.1391262674336E+02   0.2878328260964E-18
  0.1395254449266E+02   0.2986880124493E-18
  0.1399257677294E+02   0.3103136134738E-18
  0.1403272391280E+02   0.3224593754654E-18
  0.1407298624180E+02   0.3341405766325E-18
  0.1411336409043E+02   0.3477042614158E-18
  0.1415385779014E+02   0.3590723538415E-18
  0.1419446767333E+02   0.3720449950779E-18
  0.1423519407334E+02   0.3877881126351E-18
  0.1427603732450E+02   0.4005304012151E-18
  0.1431699776205E+02   0.4157961944408E-18
  0.1435807572223E+02   0.4302874999181E-18
  0.1439927154224E+02   0.4452706839059E-18
  0.1444058556023E+02   0.4605314688255E-18
  0.1448201811533E+02   0.4762329573018E-18
  0.1452356954764E+02   0.4948033052931E-18
  0.1456524019826E+02   0.5065009727649E-18
  0.1460703040923E+02   0.5243917858750E-18
  0.1464894052359E+02   0.5412202386572E-18
  0.1469097088537E+02   0.5565776449465E-18
  0.1473312183958E+02   0.5723831686595E-18
  0.1477539373222E+02   0.5833376606463E-18
  0.1481778691028E+02   0.5916825679553E-18
  0.1486030172175E+02   0.5904436420426E-18
  0.1490293851562E+02   0.5745128049550E-18
  0.1494569764188E+02   0.5394320431058E-18
  0.1498857945152E+02   0.4892594955417E-18
  0.1503158429654E+02   0.4329464392702E-18
  0.1507471252995E+02   0.3812288364151E-18
  0.1511796450577E+02   0.3407367626808E-18
  0.1516134057904E+02   0.3176802619463E-18
  0.1520484110583E+02   0.3125266119821E-18
  0.1524846644320E+02   0.3247844750912E-18
  0.1529221694927E+02   0.3520677919309E-18
  0.1533609298315E+02   0.3873433637148E-18
  0.1538009490502E+02   0.4294141842352E-18
  0.1542422307607E+02   0.4782601740484E-18
  0.1546847785852E+02   0.5313415136143E-18
  0.1551285961565E+02   0.5862003778900E-18
  0.1555736871178E+02   0.6395853245474E-18
  0.1560200551225E+02   0.6882600885264E-18
  0.1564677038348E+02   0.7321604884332E-18
  0.1569166369292E+02   0.7720802884887E-18
  0.1573668580909E+02   0.8059454582043E-18
  0.1578183710155E+02   0.8334144278681E-18
  0.1582711794093E+02   0.8616283800337E-18
  0.1587252869892E+02   0.8927254876123E-18
  0.1591806974829E+02   0.9090907417379E-18
  0.1596374146286E+02   0.9255702687301E-18
  0.1600954421753E+02   0.9377633688958E-18
  0.1605547838829E+02   0.9469613142540E-18
  0.1610154435218E+02   0.9523248476328E-18
  0.1614774248735E+02   0.9565095931748E-18
  0.1619407317301E+02   0.9597710951714E-18
  0.1624053678948E+02   0.9609221075865E-18
  0.1628713371815E+02   0.9584175321371E-18
  0.1633386434154E+02   0.9558472412875E-18
  0.1638072904321E+02   0.9501241699538E-18
  0.1642772820788E+02   0.9416270197700E-18
  0.1647486222134E+02   0.9339766513604E-18
  0.1652213147050E+02   0.9291092776614E-18
  0.1656953634336E+02   0.9292725411404E-18
  0.1661707722906E+02   0.9259575045253E-18
  0.1666475451784E+02   0.9215082400915E-18
  0.1671256860106E+02   0.9166250308671E-18
  0.1676051987122E+02   0.9126601698503E-18
  0.1680860872193E+02   0.9048430268808E-18
  0.1685683554792E+02   0.8983243696222E-18
  0.1690520074507E+02   0.8898710158674E-18
  0.1695370471040E+02   0.8843592672353E-18
  0.1700234784206E+02   0.8726297143612E-18
  0.1705113053933E+02   0.8710482791764E-18
  0.1710005320266E+02   0.8697209191415E-18
  0.1714911623363E+02   0.8661149646220E-18
  0.1719832003498E+02   0.8627661066346E-18
  0.1724766501060E+02   0.8608027057939E-18
  0.1729715156556E+02   0.8584777633418E-18
  0.1734678010606E+02   0.8570408905144E-18
  0.1739655103949E+02   0.8485155952795E-18
  0.1744646477439E+02   0.8452688706843E-18
  0.1749652172049E+02   0.8420402908882E-18
  0.1754672228869E+02   0.8449806491056E-18
  0.1759706689107E+02   0.8487565988184E-18
  0.1764755594087E+02   0.8534323227684E-18
  0.1769818985256E+02   0.8574868721399E-18
  0.1774896904175E+02   0.8620943218825E-18
  0.1779989392528E+02   0.8651830052031E-18
  0.1785096492118E+02   0.8685382319245E-18
  0.1790218244865E+02   0.8720959625389E-18
  0.1795354692814E+02   0.8759293108353E-18
  0.1800505878126E+02   0.8749072172657E-18
  0.1805671843086E+02   0.8998193983334E-18
  0.1810852630099E+02   0.9173141321639E-18
  0.1816048281692E+02   0.9328493230571E-18
  0.1821258840515E+02   0.9508426264957E-18
  0.1826484349339E+02   0.9679081095787E-18
  0.1831724851057E+02   0.9839511525696E-18
  0.1836980388688E+02   0.1001874196661E-17
  0.1842251005372E+02   0.1021689856446E-17
  0.1847536744372E+02   0.1042164829667E-17
  0.1852837649079E+02   0.1065008813468E-17
  0.1858153763004E+02   0.1089914928824E-17
  0.1863485129787E+02   0.1115176186059E-17
  0.1868831793189E+02   0.1139759216187E-17
  0.1874193797099E+02   0.1166816521224E-17
  0.1879571185533E+02   0.1201009077718E-17
  0.1884964002631E+02   0.1227483351804E-17
  0.1890372292660E+02   0.1257222784441E-17
  0.1895796100015E+02   0.1286356620928E-17
  0.1901235469219E+02   0.1319897332212E-17
  0.1906690444920E+02   0.1355766023247E-17
  0.1912161071896E+02   0.1392780471389E-17
  0.1917647395054E+02   0.1430923926479E-17
  0.1923149459429E+02   0.1470546039101E-17
  0.1928667310184E+02   0.1506789207699E-17
  0.1934200992615E+02   0.1543605934169E-17
  0.1939750552144E+02   0.1587617297160E-17
  0.1945316034326E+02   0.1629094435637E-17
  0.1950897484846E+02   0.1678443203936E-17
  0.1956494949519E+02   0.1713193264950E-17
  0.1962108474294E+02   0.1764941337848E-17
  0.1967738105249E+02   0.1816146043861E-17
  0.1973383888595E+02   0.1862741197423E-17
  0.1979045870677E+02   0.1920392388654E-17
  0.1984724097972E+02   0.1971680395274E-17
  0.1990418617090E+02   0.2020675127314E-17
  0.1996129474776E+02   0.2076829135792E-17
  0.2001856717906E+02   0.2073795729694E-17
  0.2007600393495E+02   0.2168359275245E-17
  0.2013360548689E+02   0.2235406775393E-17
  0.2019137230772E+02   0.2289239848430E-17
  0.2024930487162E+02   0.2342552492471E-17
  0.2030740365414E+02   0.2396490707614E-17
  0.2036566913218E+02   0.2452015063238E-17
  0.2042410178402E+02   0.2507546271322E-17
  0.2048270208932E+02   0.2564061152999E-17
  0.2054147052911E+02   0.2621083581136E-17
  0.2060040758578E+02   0.2678952046448E-17
  0.2065951374313E+02   0.2738110521442E-17
  0.2071878948635E+02   0.2797871737327E-17
  0.2077823530199E+02   0.2859034728516E-17
  0.2083785167804E+02   0.2921639686441E-17
  0.2089763910385E+02   0.2980249221677E-17
  0.2095759807019E+02   0.3052636322827E-17
  0.2101772906926E+02   0.3129117562094E-17
  0.2107803259463E+02   0.3211519243327E-17
  0.2113850914133E+02   0.3297021022899E-17
  0.2119915920576E+02   0.3383424190040E-17
  0.2125998328580E+02   0.3473872009005E-17
  0.2132098188072E+02   0.3565072201118E-17
  0.2138215549123E+02   0.3656791067292E-17
  0.2144350461948E+02   0.3750405445721E-17
  0.2150502976906E+02   0.3845982120985E-17
  0.2156673144502E+02   0.3943760967724E-17
  0.2162861015383E+02   0.4041287618842E-17
  0.2169066640344E+02   0.4139208551704E-17
  0.2175290070323E+02   0.4238595773050E-17
  0.2181531356407E+02   0.4339388085341E-17
  0.2187790549827E+02   0.4442449672066E-17
  0.2194067701964E+02   0.4544132589094E-17
  0.2200362864344E+02   0.4646773777709E-17
  0.2206676088640E+02   0.4741316246630E-17
  0.2213007426677E+02   0.4836690234926E-17
  0.2219356930426E+02   0.4933003788591E-17
  0.2225724652006E+02   0.5027631376039E-17
  0.2232110643689E+02   0.5127536203694E-17
  0.2238514957895E+02   0.5226401378824E-17
  0.2244937647193E+02   0.5323245963226E-17
  0.2251378764305E+02   0.5420556858204E-17
  0.2257838362104E+02   0.5521315792996E-17
  0.2264316493615E+02   0.5631848684371E-17
  0.2270813212013E+02   0.5735208503245E-17
  0.2277328570628E+02   0.5838818176094E-17
  0.2283862622941E+02   0.5942279764096E-17
  0.2290415422588E+02   0.6049632604776E-17
  0.2296987023359E+02   0.6147190616731E-17
  0.2303577479197E+02   0.6243740689390E-17
  0.2310186844201E+02   0.6344750643627E-17
  0.2316815172624E+02   0.6443019635046E-17
  0.2323462518876E+02   0.6539544034254E-17
  0.2330128937522E+02   0.6638678499658E-17
  0.2336814483285E+02   0.6738516637117E-17
  0.2343519211042E+02   0.6838803832550E-17
  0.2350243175831E+02   0.6940155614334E-17
  0.2356986432846E+02   0.7044903102504E-17
  0.2363749037440E+02   0.7153555641234E-17
  0.2370531045125E+02   0.7267177388660E-17
  0.2377332511571E+02   0.7328831654989E-17
  0.2384153492608E+02   0.7436916521833E-17
  0.2390994044229E+02   0.7549189470309E-17
  0.2397854222583E+02   0.7657596628822E-17
  0.2404734083984E+02   0.7760163987598E-17
  0.2411633684905E+02   0.7858162398188E-17
  0.2418553081984E+02   0.7959285194361E-17
  0.2425492332017E+02   0.8065966079620E-17
  0.2432451491968E+02   0.8162538803593E-17
  0.2439430618960E+02   0.8261613846769E-17
  0.2446429770284E+02   0.8375106464140E-17
  0.2453449003391E+02   0.8504436176487E-17
  0.2460488375901E+02   0.8633227001628E-17
  0.2467547945597E+02   0.8749172734218E-17
  0.2474627770428E+02   0.8942163806366E-17
  0.2481727908509E+02   0.9200758332213E-17
  0.2488848418123E+02   0.9294167801261E-17
  0.2495989357720E+02   0.9387824338661E-17
  0.2503150785915E+02   0.9480309971106E-17
  0.2510332761496E+02   0.9571173722140E-17
  0.2517535343416E+02   0.9662498068830E-17
  0.2524758590797E+02   0.9754240855732E-17
  0.2532002562933E+02   0.9846449610143E-17
  0.2539267319287E+02   0.9939076977040E-17
  0.2546552919493E+02   0.1003211212160E-16
  0.2553859423354E+02   0.1012552445457E-16
  0.2561186890847E+02   0.1021943503048E-16
  0.2568535382121E+02   0.1031377364338E-16
  0.2575904957496E+02   0.1040848717191E-16
  0.2583295677467E+02   0.1050358694348E-16
  0.2590707602700E+02   0.1059912789930E-16
  0.2598140794038E+02   0.1069506819434E-16
  0.2605595312497E+02   0.1079192291238E-16
  0.2613071219267E+02   0.1088932158108E-16
  0.2620568575716E+02   0.1098710937626E-16
  0.2628087443386E+02   0.1108521135047E-16
  0.2635627883997E+02   0.1118367316447E-16
  0.2643189959446E+02   0.1128250789430E-16
  0.2650773731806E+02   0.1138190728598E-16
  0.2658379263330E+02   0.1148168401048E-16
  0.2666006616449E+02   0.1158180028681E-16
  0.2673655853772E+02   0.1168223888937E-16
  0.2681327038089E+02   0.1178298240292E-16
  0.2689020232370E+02   0.1188403072307E-16
  0.2696735499766E+02   0.1198546805735E-16
  0.2704472903607E+02   0.1208718397305E-16
  0.2712232507408E+02   0.1218889826491E-16
  0.2720014374864E+02   0.1229080982156E-16
  0.2727818569852E+02   0.1239301573395E-16
  0.2735645156436E+02   0.1249546076713E-16
  0.2743494198859E+02   0.1259825470136E-16
  0.2751365761552E+02   0.1270132794296E-16
  0.2759259909130E+02   0.1280463859658E-16
  0.2767176706391E+02   0.1290818389222E-16
  0.2775116218324E+02   0.1301206041318E-16
  0.2783078510098E+02   0.1311620753556E-16
  0.2791063647075E+02   0.1322055755117E-16
  0.2799071694800E+02   0.1332516115211E-16
  0.2807102719009E+02   0.1343180307494E-16
  0.2815156785625E+02   0.1353896837521E-16
  0.2823233960761E+02   0.1364621162251E-16
  0.2831334310720E+02   0.1375352979025E-16
  0.2839457901993E+02   0.1386102323186E-16
  0.2847604801265E+02   0.1396862897779E-16
  0.2855775075409E+02   0.1407628621965E-16
  0.2863968791493E+02   0.1418395824471E-16
  0.2872186016776E+02   0.1429173491512E-16
  0.2880426818709E+02   0.1439958946089E-16
  0.2888691264938E+02   0.1450745853842E-16
  0.2896979423303E+02   0.1461534449112E-16
  0.2905291361838E+02   0.1472405805772E-16
  0.2913627148772E+02   0.1483299556003E-16
  0.2921986852530E+02   0.1494163497995E-16
  0.2930370541735E+02   0.1504993728126E-16
  0.2938778285205E+02   0.1515795446754E-16
  0.2947210151954E+02   0.1526566855131E-16
  0.2955666211198E+02   0.1537300263374E-16
  0.2964146532349E+02   0.1547993949311E-16
  0.2972651185018E+02   0.1558658106237E-16
  0.2981180239017E+02   0.1569287471864E-16
  0.2989733764357E+02   0.1579871672493E-16
  0.2998311831252E+02   0.1590409318923E-16
  0.3006914510114E+02   0.1600950276949E-16
  0.3015541871560E+02   0.1611488349391E-16
  0.3024193986409E+02   0.1621977561170E-16
  0.3032870925683E+02   0.1632416505820E-16
  0.3041572760606E+02   0.1642809288506E-16
  0.3050299562609E+02   0.1653154975435E-16
  0.3059051403328E+02   0.1663448170154E-16
  0.3067828354601E+02   0.1673688976838E-16
  0.3076630488477E+02   0.1683880816732E-16
  0.3085457877208E+02   0.1694022218877E-16
  0.3094310593254E+02   0.1704110068330E-16
  0.3103188709285E+02   0.1714144973102E-16
  0.3112092298177E+02   0.1724126776429E-16
  0.3121021433016E+02   0.1734056523393E-16
  0.3129976187098E+02   0.1743929707788E-16
  0.3138956633929E+02   0.1753742783541E-16
  0.3147962847227E+02   0.1763499331402E-16
  0.3156994900919E+02   0.1773195141568E-16
  0.3166052869146E+02   0.1782824172276E-16
  0.3175136826261E+02   0.1792383801063E-16
  0.3184246846832E+02   0.1801892110293E-16
  0.3193383005639E+02   0.1811366858992E-16
  0.3202545377676E+02   0.1820797292636E-16
  0.3211734038154E+02   0.1830224731659E-16
  0.3220949062500E+02   0.1839613507688E-16
  0.3230190526356E+02   0.1848983588628E-16
  0.3239458505581E+02   0.1858292359452E-16
  0.3248753076253E+02   0.1867538694362E-16
  0.3258074314666E+02   0.1876725244483E-16
  0.3267422297337E+02   0.1885852544758E-16
  0.3276797100997E+02   0.1894917464242E-16
  0.3286198802603E+02   0.1903923347073E-16
  0.3295627479327E+02   0.1912871429330E-16
  0.3305083208568E+02   0.1921760873635E-16
  0.3314566067942E+02   0.1930592185947E-16
  0.3324076135292E+02   0.1939373124015E-16
  0.3333613488681E+02   0.1948089231613E-16
  0.3343178206398E+02   0.1956742755686E-16
  0.3352770366956E+02   0.1965329641128E-16
  0.3362390049094E+02   0.1973846797754E-16
  0.3372037331775E+02   0.1982302097439E-16
  0.3381712294190E+02   0.1990708522766E-16
  0.3391415015758E+02   0.1999028579294E-16
  0.3401145576124E+02   0.2007295031396E-16
  0.3410904055162E+02   0.2015542841647E-16
  0.3420690532976E+02   0.2023776167847E-16
  0.3430505089900E+02   0.2031948512343E-16
  0.3440347806497E+02   0.2040060423736E-16
  0.3450218763562E+02   0.2048114260718E-16
  0.3460118042122E+02   0.2056126403490E-16
  0.3470045723436E+02   0.2064078917135E-16
  0.3480001888998E+02   0.2071979965969E-16
  0.3489986620532E+02   0.2079820507303E-16
  0.3500000000000E+02   0.2087601455007E-16
