  0.1450000000000E+02   0.3284994582016E-18
  0.1451576351247E+02   0.3345339041102E-18
  0.1453154416207E+02   0.3403932858705E-18
  0.1454734196743E+02   0.3447099709124E-18
  0.1456315694719E+02   0.3481416895351E-18
  0.1457898912003E+02   0.3521686461167E-18
  0.1459483850464E+02   0.3603822677509E-18
  0.1461070511973E+02   0.3628548669473E-18
  0.1462658898403E+02   0.3700233615949E-18
  0.1464249011630E+02   0.3767168436752E-18
  0.1465840853530E+02   0.3500389676661E-18
  0.1467434425984E+02   0.3573284368462E-18
  0.1469029730872E+02   0.3708095518094E-18
  0.1470626770078E+02   0.3645176026206E-18
  0.1472225545487E+02   0.3708680870621E-18
  0.1473826058987E+02   0.3875186715058E-18
  0.1475428312467E+02   0.3871430404749E-18
  0.1477032307819E+02   0.3907450052466E-18
  0.1478638046937E+02   0.3968332046616E-18
  0.1480245531716E+02   0.4032139694835E-18
  0.1481854764054E+02   0.4103250581652E-18
  0.1483465745851E+02   0.4150998928077E-18
  0.1485078479008E+02   0.4151140647838E-18
  0.1486692965431E+02   0.4096196454552E-18
  0.1488309207024E+02   0.3618328231737E-18
  0.1489927205696E+02   0.2935936634979E-18
  0.1491546963358E+02   0.2258268753877E-18
  0.1493168481921E+02   0.1749787515875E-18
  0.1494791763299E+02   0.1674172475625E-18
  0.1496416809410E+02   0.1620476736940E-18
  0.1498043622171E+02   0.1766011661241E-18
  0.1499672203504E+02   0.1780779203397E-18
  0.1501302555330E+02   0.1591616432086E-18
  0.1502934679575E+02   0.1466688244141E-18
  0.1504568578166E+02   0.1384516076285E-18
  0.1506204253032E+02   0.1320738871612E-18
  0.1507841706103E+02   0.1224406501646E-18
  0.1509480939312E+02   0.1139757458616E-18
  0.1511121954596E+02   0.1086964673796E-18
  0.1512764753891E+02   0.1022465328116E-18
  0.1514409339137E+02   0.1032090847715E-18
  0.1516055712275E+02   0.1162550483962E-18
  0.1517703875250E+02   0.1423630469890E-18
  0.1519353830006E+02   0.1595028361475E-18
  0.1521005578492E+02   0.1656704887949E-18
  0.1522659122658E+02   0.1525029322267E-18
  0.1524314464456E+02   0.1208448192271E-18
  0.1525971605841E+02   0.1072936402444E-18
  0.1527630548768E+02   0.1202822293635E-18
  0.1529291295196E+02   0.1810071325563E-18
  0.1530953847086E+02   0.2080999623117E-18
  0.1532618206401E+02   0.2378955711189E-18
  0.1534284375105E+02   0.2475257972161E-18
  0.1535952355166E+02   0.2573500978136E-18
  0.1537622148553E+02   0.2670888234271E-18
  0.1539293757236E+02   0.2772530803436E-18
  0.1540967183191E+02   0.2886061385630E-18
  0.1542642428392E+02   0.3001151239873E-18
  0.1544319494817E+02   0.3115448996472E-18
  0.1545998384446E+02   0.3241407087428E-18
  0.1547679099260E+02   0.3372732408975E-18
  0.1549361641246E+02   0.3380161235019E-18
  0.1551046012387E+02   0.3545104850568E-18
  0.1552732214674E+02   0.3675608077535E-18
  0.1554420250097E+02   0.3827398173167E-18
  0.1556110120649E+02   0.3912639017692E-18
  0.1557801828325E+02   0.4061320023397E-18
  0.1559495375121E+02   0.4171426558226E-18
  0.1561190763038E+02   0.4236918150800E-18
  0.1562887994077E+02   0.4302902047551E-18
  0.1564587070242E+02   0.4352590398179E-18
  0.1566287993538E+02   0.4501393092821E-18
  0.1567990765974E+02   0.4590173797699E-18
  0.1569695389560E+02   0.4678729817057E-18
  0.1571401866308E+02   0.4747363498477E-18
  0.1573110198234E+02   0.4806044603194E-18
  0.1574820387353E+02   0.4859520087956E-18
  0.1576532435685E+02   0.4914771523624E-18
  0.1578246345252E+02   0.4950388873983E-18
  0.1579962118076E+02   0.4969737819501E-18
  0.1581679756183E+02   0.5026795662787E-18
  0.1583399261601E+02   0.5117916197831E-18
  0.1585120636360E+02   0.5179343997578E-18
  0.1586843882493E+02   0.5212992330407E-18
  0.1588569002033E+02   0.5231828287171E-18
  0.1590295997018E+02   0.5250755445825E-18
  0.1592024869486E+02   0.5270278742624E-18
  0.1593755621478E+02   0.5270836523062E-18
  0.1595488255038E+02   0.5231321856655E-18
  0.1597222772211E+02   0.5277846304273E-18
  0.1598959175045E+02   0.5256543831325E-18
  0.1600697465589E+02   0.5312065224348E-18
  0.1602437645897E+02   0.5312819365576E-18
  0.1604179718022E+02   0.5308089704523E-18
  0.1605923684022E+02   0.5301994043276E-18
  0.1607669545955E+02   0.5288480416748E-18
  0.1609417305881E+02   0.5234378483094E-18
  0.1611166965866E+02   0.5230768388979E-18
  0.1612918527974E+02   0.5208005608682E-18
  0.1614671994272E+02   0.5184588900800E-18
  0.1616427366832E+02   0.5185428026789E-18
  0.1618184647726E+02   0.5181574604670E-18
  0.1619943839028E+02   0.5162855917756E-18
  0.1621704942815E+02   0.5141027511782E-18
  0.1623467961166E+02   0.5120392602288E-18
  0.1625232896163E+02   0.5093095297485E-18
  0.1626999749889E+02   0.5060044382930E-18
  0.1628768524431E+02   0.5002045151385E-18
  0.1630539221875E+02   0.4909150519867E-18
  0.1632311844314E+02   0.4901633849205E-18
  0.1634086393839E+02   0.4896329279311E-18
  0.1635862872546E+02   0.4868127640452E-18
  0.1637641282532E+02   0.4846497131442E-18
  0.1639421625897E+02   0.4794257726747E-18
  0.1641203904741E+02   0.4753983255559E-18
  0.1642988121170E+02   0.4716041209189E-18
  0.1644774277290E+02   0.4671447457339E-18
  0.1646562375210E+02   0.4629685668939E-18
  0.1648352417040E+02   0.4587451908208E-18
  0.1650144404894E+02   0.4524414993844E-18
  0.1651938340888E+02   0.4518651458043E-18
  0.1653734227139E+02   0.4500764033876E-18
  0.1655532065768E+02   0.4470902204341E-18
  0.1657331858896E+02   0.4455673803250E-18
  0.1659133608650E+02   0.4432716696909E-18
  0.1660937317156E+02   0.4407821261385E-18
  0.1662742986543E+02   0.4381959383102E-18
  0.1664550618944E+02   0.4350078712622E-18
  0.1666360216491E+02   0.4324716565976E-18
  0.1668171781323E+02   0.4291435126102E-18
  0.1669985315577E+02   0.4231268805345E-18
  0.1671800821394E+02   0.4232108201309E-18
  0.1673618300918E+02   0.4204953502067E-18
  0.1675437756295E+02   0.4177218363571E-18
  0.1677259189672E+02   0.4148628729800E-18
  0.1679082603200E+02   0.4087256780190E-18
  0.1680907999031E+02   0.4068837080622E-18
  0.1682735379322E+02   0.4043353648905E-18
  0.1684564746228E+02   0.4010682712623E-18
  0.1686396101910E+02   0.3979470836628E-18
  0.1688229448530E+02   0.3945193880410E-18
  0.1690064788251E+02   0.3911750246652E-18
  0.1691902123242E+02   0.3878200317759E-18
  0.1693741455672E+02   0.3849209698360E-18
  0.1695582787710E+02   0.3824433881195E-18
  0.1697426121532E+02   0.3773965018834E-18
  0.1699271459314E+02   0.3712392514606E-18
  0.1701118803235E+02   0.3695488049295E-18
  0.1702968155474E+02   0.3686121427219E-18
  0.1704819518216E+02   0.3678829644623E-18
  0.1706672893646E+02   0.3629225271712E-18
  0.1708528283953E+02   0.3596109656905E-18
  0.1710385691326E+02   0.3607643613809E-18
  0.1712245117959E+02   0.3589334343476E-18
  0.1714106566047E+02   0.3556734165448E-18
  0.1715970037787E+02   0.3538630524639E-18
  0.1717835535380E+02   0.3535673206130E-18
  0.1719703061027E+02   0.3521278803999E-18
  0.1721572616934E+02   0.3503210869058E-18
  0.1723444205308E+02   0.3487888848727E-18
  0.1725317828358E+02   0.3477607673189E-18
  0.1727193488296E+02   0.3442220108253E-18
  0.1729071187337E+02   0.3432947698603E-18
  0.1730950927698E+02   0.3417256768231E-18
  0.1732832711597E+02   0.3403390323448E-18
  0.1734716541257E+02   0.3386208739472E-18
  0.1736602418900E+02   0.3349817740842E-18
  0.1738490346755E+02   0.3327350274950E-18
  0.1740380327049E+02   0.3306222765264E-18
  0.1742272362014E+02   0.3287405174666E-18
  0.1744166453884E+02   0.3270757519128E-18
  0.1746062604894E+02   0.3262843469934E-18
  0.1747960817284E+02   0.3239808038437E-18
  0.1749861093293E+02   0.3188605821256E-18
  0.1751763435167E+02   0.3184635925732E-18
  0.1753667845151E+02   0.3192389014337E-18
  0.1755574325492E+02   0.3196091048027E-18
  0.1757482878442E+02   0.3191625474701E-18
  0.1759393506254E+02   0.3197694499979E-18
  0.1761306211184E+02   0.3193177044260E-18
  0.1763220995489E+02   0.3191811568613E-18
  0.1765137861431E+02   0.3188364139089E-18
  0.1767056811272E+02   0.3182780372265E-18
  0.1768977847278E+02   0.3181159289224E-18
  0.1770900971716E+02   0.3171480779364E-18
  0.1772826186858E+02   0.3171543953554E-18
  0.1774753494976E+02   0.3170226435708E-18
  0.1776682898345E+02   0.3168949645808E-18
  0.1778614399243E+02   0.3169746318880E-18
  0.1780547999951E+02   0.3151966661377E-18
  0.1782483702752E+02   0.3154419441042E-18
  0.1784421509930E+02   0.3153310571709E-18
  0.1786361423773E+02   0.3153195872603E-18
  0.1788303446572E+02   0.3142912930318E-18
  0.1790247580619E+02   0.3129714240727E-18
  0.1792193828210E+02   0.3135717337447E-18
  0.1794142191642E+02   0.3122945549720E-18
  0.1796092673215E+02   0.3128708975176E-18
  0.1798045275233E+02   0.3119837416216E-18
  0.1800000000000E+02   0.3104610711623E-18
