  0.1450000000000E+02   0.4778497651392E-18
  0.1451576351247E+02   0.4856068640658E-18
  0.1453154416207E+02   0.4915479994980E-18
  0.1454734196743E+02   0.4954319795411E-18
  0.1456315694719E+02   0.5003465933641E-18
  0.1457898912003E+02   0.5068824560568E-18
  0.1459483850464E+02   0.5146592704687E-18
  0.1461070511973E+02   0.5204411006533E-18
  0.1462658898403E+02   0.5278195344187E-18
  0.1464249011630E+02   0.5346876179645E-18
  0.1465840853530E+02   0.5298542687938E-18
  0.1467434425984E+02   0.5367058184741E-18
  0.1469029730872E+02   0.5456390247636E-18
  0.1470626770078E+02   0.5478487686539E-18
  0.1472225545487E+02   0.5546256387487E-18
  0.1473826058987E+02   0.5642699194845E-18
  0.1475428312467E+02   0.5672700184403E-18
  0.1477032307819E+02   0.5714063689554E-18
  0.1478638046937E+02   0.5761775365724E-18
  0.1480245531716E+02   0.5806459147289E-18
  0.1481854764054E+02   0.5851285668630E-18
  0.1483465745851E+02   0.5874819439454E-18
  0.1485078479008E+02   0.5865162541077E-18
  0.1486692965431E+02   0.5827988266047E-18
  0.1488309207024E+02   0.5619006740518E-18
  0.1489927205696E+02   0.5286207962806E-18
  0.1491546963358E+02   0.4894196188747E-18
  0.1493168481921E+02   0.4519391517533E-18
  0.1494791763299E+02   0.4371149553713E-18
  0.1496416809410E+02   0.4224189662702E-18
  0.1498043622171E+02   0.4185772411172E-18
  0.1499672203504E+02   0.4056482442654E-18
  0.1501302555330E+02   0.3811147207835E-18
  0.1502934679575E+02   0.3601647351084E-18
  0.1504568578166E+02   0.3419906589885E-18
  0.1506204253032E+02   0.3255848501902E-18
  0.1507841706103E+02   0.3083616338414E-18
  0.1509480939312E+02   0.2927403019978E-18
  0.1511121954596E+02   0.2801133329575E-18
  0.1512764753891E+02   0.2682161111640E-18
  0.1514409339137E+02   0.2630077661097E-18
  0.1516055712275E+02   0.2663634961480E-18
  0.1517703875250E+02   0.2766197573172E-18
  0.1519353830006E+02   0.2832098153864E-18
  0.1521005578492E+02   0.2859818365435E-18
  0.1522659122658E+02   0.2827995341912E-18
  0.1524314464456E+02   0.2712620376598E-18
  0.1525971605841E+02   0.2685571788169E-18
  0.1527630548768E+02   0.2824959520207E-18
  0.1529291295196E+02   0.3196821615810E-18
  0.1530953847086E+02   0.3395780483419E-18
  0.1532618206401E+02   0.3605046547963E-18
  0.1534284375105E+02   0.3745527796513E-18
  0.1535952355166E+02   0.3894462604267E-18
  0.1537622148553E+02   0.4049667434462E-18
  0.1539293757236E+02   0.4209597125506E-18
  0.1540967183191E+02   0.4386776134322E-18
  0.1542642428392E+02   0.4569265511706E-18
  0.1544319494817E+02   0.4748214978096E-18
  0.1545998384446E+02   0.4946172634688E-18
  0.1547679099260E+02   0.5149240771885E-18
  0.1549361641246E+02   0.5300012288896E-18
  0.1551046012387E+02   0.5510615719927E-18
  0.1552732214674E+02   0.5707522225331E-18
  0.1554420250097E+02   0.5911202805491E-18
  0.1556110120649E+02   0.6083646836874E-18
  0.1557801828325E+02   0.6274474033539E-18
  0.1559495375121E+02   0.6445035581384E-18
  0.1561190763038E+02   0.6593775842141E-18
  0.1562887994077E+02   0.6738118824891E-18
  0.1564587070242E+02   0.6874502969287E-18
  0.1566287993538E+02   0.7039603541849E-18
  0.1567990765974E+02   0.7178321877481E-18
  0.1569695389560E+02   0.7319156689905E-18
  0.1571401866308E+02   0.7442644452358E-18
  0.1573110198234E+02   0.7549022701249E-18
  0.1574820387353E+02   0.7650091067087E-18
  0.1576532435685E+02   0.7749376533650E-18
  0.1578246345252E+02   0.7825318207923E-18
  0.1579962118076E+02   0.7877306540310E-18
  0.1581679756183E+02   0.7981313214795E-18
  0.1583399261601E+02   0.8135430371948E-18
  0.1585120636360E+02   0.8256215096637E-18
  0.1586843882493E+02   0.8327417645954E-18
  0.1588569002033E+02   0.8380189490153E-18
  0.1590295997018E+02   0.8429885360239E-18
  0.1592024869486E+02   0.8477599493429E-18
  0.1593755621478E+02   0.8519096679515E-18
  0.1595488255038E+02   0.8547883815010E-18
  0.1597222772211E+02   0.8604481574701E-18
  0.1598959175045E+02   0.8626502957897E-18
  0.1600697465589E+02   0.8678134072112E-18
  0.1602437645897E+02   0.8705850199182E-18
  0.1604179718022E+02   0.8724816213426E-18
  0.1605923684022E+02   0.8742556832246E-18
  0.1607669545955E+02   0.8747710455660E-18
  0.1609417305881E+02   0.8737596172366E-18
  0.1611166965866E+02   0.8751190854938E-18
  0.1612918527974E+02   0.8754053875817E-18
  0.1614671994272E+02   0.8746696440208E-18
  0.1616427366832E+02   0.8752053819073E-18
  0.1618184647726E+02   0.8758023028870E-18
  0.1619943839028E+02   0.8757879653590E-18
  0.1621704942815E+02   0.8751098940022E-18
  0.1623467961166E+02   0.8741827333377E-18
  0.1625232896163E+02   0.8726430021856E-18
  0.1626999749889E+02   0.8705119476127E-18
  0.1628768524431E+02   0.8668123161598E-18
  0.1630539221875E+02   0.8617910042430E-18
  0.1632311844314E+02   0.8605381810897E-18
  0.1634086393839E+02   0.8599434161518E-18
  0.1635862872546E+02   0.8580477226440E-18
  0.1637641282532E+02   0.8543393518168E-18
  0.1639421625897E+02   0.8487358117139E-18
  0.1641203904741E+02   0.8447059940023E-18
  0.1642988121170E+02   0.8413595310177E-18
  0.1644774277290E+02   0.8373680211052E-18
  0.1646562375210E+02   0.8332064255544E-18
  0.1648352417040E+02   0.8293070510318E-18
  0.1650144404894E+02   0.8247558613579E-18
  0.1651938340888E+02   0.8235090686676E-18
  0.1653734227139E+02   0.8223402878285E-18
  0.1655532065768E+02   0.8209288851600E-18
  0.1657331858896E+02   0.8201762146439E-18
  0.1659133608650E+02   0.8184371014151E-18
  0.1660937317156E+02   0.8159323027910E-18
  0.1662742986543E+02   0.8135143042348E-18
  0.1664550618944E+02   0.8107776047039E-18
  0.1666360216491E+02   0.8082883013308E-18
  0.1668171781323E+02   0.8052871032502E-18
  0.1669985315577E+02   0.8010799423051E-18
  0.1671800821394E+02   0.7997975943787E-18
  0.1673618300918E+02   0.7973271043435E-18
  0.1675437756295E+02   0.7949817880128E-18
  0.1677259189672E+02   0.7920349769349E-18
  0.1679082603200E+02   0.7868665310356E-18
  0.1680907999031E+02   0.7838021007849E-18
  0.1682735379322E+02   0.7807587574339E-18
  0.1684564746228E+02   0.7775079628412E-18
  0.1686396101910E+02   0.7740562930797E-18
  0.1688229448530E+02   0.7702521829307E-18
  0.1690064788251E+02   0.7661938484245E-18
  0.1691902123242E+02   0.7624929383583E-18
  0.1693741455672E+02   0.7595779232774E-18
  0.1695582787710E+02   0.7571199382755E-18
  0.1697426121532E+02   0.7520683393642E-18
  0.1699271459314E+02   0.7451747304035E-18
  0.1701118803235E+02   0.7417908766801E-18
  0.1702968155474E+02   0.7410095562319E-18
  0.1704819518216E+02   0.7406878860416E-18
  0.1706672893646E+02   0.7379780604706E-18
  0.1708528283953E+02   0.7358333675487E-18
  0.1710385691326E+02   0.7356944567256E-18
  0.1712245117959E+02   0.7337479450204E-18
  0.1714106566047E+02   0.7310223284859E-18
  0.1715970037787E+02   0.7290537822437E-18
  0.1717835535380E+02   0.7279202794200E-18
  0.1719703061027E+02   0.7262367452759E-18
  0.1721572616934E+02   0.7244439730247E-18
  0.1723444205308E+02   0.7231000886644E-18
  0.1725317828358E+02   0.7220720417802E-18
  0.1727193488296E+02   0.7195463519546E-18
  0.1729071187337E+02   0.7182361108939E-18
  0.1730950927698E+02   0.7168220572944E-18
  0.1732832711597E+02   0.7158884878159E-18
  0.1734716541257E+02   0.7142029096658E-18
  0.1736602418900E+02   0.7103104991973E-18
  0.1738490346755E+02   0.7065292739454E-18
  0.1740380327049E+02   0.7035449537237E-18
  0.1742272362014E+02   0.7014572725243E-18
  0.1744166453884E+02   0.6999875269720E-18
  0.1746062604894E+02   0.6989013328297E-18
  0.1747960817284E+02   0.6966644534888E-18
  0.1749861093293E+02   0.6928958325537E-18
  0.1751763435167E+02   0.6927751024217E-18
  0.1753667845151E+02   0.6940869562225E-18
  0.1755574325492E+02   0.6951445581021E-18
  0.1757482878442E+02   0.6955195465561E-18
  0.1759393506254E+02   0.6966607379411E-18
  0.1761306211184E+02   0.6974942433963E-18
  0.1763220995489E+02   0.6984792164161E-18
  0.1765137861431E+02   0.6989250133080E-18
  0.1767056811272E+02   0.6993017717938E-18
  0.1768977847278E+02   0.7000667204213E-18
  0.1770900971716E+02   0.7005449485201E-18
  0.1772826186858E+02   0.7014646064269E-18
  0.1774753494976E+02   0.7022471009736E-18
  0.1776682898345E+02   0.7028641725003E-18
  0.1778614399243E+02   0.7034504282365E-18
  0.1780547999951E+02   0.7028638990765E-18
  0.1782483702752E+02   0.7036075739623E-18
  0.1784421509930E+02   0.7041871704325E-18
  0.1786361423773E+02   0.7049270669269E-18
  0.1788303446572E+02   0.7049659299252E-18
  0.1790247580619E+02   0.7048674588011E-18
  0.1792193828210E+02   0.7057540524930E-18
  0.1794142191642E+02   0.7057785546023E-18
  0.1796092673215E+02   0.7068037552669E-18
  0.1798045275233E+02   0.7059033830739E-18
  0.1800000000000E+02   0.7036720069189E-18
