           1
        1000
  
  0.2000000000000E+01   0.3797673544914E-24
  0.2005738348342E+01   0.4794949632474E-24
  0.2011493161004E+01   0.4935581050302E-24
  0.2017264485226E+01   0.5362717578489E-24
  0.2023052368383E+01   0.6548338610862E-24
  0.2028856857985E+01   0.7294688368562E-24
  0.2034678001678E+01   0.8510319985820E-24
  0.2040515847246E+01   0.9770351463773E-24
  0.2046370442610E+01   0.1269391880480E-23
  0.2052241835828E+01   0.1497469255405E-23
  0.2058130075096E+01   0.1572729494125E-23
  0.2064035208748E+01   0.2022554550544E-23
  0.2069957285256E+01   0.2305756138726E-23
  0.2075896353234E+01   0.2812210577942E-23
  0.2081852461432E+01   0.2955836455619E-23
  0.2087825658742E+01   0.3117208864151E-23
  0.2093815994195E+01   0.3401212615341E-23
  0.2099823516964E+01   0.4089939423549E-23
  0.2105848276362E+01   0.4445936464499E-23
  0.2111890321844E+01   0.5286767985547E-23
  0.2117949703007E+01   0.6293950457872E-23
  0.2124026469590E+01   0.6812479238455E-23
  0.2130120671475E+01   0.7920415617273E-23
  0.2136232358686E+01   0.8022899014927E-23
  0.2142361581393E+01   0.8502377766651E-23
  0.2148508389907E+01   0.9812819593434E-23
  0.2154672834685E+01   0.1190704690631E-22
  0.2160854966329E+01   0.1231055458979E-22
  0.2167054835585E+01   0.1459894162881E-22
  0.2173272493346E+01   0.1719495557658E-22
  0.2179507990650E+01   0.1769378048474E-22
  0.2185761378682E+01   0.2055835351121E-22
  0.2192032708773E+01   0.2171211906295E-22
  0.2198322032403E+01   0.2535406423595E-22
  0.2204629401197E+01   0.2961307336178E-22
  0.2210954866931E+01   0.3077601022303E-22
  0.2217298481528E+01   0.3384885809065E-22
  0.2223660297061E+01   0.3722559399567E-22
  0.2230040365750E+01   0.4348425637254E-22
  0.2236438739967E+01   0.4566425690793E-22
  0.2242855472234E+01   0.4969114449371E-22
  0.2249290615224E+01   0.5423540397416E-22
  0.2255744221760E+01   0.6125412333695E-22
  0.2262216344817E+01   0.7003122093779E-22
  0.2268707037522E+01   0.7587458403839E-22
  0.2275216353156E+01   0.7842458633330E-22
  0.2281744345149E+01   0.8070085774768E-22
  0.2288291067089E+01   0.8964540250512E-22
  0.2294856572714E+01   0.1025587905037E-21
  0.2301440915918E+01   0.1091231188219E-21
  0.2308044150750E+01   0.1182376045545E-21
  0.2314666331412E+01   0.1258524825644E-21
  0.2321307512264E+01   0.1344225653201E-21
  0.2327967747821E+01   0.1459518087034E-21
  0.2334647092753E+01   0.1628455836185E-21
  0.2341345601890E+01   0.1719086963847E-21
  0.2348063330216E+01   0.1878489637262E-21
  0.2354800332874E+01   0.2032900209009E-21
  0.2361556665167E+01   0.2168187591849E-21
  0.2368332382554E+01   0.2445260110646E-21
  0.2375127540653E+01   0.2628098300527E-21
  0.2381942195246E+01   0.2771600489395E-21
  0.2388776402269E+01   0.2990017118229E-21
  0.2395630217822E+01   0.3171632594889E-21
  0.2402503698166E+01   0.3299327261553E-21
  0.2409396899722E+01   0.3492608543677E-21
  0.2416309879074E+01   0.3786756843405E-21
  0.2423242692967E+01   0.3904344106159E-21
  0.2430195398312E+01   0.4106827695328E-21
  0.2437168052179E+01   0.4364887203456E-21
  0.2444160711804E+01   0.4664798947332E-21
  0.2451173434587E+01   0.4858490525114E-21
  0.2458206278094E+01   0.5192923977068E-21
  0.2465259300054E+01   0.5376542436730E-21
  0.2472332558362E+01   0.5668954092036E-21
  0.2479426111080E+01   0.6131318353005E-21
  0.2486540016437E+01   0.6438405721800E-21
  0.2493674332826E+01   0.6777972955016E-21
  0.2500829118813E+01   0.7118349942407E-21
  0.2508004433126E+01   0.7634472745627E-21
  0.2515200334666E+01   0.7928793332023E-21
  0.2522416882500E+01   0.8311944396492E-21
  0.2529654135868E+01   0.8886415269147E-21
  0.2536912154175E+01   0.9477291787915E-21
  0.2544190997002E+01   0.9993688656210E-21
  0.2551490724096E+01   0.1044623245581E-20
  0.2558811395379E+01   0.1113363635989E-20
  0.2566153070942E+01   0.1173695518103E-20
  0.2573515811052E+01   0.1251541973201E-20
  0.2580899676145E+01   0.1320934234649E-20
  0.2588304726834E+01   0.1394859362039E-20
  0.2595731023902E+01   0.1495122443326E-20
  0.2603178628310E+01   0.1589832907730E-20
  0.2610647601193E+01   0.1610187132783E-20
  0.2618138003859E+01   0.1738141678127E-20
  0.2625649897795E+01   0.1816588790700E-20
  0.2633183344664E+01   0.1935023361611E-20
  0.2640738406303E+01   0.2028903892220E-20
  0.2648315144731E+01   0.2170317135843E-20
  0.2655913622140E+01   0.2306818050033E-20
  0.2663533900905E+01   0.2429461162349E-20
  0.2671176043576E+01   0.2605998010742E-20
  0.2678840112886E+01   0.2773908562868E-20
  0.2686526171746E+01   0.3013815510151E-20
  0.2694234283247E+01   0.3140335307166E-20
  0.2701964510663E+01   0.3328129281329E-20
  0.2709716917447E+01   0.3490245508124E-20
  0.2717491567237E+01   0.3750263023337E-20
  0.2725288523851E+01   0.4037377113381E-20
  0.2733107851292E+01   0.4323670037307E-20
  0.2740949613745E+01   0.4588095722248E-20
  0.2748813875580E+01   0.4838654009905E-20
  0.2756700701352E+01   0.5122595017185E-20
  0.2764610155801E+01   0.5628325874286E-20
  0.2772542303853E+01   0.6241271771951E-20
  0.2780497210618E+01   0.6974024118982E-20
  0.2788474941397E+01   0.7608306300212E-20
  0.2796475561675E+01   0.8291161885327E-20
  0.2804499137126E+01   0.7343015242048E-20
  0.2812545733612E+01   0.5175281138375E-20
  0.2820615417185E+01   0.3267679669581E-20
  0.2828708254086E+01   0.1771500272666E-20
  0.2836824310746E+01   0.7662380574544E-21
  0.2844963653785E+01   0.2209448188535E-21
  0.2853126350018E+01   0.6517427346112E-22
  0.2861312466447E+01   0.2009876613408E-22
  0.2869522070270E+01   0.5326404527677E-23
  0.2877755228877E+01   0.1374396393883E-23
  0.2886012009850E+01   0.3602323227950E-24
  0.2894292480965E+01   0.1016145124698E-24
  0.2902596710194E+01   0.3242474305502E-25
  0.2910924765703E+01   0.1221823348838E-25
  0.2919276715854E+01   0.5213404270506E-26
  0.2927652629205E+01   0.2703929965101E-26
  0.2936052574510E+01   0.1543315360236E-26
  0.2944476620721E+01   0.1019688909696E-26
  0.2952924836988E+01   0.7355226630744E-27
  0.2961397292658E+01   0.5584453634658E-27
  0.2969894057280E+01   0.4467928045239E-27
  0.2978415200599E+01   0.3739924099542E-27
  0.2986960792563E+01   0.3289826390149E-27
  0.2995530903318E+01   0.2773374667283E-27
  0.3004125603214E+01   0.2503936621327E-27
  0.3012744962800E+01   0.2314458209091E-27
  0.3021389052831E+01   0.2194394014994E-27
  0.3030057944261E+01   0.2176904195619E-27
  0.3038751708251E+01   0.2230903237998E-27
  0.3047470416164E+01   0.2433216806843E-27
  0.3056214139568E+01   0.2767785093851E-27
  0.3064982950238E+01   0.3277697555205E-27
  0.3073776920153E+01   0.4082819541307E-27
  0.3082596121499E+01   0.5201799778524E-27
  0.3091440626670E+01   0.6781027945827E-27
  0.3100310508267E+01   0.9420226497901E-27
  0.3109205839099E+01   0.1351492122761E-26
  0.3118126692184E+01   0.1969129330271E-26
  0.3127073140750E+01   0.2982174435435E-26
  0.3136045258236E+01   0.4729365025351E-26
  0.3145043118290E+01   0.7627890043559E-26
  0.3154066794771E+01   0.1291417839464E-25
  0.3163116361751E+01   0.2170691629467E-25
  0.3172191893516E+01   0.3757103612700E-25
  0.3181293464562E+01   0.6724375690921E-25
  0.3190421149600E+01   0.1212001693092E-24
  0.3199575023556E+01   0.2278941701212E-24
  0.3208755161572E+01   0.4320814094403E-24
  0.3217961639002E+01   0.8421717699491E-24
  0.3227194531419E+01   0.1623167839109E-23
  0.3236453914613E+01   0.3176440324546E-23
  0.3245739864590E+01   0.6298485653509E-23
  0.3255052457574E+01   0.1237296165478E-22
  0.3264391770010E+01   0.2407457040224E-22
  0.3273757878560E+01   0.4653308485759E-22
  0.3283150860107E+01   0.8695452594613E-22
  0.3292570791754E+01   0.1418115941126E-21
  0.3302017750825E+01   0.2193504811250E-21
  0.3311491814867E+01   0.3133533344413E-21
  0.3320993061649E+01   0.4230822093329E-21
  0.3330521569163E+01   0.5379358059642E-21
  0.3340077415625E+01   0.6737159825850E-21
  0.3349660679474E+01   0.8243003558112E-21
  0.3359271439377E+01   0.9774079173305E-21
  0.3368909774224E+01   0.1131125985745E-20
  0.3378575763132E+01   0.1278781805186E-20
  0.3388269485445E+01   0.1451828154070E-20
  0.3397991020737E+01   0.1607620315024E-20
  0.3407740448806E+01   0.1753476739057E-20
  0.3417517849683E+01   0.1907117171464E-20
  0.3427323303625E+01   0.2089995728237E-20
  0.3437156891123E+01   0.2263401191342E-20
  0.3447018692896E+01   0.2438171192753E-20
  0.3456908789896E+01   0.2604462320103E-20
  0.3466827263307E+01   0.2749505815970E-20
  0.3476774194546E+01   0.2923151463752E-20
  0.3486749665263E+01   0.3071025534026E-20
  0.3496753757342E+01   0.3237321163965E-20
  0.3506786552905E+01   0.3385819136581E-20
  0.3516848134305E+01   0.3561550231227E-20
  0.3526938584134E+01   0.3699837977499E-20
  0.3537057985222E+01   0.3889481684509E-20
  0.3547206420634E+01   0.4095706914897E-20
  0.3557383973675E+01   0.4258514210839E-20
  0.3567590727888E+01   0.4488486105608E-20
  0.3577826767056E+01   0.4675431973060E-20
  0.3588092175204E+01   0.4868173416114E-20
  0.3598387036595E+01   0.5100929196784E-20
  0.3608711435738E+01   0.5262285379976E-20
  0.3619065457379E+01   0.5452364418683E-20
  0.3629449186512E+01   0.5670451463863E-20
  0.3639862708372E+01   0.5876434228880E-20
  0.3650306108440E+01   0.6106777564714E-20
  0.3660779472442E+01   0.6304293291118E-20
  0.3671282886350E+01   0.6519941645187E-20
  0.3681816436381E+01   0.6737185741110E-20
  0.3692380209002E+01   0.6975543713266E-20
  0.3702974290926E+01   0.7178691257352E-20
  0.3713598769117E+01   0.7409462455051E-20
  0.3724253730786E+01   0.7687955384719E-20
  0.3734939263396E+01   0.7884388892310E-20
  0.3745655454660E+01   0.8121252132138E-20
  0.3756402392544E+01   0.8337066359748E-20
  0.3767180165264E+01   0.8589088548097E-20
  0.3777988861291E+01   0.8803441262786E-20
  0.3788828569349E+01   0.9024228584406E-20
  0.3799699378418E+01   0.9243511783377E-20
  0.3810601377731E+01   0.9468882293339E-20
  0.3821534656780E+01   0.9676272100342E-20
  0.3832499305310E+01   0.9886682222577E-20
  0.3843495413326E+01   0.1011892526742E-19
  0.3854523071092E+01   0.1038319896782E-19
  0.3865582369128E+01   0.1064248821563E-19
  0.3876673398217E+01   0.1090058764689E-19
  0.3887796249400E+01   0.1118710124428E-19
  0.3898951013980E+01   0.1141193378571E-19
  0.3910137783523E+01   0.1168707119570E-19
  0.3921356649856E+01   0.1195591408788E-19
  0.3932607705070E+01   0.1223248818320E-19
  0.3943891041521E+01   0.1251862418861E-19
  0.3955206751830E+01   0.1279757717437E-19
  0.3966554928883E+01   0.1306972984822E-19
  0.3977935665832E+01   0.1332132682726E-19
  0.3989349056097E+01   0.1359947061100E-19
  0.4000795193368E+01   0.1382460119751E-19
  0.4012274171599E+01   0.1407494218591E-19
  0.4023786085019E+01   0.1430613376858E-19
  0.4035331028123E+01   0.1458065508576E-19
  0.4046909095679E+01   0.1479880359061E-19
  0.4058520382728E+01   0.1499796410004E-19
  0.4070164984582E+01   0.1521916325135E-19
  0.4081842996827E+01   0.1551755103391E-19
  0.4093554515323E+01   0.1587448266942E-19
  0.4105299636205E+01   0.1624562489782E-19
  0.4117078455885E+01   0.1671940845193E-19
  0.4128891071050E+01   0.1725842575829E-19
  0.4140737578665E+01   0.1793417119922E-19
  0.4152618075974E+01   0.1862979927504E-19
  0.4164532660498E+01   0.1939975884694E-19
  0.4176481430042E+01   0.2050942399854E-19
  0.4188464482686E+01   0.2198677757193E-19
  0.4200481916795E+01   0.2354663290341E-19
  0.4212533831015E+01   0.2547014525119E-19
  0.4224620324277E+01   0.2748712665907E-19
  0.4236741495793E+01   0.1226937610952E-19
  0.4248897445061E+01   0.6003055763066E-23
  0.4261088271865E+01   0.1764144033102E-25
  0.4273314076274E+01   0.6127551918448E-25
  0.4285574958646E+01   0.4927068503822E-21
  0.4297871019624E+01   0.6074217205875E-20
  0.4310202360143E+01   0.8700427199386E-20
  0.4322569081426E+01   0.1024970411536E-19
  0.4334971284986E+01   0.1131204138884E-19
  0.4347409072628E+01   0.1218075431903E-19
  0.4359882546449E+01   0.1284832697686E-19
  0.4372391808839E+01   0.1304525809856E-19
  0.4384936962482E+01   0.1093251693197E-19
  0.4397518110355E+01   0.1199479014203E-19
  0.4410135355733E+01   0.1407230553744E-19
  0.4422788802186E+01   0.1439139142906E-19
  0.4435478553580E+01   0.1461486305015E-19
  0.4448204714081E+01   0.1476569440286E-19
  0.4460967388154E+01   0.1494141901382E-19
  0.4473766680561E+01   0.1507738724416E-19
  0.4486602696367E+01   0.1520280001663E-19
  0.4499475540938E+01   0.1537871429618E-19
  0.4512385319942E+01   0.1553927916546E-19
  0.4525332139351E+01   0.1571880325609E-19
  0.4538316105440E+01   0.1594579777727E-19
  0.4551337324788E+01   0.1619739950509E-19
  0.4564395904283E+01   0.1654375176568E-19
  0.4577491951117E+01   0.1685596043619E-19
  0.4590625572791E+01   0.1722944352507E-19
  0.4603796877112E+01   0.1765872964491E-19
  0.4617005972199E+01   0.1808650779349E-19
  0.4630252966481E+01   0.1858778366629E-19
  0.4643537968697E+01   0.1910908265098E-19
  0.4656861087898E+01   0.1935039807285E-19
  0.4670222433449E+01   0.1816965360566E-19
  0.4683622115027E+01   0.2011322372100E-19
  0.4697060242625E+01   0.2144603994836E-19
  0.4710536926552E+01   0.2209832913426E-19
  0.4724052277433E+01   0.2277690852243E-19
  0.4737606406209E+01   0.2344920897577E-19
  0.4751199424141E+01   0.2409724850576E-19
  0.4764831442809E+01   0.2479852671986E-19
  0.4778502574113E+01   0.2542194142469E-19
  0.4792212930274E+01   0.2619889895782E-19
  0.4805962623834E+01   0.2689567576055E-19
  0.4819751767661E+01   0.2764951077941E-19
  0.4833580474942E+01   0.2839724121144E-19
  0.4847448859194E+01   0.2911777111614E-19
  0.4861357034255E+01   0.2987150497443E-19
  0.4875305114293E+01   0.3062859749668E-19
  0.4889293213801E+01   0.3139152115073E-19
  0.4903321447604E+01   0.3219218692959E-19
  0.4917389930853E+01   0.3292660431293E-19
  0.4931498779030E+01   0.3376550942293E-19
  0.4945648107950E+01   0.3451786511286E-19
  0.4959838033760E+01   0.3531164312028E-19
  0.4974068672938E+01   0.3605663389141E-19
  0.4988340142298E+01   0.3689044587862E-19
  0.5002652558990E+01   0.3765302002228E-19
  0.5017006040497E+01   0.3846419603131E-19
  0.5031400704644E+01   0.3920927055863E-19
  0.5045836669588E+01   0.3999436611085E-19
  0.5060314053831E+01   0.4077601474923E-19
  0.5074832976211E+01   0.4146854445995E-19
  0.5089393555907E+01   0.4217472262237E-19
  0.5103995912443E+01   0.4284690588500E-19
  0.5118640165683E+01   0.4350471654829E-19
  0.5133326435836E+01   0.4417491353615E-19
  0.5148054843456E+01   0.4478207519080E-19
  0.5162825509443E+01   0.4538201560307E-19
  0.5177638555043E+01   0.4608277537423E-19
  0.5192494101851E+01   0.4670405029250E-19
  0.5207392271810E+01   0.4727898825736E-19
  0.5222333187214E+01   0.4785517002159E-19
  0.5237316970706E+01   0.4847596622762E-19
  0.5252343745283E+01   0.4903350698421E-19
  0.5267413634293E+01   0.4964561115535E-19
  0.5282526761440E+01   0.5024883164268E-19
  0.5297683250780E+01   0.5083459919031E-19
  0.5312883226729E+01   0.5135892870354E-19
  0.5328126814055E+01   0.5185400376127E-19
  0.5343414137889E+01   0.5241720611385E-19
  0.5358745323718E+01   0.5288152582708E-19
  0.5374120497388E+01   0.5333838993690E-19
  0.5389539785110E+01   0.5378400663006E-19
  0.5405003313454E+01   0.5416840855971E-19
  0.5420511209355E+01   0.5464797607306E-19
  0.5436063600109E+01   0.5500437282079E-19
  0.5451660613382E+01   0.5529326940912E-19
  0.5467302377202E+01   0.5565248264504E-19
  0.5482989019966E+01   0.5593386093101E-19
  0.5498720670441E+01   0.5615039407178E-19
  0.5514497457762E+01   0.5650834903907E-19
  0.5530319511432E+01   0.5665401692061E-19
  0.5546186961331E+01   0.5683181301856E-19
  0.5562099937707E+01   0.5690800461880E-19
  0.5578058571184E+01   0.5686931251892E-19
  0.5594062992760E+01   0.5669532936179E-19
  0.5610113333808E+01   0.5648523897763E-19
  0.5626209726081E+01   0.5612044677859E-19
  0.5642352301707E+01   0.5551716844380E-19
  0.5658541193194E+01   0.5479129728414E-19
  0.5674776533430E+01   0.5378690569007E-19
  0.5691058455685E+01   0.5259255996862E-19
  0.5707387093610E+01   0.5113328096962E-19
  0.5723762581242E+01   0.4931775371729E-19
  0.5740185053000E+01   0.4720050403616E-19
  0.5756654643690E+01   0.4467633077406E-19
  0.5773171488504E+01   0.4194525549562E-19
  0.5789735723023E+01   0.3883892167036E-19
  0.5806347483215E+01   0.3570080308716E-19
  0.5823006905441E+01   0.3259993251007E-19
  0.5839714126450E+01   0.2944430161443E-19
  0.5856469283387E+01   0.2676653307270E-19
  0.5873272513787E+01   0.2442492287795E-19
  0.5890123955582E+01   0.2237708249618E-19
  0.5907023747098E+01   0.2074826732714E-19
  0.5923972027060E+01   0.1945413639223E-19
  0.5940968934588E+01   0.1850145674657E-19
  0.5958014609205E+01   0.1768252658919E-19
  0.5975109190831E+01   0.1714944258506E-19
  0.5992252819789E+01   0.1672626512066E-19
  0.6009445636805E+01   0.1641868263922E-19
  0.6026687783007E+01   0.1621370067566E-19
  0.6043979399930E+01   0.1618069122703E-19
  0.6061320629513E+01   0.1625961267607E-19
  0.6078711614104E+01   0.1661169960857E-19
  0.6096152496459E+01   0.1725685173821E-19
  0.6113643419744E+01   0.1831375745499E-19
  0.6131184527533E+01   0.1961657018088E-19
  0.6148775963816E+01   0.2113002146541E-19
  0.6166417872994E+01   0.2274681530552E-19
  0.6184110399881E+01   0.2434854170745E-19
  0.6201853689710E+01   0.2572173945720E-19
  0.6219647888128E+01   0.2693646936422E-19
  0.6237493141200E+01   0.2808055596903E-19
  0.6255389595412E+01   0.2915133924121E-19
  0.6273337397667E+01   0.3008501799481E-19
  0.6291336695293E+01   0.3107619755236E-19
  0.6309387636040E+01   0.3197323346000E-19
  0.6327490368079E+01   0.3295066326868E-19
  0.6345645040009E+01   0.3398240584449E-19
  0.6363851800855E+01   0.3491824655770E-19
  0.6382110800069E+01   0.3597088789430E-19
  0.6400422187532E+01   0.3694949767473E-19
  0.6418786113555E+01   0.3801682827767E-19
  0.6437202728880E+01   0.3886127311727E-19
  0.6455672184682E+01   0.3980184505067E-19
  0.6474194632569E+01   0.4064856106225E-19
  0.6492770224586E+01   0.4167502590964E-19
  0.6511399113211E+01   0.4248508731607E-19
  0.6530081451363E+01   0.4335815599544E-19
  0.6548817392397E+01   0.4426770124871E-19
  0.6567607090108E+01   0.4514645117968E-19
  0.6586450698735E+01   0.4606644974070E-19
  0.6605348372958E+01   0.4703233534564E-19
  0.6624300267898E+01   0.4806738916429E-19
  0.6643306539127E+01   0.4925439705611E-19
  0.6662367342658E+01   0.5018125762296E-19
  0.6681482834954E+01   0.5134951692836E-19
  0.6700653172927E+01   0.5239316991521E-19
  0.6719878513938E+01   0.5338498620113E-19
  0.6739159015801E+01   0.5421619078740E-19
  0.6758494836783E+01   0.5505694992895E-19
  0.6777886135602E+01   0.5613690554015E-19
  0.6797333071435E+01   0.5733000491619E-19
  0.6816835803914E+01   0.5813190491821E-19
  0.6836394493129E+01   0.5900414608007E-19
  0.6856009299631E+01   0.6023766710303E-19
  0.6875680384428E+01   0.6108202549324E-19
  0.6895407908994E+01   0.6200063523680E-19
  0.6915192035264E+01   0.6310174842413E-19
  0.6935032925638E+01   0.6421689144264E-19
  0.6954930742982E+01   0.6523396061140E-19
  0.6974885650629E+01   0.6622978100781E-19
  0.6994897812383E+01   0.6741384348842E-19
  0.7014967392513E+01   0.6834785110237E-19
  0.7035094555765E+01   0.6956042073779E-19
  0.7055279467354E+01   0.7098873745278E-19
  0.7075522292970E+01   0.7220107908309E-19
  0.7095823198778E+01   0.7353583704168E-19
  0.7116182351420E+01   0.7498844839467E-19
  0.7136599918018E+01   0.7630857406765E-19
  0.7157076066170E+01   0.7772965242613E-19
  0.7177610963958E+01   0.7915411979535E-19
  0.7198204779944E+01   0.8038617563765E-19
  0.7218857683175E+01   0.8151116309440E-19
  0.7239569843182E+01   0.8256926267500E-19
  0.7260341429984E+01   0.8434338902108E-19
  0.7281172614086E+01   0.8607610642052E-19
  0.7302063566484E+01   0.8777890268301E-19
  0.7323014458663E+01   0.8946865723548E-19
  0.7344025462600E+01   0.9113706406567E-19
  0.7365096750767E+01   0.9289346772472E-19
  0.7386228496130E+01   0.9464581312562E-19
  0.7407420872151E+01   0.9644080567720E-19
  0.7428674052790E+01   0.9816992995321E-19
  0.7449988212505E+01   0.1001268325792E-18
  0.7471363526258E+01   0.1022939556639E-18
  0.7492800169508E+01   0.1045134939263E-18
  0.7514298318222E+01   0.1064826920836E-18
  0.7535858148868E+01   0.1085442918967E-18
  0.7557479838424E+01   0.1112321718594E-18
  0.7579163564373E+01   0.1139012701748E-18
  0.7600909504708E+01   0.1165977134073E-18
  0.7622717837934E+01   0.1190807622993E-18
  0.7644588743066E+01   0.1215386132190E-18
  0.7666522399634E+01   0.1240196065031E-18
  0.7688518987683E+01   0.1262974386077E-18
  0.7710578687774E+01   0.1284667531872E-18
  0.7732701680988E+01   0.1305641875333E-18
  0.7754888148921E+01   0.1323599678633E-18
  0.7777138273696E+01   0.1336693761101E-18
  0.7799452237954E+01   0.1346600814816E-18
  0.7821830224861E+01   0.1353910316426E-18
  0.7844272418111E+01   0.1357874886511E-18
  0.7866779001922E+01   0.1353643971973E-18
  0.7889350161042E+01   0.1345329650368E-18
  0.7911986080749E+01   0.1332922910651E-18
  0.7934686946851E+01   0.1315268430293E-18
  0.7957452945693E+01   0.1292096849565E-18
  0.7980284264150E+01   0.1266184801472E-18
  0.8003181089637E+01   0.1266428284475E-18
  0.8026143610103E+01   0.1254227483870E-18
  0.8049172014041E+01   0.1230725905842E-18
  0.8072266490480E+01   0.1196480673998E-18
  0.8095427228995E+01   0.1169758790238E-18
  0.8118654419702E+01   0.1125790444780E-18
  0.8141948253265E+01   0.1070967050950E-18
  0.8165308920893E+01   0.1003164861015E-18
  0.8188736614346E+01   0.9588735830302E-19
  0.8212231525931E+01   0.9292364711770E-19
  0.8235793848510E+01   0.9173567882049E-19
  0.8259423775497E+01   0.8964064419210E-19
  0.8283121500859E+01   0.8987683062306E-19
  0.8306887219123E+01   0.8853003161941E-19
  0.8330721125372E+01   0.8565950687595E-19
  0.8354623415250E+01   0.8162981494704E-19
  0.8378594284960E+01   0.7789100060591E-19
  0.8402633931270E+01   0.7327168762061E-19
  0.8426742551512E+01   0.6984378321588E-19
  0.8450920343585E+01   0.6557517080605E-19
  0.8475167505955E+01   0.6153331115303E-19
  0.8499484237656E+01   0.5704104435040E-19
  0.8523870738296E+01   0.5229956518831E-19
  0.8548327208054E+01   0.4734320436652E-19
  0.8572853847683E+01   0.4256933413588E-19
  0.8597450858513E+01   0.3792038700638E-19
  0.8622118442451E+01   0.3409474034454E-19
  0.8646856801984E+01   0.3056403796874E-19
  0.8671666140179E+01   0.2713188673945E-19
  0.8696546660687E+01   0.2393862623815E-19
  0.8721498567741E+01   0.2091429777412E-19
  0.8746522066162E+01   0.1812083577756E-19
  0.8771617361359E+01   0.1554005901236E-19
  0.8796784659329E+01   0.1322078130649E-19
  0.8822024166659E+01   0.1138470757867E-19
  0.8847336090533E+01   0.9794277386883E-20
  0.8872720638724E+01   0.8344535220507E-20
  0.8898178019606E+01   0.7062189608886E-20
  0.8923708442147E+01   0.5951038063008E-20
  0.8949312115917E+01   0.4976519459492E-20
  0.8974989251087E+01   0.4129154320854E-20
  0.9000740058430E+01   0.3420935822787E-20
  0.9026564749324E+01   0.2994570276901E-20
  0.9052463535754E+01   0.2620367467326E-20
  0.9078436630313E+01   0.2281953830748E-20
  0.9104484246204E+01   0.1985461327633E-20
  0.9130606597242E+01   0.1725441950366E-20
  0.9156803897854E+01   0.1499359787899E-20
  0.9183076363086E+01   0.1303638806894E-20
  0.9209424208595E+01   0.1155648789380E-20
  0.9235847650663E+01   0.1059382674412E-20
  0.9262346906188E+01   0.9713566057022E-21
  0.9288922192692E+01   0.8941814811559E-21
  0.9315573728322E+01   0.8243038233053E-21
  0.9342301731850E+01   0.7647383076343E-21
  0.9369106422675E+01   0.7110845142967E-21
  0.9395988020826E+01   0.6702087379670E-21
  0.9422946746965E+01   0.6660002812474E-21
  0.9449982822385E+01   0.6697975304237E-21
  0.9477096469013E+01   0.6757341145022E-21
  0.9504287909417E+01   0.6799860522147E-21
  0.9531557366798E+01   0.6899521779118E-21
  0.9558905065003E+01   0.7015373928919E-21
  0.9586331228517E+01   0.7156046458518E-21
  0.9613836082471E+01   0.7480919144197E-21
  0.9641419852641E+01   0.7947802860509E-21
  0.9669082765452E+01   0.8445227867001E-21
  0.9696825047978E+01   0.8964531148105E-21
  0.9724646927945E+01   0.9535380639970E-21
  0.9752548633731E+01   0.1013690829552E-20
  0.9780530394371E+01   0.1072746139904E-20
  0.9808592439555E+01   0.1140701675546E-20
  0.9836734999635E+01   0.1241740085069E-20
  0.9864958305621E+01   0.1372749074442E-20
  0.9893262589188E+01   0.1524884993300E-20
  0.9921648082674E+01   0.1699986477083E-20
  0.9950115019085E+01   0.1901190857624E-20
  0.9978663632094E+01   0.2122011502036E-20
  0.1000729415605E+02   0.2359040309624E-20
  0.1003600682596E+02   0.2609792727583E-20
  0.1006480187752E+02   0.2902755975737E-20
  0.1009367954710E+02   0.3217893360004E-20
  0.1012264007175E+02   0.3570068130712E-20
  0.1015168368918E+02   0.3936254633590E-20
  0.1018081063781E+02   0.4341168419737E-20
  0.1021002115673E+02   0.4764412216907E-20
  0.1023931548572E+02   0.5222103750930E-20
  0.1026869386524E+02   0.5702348199848E-20
  0.1029815653645E+02   0.6172730982675E-20
  0.1032770374119E+02   0.6659663982468E-20
  0.1035733572201E+02   0.7145725004890E-20
  0.1038705272214E+02   0.7623099466967E-20
  0.1041685498552E+02   0.8188719718188E-20
  0.1044674275678E+02   0.8769383032288E-20
  0.1047671628127E+02   0.9401168686258E-20
  0.1050677580502E+02   0.9936717354986E-20
  0.1053692157478E+02   0.1050331677664E-19
  0.1056715383800E+02   0.1099441823518E-19
  0.1059747284285E+02   0.1144067487559E-19
  0.1062787883821E+02   0.1187977343202E-19
  0.1065837207366E+02   0.1234263667352E-19
  0.1068895279952E+02   0.1271903676382E-19
  0.1071962126681E+02   0.1309650380788E-19
  0.1075037772726E+02   0.1345899153612E-19
  0.1078122243337E+02   0.1371326894251E-19
  0.1081215563830E+02   0.1401130175242E-19
  0.1084317759599E+02   0.1431899482573E-19
  0.1087428856108E+02   0.1463271401937E-19
  0.1090548878894E+02   0.1485065647779E-19
  0.1093677853570E+02   0.1504884965974E-19
  0.1096815805818E+02   0.1526226797504E-19
  0.1099962761399E+02   0.1549001683616E-19
  0.1103118746143E+02   0.1577004987763E-19
  0.1106283785956E+02   0.1598018882016E-19
  0.1109457906821E+02   0.1623330131041E-19
  0.1112641134790E+02   0.1652702700223E-19
  0.1115833495996E+02   0.1684710590439E-19
  0.1119035016641E+02   0.1714147709910E-19
  0.1122245723007E+02   0.1758248767839E-19
  0.1125465641449E+02   0.1807267288940E-19
  0.1128694798398E+02   0.1857552601600E-19
  0.1131933220360E+02   0.1908935488955E-19
  0.1135180933919E+02   0.1958920211299E-19
  0.1138437965734E+02   0.2020111429764E-19
  0.1141704342540E+02   0.2097081686389E-19
  0.1144980091151E+02   0.2195051123804E-19
  0.1148265238454E+02   0.2297591577960E-19
  0.1151559811418E+02   0.2406996216619E-19
  0.1154863837085E+02   0.2518111594703E-19
  0.1158177342577E+02   0.2646427411026E-19
  0.1161500355093E+02   0.2781854934632E-19
  0.1164832901912E+02   0.2951912369557E-19
  0.1168175010387E+02   0.3146432620807E-19
  0.1171526707954E+02   0.3346050097142E-19
  0.1174888022125E+02   0.3516179133883E-19
  0.1178258980492E+02   0.3732196920885E-19
  0.1181639610725E+02   0.3946475995430E-19
  0.1185029940575E+02   0.4168483814868E-19
  0.1188429997872E+02   0.4400495925967E-19
  0.1191839810526E+02   0.4661633127861E-19
  0.1195259406526E+02   0.4911346717909E-19
  0.1198688813943E+02   0.5153257877797E-19
  0.1202128060927E+02   0.5357375167378E-19
  0.1205577175709E+02   0.5513366161773E-19
  0.1209036186603E+02   0.5700830278887E-19
  0.1212505122001E+02   0.5877151994324E-19
  0.1215984010379E+02   0.6075898194108E-19
  0.1219472880294E+02   0.6279664754766E-19
  0.1222971760384E+02   0.6476288577581E-19
  0.1226480679370E+02   0.6703667176907E-19
  0.1229999666056E+02   0.6924620804144E-19
  0.1233528749328E+02   0.7146169007428E-19
  0.1237067958155E+02   0.7382686869075E-19
  0.1240617321588E+02   0.7678267166498E-19
  0.1244176868763E+02   0.7945380376327E-19
  0.1247746628899E+02   0.8261023343364E-19
  0.1251326631298E+02   0.8457554378689E-19
  0.1254916905348E+02   0.8694227148479E-19
  0.1258517480519E+02   0.8929043346627E-19
  0.1262128386368E+02   0.9145679691380E-19
  0.1265749652534E+02   0.9460632812989E-19
  0.1269381308744E+02   0.9739589852544E-19
  0.1273023384808E+02   0.1003214341968E-18
  0.1276675910623E+02   0.1031144114866E-18
  0.1280338916170E+02   0.1061169885297E-18
  0.1284012431518E+02   0.1091005318870E-18
  0.1287696486822E+02   0.1121607602569E-18
  0.1291391112322E+02   0.1154793779217E-18
  0.1295096338345E+02   0.1192974132246E-18
  0.1298812195308E+02   0.1237735160534E-18
  0.1302538713712E+02   0.1278335172017E-18
  0.1306275924146E+02   0.1323059549372E-18
  0.1310023857287E+02   0.1366346827515E-18
  0.1313782543902E+02   0.1411074726013E-18
  0.1317552014843E+02   0.1462160335974E-18
  0.1321332301052E+02   0.1517955983931E-18
  0.1325123433562E+02   0.1573716168983E-18
  0.1328925443490E+02   0.1638155329351E-18
  0.1332738362048E+02   0.1702356608165E-18
  0.1336562220533E+02   0.1766811528055E-18
  0.1340397050333E+02   0.1835315166299E-18
  0.1344242882929E+02   0.1903362118349E-18
  0.1348099749888E+02   0.1974845902820E-18
  0.1351967682870E+02   0.2054623187169E-18
  0.1355846713625E+02   0.2132709863541E-18
  0.1359736873996E+02   0.2215393379734E-18
  0.1363638195914E+02   0.2303587124968E-18
  0.1367550711404E+02   0.2390735977435E-18
  0.1371474452582E+02   0.2478410527566E-18
  0.1375409451658E+02   0.2571645544591E-18
  0.1379355740931E+02   0.2669316531257E-18
  0.1383313352795E+02   0.2764598868081E-18
  0.1387282319737E+02   0.2863313293094E-18
  0.1391262674336E+02   0.2962989756023E-18
  0.1395254449266E+02   0.3063474451788E-18
  0.1399257677294E+02   0.3171166175823E-18
  0.1403272391280E+02   0.3284037255632E-18
  0.1407298624180E+02   0.3390688218615E-18
  0.1411336409043E+02   0.3518058352836E-18
  0.1415385779014E+02   0.3618355432838E-18
  0.1419446767333E+02   0.3735800953627E-18
  0.1423519407334E+02   0.3878828251806E-18
  0.1427603732450E+02   0.3994999683744E-18
  0.1431699776205E+02   0.4134363486256E-18
  0.1435807572223E+02   0.4263512602246E-18
  0.1439927154224E+02   0.4395242224526E-18
  0.1444058556023E+02   0.4529251339571E-18
  0.1448201811533E+02   0.4666036069249E-18
  0.1452356954764E+02   0.4834933494859E-18
  0.1456524019826E+02   0.4920579420270E-18
  0.1460703040923E+02   0.5074628313058E-18
  0.1464894052359E+02   0.5214771095768E-18
  0.1469097088537E+02   0.5336576315031E-18
  0.1473312183958E+02   0.5461746276030E-18
  0.1477539373222E+02   0.5526222825272E-18
  0.1481778691028E+02   0.5562451917008E-18
  0.1486030172175E+02   0.5480864584970E-18
  0.1490293851562E+02   0.5232189055219E-18
  0.1494569764188E+02   0.4783066896922E-18
  0.1498857945152E+02   0.4191611358893E-18
  0.1503158429654E+02   0.3556986523971E-18
  0.1507471252995E+02   0.2968278091753E-18
  0.1511796450577E+02   0.2471254050314E-18
  0.1516134057904E+02   0.2173900809168E-18
  0.1520484110583E+02   0.2259651199503E-18
  0.1524846644320E+02   0.2271272163281E-18
  0.1529221694927E+02   0.2381539532242E-18
  0.1533609298315E+02   0.2791309048568E-18
  0.1538009490502E+02   0.3121224032582E-18
  0.1542422307607E+02   0.3471650644715E-18
  0.1546847785852E+02   0.3840984158432E-18
  0.1551285961565E+02   0.4211074651956E-18
  0.1555736871178E+02   0.4557657707238E-18
  0.1560200551225E+02   0.4848374727416E-18
  0.1564677038348E+02   0.5076998877120E-18
  0.1569166369292E+02   0.5284711491633E-18
  0.1573668580909E+02   0.5433243861693E-18
  0.1578183710155E+02   0.5511915169268E-18
  0.1582711794093E+02   0.5586409476979E-18
  0.1587252869892E+02   0.5675616652298E-18
  0.1591806974829E+02   0.5654102856671E-18
  0.1596374146286E+02   0.5639060134182E-18
  0.1600954421753E+02   0.5596357334280E-18
  0.1605547838829E+02   0.5532340757337E-18
  0.1610154435218E+02   0.5444164455630E-18
  0.1614774248735E+02   0.5355497209884E-18
  0.1619407317301E+02   0.5265792586287E-18
  0.1624053678948E+02   0.5165242572568E-18
  0.1628713371815E+02   0.5045561776837E-18
  0.1633386434154E+02   0.4926091260213E-18
  0.1638072904321E+02   0.4790775011988E-18
  0.1642772820788E+02   0.4645665564230E-18
  0.1647486222134E+02   0.4510107443527E-18
  0.1652213147050E+02   0.4420848671952E-18
  0.1656953634336E+02   0.4373029904872E-18
  0.1661707722906E+02   0.4309217101403E-18
  0.1666475451784E+02   0.4240838793046E-18
  0.1671256860106E+02   0.4173969290934E-18
  0.1676051987122E+02   0.4114403287618E-18
  0.1680860872193E+02   0.4036930499062E-18
  0.1685683554792E+02   0.3967662748603E-18
  0.1690520074507E+02   0.3895885285508E-18
  0.1695370471040E+02   0.3844520820899E-18
  0.1700234784206E+02   0.3762049488255E-18
  0.1705113053933E+02   0.3732275244557E-18
  0.1710005320266E+02   0.3713711509641E-18
  0.1714911623363E+02   0.3690527676004E-18
  0.1719832003498E+02   0.3667988015890E-18
  0.1724766501060E+02   0.3652271476897E-18
  0.1729715156556E+02   0.3636242668929E-18
  0.1734678010606E+02   0.3625044599390E-18
  0.1739655103949E+02   0.3582893343978E-18
  0.1744646477439E+02   0.3563730524487E-18
  0.1749652172049E+02   0.3551605001283E-18
  0.1754672228869E+02   0.3574987354765E-18
  0.1759706689107E+02   0.3602130554825E-18
  0.1764755594087E+02   0.3633881437416E-18
  0.1769818985256E+02   0.3664269653000E-18
  0.1774896904175E+02   0.3698361443305E-18
  0.1779989392528E+02   0.3725548257526E-18
  0.1785096492118E+02   0.3753818943611E-18
  0.1790218244865E+02   0.3784830803435E-18
  0.1795354692814E+02   0.3818607587506E-18
  0.1800505878126E+02   0.3829751266354E-18
  0.1805671843086E+02   0.3967580681320E-18
  0.1810852630099E+02   0.4073377106319E-18
  0.1816048281692E+02   0.4172162806120E-18
  0.1821258840515E+02   0.4284172808730E-18
  0.1826484349339E+02   0.4392994081868E-18
  0.1831724851057E+02   0.4496755512790E-18
  0.1836980388688E+02   0.4611737258442E-18
  0.1842251005372E+02   0.4736796688714E-18
  0.1847536744372E+02   0.4865815061804E-18
  0.1852837649079E+02   0.5009383653523E-18
  0.1858153763004E+02   0.5163178238134E-18
  0.1863485129787E+02   0.5320973404159E-18
  0.1868831793189E+02   0.5476009215259E-18
  0.1874193797099E+02   0.5645412079087E-18
  0.1879571185533E+02   0.5855213764883E-18
  0.1884964002631E+02   0.6025175718847E-18
  0.1890372292660E+02   0.6213804369664E-18
  0.1895796100015E+02   0.6401740527036E-18
  0.1901235469219E+02   0.6614244864358E-18
  0.1906690444920E+02   0.6844535553047E-18
  0.1912161071896E+02   0.7082216907889E-18
  0.1917647395054E+02   0.7328536905492E-18
  0.1923149459429E+02   0.7584491912777E-18
  0.1928667310184E+02   0.7824529499914E-18
  0.1934200992615E+02   0.8069855271434E-18
  0.1939750552144E+02   0.8358462941574E-18
  0.1945316034326E+02   0.8633027695798E-18
  0.1950897484846E+02   0.8957376368593E-18
  0.1956494949519E+02   0.9199387839324E-18
  0.1962108474294E+02   0.9544501587091E-18
  0.1967738105249E+02   0.9887691283244E-18
  0.1973383888595E+02   0.1020504945606E-17
  0.1979045870677E+02   0.1059301810139E-17
  0.1984724097972E+02   0.1094550583102E-17
  0.1990418617090E+02   0.1128516153123E-17
  0.1996129474776E+02   0.1167401501795E-17
  0.2001856717906E+02   0.1168768626276E-17
  0.2007600393495E+02   0.1232496647123E-17
  0.2013360548689E+02   0.1279113811097E-17
  0.2019137230772E+02   0.1317430324603E-17
  0.2024930487162E+02   0.1355661239770E-17
  0.2030740365414E+02   0.1394473376095E-17
  0.2036566913218E+02   0.1434596223973E-17
  0.2042410178402E+02   0.1474958744201E-17
  0.2048270208932E+02   0.1516283172008E-17
  0.2054147052911E+02   0.1558096510683E-17
  0.2060040758578E+02   0.1600694195452E-17
  0.2065951374313E+02   0.1644560536671E-17
  0.2071878948635E+02   0.1689051597398E-17
  0.2077823530199E+02   0.1734828599399E-17
  0.2083785167804E+02   0.1781817122220E-17
  0.2089763910385E+02   0.1826079465172E-17
  0.2095759807019E+02   0.1880739337780E-17
  0.2101772906926E+02   0.1938834737209E-17
  0.2107803259463E+02   0.2001217701895E-17
  0.2113850914133E+02   0.2066527159651E-17
  0.2119915920576E+02   0.2132976918548E-17
  0.2125998328580E+02   0.2202996264217E-17
  0.2132098188072E+02   0.2274181865621E-17
  0.2138215549123E+02   0.2346177953429E-17
  0.2144350461948E+02   0.2420251217017E-17
  0.2150502976906E+02   0.2496460220951E-17
  0.2156673144502E+02   0.2574891896254E-17
  0.2162861015383E+02   0.2653783162481E-17
  0.2169066640344E+02   0.2733524046776E-17
  0.2175290070323E+02   0.2814999400237E-17
  0.2181531356407E+02   0.2898262152635E-17
  0.2187790549827E+02   0.2983942064879E-17
  0.2194067701964E+02   0.3069244861183E-17
  0.2200362864344E+02   0.3155645822996E-17
  0.2206676088640E+02   0.3234945018027E-17
  0.2213007426677E+02   0.3315441666736E-17
  0.2219356930426E+02   0.3397123543608E-17
  0.2225724652006E+02   0.3477808413332E-17
  0.2232110643689E+02   0.3563550826812E-17
  0.2238514957895E+02   0.3648792170591E-17
  0.2244937647193E+02   0.3732680741807E-17
  0.2251378764305E+02   0.3817420101736E-17
  0.2257838362104E+02   0.3905612327317E-17
  0.2264316493615E+02   0.4003546100638E-17
  0.2270813212013E+02   0.4095087490677E-17
  0.2277328570628E+02   0.4187655046337E-17
  0.2283862622941E+02   0.4280424818071E-17
  0.2290415422588E+02   0.4377355100778E-17
  0.2296987023359E+02   0.4465364203004E-17
  0.2303577479197E+02   0.4552001463815E-17
  0.2310186844201E+02   0.4643236525324E-17
  0.2316815172624E+02   0.4732144793863E-17
  0.2323462518876E+02   0.4819483344772E-17
  0.2330128937522E+02   0.4909884197572E-17
  0.2336814483285E+02   0.5001315783770E-17
  0.2343519211042E+02   0.5093323677391E-17
  0.2350243175831E+02   0.5186946147909E-17
  0.2356986432846E+02   0.5284411972844E-17
  0.2363749037440E+02   0.5386440335331E-17
  0.2370531045125E+02   0.5494470014089E-17
  0.2377332511571E+02   0.5545781437264E-17
  0.2384153492608E+02   0.5647973254476E-17
  0.2390994044229E+02   0.5756024925082E-17
  0.2397854222583E+02   0.5860134163246E-17
  0.2404734083984E+02   0.5957456963891E-17
  0.2411633684905E+02   0.6049479800908E-17
  0.2418553081984E+02   0.6146071115259E-17
  0.2425492332017E+02   0.6249342335830E-17
  0.2432451491968E+02   0.6340979601222E-17
  0.2439430618960E+02   0.6435785088311E-17
  0.2446429770284E+02   0.6547903673708E-17
  0.2453449003391E+02   0.6680044255276E-17
  0.2460488375901E+02   0.6812662924367E-17
  0.2467547945597E+02   0.6929969204266E-17
  0.2474627770428E+02   0.7149294404852E-17
  0.2481727908509E+02   0.7469876406683E-17
  0.2488848418123E+02   0.7561794617348E-17
  0.2495989357720E+02   0.7653966065356E-17
  0.2503150785915E+02   0.7743937392245E-17
  0.2510332761496E+02   0.7831046022840E-17
  0.2517535343416E+02   0.7918671260446E-17
  0.2524758590797E+02   0.8006772993295E-17
  0.2532002562933E+02   0.8095139558546E-17
  0.2539267319287E+02   0.8183993719430E-17
  0.2546552919493E+02   0.8273242320951E-17
  0.2553859423354E+02   0.8362849447556E-17
  0.2561186890847E+02   0.8452863133322E-17
  0.2568535382121E+02   0.8543338071487E-17
  0.2575904957496E+02   0.8634146120196E-17
  0.2583295677467E+02   0.8725365622075E-17
  0.2590707602700E+02   0.8816943996439E-17
  0.2598140794038E+02   0.8908921959566E-17
  0.2605595312497E+02   0.9002188999655E-17
  0.2613071219267E+02   0.9096103646556E-17
  0.2620568575716E+02   0.9190294784977E-17
  0.2628087443386E+02   0.9284844281183E-17
  0.2635627883997E+02   0.9379777508841E-17
  0.2643189959446E+02   0.9475048335203E-17
  0.2650773731806E+02   0.9571036257275E-17
  0.2658379263330E+02   0.9667317491306E-17
  0.2666006616449E+02   0.9763997014499E-17
  0.2673655853772E+02   0.9861014397036E-17
  0.2681327038089E+02   0.9958270135958E-17
  0.2689020232370E+02   0.1005584551724E-16
  0.2696735499766E+02   0.1015385097078E-16
  0.2704472903607E+02   0.1025211983548E-16
  0.2712232507408E+02   0.1035023542387E-16
  0.2720014374864E+02   0.1044856321929E-16
  0.2727818569852E+02   0.1054712804027E-16
  0.2735645156436E+02   0.1064578156322E-16
  0.2743494198859E+02   0.1074478011714E-16
  0.2751365761552E+02   0.1084399074122E-16
  0.2759259909130E+02   0.1094329010332E-16
  0.2767176706391E+02   0.1104273784829E-16
  0.2775116218324E+02   0.1114246199564E-16
  0.2783078510098E+02   0.1124237076765E-16
  0.2791063647075E+02   0.1134230042959E-16
  0.2799071694800E+02   0.1144249315302E-16
  0.2807102719009E+02   0.1154755908596E-16
  0.2815156785625E+02   0.1165369836456E-16
  0.2823233960761E+02   0.1175995327389E-16
  0.2831334310720E+02   0.1186616038474E-16
  0.2839457901993E+02   0.1197278411929E-16
  0.2847604801265E+02   0.1207941024323E-16
  0.2855775075409E+02   0.1218616224960E-16
  0.2863968791493E+02   0.1229283608276E-16
  0.2872186016776E+02   0.1239962634188E-16
  0.2880426818709E+02   0.1250661825461E-16
  0.2888691264938E+02   0.1261347422787E-16
  0.2896979423303E+02   0.1272039142743E-16
  0.2905291361838E+02   0.1283198110287E-16
  0.2913627148772E+02   0.1294607449176E-16
  0.2921986852530E+02   0.1306000196394E-16
  0.2930370541735E+02   0.1317366141883E-16
  0.2938778285205E+02   0.1328714446929E-16
  0.2947210151954E+02   0.1340036748010E-16
  0.2955666211198E+02   0.1351337282248E-16
  0.2964146532349E+02   0.1362593943385E-16
  0.2972651185018E+02   0.1373864045082E-16
  0.2981180239017E+02   0.1385105904331E-16
  0.2989733764357E+02   0.1396320189919E-16
  0.2998311831252E+02   0.1407480670676E-16
  0.3006914510114E+02   0.1418721514960E-16
  0.3015541871560E+02   0.1430036690702E-16
  0.3024193986409E+02   0.1441326387569E-16
  0.3032870925683E+02   0.1452564800477E-16
  0.3041572760606E+02   0.1463767270900E-16
  0.3050299562609E+02   0.1474940414250E-16
  0.3059051403328E+02   0.1486055153950E-16
  0.3067828354601E+02   0.1497114450161E-16
  0.3076630488477E+02   0.1508130936329E-16
  0.3085457877208E+02   0.1519115646173E-16
  0.3094310593254E+02   0.1530031675027E-16
  0.3103188709285E+02   0.1540881263699E-16
  0.3112092298177E+02   0.1551692278121E-16
  0.3121021433016E+02   0.1562457908763E-16
  0.3129976187098E+02   0.1573161243717E-16
  0.3138956633929E+02   0.1583801954021E-16
  0.3147962847227E+02   0.1594384899735E-16
  0.3156994900919E+02   0.1604938000233E-16
  0.3166052869146E+02   0.1615425385723E-16
  0.3175136826261E+02   0.1625849384623E-16
  0.3184246846832E+02   0.1636293915033E-16
  0.3193383005639E+02   0.1646799368210E-16
  0.3202545377676E+02   0.1657218904156E-16
  0.3211734038154E+02   0.1667549293206E-16
  0.3220949062500E+02   0.1677901982687E-16
  0.3230190526356E+02   0.1688336577302E-16
  0.3239458505581E+02   0.1698710119379E-16
  0.3248753076253E+02   0.1709025500331E-16
  0.3258074314666E+02   0.1719283507085E-16
  0.3267422297337E+02   0.1729502005879E-16
  0.3276797100997E+02   0.1739650268647E-16
  0.3286198802603E+02   0.1749728358056E-16
  0.3295627479327E+02   0.1759751442128E-16
  0.3305083208568E+02   0.1769723463253E-16
  0.3314566067942E+02   0.1779629421604E-16
  0.3324076135292E+02   0.1789462276351E-16
  0.3333613488681E+02   0.1799239630629E-16
  0.3343178206398E+02   0.1808971025179E-16
  0.3352770366956E+02   0.1818628315147E-16
  0.3362390049094E+02   0.1828216021876E-16
  0.3372037331775E+02   0.1837757388063E-16
  0.3381712294190E+02   0.1847321966032E-16
  0.3391415015758E+02   0.1856794218711E-16
  0.3401145576124E+02   0.1866210016362E-16
  0.3410904055162E+02   0.1875642451154E-16
  0.3420690532976E+02   0.1885261270416E-16
  0.3430505089900E+02   0.1894813426219E-16
  0.3440347806497E+02   0.1904299813091E-16
  0.3450218763562E+02   0.1913725011541E-16
  0.3460118042122E+02   0.1923104546326E-16
  0.3470045723436E+02   0.1932413253746E-16
  0.3480001888998E+02   0.1941664064235E-16
  0.3489986620532E+02   0.1950851332809E-16
  0.3500000000000E+02   0.1959987916048E-16
